2017-12-09 09:26:48.697 INFO  [localhost-startStop-1] org.atmosphere.cpr.AtmosphereFramework - Installed AtmosphereHandler com.vaadin.server.communication.PushAtmosphereHandler mapped to context-path: /*
2017-12-09 09:26:48.703 INFO  [localhost-startStop-1] org.atmosphere.cpr.AtmosphereFramework - Installed the following AtmosphereInterceptor mapped to AtmosphereHandler com.vaadin.server.communication.PushAtmosphereHandler
2017-12-09 09:26:48.707 INFO  [localhost-startStop-1] org.atmosphere.util.IOUtils - META-INF/services/org.atmosphere.cpr.AtmosphereFramework not found in class loader
2017-12-09 09:26:48.728 INFO  [localhost-startStop-1] org.atmosphere.cpr.AtmosphereFramework - Atmosphere is using org.atmosphere.util.VoidAnnotationProcessor for processing annotation
2017-12-09 09:26:48.758 INFO  [localhost-startStop-1] org.atmosphere.cpr.AtmosphereFramework - Installed WebSocketProtocol org.atmosphere.websocket.protocol.SimpleHttpProtocol 
2017-12-09 09:26:48.777 INFO  [localhost-startStop-1] org.atmosphere.container.JSR356AsyncSupport - JSR 356 Mapping path /{path}
2017-12-09 09:26:48.806 INFO  [localhost-startStop-1] org.atmosphere.cpr.AtmosphereFramework - Installing Default AtmosphereInterceptors
2017-12-09 09:26:48.808 INFO  [localhost-startStop-1] org.atmosphere.cpr.AtmosphereFramework - 	org.atmosphere.interceptor.CorsInterceptor : CORS Interceptor Support
2017-12-09 09:26:48.809 INFO  [localhost-startStop-1] org.atmosphere.cpr.AtmosphereFramework - 	org.atmosphere.interceptor.CacheHeadersInterceptor : Default Response's Headers Interceptor
2017-12-09 09:26:48.811 INFO  [localhost-startStop-1] org.atmosphere.cpr.AtmosphereFramework - 	org.atmosphere.interceptor.PaddingAtmosphereInterceptor : Browser Padding Interceptor Support
2017-12-09 09:26:48.812 INFO  [localhost-startStop-1] org.atmosphere.cpr.AtmosphereFramework - 	org.atmosphere.interceptor.AndroidAtmosphereInterceptor : Android Interceptor Support
2017-12-09 09:26:48.813 INFO  [localhost-startStop-1] org.atmosphere.cpr.AtmosphereFramework - Dropping Interceptor org.atmosphere.interceptor.HeartbeatInterceptor
2017-12-09 09:26:48.814 INFO  [localhost-startStop-1] org.atmosphere.cpr.AtmosphereFramework - 	org.atmosphere.interceptor.SSEAtmosphereInterceptor : SSE Interceptor Support
2017-12-09 09:26:48.815 INFO  [localhost-startStop-1] org.atmosphere.cpr.AtmosphereFramework - 	org.atmosphere.interceptor.JSONPAtmosphereInterceptor : JSONP Interceptor Support
2017-12-09 09:26:48.818 INFO  [localhost-startStop-1] org.atmosphere.cpr.AtmosphereFramework - 	org.atmosphere.interceptor.JavaScriptProtocol : Atmosphere JavaScript Protocol
2017-12-09 09:26:48.819 INFO  [localhost-startStop-1] org.atmosphere.cpr.AtmosphereFramework - 	org.atmosphere.interceptor.WebSocketMessageSuspendInterceptor : org.atmosphere.interceptor.WebSocketMessageSuspendInterceptor
2017-12-09 09:26:48.820 INFO  [localhost-startStop-1] org.atmosphere.cpr.AtmosphereFramework - 	org.atmosphere.interceptor.OnDisconnectInterceptor : Browser disconnection detection
2017-12-09 09:26:48.821 INFO  [localhost-startStop-1] org.atmosphere.cpr.AtmosphereFramework - 	org.atmosphere.interceptor.IdleResourceInterceptor : org.atmosphere.interceptor.IdleResourceInterceptor
2017-12-09 09:26:48.821 INFO  [localhost-startStop-1] org.atmosphere.cpr.AtmosphereFramework - Set org.atmosphere.cpr.AtmosphereInterceptor.disableDefaults to disable them.
2017-12-09 09:26:48.826 INFO  [localhost-startStop-1] org.atmosphere.cpr.AtmosphereFramework - Using EndpointMapper class org.atmosphere.util.DefaultEndpointMapper
2017-12-09 09:26:48.826 INFO  [localhost-startStop-1] org.atmosphere.cpr.AtmosphereFramework - Using BroadcasterCache: org.atmosphere.cache.UUIDBroadcasterCache
2017-12-09 09:26:48.827 INFO  [localhost-startStop-1] org.atmosphere.cpr.AtmosphereFramework - Default Broadcaster Class: org.atmosphere.cpr.DefaultBroadcaster
2017-12-09 09:26:48.827 INFO  [localhost-startStop-1] org.atmosphere.cpr.AtmosphereFramework - Broadcaster Polling Wait Time 100
2017-12-09 09:26:48.827 INFO  [localhost-startStop-1] org.atmosphere.cpr.AtmosphereFramework - Shared ExecutorService supported: true
2017-12-09 09:26:48.827 INFO  [localhost-startStop-1] org.atmosphere.cpr.AtmosphereFramework - Messaging Thread Pool Size: Unlimited
2017-12-09 09:26:48.827 INFO  [localhost-startStop-1] org.atmosphere.cpr.AtmosphereFramework - Async I/O Thread Pool Size: 200
2017-12-09 09:26:48.828 INFO  [localhost-startStop-1] org.atmosphere.cpr.AtmosphereFramework - Using BroadcasterFactory: org.atmosphere.cpr.DefaultBroadcasterFactory
2017-12-09 09:26:48.828 INFO  [localhost-startStop-1] org.atmosphere.cpr.AtmosphereFramework - Using WebSocketProcessor: org.atmosphere.websocket.DefaultWebSocketProcessor
2017-12-09 09:26:48.832 INFO  [localhost-startStop-1] org.atmosphere.cpr.AtmosphereFramework - Invoke AtmosphereInterceptor on WebSocket message true
2017-12-09 09:26:48.832 INFO  [localhost-startStop-1] org.atmosphere.cpr.AtmosphereFramework - HttpSession supported: true
2017-12-09 09:26:48.833 INFO  [localhost-startStop-1] org.atmosphere.cpr.AtmosphereFramework - Atmosphere is using DefaultAtmosphereObjectFactory for dependency injection and object creation
2017-12-09 09:26:48.833 INFO  [localhost-startStop-1] org.atmosphere.cpr.AtmosphereFramework - Atmosphere is using async support: org.atmosphere.container.JSR356AsyncSupport running under container: Apache Tomcat/8.5.14 using javax.servlet/3.0 and jsr356/WebSocket API
2017-12-09 09:26:48.833 INFO  [localhost-startStop-1] org.atmosphere.cpr.AtmosphereFramework - Atmosphere Framework 2.2.9.vaadin2.cuba1 started.
2017-12-09 09:26:48.836 INFO  [localhost-startStop-1] org.atmosphere.cpr.AtmosphereFramework - Installed AtmosphereInterceptor  Track Message Size Interceptor using | with priority BEFORE_DEFAULT 
2017-12-09 09:26:49.019 INFO  [localhost-startStop-1] com.haulmont.cuba.core.sys.AppComponents - Using app components: [com.haulmont.cuba]
2017-12-09 09:26:49.093 INFO  [localhost-startStop-1] com.haulmont.cuba.core.sys.AbstractWebAppContextLoader - Loading app properties from classpath:com/artwell/inspectionrecord/web-app.properties
2017-12-09 09:26:49.483 INFO  [localhost-startStop-1] com.haulmont.cuba.core.sys.CubaClassPathXmlApplicationContext - Refreshing com.haulmont.cuba.core.sys.CubaClassPathXmlApplicationContext@9ca1905: startup date [Sat Dec 09 09:26:49 CST 2017]; root of context hierarchy
2017-12-09 09:26:52.614 INFO  [localhost-startStop-1] com.haulmont.cuba.core.sys.remoting.discovery.StaticServerSelector - Server URLs: [http://localhost:8080/app-core/remoting]
2017-12-09 09:26:52.635 INFO  [localhost-startStop-1] com.haulmont.cuba.web.sys.remoting.WebRemoteProxyBeanCreator - Configuring proxy beans for local service invocations: [cuba_LoginService, cuba_ServerInfoService, cuba_UserSettingService, cuba_UserManagementService, cuba_DataService, cuba_ConfigStorageService, cuba_PersistenceManagerService, cuba_LockService, cuba_UserSessionService, cuba_FoldersService, cuba_EmailService, cuba_FileStorageService, cuba_EntitySnapshotService, cuba_UniqueNumbersService, cuba_LocalizedMessageService, cuba_ResourceService, cuba_ScheduledTasksService, cuba_EntityLogService, cuba_TestingService, cuba_ObjectsCacheManagerService, cuba_DomainDescriptionService, cuba_RelatedEntitiesService, cuba_EntitySqlGenerationService, cuba_NumberIdService, cuba_QueryResultsService, cuba_DynamicAttributesCacheService, cuba_EntityRestoreService, cuba_LocalFileExchangeService, cuba_EntityImportExportService, cuba_ScreenProfilerService, cuba_ServerTokenStore, cuba_IdpService, cuba_ConstraintLocalizationService]
2017-12-09 09:26:52.641 INFO  [localhost-startStop-1] com.haulmont.cuba.web.sys.remoting.WebRemoteProxyBeanCreator - Configuring proxy beans for local service invocations: [inspectionrecord_EmployeeService, inspectionrecord_InspectionRecordService]
2017-12-09 09:26:53.691 INFO  [localhost-startStop-1] com.haulmont.chile.core.datatypes.Datatypes - Can't find /datatypes.xml, using default datatypes settings
2017-12-09 09:26:55.217 INFO  [localhost-startStop-1] com.haulmont.cuba.core.sys.CubaThreadPoolTaskScheduler - Initializing ExecutorService  'scheduler'
2017-12-09 09:26:55.806 INFO  [localhost-startStop-1] com.haulmont.cuba.core.sys.jmx.MBeanExporter - Registering beans for JMX exposure: [app.cuba:type=ConfigStorage, app.cuba:type=CachingFacade, app.cuba:type=FileUploading, app.cuba:type=JmxNodeIdentifier, app.cuba:type=JmxLogControl, app.cuba:type=ClassLoaderManager, app.cuba:type=StatisticsCounter]
2017-12-09 09:26:55.932 INFO  [localhost-startStop-1] com.haulmont.cuba.core.sys.AbstractWebAppContextLoader - AppContext initialized
2017-12-09 09:26:56.065 INFO  [localhost-startStop-1] com.haulmont.cuba.web.sys.CubaDispatcherServlet - FrameworkServlet 'dispatcher': initialization started
2017-12-09 09:26:56.071 INFO  [localhost-startStop-1] com.haulmont.cuba.core.sys.CubaXmlWebApplicationContext - Refreshing WebApplicationContext for namespace 'dispatcher-servlet': startup date [Sat Dec 09 09:26:56 CST 2017]; parent: com.haulmont.cuba.core.sys.CubaClassPathXmlApplicationContext@9ca1905
2017-12-09 09:26:56.808 DEBUG [localhost-startStop-1] org.jboss.logging - Logging Provider: org.jboss.logging.Slf4jLoggerProvider
2017-12-09 09:26:57.925 INFO  [localhost-startStop-1] com.haulmont.cuba.web.sys.CubaDispatcherServlet - FrameworkServlet 'dispatcher': initialization completed in 1859 ms
2017-12-09 09:26:57.927 INFO  [localhost-startStop-1] com.haulmont.restapi.sys.CubaRestApiServlet - FrameworkServlet 'rest_api': initialization started
2017-12-09 09:26:57.927 INFO  [localhost-startStop-1] com.haulmont.cuba.core.sys.CubaXmlWebApplicationContext - Refreshing WebApplicationContext for namespace 'rest_api-servlet': startup date [Sat Dec 09 09:26:57 CST 2017]; parent: com.haulmont.cuba.core.sys.CubaClassPathXmlApplicationContext@9ca1905
2017-12-09 09:26:59.741 INFO  [localhost-startStop-1] com.haulmont.restapi.sys.CubaRestApiServlet - FrameworkServlet 'rest_api': initialization completed in 1814 ms
2017-12-09 09:27:00.046 INFO  [localhost-startStop-1] com.haulmont.cuba.core.sys.AppComponents - Using app components: [com.haulmont.cuba]
2017-12-09 09:27:00.065 INFO  [localhost-startStop-1] com.haulmont.cuba.core.sys.AbstractWebAppContextLoader - Loading app properties from classpath:com/artwell/inspectionrecord/app.properties
2017-12-09 09:27:00.075 INFO  [localhost-startStop-1] com.haulmont.cuba.core.sys.AppContextLoader - DbmsType of the main database is set to hsql
2017-12-09 09:27:00.199 INFO  [localhost-startStop-1] com.haulmont.cuba.core.sys.persistence.PersistenceConfigProcessor - Creating file C:\Users\Admin\Desktop\program\studio-projects\InspectionRecord\deploy\tomcat\work\app-core\persistence.xml
2017-12-09 09:27:00.231 INFO  [localhost-startStop-1] com.haulmont.cuba.core.sys.persistence.PersistenceConfigProcessor - Creating file C:\Users\Admin\Desktop\program\studio-projects\InspectionRecord\deploy\tomcat\work\app-core\legacy-persistence.xml
2017-12-09 09:27:00.241 INFO  [localhost-startStop-1] com.haulmont.cuba.core.sys.CubaCoreApplicationContext - Refreshing com.haulmont.cuba.core.sys.CubaCoreApplicationContext@7605159a: startup date [Sat Dec 09 09:27:00 CST 2017]; root of context hierarchy
2017-12-09 09:27:05.271 INFO  [localhost-startStop-1] com.haulmont.chile.core.datatypes.Datatypes - Can't find /datatypes.xml, using default datatypes settings
2017-12-09 09:27:08.382 INFO  [localhost-startStop-1] com.haulmont.cuba.core.sys.CubaThreadPoolTaskScheduler - Initializing ExecutorService  'scheduler'
2017-12-09 09:27:08.577 INFO  [localhost-startStop-1] com.haulmont.cuba.core.sys.jmx.MBeanExporter - Registering beans for JMX exposure: [app-core.cuba:type=PersistenceManager, app-core.cuba:type=ConfigStorage, app-core.cuba:type=UserSessions, app-core.cuba:type=UniqueNumbers, app-core.cuba:type=Emailer, app-core.cuba:type=EntityLog, app-core.cuba:type=FileStorage, app-core.cuba:type=LockManager, app-core.cuba:type=CachingFacade, app-core.cuba:type=ClusterManager, app-core.cuba:type=ScriptingManager, app-core.cuba:type=ServerInfo, app-core.cuba:type=Scheduling, app-core.cuba:type=ObjectsCacheManager, app-core.cuba:type=PasswordEncryptionSupport, app-core.cuba:type=JmxNodeIdentifier, app-core.cuba:type=JmxLogControl, app-core.cuba:type=ClassLoaderManager, app-core.cuba:type=StatisticsCounter, app-core.cuba:type=BruteForceProtection, app-core.cuba:type=QueryCacheSupport, app-core.cuba:type=IdpSessions]
2017-12-09 09:27:09.319 DEBUG [localhost-startStop-1] com.haulmont.cuba.security.app.LoginWorkerBean - Initialize anonymous session
2017-12-09 09:27:09.320 INFO  [localhost-startStop-1] com.haulmont.cuba.core.app.ConfigStorage - Loading DB-stored app properties cache
2017-12-09 09:27:09.496 INFO  [localhost-startStop-1] com.haulmont.cuba.core.sys.MetadataImpl - Initializing metadata
2017-12-09 09:27:09.788 INFO  [localhost-startStop-1] com.haulmont.cuba.core.sys.MetadataImpl - Metadata initialized in 292ms
2017-12-09 09:27:10.693 INFO  [localhost-startStop-1] com.haulmont.cuba.core.sys.DefaultPermissionValuesConfig - Initializing default permission values
2017-12-09 09:27:10.809 INFO  [localhost-startStop-1] com.haulmont.cuba.security.app.LoginWorkerBean - Logged in: d01b3951-9d4b-b0b8-e54d-b51fd065f642 [anonymous]
2017-12-09 09:27:10.809 DEBUG [localhost-startStop-1] com.haulmont.cuba.security.app.LoginWorkerBean - Anonymous session initialized with id d01b3951-9d4b-b0b8-e54d-b51fd065f642
2017-12-09 09:27:10.810 INFO  [localhost-startStop-1] com.haulmont.cuba.core.sys.AbstractWebAppContextLoader - AppContext initialized
2017-12-09 09:27:10.812 INFO  [localhost-startStop-1] com.haulmont.cuba.core.sys.remoting.RemotingServlet - FrameworkServlet 'remoting': initialization started
2017-12-09 09:27:10.815 INFO  [localhost-startStop-1] com.haulmont.cuba.core.sys.CubaXmlWebApplicationContext - Refreshing WebApplicationContext for namespace 'remoting-servlet': startup date [Sat Dec 09 09:27:10 CST 2017]; parent: com.haulmont.cuba.core.sys.CubaCoreApplicationContext@7605159a
2017-12-09 09:27:10.891 INFO  [localhost-startStop-1] com.haulmont.cuba.core.sys.remoting.RemoteServicesBeanCreator - Configuring remote services
2017-12-09 09:27:11.087 INFO  [localhost-startStop-1] com.haulmont.cuba.core.sys.remoting.RemotingServlet - FrameworkServlet 'remoting': initialization completed in 275 ms
2017-12-09 09:27:11.384 INFO  [localhost-startStop-1] com.haulmont.cuba.core.sys.AppComponents - Using app components: [com.haulmont.cuba]
2017-12-09 09:27:11.398 INFO  [localhost-startStop-1] com.haulmont.cuba.core.sys.AbstractWebAppContextLoader - Loading app properties from classpath:com/artwell/inspectionrecord/portal-app.properties
2017-12-09 09:27:11.424 INFO  [localhost-startStop-1] com.haulmont.cuba.core.sys.CubaXmlWebApplicationContext - Refreshing Root WebApplicationContext: startup date [Sat Dec 09 09:27:11 CST 2017]; root of context hierarchy
2017-12-09 09:27:12.073 INFO  [localhost-startStop-1] com.haulmont.cuba.core.sys.remoting.discovery.StaticServerSelector - Server URLs: [http://localhost:8080/app-core/remoting]
2017-12-09 09:27:12.075 INFO  [localhost-startStop-1] com.haulmont.cuba.portal.sys.remoting.PortalRemoteProxyBeanCreator - Configuring proxy beans for local service invocations: [cuba_LoginService, cuba_ServerInfoService, cuba_UserSettingService, cuba_UserManagementService, cuba_DataService, cuba_ConfigStorageService, cuba_PersistenceManagerService, cuba_LockService, cuba_UserSessionService, cuba_FoldersService, cuba_EmailService, cuba_FileStorageService, cuba_EntitySnapshotService, cuba_UniqueNumbersService, cuba_LocalizedMessageService, cuba_ResourceService, cuba_ScheduledTasksService, cuba_TestingService, cuba_DomainDescriptionService, cuba_RelatedEntitiesService, cuba_NumberIdService, cuba_DynamicAttributesCacheService, cuba_LocalFileExchangeService, cuba_EntityImportExportService, cuba_ServerTokenStore, cuba_IdpService, cuba_ConstraintLocalizationService]
2017-12-09 09:27:12.080 INFO  [localhost-startStop-1] com.haulmont.cuba.portal.sys.remoting.PortalRemoteProxyBeanCreator - Configuring proxy beans for local service invocations: [inspectionrecord_InspectionRecordService, inspectionrecord_EmployeeService]
2017-12-09 09:27:12.408 INFO  [localhost-startStop-1] com.haulmont.chile.core.datatypes.Datatypes - Can't find /datatypes.xml, using default datatypes settings
2017-12-09 09:27:13.012 INFO  [localhost-startStop-1] com.haulmont.cuba.core.sys.jmx.MBeanExporter - Registering beans for JMX exposure: [app-portal.cuba:type=ConfigStorage, app-portal.cuba:type=JmxNodeIdentifier, app-portal.cuba:type=JmxLogControl]
2017-12-09 09:27:13.029 INFO  [localhost-startStop-1] com.haulmont.cuba.core.sys.AbstractWebAppContextLoader - AppContext initialized
2017-12-09 09:27:13.043 INFO  [localhost-startStop-1] com.haulmont.cuba.portal.sys.PortalDispatcherServlet - FrameworkServlet 'portal': initialization started
2017-12-09 09:27:13.045 INFO  [localhost-startStop-1] com.haulmont.cuba.core.sys.CubaXmlWebApplicationContext - Refreshing WebApplicationContext for namespace 'portal-servlet': startup date [Sat Dec 09 09:27:13 CST 2017]; parent: Root WebApplicationContext
2017-12-09 09:27:13.703 INFO  [localhost-startStop-1] com.haulmont.cuba.portal.sys.PortalDispatcherServlet - FrameworkServlet 'portal': initialization completed in 659 ms
2017-12-09 09:27:13.704 INFO  [localhost-startStop-1] com.haulmont.restapi.sys.CubaRestApiServlet - FrameworkServlet 'rest_api': initialization started
2017-12-09 09:27:13.706 INFO  [localhost-startStop-1] com.haulmont.cuba.core.sys.CubaXmlWebApplicationContext - Refreshing WebApplicationContext for namespace 'rest_api-servlet': startup date [Sat Dec 09 09:27:13 CST 2017]; parent: Root WebApplicationContext
2017-12-09 09:27:14.268 INFO  [localhost-startStop-1] com.haulmont.restapi.sys.CubaRestApiServlet - FrameworkServlet 'rest_api': initialization completed in 563 ms
2017-12-09 09:34:42.963 DEBUG [http-nio-8080-exec-16] com.haulmont.cuba.gui.theme.ThemeConstantsRepository - Loading theme constants
2017-12-09 09:34:42.971 DEBUG [http-nio-8080-exec-16] com.haulmont.cuba.web.App - Initializing application
2017-12-09 09:34:43.117 DEBUG [http-nio-8080-exec-16/app/anonymous] com.haulmont.cuba.web.DefaultApp - connectionStateChanged connected: true, authenticated: false
2017-12-09 09:34:43.118 DEBUG [http-nio-8080-exec-16/app/anonymous] com.haulmont.cuba.web.App - Closing all windows
2017-12-09 09:34:43.134 INFO  [http-nio-8080-exec-16/app/anonymous] com.haulmont.cuba.core.sys.MetadataImpl - Initializing metadata
2017-12-09 09:34:43.449 INFO  [http-nio-8080-exec-16/app/anonymous] com.haulmont.cuba.core.sys.MetadataImpl - Metadata initialized in 314ms
2017-12-09 09:34:43.945 DEBUG [http-nio-8080-exec-16/app/anonymous] com.haulmont.cuba.web.AbstractConnection - Logged in: user=anonymous, ip=0:0:0:0:0:0:0:1, clientInfo=Web (localhost:8080/app) Mozilla/5.0 (Windows NT 10.0; Win64; x64) AppleWebKit/537.36 (KHTML, like Gecko) Chrome/62.0.3202.94 Safari/537.36
2017-12-09 09:34:45.890 INFO  [http-nio-8080-exec-25/app-core/anonymous] com.haulmont.cuba.security.app.LoginWorkerBean - Logged in: 7639514c-842b-c3f1-a828-54a452f062f7 [admin]
2017-12-09 09:34:45.905 DEBUG [http-nio-8080-exec-25/app/admin] com.haulmont.cuba.web.DefaultApp - connectionStateChanged connected: true, authenticated: true
2017-12-09 09:34:45.905 DEBUG [http-nio-8080-exec-25/app/admin] com.haulmont.cuba.web.App - Closing all windows
2017-12-09 09:34:45.908 DEBUG [http-nio-8080-exec-25/app/admin] com.haulmont.cuba.web.DefaultApp - Session reinitialized: HttpSession=org.apache.catalina.session.StandardSessionFacade@d12e064, timeout=1800sec, UserSession=7639514c-842b-c3f1-a828-54a452f062f7 [admin]
2017-12-09 09:34:46.188 INFO  [http-nio-8080-exec-25/app/admin] com.haulmont.cuba.core.sys.AbstractViewRepository - Initializing views
2017-12-09 09:34:46.220 DEBUG [http-nio-8080-exec-25/app-core/admin] com.haulmont.cuba.core.app.StoreFactory - No implementation is specified for _MAIN_ store, using RdbmsStore
2017-12-09 09:34:46.306 DEBUG [http-nio-8080-exec-25/app-core/admin] com.haulmont.cuba.core.app.RdbmsStore - loadList: metaClass=sec$UserSubstitution, view=com.haulmont.cuba.security.entity.UserSubstitution/app, query=select us from sec$UserSubstitution us where us.user.id = :userId and (us.endDate is null or us.endDate >= :currentDate) and (us.startDate is null or us.startDate <= :currentDate) and (us.substitutedUser.active = true or us.substitutedUser.active is null) order by us.substitutedUser.name
2017-12-09 09:34:46.455 DEBUG [http-nio-8080-exec-25/app-core/admin] com.haulmont.cuba.core.app.FoldersServiceBean - Loading AppFolders
2017-12-09 09:34:46.483 DEBUG [http-nio-8080-exec-25/app-core/admin] com.haulmont.cuba.core.app.FoldersServiceBean - Loading SearchFolders
2017-12-09 09:34:46.525 DEBUG [http-nio-8080-exec-25/app/admin] com.haulmont.cuba.web.AbstractConnection - Logged in: user=admin, ip=0:0:0:0:0:0:0:1, clientInfo=Web (localhost:8080/app) Mozilla/5.0 (Windows NT 10.0; Win64; x64) AppleWebKit/537.36 (KHTML, like Gecko) Chrome/62.0.3202.94 Safari/537.36
2017-12-09 09:34:56.345 INFO  [http-nio-8080-exec-21/app-core/admin] com.haulmont.cuba.core.app.PersistenceManager - Loading statistics cache
2017-12-09 09:34:56.432 INFO  [http-nio-8080-exec-21/app-core/admin] com.haulmont.cuba.core.sys.AbstractViewRepository - Initializing views
2017-12-09 09:34:56.785 DEBUG [http-nio-8080-exec-21/app-core/admin] com.haulmont.cuba.core.app.RdbmsStore - loadList: metaClass=sec$Filter, view=com.haulmont.cuba.security.entity.FilterEntity/app, query=select f from sec$Filter f left join f.user u where f.componentId = :component and (u.id = :userId or u is null) order by f.name
2017-12-09 09:34:57.367 DEBUG [http-nio-8080-exec-21/app-core/admin] com.haulmont.cuba.core.app.RdbmsStore - loadList: metaClass=inspectionrecord$Employee, view=com.artwell.inspectionrecord.entity.Employee/employee-view, query=select e from inspectionrecord$Employee e, max=50
2017-12-09 09:34:57.408 DEBUG [http-nio-8080-exec-21/app-core/admin] com.haulmont.cuba.core.app.StoreFactory - No implementation is specified for legacy store, using RdbmsStore
2017-12-09 09:34:57.408 DEBUG [http-nio-8080-exec-21/app-core/admin] com.haulmont.cuba.core.app.RdbmsStore - load: metaClass=inspectionrecord$HtEmpl, id=99800126, view=com.artwell.inspectionrecord.entity.HtEmpl/
2017-12-09 09:35:06.022 INFO  [ClientCacheManager-pool-2-thread-1] com.haulmont.cuba.security.app.LoginWorkerBean - Logged in: d971bb45-e02f-6845-4d06-3cf11b720643 [admin]
2017-12-09 09:35:37.523 INFO  [http-nio-8080-exec-23] com.haulmont.cuba.security.app.LoginWorkerBean - Logged in: 2e16df46-3369-04cb-9779-eff88e073af0 [admin]
2017-12-09 09:35:37.544 INFO  [http-nio-8080-exec-23/app/admin] com.haulmont.restapi.auth.ClientProxyTokenStore - REST API access token stored: [admin] b3c1197f-7e70-4483-9986-a195ce8c4271
2017-12-09 09:35:38.073 DEBUG [http-nio-8080-exec-25/app/admin] com.haulmont.restapi.auth.CubaRestLastSecurityFilter - REST API request [b3c1197f-7e70-4483-9986-a195ce8c4271] GET http://10.52.0.52:8080/app/rest/v2/services/inspectionrecord_EmployeeService/getLoginInfobyCode?code=08041 10.52.0.137
2017-12-09 09:35:56.453 INFO  [http-nio-8080-exec-7] com.haulmont.cuba.security.app.LoginWorkerBean - Logged in: 60881e84-a6ba-772e-8b23-43bf375d2c90 [admin]
2017-12-09 09:35:56.463 INFO  [http-nio-8080-exec-7/app/admin] com.haulmont.restapi.auth.ClientProxyTokenStore - REST API access token stored: [admin] 207bc8c6-a747-4690-b682-0550be1af333
2017-12-09 09:35:56.488 DEBUG [http-nio-8080-exec-18/app/admin] com.haulmont.restapi.auth.CubaRestLastSecurityFilter - REST API request [207bc8c6-a747-4690-b682-0550be1af333] GET http://10.52.0.52:8080/app/rest/v2/services/inspectionrecord_EmployeeService/getLoginInfobyCode?code=08014 10.52.0.137
2017-12-09 09:36:57.140 DEBUG [http-nio-8080-exec-6/app-core/admin] com.haulmont.cuba.core.app.RdbmsStore - loadList: metaClass=sec$Filter, view=com.haulmont.cuba.security.entity.FilterEntity/app, query=select f from sec$Filter f left join f.user u where f.componentId = :component and (u.id = :userId or u is null) order by f.name
2017-12-09 09:36:57.180 DEBUG [http-nio-8080-exec-6/app-core/admin] com.haulmont.cuba.core.app.RdbmsStore - loadList: metaClass=inspectionrecord$InspectionRecord, view=com.artwell.inspectionrecord.entity.InspectionRecord/inspectionRecord-view, query=select e from inspectionrecord$InspectionRecord e, max=50
2017-12-09 09:36:57.222 DEBUG [http-nio-8080-exec-6/app-core/admin] com.haulmont.cuba.core.app.RdbmsStore - load: metaClass=inspectionrecord$HtEmpl, id=99800126, view=com.artwell.inspectionrecord.entity.HtEmpl/
2017-12-09 09:36:59.620 DEBUG [http-nio-8080-exec-12/app-core/admin] com.haulmont.cuba.core.app.RdbmsStore - load: metaClass=inspectionrecord$InspectionRecord, id=6a387da0-09e3-f62b-285e-31d61d899c88, view=com.artwell.inspectionrecord.entity.InspectionRecord/inspectionRecord-view
2017-12-09 09:36:59.667 DEBUG [http-nio-8080-exec-12/app-core/admin] com.haulmont.cuba.core.app.RdbmsStore - load: metaClass=inspectionrecord$HtEmpl, id=99800126, view=com.artwell.inspectionrecord.entity.HtEmpl/
2017-12-09 09:37:13.240 DEBUG [http-nio-8080-exec-21/app-core/admin] com.haulmont.cuba.core.app.RdbmsStore - load: metaClass=inspectionrecord$InspectionRecord, id=6a387da0-09e3-f62b-285e-31d61d899c88, view=com.artwell.inspectionrecord.entity.InspectionRecord/inspectionRecord-view
2017-12-09 09:37:13.264 DEBUG [http-nio-8080-exec-21/app-core/admin] com.haulmont.cuba.core.app.RdbmsStore - load: metaClass=inspectionrecord$HtEmpl, id=99800126, view=com.artwell.inspectionrecord.entity.HtEmpl/
2017-12-09 09:37:13.399 DEBUG [http-nio-8080-exec-21/app-core/admin] com.haulmont.cuba.core.app.RdbmsStore - load: metaClass=inspectionrecord$InspectionRecord, id=6a387da0-09e3-f62b-285e-31d61d899c88, view=com.artwell.inspectionrecord.entity.InspectionRecord/inspectionRecord-view
2017-12-09 09:37:13.439 DEBUG [http-nio-8080-exec-21/app-core/admin] com.haulmont.cuba.core.app.RdbmsStore - load: metaClass=inspectionrecord$HtEmpl, id=99800126, view=com.artwell.inspectionrecord.entity.HtEmpl/
2017-12-09 09:37:19.321 DEBUG [http-nio-8080-exec-29/app-core/admin] com.haulmont.cuba.core.app.RdbmsStore - loadList: metaClass=sec$Filter, view=com.haulmont.cuba.security.entity.FilterEntity/app, query=select f from sec$Filter f left join f.user u where f.componentId = :component and (u.id = :userId or u is null) order by f.name
2017-12-09 09:37:19.348 DEBUG [http-nio-8080-exec-29/app-core/admin] com.haulmont.cuba.core.app.RdbmsStore - loadList: metaClass=inspectionrecord$DefectType, view=com.artwell.inspectionrecord.entity.DefectType/defectType-view, query=select e from inspectionrecord$DefectType e, max=50
2017-12-09 09:37:19.374 DEBUG [http-nio-8080-exec-29/app-core/admin] com.haulmont.cuba.core.app.RdbmsStore - loadList: metaClass=inspectionrecord$HtJob, view=com.artwell.inspectionrecord.entity.HtJob/, query=select e from inspectionrecord$HtJob e where e.id in :idList
2017-12-09 09:37:23.751 DEBUG [http-nio-8080-exec-13/app-core/admin] com.haulmont.cuba.core.app.RdbmsStore - loadList: metaClass=sec$Filter, view=com.haulmont.cuba.security.entity.FilterEntity/app, query=select f from sec$Filter f left join f.user u where f.componentId = :component and (u.id = :userId or u is null) order by f.name
2017-12-09 09:37:23.775 DEBUG [http-nio-8080-exec-13/app-core/admin] com.haulmont.cuba.core.app.RdbmsStore - loadList: metaClass=inspectionrecord$HtJob, view=com.artwell.inspectionrecord.entity.HtJob/_local, query=select e from inspectionrecord$HtJob e, max=50
2017-12-09 09:37:25.684 DEBUG [http-nio-8080-exec-3/app-core/admin] com.haulmont.cuba.core.app.RdbmsStore - loadList: metaClass=sec$Filter, view=com.haulmont.cuba.security.entity.FilterEntity/app, query=select f from sec$Filter f left join f.user u where f.componentId = :component and (u.id = :userId or u is null) order by f.name
2017-12-09 09:37:25.706 DEBUG [http-nio-8080-exec-3/app-core/admin] com.haulmont.cuba.core.app.RdbmsStore - loadList: metaClass=inspectionrecord$Job, view=com.artwell.inspectionrecord.entity.Job/job-view, query=select e from inspectionrecord$Job e, max=50
2017-12-09 09:37:25.714 DEBUG [http-nio-8080-exec-3/app-core/admin] com.haulmont.cuba.core.app.RdbmsStore - loadList: metaClass=inspectionrecord$HtJob, view=com.artwell.inspectionrecord.entity.HtJob/_minimal, query=select e from inspectionrecord$HtJob e where e.id in :idList
2017-12-09 09:37:30.503 DEBUG [http-nio-8080-exec-17/app-core/admin] com.haulmont.cuba.core.app.RdbmsStore - loadList: metaClass=sec$Filter, view=com.haulmont.cuba.security.entity.FilterEntity/app, query=select f from sec$Filter f left join f.user u where f.componentId = :component and (u.id = :userId or u is null) order by f.name
2017-12-09 09:37:30.530 DEBUG [http-nio-8080-exec-17/app-core/admin] com.haulmont.cuba.security.app.EntityLog - Loading entities
2017-12-09 09:37:30.535 DEBUG [http-nio-8080-exec-17/app-core/admin] com.haulmont.cuba.security.app.EntityLog - Loaded: entitiesAuto=0, entitiesManual=0
2017-12-09 09:37:30.567 DEBUG [http-nio-8080-exec-17/app-core/admin] com.haulmont.cuba.core.app.RdbmsStore - loadList: metaClass=inspectionrecord$InspectionRecord, view=com.artwell.inspectionrecord.entity.InspectionRecord/inspectionRecord-view, query=select e from inspectionrecord$InspectionRecord e, max=50
2017-12-09 09:37:30.585 DEBUG [http-nio-8080-exec-17/app-core/admin] com.haulmont.cuba.core.app.RdbmsStore - load: metaClass=inspectionrecord$HtEmpl, id=99800126, view=com.artwell.inspectionrecord.entity.HtEmpl/
2017-12-09 09:37:33.576 DEBUG [http-nio-8080-exec-8/app-core/admin] com.haulmont.cuba.core.app.RdbmsStore - load: metaClass=inspectionrecord$InspectionRecord, id=6a387da0-09e3-f62b-285e-31d61d899c88, view=com.artwell.inspectionrecord.entity.InspectionRecord/inspectionRecord-view
2017-12-09 09:37:33.606 DEBUG [http-nio-8080-exec-8/app-core/admin] com.haulmont.cuba.core.app.RdbmsStore - load: metaClass=inspectionrecord$HtEmpl, id=99800126, view=com.artwell.inspectionrecord.entity.HtEmpl/
2017-12-09 09:38:25.044 DEBUG [http-nio-8080-exec-4/app-core/admin] com.haulmont.cuba.core.app.RdbmsStore - loadList: metaClass=sec$Filter, view=com.haulmont.cuba.security.entity.FilterEntity/app, query=select f from sec$Filter f left join f.user u where f.componentId = :component and (u.id = :userId or u is null) order by f.name
2017-12-09 09:38:25.067 DEBUG [http-nio-8080-exec-4/app-core/admin] com.haulmont.cuba.core.app.RdbmsStore - loadList: metaClass=inspectionrecord$InspectionRecord, view=com.artwell.inspectionrecord.entity.InspectionRecord/inspectionRecord-view, query=select e from inspectionrecord$InspectionRecord e, max=50
2017-12-09 09:38:25.085 DEBUG [http-nio-8080-exec-4/app-core/admin] com.haulmont.cuba.core.app.RdbmsStore - load: metaClass=inspectionrecord$HtEmpl, id=99800126, view=com.artwell.inspectionrecord.entity.HtEmpl/
2017-12-09 09:38:28.623 DEBUG [http-nio-8080-exec-16/app-core/admin] com.haulmont.cuba.core.app.RdbmsStore - load: metaClass=inspectionrecord$InspectionRecord, id=6a387da0-09e3-f62b-285e-31d61d899c88, view=com.artwell.inspectionrecord.entity.InspectionRecord/inspectionRecord-view
2017-12-09 09:38:28.663 DEBUG [http-nio-8080-exec-16/app-core/admin] com.haulmont.cuba.core.app.RdbmsStore - load: metaClass=inspectionrecord$HtEmpl, id=99800126, view=com.artwell.inspectionrecord.entity.HtEmpl/
2017-12-09 09:38:32.702 DEBUG [http-nio-8080-exec-13/app/admin] com.haulmont.cuba.web.AppUI - Ping middleware session
2017-12-09 09:38:34.502 DEBUG [http-nio-8080-exec-17/app/admin] com.haulmont.cuba.web.AppUI - Ping middleware session
2017-12-09 09:38:36.707 DEBUG [http-nio-8080-exec-30] com.haulmont.cuba.web.AppUI - Ping middleware session
2017-12-09 09:38:38.676 DEBUG [http-nio-8080-exec-23] com.haulmont.cuba.web.AppUI - Ping middleware session
2017-12-09 09:38:57.243 DEBUG [http-nio-8080-exec-2] com.haulmont.cuba.web.AppUI - Ping middleware session
2017-12-09 09:38:59.227 DEBUG [http-nio-8080-exec-17/app/admin] com.haulmont.cuba.web.AppUI - Ping middleware session
2017-12-09 09:39:48.711 INFO  [http-nio-8080-exec-26] com.haulmont.cuba.security.app.LoginWorkerBean - Logged in: c378afda-56fd-5dd1-13f3-dd3f0295a8f7 [admin]
2017-12-09 09:39:48.715 INFO  [http-nio-8080-exec-26/app/admin] com.haulmont.restapi.auth.ClientProxyTokenStore - REST API access token stored: [admin] b857a725-b654-45e3-a110-b5f68a1db6fd
2017-12-09 09:39:48.745 DEBUG [http-nio-8080-exec-8/app/admin] com.haulmont.restapi.auth.CubaRestLastSecurityFilter - REST API request [b857a725-b654-45e3-a110-b5f68a1db6fd] GET http://10.52.0.52:8080/app/rest/v2/services/inspectionrecord_EmployeeService/getLoginInfobyCode?code=23456 10.52.0.137
2017-12-09 09:40:15.487 INFO  [http-nio-8080-exec-30] com.haulmont.cuba.security.app.LoginWorkerBean - Logged in: 40e9ca83-ded4-82c3-3665-134639be772b [admin]
2017-12-09 09:40:15.493 INFO  [http-nio-8080-exec-30/app/admin] com.haulmont.restapi.auth.ClientProxyTokenStore - REST API access token stored: [admin] 98380446-4ab6-430d-a246-285c2c4a8519
2017-12-09 09:40:15.522 DEBUG [http-nio-8080-exec-7/app/admin] com.haulmont.restapi.auth.CubaRestLastSecurityFilter - REST API request [98380446-4ab6-430d-a246-285c2c4a8519] GET http://10.52.0.52:8080/app/rest/v2/services/inspectionrecord_EmployeeService/getLoginInfobyCode?code=08014 10.52.0.137
2017-12-09 09:40:37.026 DEBUG [http-nio-8080-exec-7] com.haulmont.cuba.web.AppUI - Ping middleware session
2017-12-09 09:40:38.458 DEBUG [http-nio-8080-exec-13/app/admin] com.haulmont.cuba.web.AppUI - Ping middleware session
2017-12-09 09:40:39.578 DEBUG [http-nio-8080-exec-17/app/admin] com.haulmont.cuba.web.AppUI - Ping middleware session
2017-12-09 09:40:40.995 DEBUG [http-nio-8080-exec-16/app/admin] com.haulmont.cuba.web.AppUI - Ping middleware session
2017-12-09 09:40:44.103 DEBUG [http-nio-8080-exec-23/app/admin] com.haulmont.cuba.web.AppUI - Ping middleware session
2017-12-09 09:41:19.192 INFO  [localhost-startStop-2] com.haulmont.cuba.core.sys.CubaXmlWebApplicationContext - Closing WebApplicationContext for namespace 'rest_api-servlet': startup date [Sat Dec 09 09:26:57 CST 2017]; parent: com.haulmont.cuba.core.sys.CubaClassPathXmlApplicationContext@9ca1905
2017-12-09 09:41:19.203 INFO  [localhost-startStop-2] com.haulmont.cuba.core.sys.CubaXmlWebApplicationContext - Closing WebApplicationContext for namespace 'dispatcher-servlet': startup date [Sat Dec 09 09:26:56 CST 2017]; parent: com.haulmont.cuba.core.sys.CubaClassPathXmlApplicationContext@9ca1905
2017-12-09 09:41:30.870 INFO  [localhost-startStop-1] org.atmosphere.cpr.AtmosphereFramework - Installed AtmosphereHandler com.vaadin.server.communication.PushAtmosphereHandler mapped to context-path: /*
2017-12-09 09:41:30.874 INFO  [localhost-startStop-1] org.atmosphere.cpr.AtmosphereFramework - Installed the following AtmosphereInterceptor mapped to AtmosphereHandler com.vaadin.server.communication.PushAtmosphereHandler
2017-12-09 09:41:30.877 INFO  [localhost-startStop-1] org.atmosphere.util.IOUtils - META-INF/services/org.atmosphere.cpr.AtmosphereFramework not found in class loader
2017-12-09 09:41:30.895 INFO  [localhost-startStop-1] org.atmosphere.cpr.AtmosphereFramework - Atmosphere is using org.atmosphere.util.VoidAnnotationProcessor for processing annotation
2017-12-09 09:41:30.906 INFO  [localhost-startStop-1] org.atmosphere.cpr.AtmosphereFramework - Installed WebSocketProtocol org.atmosphere.websocket.protocol.SimpleHttpProtocol 
2017-12-09 09:41:30.915 INFO  [localhost-startStop-1] org.atmosphere.container.JSR356AsyncSupport - JSR 356 Mapping path /{path}
2017-12-09 09:41:30.934 INFO  [localhost-startStop-1] org.atmosphere.cpr.AtmosphereFramework - Installing Default AtmosphereInterceptors
2017-12-09 09:41:30.935 INFO  [localhost-startStop-1] org.atmosphere.cpr.AtmosphereFramework - 	org.atmosphere.interceptor.CorsInterceptor : CORS Interceptor Support
2017-12-09 09:41:30.935 INFO  [localhost-startStop-1] org.atmosphere.cpr.AtmosphereFramework - 	org.atmosphere.interceptor.CacheHeadersInterceptor : Default Response's Headers Interceptor
2017-12-09 09:41:30.937 INFO  [localhost-startStop-1] org.atmosphere.cpr.AtmosphereFramework - 	org.atmosphere.interceptor.PaddingAtmosphereInterceptor : Browser Padding Interceptor Support
2017-12-09 09:41:30.938 INFO  [localhost-startStop-1] org.atmosphere.cpr.AtmosphereFramework - 	org.atmosphere.interceptor.AndroidAtmosphereInterceptor : Android Interceptor Support
2017-12-09 09:41:30.938 INFO  [localhost-startStop-1] org.atmosphere.cpr.AtmosphereFramework - Dropping Interceptor org.atmosphere.interceptor.HeartbeatInterceptor
2017-12-09 09:41:30.940 INFO  [localhost-startStop-1] org.atmosphere.cpr.AtmosphereFramework - 	org.atmosphere.interceptor.SSEAtmosphereInterceptor : SSE Interceptor Support
2017-12-09 09:41:30.940 INFO  [localhost-startStop-1] org.atmosphere.cpr.AtmosphereFramework - 	org.atmosphere.interceptor.JSONPAtmosphereInterceptor : JSONP Interceptor Support
2017-12-09 09:41:30.943 INFO  [localhost-startStop-1] org.atmosphere.cpr.AtmosphereFramework - 	org.atmosphere.interceptor.JavaScriptProtocol : Atmosphere JavaScript Protocol
2017-12-09 09:41:30.944 INFO  [localhost-startStop-1] org.atmosphere.cpr.AtmosphereFramework - 	org.atmosphere.interceptor.WebSocketMessageSuspendInterceptor : org.atmosphere.interceptor.WebSocketMessageSuspendInterceptor
2017-12-09 09:41:30.945 INFO  [localhost-startStop-1] org.atmosphere.cpr.AtmosphereFramework - 	org.atmosphere.interceptor.OnDisconnectInterceptor : Browser disconnection detection
2017-12-09 09:41:30.946 INFO  [localhost-startStop-1] org.atmosphere.cpr.AtmosphereFramework - 	org.atmosphere.interceptor.IdleResourceInterceptor : org.atmosphere.interceptor.IdleResourceInterceptor
2017-12-09 09:41:30.947 INFO  [localhost-startStop-1] org.atmosphere.cpr.AtmosphereFramework - Set org.atmosphere.cpr.AtmosphereInterceptor.disableDefaults to disable them.
2017-12-09 09:41:30.950 INFO  [localhost-startStop-1] org.atmosphere.cpr.AtmosphereFramework - Using EndpointMapper class org.atmosphere.util.DefaultEndpointMapper
2017-12-09 09:41:30.950 INFO  [localhost-startStop-1] org.atmosphere.cpr.AtmosphereFramework - Using BroadcasterCache: org.atmosphere.cache.UUIDBroadcasterCache
2017-12-09 09:41:30.950 INFO  [localhost-startStop-1] org.atmosphere.cpr.AtmosphereFramework - Default Broadcaster Class: org.atmosphere.cpr.DefaultBroadcaster
2017-12-09 09:41:30.950 INFO  [localhost-startStop-1] org.atmosphere.cpr.AtmosphereFramework - Broadcaster Polling Wait Time 100
2017-12-09 09:41:30.950 INFO  [localhost-startStop-1] org.atmosphere.cpr.AtmosphereFramework - Shared ExecutorService supported: true
2017-12-09 09:41:30.951 INFO  [localhost-startStop-1] org.atmosphere.cpr.AtmosphereFramework - Messaging Thread Pool Size: Unlimited
2017-12-09 09:41:30.951 INFO  [localhost-startStop-1] org.atmosphere.cpr.AtmosphereFramework - Async I/O Thread Pool Size: 200
2017-12-09 09:41:30.951 INFO  [localhost-startStop-1] org.atmosphere.cpr.AtmosphereFramework - Using BroadcasterFactory: org.atmosphere.cpr.DefaultBroadcasterFactory
2017-12-09 09:41:30.951 INFO  [localhost-startStop-1] org.atmosphere.cpr.AtmosphereFramework - Using WebSocketProcessor: org.atmosphere.websocket.DefaultWebSocketProcessor
2017-12-09 09:41:30.954 INFO  [localhost-startStop-1] org.atmosphere.cpr.AtmosphereFramework - Invoke AtmosphereInterceptor on WebSocket message true
2017-12-09 09:41:30.954 INFO  [localhost-startStop-1] org.atmosphere.cpr.AtmosphereFramework - HttpSession supported: true
2017-12-09 09:41:30.955 INFO  [localhost-startStop-1] org.atmosphere.cpr.AtmosphereFramework - Atmosphere is using DefaultAtmosphereObjectFactory for dependency injection and object creation
2017-12-09 09:41:30.955 INFO  [localhost-startStop-1] org.atmosphere.cpr.AtmosphereFramework - Atmosphere is using async support: org.atmosphere.container.JSR356AsyncSupport running under container: Apache Tomcat/8.5.14 using javax.servlet/3.0 and jsr356/WebSocket API
2017-12-09 09:41:30.955 INFO  [localhost-startStop-1] org.atmosphere.cpr.AtmosphereFramework - Atmosphere Framework 2.2.9.vaadin2.cuba1 started.
2017-12-09 09:41:30.959 INFO  [localhost-startStop-1] org.atmosphere.cpr.AtmosphereFramework - Installed AtmosphereInterceptor  Track Message Size Interceptor using | with priority BEFORE_DEFAULT 
2017-12-09 09:41:31.064 INFO  [localhost-startStop-1] com.haulmont.cuba.core.sys.AppComponents - Using app components: [com.haulmont.cuba]
2017-12-09 09:41:31.085 INFO  [localhost-startStop-1] com.haulmont.cuba.core.sys.AbstractWebAppContextLoader - Loading app properties from classpath:com/artwell/inspectionrecord/web-app.properties
2017-12-09 09:41:31.195 INFO  [localhost-startStop-1] com.haulmont.cuba.core.sys.CubaClassPathXmlApplicationContext - Refreshing com.haulmont.cuba.core.sys.CubaClassPathXmlApplicationContext@4b1fc286: startup date [Sat Dec 09 09:41:31 CST 2017]; root of context hierarchy
2017-12-09 09:41:33.413 INFO  [localhost-startStop-1] com.haulmont.cuba.core.sys.remoting.discovery.StaticServerSelector - Server URLs: [http://localhost:8080/app-core/remoting]
2017-12-09 09:41:33.424 INFO  [localhost-startStop-1] com.haulmont.cuba.web.sys.remoting.WebRemoteProxyBeanCreator - Configuring proxy beans for local service invocations: [cuba_LoginService, cuba_ServerInfoService, cuba_UserSettingService, cuba_UserManagementService, cuba_DataService, cuba_ConfigStorageService, cuba_PersistenceManagerService, cuba_LockService, cuba_UserSessionService, cuba_FoldersService, cuba_EmailService, cuba_FileStorageService, cuba_EntitySnapshotService, cuba_UniqueNumbersService, cuba_LocalizedMessageService, cuba_ResourceService, cuba_ScheduledTasksService, cuba_EntityLogService, cuba_TestingService, cuba_ObjectsCacheManagerService, cuba_DomainDescriptionService, cuba_RelatedEntitiesService, cuba_EntitySqlGenerationService, cuba_NumberIdService, cuba_QueryResultsService, cuba_DynamicAttributesCacheService, cuba_EntityRestoreService, cuba_LocalFileExchangeService, cuba_EntityImportExportService, cuba_ScreenProfilerService, cuba_ServerTokenStore, cuba_IdpService, cuba_ConstraintLocalizationService]
2017-12-09 09:41:33.431 INFO  [localhost-startStop-1] com.haulmont.cuba.web.sys.remoting.WebRemoteProxyBeanCreator - Configuring proxy beans for local service invocations: [inspectionrecord_EmployeeService, inspectionrecord_InspectionRecordService]
2017-12-09 09:41:34.058 INFO  [localhost-startStop-1] com.haulmont.chile.core.datatypes.Datatypes - Can't find /datatypes.xml, using default datatypes settings
2017-12-09 09:41:35.354 INFO  [localhost-startStop-1] com.haulmont.cuba.core.sys.CubaThreadPoolTaskScheduler - Initializing ExecutorService  'scheduler'
2017-12-09 09:41:35.719 INFO  [localhost-startStop-1] com.haulmont.cuba.core.sys.jmx.MBeanExporter - Registering beans for JMX exposure: [app.cuba:type=ConfigStorage, app.cuba:type=CachingFacade, app.cuba:type=FileUploading, app.cuba:type=JmxNodeIdentifier, app.cuba:type=JmxLogControl, app.cuba:type=ClassLoaderManager, app.cuba:type=StatisticsCounter]
2017-12-09 09:41:35.791 INFO  [localhost-startStop-1] com.haulmont.cuba.core.sys.AbstractWebAppContextLoader - AppContext initialized
2017-12-09 09:41:35.839 INFO  [localhost-startStop-1] com.haulmont.cuba.web.sys.CubaDispatcherServlet - FrameworkServlet 'dispatcher': initialization started
2017-12-09 09:41:35.847 INFO  [localhost-startStop-1] com.haulmont.cuba.core.sys.CubaXmlWebApplicationContext - Refreshing WebApplicationContext for namespace 'dispatcher-servlet': startup date [Sat Dec 09 09:41:35 CST 2017]; parent: com.haulmont.cuba.core.sys.CubaClassPathXmlApplicationContext@4b1fc286
2017-12-09 09:41:36.352 DEBUG [localhost-startStop-1] org.jboss.logging - Logging Provider: org.jboss.logging.Slf4jLoggerProvider
2017-12-09 09:41:37.197 INFO  [localhost-startStop-1] com.haulmont.cuba.web.sys.CubaDispatcherServlet - FrameworkServlet 'dispatcher': initialization completed in 1357 ms
2017-12-09 09:41:37.198 INFO  [localhost-startStop-1] com.haulmont.restapi.sys.CubaRestApiServlet - FrameworkServlet 'rest_api': initialization started
2017-12-09 09:41:37.199 INFO  [localhost-startStop-1] com.haulmont.cuba.core.sys.CubaXmlWebApplicationContext - Refreshing WebApplicationContext for namespace 'rest_api-servlet': startup date [Sat Dec 09 09:41:37 CST 2017]; parent: com.haulmont.cuba.core.sys.CubaClassPathXmlApplicationContext@4b1fc286
2017-12-09 09:41:38.637 INFO  [localhost-startStop-1] com.haulmont.restapi.sys.CubaRestApiServlet - FrameworkServlet 'rest_api': initialization completed in 1439 ms
2017-12-09 09:41:38.749 INFO  [localhost-startStop-1] com.haulmont.cuba.core.sys.AppComponents - Using app components: [com.haulmont.cuba]
2017-12-09 09:41:38.762 INFO  [localhost-startStop-1] com.haulmont.cuba.core.sys.AbstractWebAppContextLoader - Loading app properties from classpath:com/artwell/inspectionrecord/app.properties
2017-12-09 09:41:38.771 INFO  [localhost-startStop-1] com.haulmont.cuba.core.sys.AppContextLoader - DbmsType of the main database is set to hsql
2017-12-09 09:41:38.891 INFO  [localhost-startStop-1] com.haulmont.cuba.core.sys.persistence.PersistenceConfigProcessor - Creating file C:\Users\Admin\Desktop\program\studio-projects\InspectionRecord\deploy\tomcat\work\app-core\persistence.xml
2017-12-09 09:41:38.920 INFO  [localhost-startStop-1] com.haulmont.cuba.core.sys.persistence.PersistenceConfigProcessor - Creating file C:\Users\Admin\Desktop\program\studio-projects\InspectionRecord\deploy\tomcat\work\app-core\legacy-persistence.xml
2017-12-09 09:41:38.929 INFO  [localhost-startStop-1] com.haulmont.cuba.core.sys.CubaCoreApplicationContext - Refreshing com.haulmont.cuba.core.sys.CubaCoreApplicationContext@2ff58721: startup date [Sat Dec 09 09:41:38 CST 2017]; root of context hierarchy
2017-12-09 09:41:43.294 INFO  [localhost-startStop-1] com.haulmont.chile.core.datatypes.Datatypes - Can't find /datatypes.xml, using default datatypes settings
2017-12-09 09:41:45.855 INFO  [localhost-startStop-1] com.haulmont.cuba.core.sys.CubaThreadPoolTaskScheduler - Initializing ExecutorService  'scheduler'
2017-12-09 09:41:46.041 INFO  [localhost-startStop-1] com.haulmont.cuba.core.sys.jmx.MBeanExporter - Registering beans for JMX exposure: [app-core.cuba:type=PersistenceManager, app-core.cuba:type=ConfigStorage, app-core.cuba:type=UserSessions, app-core.cuba:type=UniqueNumbers, app-core.cuba:type=Emailer, app-core.cuba:type=EntityLog, app-core.cuba:type=FileStorage, app-core.cuba:type=LockManager, app-core.cuba:type=CachingFacade, app-core.cuba:type=ClusterManager, app-core.cuba:type=ScriptingManager, app-core.cuba:type=ServerInfo, app-core.cuba:type=Scheduling, app-core.cuba:type=ObjectsCacheManager, app-core.cuba:type=PasswordEncryptionSupport, app-core.cuba:type=JmxNodeIdentifier, app-core.cuba:type=JmxLogControl, app-core.cuba:type=ClassLoaderManager, app-core.cuba:type=StatisticsCounter, app-core.cuba:type=BruteForceProtection, app-core.cuba:type=QueryCacheSupport, app-core.cuba:type=IdpSessions]
2017-12-09 09:41:46.713 DEBUG [localhost-startStop-1] com.haulmont.cuba.security.app.LoginWorkerBean - Initialize anonymous session
2017-12-09 09:41:46.714 INFO  [localhost-startStop-1] com.haulmont.cuba.core.app.ConfigStorage - Loading DB-stored app properties cache
2017-12-09 09:41:46.785 INFO  [localhost-startStop-1] com.haulmont.cuba.core.sys.MetadataImpl - Initializing metadata
2017-12-09 09:41:46.983 INFO  [localhost-startStop-1] com.haulmont.cuba.core.sys.MetadataImpl - Metadata initialized in 198ms
2017-12-09 09:41:47.555 INFO  [localhost-startStop-1] com.haulmont.cuba.core.sys.DefaultPermissionValuesConfig - Initializing default permission values
2017-12-09 09:41:47.636 INFO  [localhost-startStop-1] com.haulmont.cuba.security.app.LoginWorkerBean - Logged in: d01b3951-9d4b-b0b8-e54d-b51fd065f642 [anonymous]
2017-12-09 09:41:47.637 DEBUG [localhost-startStop-1] com.haulmont.cuba.security.app.LoginWorkerBean - Anonymous session initialized with id d01b3951-9d4b-b0b8-e54d-b51fd065f642
2017-12-09 09:41:47.637 INFO  [localhost-startStop-1] com.haulmont.cuba.core.sys.AbstractWebAppContextLoader - AppContext initialized
2017-12-09 09:41:47.640 INFO  [localhost-startStop-1] com.haulmont.cuba.core.sys.remoting.RemotingServlet - FrameworkServlet 'remoting': initialization started
2017-12-09 09:41:47.644 INFO  [localhost-startStop-1] com.haulmont.cuba.core.sys.CubaXmlWebApplicationContext - Refreshing WebApplicationContext for namespace 'remoting-servlet': startup date [Sat Dec 09 09:41:47 CST 2017]; parent: com.haulmont.cuba.core.sys.CubaCoreApplicationContext@2ff58721
2017-12-09 09:41:47.683 INFO  [localhost-startStop-1] com.haulmont.cuba.core.sys.remoting.RemoteServicesBeanCreator - Configuring remote services
2017-12-09 09:41:47.860 INFO  [localhost-startStop-1] com.haulmont.cuba.core.sys.remoting.RemotingServlet - FrameworkServlet 'remoting': initialization completed in 219 ms
2017-12-09 09:41:47.929 INFO  [localhost-startStop-1] com.haulmont.cuba.core.sys.AppComponents - Using app components: [com.haulmont.cuba]
2017-12-09 09:41:47.943 INFO  [localhost-startStop-1] com.haulmont.cuba.core.sys.AbstractWebAppContextLoader - Loading app properties from classpath:com/artwell/inspectionrecord/portal-app.properties
2017-12-09 09:41:47.961 INFO  [localhost-startStop-1] com.haulmont.cuba.core.sys.CubaXmlWebApplicationContext - Refreshing Root WebApplicationContext: startup date [Sat Dec 09 09:41:47 CST 2017]; root of context hierarchy
2017-12-09 09:41:48.558 INFO  [localhost-startStop-1] com.haulmont.cuba.core.sys.remoting.discovery.StaticServerSelector - Server URLs: [http://localhost:8080/app-core/remoting]
2017-12-09 09:41:48.560 INFO  [localhost-startStop-1] com.haulmont.cuba.portal.sys.remoting.PortalRemoteProxyBeanCreator - Configuring proxy beans for local service invocations: [cuba_LoginService, cuba_ServerInfoService, cuba_UserSettingService, cuba_UserManagementService, cuba_DataService, cuba_ConfigStorageService, cuba_PersistenceManagerService, cuba_LockService, cuba_UserSessionService, cuba_FoldersService, cuba_EmailService, cuba_FileStorageService, cuba_EntitySnapshotService, cuba_UniqueNumbersService, cuba_LocalizedMessageService, cuba_ResourceService, cuba_ScheduledTasksService, cuba_TestingService, cuba_DomainDescriptionService, cuba_RelatedEntitiesService, cuba_NumberIdService, cuba_DynamicAttributesCacheService, cuba_LocalFileExchangeService, cuba_EntityImportExportService, cuba_ServerTokenStore, cuba_IdpService, cuba_ConstraintLocalizationService]
2017-12-09 09:41:48.564 INFO  [localhost-startStop-1] com.haulmont.cuba.portal.sys.remoting.PortalRemoteProxyBeanCreator - Configuring proxy beans for local service invocations: [inspectionrecord_InspectionRecordService, inspectionrecord_EmployeeService]
2017-12-09 09:41:48.891 INFO  [localhost-startStop-1] com.haulmont.chile.core.datatypes.Datatypes - Can't find /datatypes.xml, using default datatypes settings
2017-12-09 09:41:49.429 INFO  [localhost-startStop-1] com.haulmont.cuba.core.sys.jmx.MBeanExporter - Registering beans for JMX exposure: [app-portal.cuba:type=ConfigStorage, app-portal.cuba:type=JmxNodeIdentifier, app-portal.cuba:type=JmxLogControl]
2017-12-09 09:41:49.443 INFO  [localhost-startStop-1] com.haulmont.cuba.core.sys.AbstractWebAppContextLoader - AppContext initialized
2017-12-09 09:41:49.458 INFO  [localhost-startStop-1] com.haulmont.cuba.portal.sys.PortalDispatcherServlet - FrameworkServlet 'portal': initialization started
2017-12-09 09:41:49.460 INFO  [localhost-startStop-1] com.haulmont.cuba.core.sys.CubaXmlWebApplicationContext - Refreshing WebApplicationContext for namespace 'portal-servlet': startup date [Sat Dec 09 09:41:49 CST 2017]; parent: Root WebApplicationContext
2017-12-09 09:41:49.914 INFO  [localhost-startStop-1] com.haulmont.cuba.portal.sys.PortalDispatcherServlet - FrameworkServlet 'portal': initialization completed in 455 ms
2017-12-09 09:41:49.916 INFO  [localhost-startStop-1] com.haulmont.restapi.sys.CubaRestApiServlet - FrameworkServlet 'rest_api': initialization started
2017-12-09 09:41:49.917 INFO  [localhost-startStop-1] com.haulmont.cuba.core.sys.CubaXmlWebApplicationContext - Refreshing WebApplicationContext for namespace 'rest_api-servlet': startup date [Sat Dec 09 09:41:49 CST 2017]; parent: Root WebApplicationContext
2017-12-09 09:41:50.456 INFO  [localhost-startStop-1] com.haulmont.restapi.sys.CubaRestApiServlet - FrameworkServlet 'rest_api': initialization completed in 540 ms
2017-12-09 09:57:55.837 DEBUG [http-nio-8080-exec-19] com.haulmont.cuba.gui.theme.ThemeConstantsRepository - Loading theme constants
2017-12-09 09:57:55.848 DEBUG [http-nio-8080-exec-19] com.haulmont.cuba.web.App - Initializing application
2017-12-09 09:57:56.000 DEBUG [http-nio-8080-exec-19/app/anonymous] com.haulmont.cuba.web.DefaultApp - connectionStateChanged connected: true, authenticated: false
2017-12-09 09:57:56.000 DEBUG [http-nio-8080-exec-19/app/anonymous] com.haulmont.cuba.web.App - Closing all windows
2017-12-09 09:57:56.016 INFO  [http-nio-8080-exec-19/app/anonymous] com.haulmont.cuba.core.sys.MetadataImpl - Initializing metadata
2017-12-09 09:57:56.321 INFO  [http-nio-8080-exec-19/app/anonymous] com.haulmont.cuba.core.sys.MetadataImpl - Metadata initialized in 304ms
2017-12-09 09:57:56.731 DEBUG [http-nio-8080-exec-19/app/anonymous] com.haulmont.cuba.web.AbstractConnection - Logged in: user=anonymous, ip=0:0:0:0:0:0:0:1, clientInfo=Web (localhost:8080/app) Mozilla/5.0 (Windows NT 10.0; Win64; x64) AppleWebKit/537.36 (KHTML, like Gecko) Chrome/62.0.3202.94 Safari/537.36
2017-12-09 09:57:58.461 INFO  [http-nio-8080-exec-20/app-core/anonymous] com.haulmont.cuba.security.app.LoginWorkerBean - Logged in: 23fd23b6-2eb0-5375-66a6-064fe1277597 [admin]
2017-12-09 09:57:58.475 DEBUG [http-nio-8080-exec-20/app/admin] com.haulmont.cuba.web.DefaultApp - connectionStateChanged connected: true, authenticated: true
2017-12-09 09:57:58.476 DEBUG [http-nio-8080-exec-20/app/admin] com.haulmont.cuba.web.App - Closing all windows
2017-12-09 09:57:58.478 DEBUG [http-nio-8080-exec-20/app/admin] com.haulmont.cuba.web.DefaultApp - Session reinitialized: HttpSession=org.apache.catalina.session.StandardSessionFacade@12a61000, timeout=1800sec, UserSession=23fd23b6-2eb0-5375-66a6-064fe1277597 [admin]
2017-12-09 09:57:58.680 INFO  [http-nio-8080-exec-20/app/admin] com.haulmont.cuba.core.sys.AbstractViewRepository - Initializing views
2017-12-09 09:57:58.709 DEBUG [http-nio-8080-exec-20/app-core/admin] com.haulmont.cuba.core.app.StoreFactory - No implementation is specified for _MAIN_ store, using RdbmsStore
2017-12-09 09:57:58.853 DEBUG [http-nio-8080-exec-20/app-core/admin] com.haulmont.cuba.core.app.RdbmsStore - loadList: metaClass=sec$UserSubstitution, view=com.haulmont.cuba.security.entity.UserSubstitution/app, query=select us from sec$UserSubstitution us where us.user.id = :userId and (us.endDate is null or us.endDate >= :currentDate) and (us.startDate is null or us.startDate <= :currentDate) and (us.substitutedUser.active = true or us.substitutedUser.active is null) order by us.substitutedUser.name
2017-12-09 09:57:59.019 DEBUG [http-nio-8080-exec-20/app-core/admin] com.haulmont.cuba.core.app.FoldersServiceBean - Loading AppFolders
2017-12-09 09:57:59.049 DEBUG [http-nio-8080-exec-20/app-core/admin] com.haulmont.cuba.core.app.FoldersServiceBean - Loading SearchFolders
2017-12-09 09:57:59.092 DEBUG [http-nio-8080-exec-20/app/admin] com.haulmont.cuba.web.AbstractConnection - Logged in: user=admin, ip=0:0:0:0:0:0:0:1, clientInfo=Web (localhost:8080/app) Mozilla/5.0 (Windows NT 10.0; Win64; x64) AppleWebKit/537.36 (KHTML, like Gecko) Chrome/62.0.3202.94 Safari/537.36
2017-12-09 09:58:04.284 INFO  [http-nio-8080-exec-8/app-core/admin] com.haulmont.cuba.core.app.PersistenceManager - Loading statistics cache
2017-12-09 09:58:04.364 INFO  [http-nio-8080-exec-8/app-core/admin] com.haulmont.cuba.core.sys.AbstractViewRepository - Initializing views
2017-12-09 09:58:04.664 DEBUG [http-nio-8080-exec-8/app-core/admin] com.haulmont.cuba.core.app.RdbmsStore - loadList: metaClass=sec$Filter, view=com.haulmont.cuba.security.entity.FilterEntity/app, query=select f from sec$Filter f left join f.user u where f.componentId = :component and (u.id = :userId or u is null) order by f.name
2017-12-09 09:58:04.953 DEBUG [http-nio-8080-exec-8/app-core/admin] com.haulmont.cuba.core.app.RdbmsStore - loadList: metaClass=inspectionrecord$InspectionRecord, view=com.artwell.inspectionrecord.entity.InspectionRecord/inspectionRecord-view, query=select e from inspectionrecord$InspectionRecord e, max=50
2017-12-09 09:58:05.023 DEBUG [http-nio-8080-exec-8/app-core/admin] com.haulmont.cuba.core.app.StoreFactory - No implementation is specified for legacy store, using RdbmsStore
2017-12-09 09:58:05.023 DEBUG [http-nio-8080-exec-8/app-core/admin] com.haulmont.cuba.core.app.RdbmsStore - load: metaClass=inspectionrecord$HtEmpl, id=99800126, view=com.artwell.inspectionrecord.entity.HtEmpl/
2017-12-09 09:58:05.969 INFO  [ClientCacheManager-pool-2-thread-1] com.haulmont.cuba.security.app.LoginWorkerBean - Logged in: cf33b662-9242-59ff-c981-836861e0262c [admin]
2017-12-09 09:58:09.228 DEBUG [http-nio-8080-exec-10/app-core/admin] com.haulmont.cuba.core.app.RdbmsStore - load: metaClass=inspectionrecord$InspectionRecord, id=6a387da0-09e3-f62b-285e-31d61d899c88, view=com.artwell.inspectionrecord.entity.InspectionRecord/inspectionRecord-view
2017-12-09 09:58:09.286 DEBUG [http-nio-8080-exec-10/app-core/admin] com.haulmont.cuba.core.app.RdbmsStore - load: metaClass=inspectionrecord$HtEmpl, id=99800126, view=com.artwell.inspectionrecord.entity.HtEmpl/
2017-12-09 10:07:57.193 DEBUG [http-nio-8080-exec-13] com.haulmont.cuba.web.App - Ping session
2017-12-09 10:17:58.189 DEBUG [http-nio-8080-exec-22] com.haulmont.cuba.web.App - Ping session
2017-12-09 10:27:59.191 DEBUG [http-nio-8080-exec-15] com.haulmont.cuba.web.App - Ping session
2017-12-09 10:38:00.192 DEBUG [http-nio-8080-exec-19/app/anonymous] com.haulmont.cuba.web.App - Ping session
2017-12-09 10:38:58.696 INFO  [scheduler-4] com.haulmont.cuba.core.sys.TriggerFilesProcessor - Calling cuba_ClassLoaderManager.reloadClass('com.artwell.inspectionrecord.service.InspectionRecordServiceBean')
2017-12-09 10:39:19.771 INFO  [scheduler-4] com.haulmont.cuba.core.sys.TriggerFilesProcessor - Calling cuba_ClassLoaderManager.reloadClass('com.artwell.inspectionrecord.service.InspectionRecordServiceBean')
2017-12-09 10:39:20.025 INFO  [scheduler-4] com.haulmont.cuba.core.sys.CubaXmlWebApplicationContext - Refreshing WebApplicationContext for namespace 'remoting-servlet': startup date [Sat Dec 09 10:39:20 CST 2017]; parent: com.haulmont.cuba.core.sys.CubaCoreApplicationContext@2ff58721
2017-12-09 10:39:20.062 INFO  [scheduler-4] com.haulmont.cuba.core.sys.remoting.RemoteServicesBeanCreator - Configuring remote services
2017-12-09 10:42:02.841 INFO  [localhost-startStop-2] com.haulmont.cuba.core.sys.CubaXmlWebApplicationContext - Closing WebApplicationContext for namespace 'rest_api-servlet': startup date [Sat Dec 09 09:41:37 CST 2017]; parent: com.haulmont.cuba.core.sys.CubaClassPathXmlApplicationContext@4b1fc286
2017-12-09 10:42:02.853 INFO  [localhost-startStop-2] com.haulmont.cuba.core.sys.CubaXmlWebApplicationContext - Closing WebApplicationContext for namespace 'dispatcher-servlet': startup date [Sat Dec 09 09:41:35 CST 2017]; parent: com.haulmont.cuba.core.sys.CubaClassPathXmlApplicationContext@4b1fc286
2017-12-09 10:42:41.325 INFO  [localhost-startStop-1] org.atmosphere.cpr.AtmosphereFramework - Installed AtmosphereHandler com.vaadin.server.communication.PushAtmosphereHandler mapped to context-path: /*
2017-12-09 10:42:41.329 INFO  [localhost-startStop-1] org.atmosphere.cpr.AtmosphereFramework - Installed the following AtmosphereInterceptor mapped to AtmosphereHandler com.vaadin.server.communication.PushAtmosphereHandler
2017-12-09 10:42:41.332 INFO  [localhost-startStop-1] org.atmosphere.util.IOUtils - META-INF/services/org.atmosphere.cpr.AtmosphereFramework not found in class loader
2017-12-09 10:42:41.350 INFO  [localhost-startStop-1] org.atmosphere.cpr.AtmosphereFramework - Atmosphere is using org.atmosphere.util.VoidAnnotationProcessor for processing annotation
2017-12-09 10:42:41.363 INFO  [localhost-startStop-1] org.atmosphere.cpr.AtmosphereFramework - Installed WebSocketProtocol org.atmosphere.websocket.protocol.SimpleHttpProtocol 
2017-12-09 10:42:41.372 INFO  [localhost-startStop-1] org.atmosphere.container.JSR356AsyncSupport - JSR 356 Mapping path /{path}
2017-12-09 10:42:41.387 INFO  [localhost-startStop-1] org.atmosphere.cpr.AtmosphereFramework - Installing Default AtmosphereInterceptors
2017-12-09 10:42:41.388 INFO  [localhost-startStop-1] org.atmosphere.cpr.AtmosphereFramework - 	org.atmosphere.interceptor.CorsInterceptor : CORS Interceptor Support
2017-12-09 10:42:41.389 INFO  [localhost-startStop-1] org.atmosphere.cpr.AtmosphereFramework - 	org.atmosphere.interceptor.CacheHeadersInterceptor : Default Response's Headers Interceptor
2017-12-09 10:42:41.390 INFO  [localhost-startStop-1] org.atmosphere.cpr.AtmosphereFramework - 	org.atmosphere.interceptor.PaddingAtmosphereInterceptor : Browser Padding Interceptor Support
2017-12-09 10:42:41.392 INFO  [localhost-startStop-1] org.atmosphere.cpr.AtmosphereFramework - 	org.atmosphere.interceptor.AndroidAtmosphereInterceptor : Android Interceptor Support
2017-12-09 10:42:41.392 INFO  [localhost-startStop-1] org.atmosphere.cpr.AtmosphereFramework - Dropping Interceptor org.atmosphere.interceptor.HeartbeatInterceptor
2017-12-09 10:42:41.393 INFO  [localhost-startStop-1] org.atmosphere.cpr.AtmosphereFramework - 	org.atmosphere.interceptor.SSEAtmosphereInterceptor : SSE Interceptor Support
2017-12-09 10:42:41.394 INFO  [localhost-startStop-1] org.atmosphere.cpr.AtmosphereFramework - 	org.atmosphere.interceptor.JSONPAtmosphereInterceptor : JSONP Interceptor Support
2017-12-09 10:42:41.398 INFO  [localhost-startStop-1] org.atmosphere.cpr.AtmosphereFramework - 	org.atmosphere.interceptor.JavaScriptProtocol : Atmosphere JavaScript Protocol
2017-12-09 10:42:41.399 INFO  [localhost-startStop-1] org.atmosphere.cpr.AtmosphereFramework - 	org.atmosphere.interceptor.WebSocketMessageSuspendInterceptor : org.atmosphere.interceptor.WebSocketMessageSuspendInterceptor
2017-12-09 10:42:41.400 INFO  [localhost-startStop-1] org.atmosphere.cpr.AtmosphereFramework - 	org.atmosphere.interceptor.OnDisconnectInterceptor : Browser disconnection detection
2017-12-09 10:42:41.401 INFO  [localhost-startStop-1] org.atmosphere.cpr.AtmosphereFramework - 	org.atmosphere.interceptor.IdleResourceInterceptor : org.atmosphere.interceptor.IdleResourceInterceptor
2017-12-09 10:42:41.401 INFO  [localhost-startStop-1] org.atmosphere.cpr.AtmosphereFramework - Set org.atmosphere.cpr.AtmosphereInterceptor.disableDefaults to disable them.
2017-12-09 10:42:41.405 INFO  [localhost-startStop-1] org.atmosphere.cpr.AtmosphereFramework - Using EndpointMapper class org.atmosphere.util.DefaultEndpointMapper
2017-12-09 10:42:41.405 INFO  [localhost-startStop-1] org.atmosphere.cpr.AtmosphereFramework - Using BroadcasterCache: org.atmosphere.cache.UUIDBroadcasterCache
2017-12-09 10:42:41.406 INFO  [localhost-startStop-1] org.atmosphere.cpr.AtmosphereFramework - Default Broadcaster Class: org.atmosphere.cpr.DefaultBroadcaster
2017-12-09 10:42:41.407 INFO  [localhost-startStop-1] org.atmosphere.cpr.AtmosphereFramework - Broadcaster Polling Wait Time 100
2017-12-09 10:42:41.407 INFO  [localhost-startStop-1] org.atmosphere.cpr.AtmosphereFramework - Shared ExecutorService supported: true
2017-12-09 10:42:41.408 INFO  [localhost-startStop-1] org.atmosphere.cpr.AtmosphereFramework - Messaging Thread Pool Size: Unlimited
2017-12-09 10:42:41.408 INFO  [localhost-startStop-1] org.atmosphere.cpr.AtmosphereFramework - Async I/O Thread Pool Size: 200
2017-12-09 10:42:41.408 INFO  [localhost-startStop-1] org.atmosphere.cpr.AtmosphereFramework - Using BroadcasterFactory: org.atmosphere.cpr.DefaultBroadcasterFactory
2017-12-09 10:42:41.408 INFO  [localhost-startStop-1] org.atmosphere.cpr.AtmosphereFramework - Using WebSocketProcessor: org.atmosphere.websocket.DefaultWebSocketProcessor
2017-12-09 10:42:41.413 INFO  [localhost-startStop-1] org.atmosphere.cpr.AtmosphereFramework - Invoke AtmosphereInterceptor on WebSocket message true
2017-12-09 10:42:41.413 INFO  [localhost-startStop-1] org.atmosphere.cpr.AtmosphereFramework - HttpSession supported: true
2017-12-09 10:42:41.413 INFO  [localhost-startStop-1] org.atmosphere.cpr.AtmosphereFramework - Atmosphere is using DefaultAtmosphereObjectFactory for dependency injection and object creation
2017-12-09 10:42:41.413 INFO  [localhost-startStop-1] org.atmosphere.cpr.AtmosphereFramework - Atmosphere is using async support: org.atmosphere.container.JSR356AsyncSupport running under container: Apache Tomcat/8.5.14 using javax.servlet/3.0 and jsr356/WebSocket API
2017-12-09 10:42:41.414 INFO  [localhost-startStop-1] org.atmosphere.cpr.AtmosphereFramework - Atmosphere Framework 2.2.9.vaadin2.cuba1 started.
2017-12-09 10:42:41.418 INFO  [localhost-startStop-1] org.atmosphere.cpr.AtmosphereFramework - Installed AtmosphereInterceptor  Track Message Size Interceptor using | with priority BEFORE_DEFAULT 
2017-12-09 10:42:41.553 INFO  [localhost-startStop-1] com.haulmont.cuba.core.sys.AppComponents - Using app components: [com.haulmont.cuba]
2017-12-09 10:42:41.574 INFO  [localhost-startStop-1] com.haulmont.cuba.core.sys.AbstractWebAppContextLoader - Loading app properties from classpath:com/artwell/inspectionrecord/web-app.properties
2017-12-09 10:42:41.691 INFO  [localhost-startStop-1] com.haulmont.cuba.core.sys.CubaClassPathXmlApplicationContext - Refreshing com.haulmont.cuba.core.sys.CubaClassPathXmlApplicationContext@4d6fdd51: startup date [Sat Dec 09 10:42:41 CST 2017]; root of context hierarchy
2017-12-09 10:42:43.828 INFO  [localhost-startStop-1] com.haulmont.cuba.core.sys.remoting.discovery.StaticServerSelector - Server URLs: [http://localhost:8080/app-core/remoting]
2017-12-09 10:42:43.841 INFO  [localhost-startStop-1] com.haulmont.cuba.web.sys.remoting.WebRemoteProxyBeanCreator - Configuring proxy beans for local service invocations: [cuba_LoginService, cuba_ServerInfoService, cuba_UserSettingService, cuba_UserManagementService, cuba_DataService, cuba_ConfigStorageService, cuba_PersistenceManagerService, cuba_LockService, cuba_UserSessionService, cuba_FoldersService, cuba_EmailService, cuba_FileStorageService, cuba_EntitySnapshotService, cuba_UniqueNumbersService, cuba_LocalizedMessageService, cuba_ResourceService, cuba_ScheduledTasksService, cuba_EntityLogService, cuba_TestingService, cuba_ObjectsCacheManagerService, cuba_DomainDescriptionService, cuba_RelatedEntitiesService, cuba_EntitySqlGenerationService, cuba_NumberIdService, cuba_QueryResultsService, cuba_DynamicAttributesCacheService, cuba_EntityRestoreService, cuba_LocalFileExchangeService, cuba_EntityImportExportService, cuba_ScreenProfilerService, cuba_ServerTokenStore, cuba_IdpService, cuba_ConstraintLocalizationService]
2017-12-09 10:42:43.848 INFO  [localhost-startStop-1] com.haulmont.cuba.web.sys.remoting.WebRemoteProxyBeanCreator - Configuring proxy beans for local service invocations: [inspectionrecord_EmployeeService, inspectionrecord_InspectionRecordService]
2017-12-09 10:42:44.428 INFO  [localhost-startStop-1] com.haulmont.chile.core.datatypes.Datatypes - Can't find /datatypes.xml, using default datatypes settings
2017-12-09 10:42:45.430 INFO  [localhost-startStop-1] com.haulmont.cuba.core.sys.CubaThreadPoolTaskScheduler - Initializing ExecutorService  'scheduler'
2017-12-09 10:42:45.849 INFO  [localhost-startStop-1] com.haulmont.cuba.core.sys.jmx.MBeanExporter - Registering beans for JMX exposure: [app.cuba:type=ConfigStorage, app.cuba:type=CachingFacade, app.cuba:type=FileUploading, app.cuba:type=JmxNodeIdentifier, app.cuba:type=JmxLogControl, app.cuba:type=ClassLoaderManager, app.cuba:type=StatisticsCounter]
2017-12-09 10:42:45.929 INFO  [localhost-startStop-1] com.haulmont.cuba.core.sys.AbstractWebAppContextLoader - AppContext initialized
2017-12-09 10:42:45.976 INFO  [localhost-startStop-1] com.haulmont.cuba.web.sys.CubaDispatcherServlet - FrameworkServlet 'dispatcher': initialization started
2017-12-09 10:42:45.983 INFO  [localhost-startStop-1] com.haulmont.cuba.core.sys.CubaXmlWebApplicationContext - Refreshing WebApplicationContext for namespace 'dispatcher-servlet': startup date [Sat Dec 09 10:42:45 CST 2017]; parent: com.haulmont.cuba.core.sys.CubaClassPathXmlApplicationContext@4d6fdd51
2017-12-09 10:42:46.467 DEBUG [localhost-startStop-1] org.jboss.logging - Logging Provider: org.jboss.logging.Slf4jLoggerProvider
2017-12-09 10:42:47.288 INFO  [localhost-startStop-1] com.haulmont.cuba.web.sys.CubaDispatcherServlet - FrameworkServlet 'dispatcher': initialization completed in 1311 ms
2017-12-09 10:42:47.290 INFO  [localhost-startStop-1] com.haulmont.restapi.sys.CubaRestApiServlet - FrameworkServlet 'rest_api': initialization started
2017-12-09 10:42:47.291 INFO  [localhost-startStop-1] com.haulmont.cuba.core.sys.CubaXmlWebApplicationContext - Refreshing WebApplicationContext for namespace 'rest_api-servlet': startup date [Sat Dec 09 10:42:47 CST 2017]; parent: com.haulmont.cuba.core.sys.CubaClassPathXmlApplicationContext@4d6fdd51
2017-12-09 10:42:48.713 INFO  [localhost-startStop-1] com.haulmont.restapi.sys.CubaRestApiServlet - FrameworkServlet 'rest_api': initialization completed in 1423 ms
2017-12-09 10:42:48.843 INFO  [localhost-startStop-1] com.haulmont.cuba.core.sys.AppComponents - Using app components: [com.haulmont.cuba]
2017-12-09 10:42:48.854 INFO  [localhost-startStop-1] com.haulmont.cuba.core.sys.AbstractWebAppContextLoader - Loading app properties from classpath:com/artwell/inspectionrecord/app.properties
2017-12-09 10:42:48.861 INFO  [localhost-startStop-1] com.haulmont.cuba.core.sys.AppContextLoader - DbmsType of the main database is set to hsql
2017-12-09 10:42:48.965 INFO  [localhost-startStop-1] com.haulmont.cuba.core.sys.persistence.PersistenceConfigProcessor - Creating file C:\Users\Admin\Desktop\program\studio-projects\InspectionRecord\deploy\tomcat\work\app-core\persistence.xml
2017-12-09 10:42:48.990 INFO  [localhost-startStop-1] com.haulmont.cuba.core.sys.persistence.PersistenceConfigProcessor - Creating file C:\Users\Admin\Desktop\program\studio-projects\InspectionRecord\deploy\tomcat\work\app-core\legacy-persistence.xml
2017-12-09 10:42:49.003 INFO  [localhost-startStop-1] com.haulmont.cuba.core.sys.CubaCoreApplicationContext - Refreshing com.haulmont.cuba.core.sys.CubaCoreApplicationContext@20932971: startup date [Sat Dec 09 10:42:49 CST 2017]; root of context hierarchy
2017-12-09 10:42:53.307 INFO  [localhost-startStop-1] com.haulmont.chile.core.datatypes.Datatypes - Can't find /datatypes.xml, using default datatypes settings
2017-12-09 10:42:56.116 INFO  [localhost-startStop-1] com.haulmont.cuba.core.sys.CubaThreadPoolTaskScheduler - Initializing ExecutorService  'scheduler'
2017-12-09 10:42:56.369 INFO  [localhost-startStop-1] com.haulmont.cuba.core.sys.jmx.MBeanExporter - Registering beans for JMX exposure: [app-core.cuba:type=PersistenceManager, app-core.cuba:type=ConfigStorage, app-core.cuba:type=UserSessions, app-core.cuba:type=UniqueNumbers, app-core.cuba:type=Emailer, app-core.cuba:type=EntityLog, app-core.cuba:type=FileStorage, app-core.cuba:type=LockManager, app-core.cuba:type=CachingFacade, app-core.cuba:type=ClusterManager, app-core.cuba:type=ScriptingManager, app-core.cuba:type=ServerInfo, app-core.cuba:type=Scheduling, app-core.cuba:type=ObjectsCacheManager, app-core.cuba:type=PasswordEncryptionSupport, app-core.cuba:type=JmxNodeIdentifier, app-core.cuba:type=JmxLogControl, app-core.cuba:type=ClassLoaderManager, app-core.cuba:type=StatisticsCounter, app-core.cuba:type=BruteForceProtection, app-core.cuba:type=QueryCacheSupport, app-core.cuba:type=IdpSessions]
2017-12-09 10:42:57.000 DEBUG [localhost-startStop-1] com.haulmont.cuba.security.app.LoginWorkerBean - Initialize anonymous session
2017-12-09 10:42:57.002 INFO  [localhost-startStop-1] com.haulmont.cuba.core.app.ConfigStorage - Loading DB-stored app properties cache
2017-12-09 10:42:57.090 INFO  [localhost-startStop-1] com.haulmont.cuba.core.sys.MetadataImpl - Initializing metadata
2017-12-09 10:42:57.334 INFO  [localhost-startStop-1] com.haulmont.cuba.core.sys.MetadataImpl - Metadata initialized in 242ms
2017-12-09 10:42:58.079 INFO  [localhost-startStop-1] com.haulmont.cuba.core.sys.DefaultPermissionValuesConfig - Initializing default permission values
2017-12-09 10:42:58.185 INFO  [localhost-startStop-1] com.haulmont.cuba.security.app.LoginWorkerBean - Logged in: d01b3951-9d4b-b0b8-e54d-b51fd065f642 [anonymous]
2017-12-09 10:42:58.185 DEBUG [localhost-startStop-1] com.haulmont.cuba.security.app.LoginWorkerBean - Anonymous session initialized with id d01b3951-9d4b-b0b8-e54d-b51fd065f642
2017-12-09 10:42:58.186 INFO  [localhost-startStop-1] com.haulmont.cuba.core.sys.AbstractWebAppContextLoader - AppContext initialized
2017-12-09 10:42:58.189 INFO  [localhost-startStop-1] com.haulmont.cuba.core.sys.remoting.RemotingServlet - FrameworkServlet 'remoting': initialization started
2017-12-09 10:42:58.192 INFO  [localhost-startStop-1] com.haulmont.cuba.core.sys.CubaXmlWebApplicationContext - Refreshing WebApplicationContext for namespace 'remoting-servlet': startup date [Sat Dec 09 10:42:58 CST 2017]; parent: com.haulmont.cuba.core.sys.CubaCoreApplicationContext@20932971
2017-12-09 10:42:58.244 INFO  [localhost-startStop-1] com.haulmont.cuba.core.sys.remoting.RemoteServicesBeanCreator - Configuring remote services
2017-12-09 10:42:58.386 INFO  [localhost-startStop-1] com.haulmont.cuba.core.sys.remoting.RemotingServlet - FrameworkServlet 'remoting': initialization completed in 197 ms
2017-12-09 10:42:58.448 INFO  [localhost-startStop-1] com.haulmont.cuba.core.sys.AppComponents - Using app components: [com.haulmont.cuba]
2017-12-09 10:42:58.462 INFO  [localhost-startStop-1] com.haulmont.cuba.core.sys.AbstractWebAppContextLoader - Loading app properties from classpath:com/artwell/inspectionrecord/portal-app.properties
2017-12-09 10:42:58.477 INFO  [localhost-startStop-1] com.haulmont.cuba.core.sys.CubaXmlWebApplicationContext - Refreshing Root WebApplicationContext: startup date [Sat Dec 09 10:42:58 CST 2017]; root of context hierarchy
2017-12-09 10:42:59.095 INFO  [localhost-startStop-1] com.haulmont.cuba.core.sys.remoting.discovery.StaticServerSelector - Server URLs: [http://localhost:8080/app-core/remoting]
2017-12-09 10:42:59.097 INFO  [localhost-startStop-1] com.haulmont.cuba.portal.sys.remoting.PortalRemoteProxyBeanCreator - Configuring proxy beans for local service invocations: [cuba_LoginService, cuba_ServerInfoService, cuba_UserSettingService, cuba_UserManagementService, cuba_DataService, cuba_ConfigStorageService, cuba_PersistenceManagerService, cuba_LockService, cuba_UserSessionService, cuba_FoldersService, cuba_EmailService, cuba_FileStorageService, cuba_EntitySnapshotService, cuba_UniqueNumbersService, cuba_LocalizedMessageService, cuba_ResourceService, cuba_ScheduledTasksService, cuba_TestingService, cuba_DomainDescriptionService, cuba_RelatedEntitiesService, cuba_NumberIdService, cuba_DynamicAttributesCacheService, cuba_LocalFileExchangeService, cuba_EntityImportExportService, cuba_ServerTokenStore, cuba_IdpService, cuba_ConstraintLocalizationService]
2017-12-09 10:42:59.103 INFO  [localhost-startStop-1] com.haulmont.cuba.portal.sys.remoting.PortalRemoteProxyBeanCreator - Configuring proxy beans for local service invocations: [inspectionrecord_InspectionRecordService, inspectionrecord_EmployeeService]
2017-12-09 10:42:59.441 INFO  [localhost-startStop-1] com.haulmont.chile.core.datatypes.Datatypes - Can't find /datatypes.xml, using default datatypes settings
2017-12-09 10:43:00.020 INFO  [localhost-startStop-1] com.haulmont.cuba.core.sys.jmx.MBeanExporter - Registering beans for JMX exposure: [app-portal.cuba:type=ConfigStorage, app-portal.cuba:type=JmxNodeIdentifier, app-portal.cuba:type=JmxLogControl]
2017-12-09 10:43:00.036 INFO  [localhost-startStop-1] com.haulmont.cuba.core.sys.AbstractWebAppContextLoader - AppContext initialized
2017-12-09 10:43:00.054 INFO  [localhost-startStop-1] com.haulmont.cuba.portal.sys.PortalDispatcherServlet - FrameworkServlet 'portal': initialization started
2017-12-09 10:43:00.057 INFO  [localhost-startStop-1] com.haulmont.cuba.core.sys.CubaXmlWebApplicationContext - Refreshing WebApplicationContext for namespace 'portal-servlet': startup date [Sat Dec 09 10:43:00 CST 2017]; parent: Root WebApplicationContext
2017-12-09 10:43:00.614 INFO  [localhost-startStop-1] com.haulmont.cuba.portal.sys.PortalDispatcherServlet - FrameworkServlet 'portal': initialization completed in 559 ms
2017-12-09 10:43:00.616 INFO  [localhost-startStop-1] com.haulmont.restapi.sys.CubaRestApiServlet - FrameworkServlet 'rest_api': initialization started
2017-12-09 10:43:00.618 INFO  [localhost-startStop-1] com.haulmont.cuba.core.sys.CubaXmlWebApplicationContext - Refreshing WebApplicationContext for namespace 'rest_api-servlet': startup date [Sat Dec 09 10:43:00 CST 2017]; parent: Root WebApplicationContext
2017-12-09 10:43:01.114 INFO  [localhost-startStop-1] com.haulmont.restapi.sys.CubaRestApiServlet - FrameworkServlet 'rest_api': initialization completed in 498 ms
2017-12-09 10:43:14.775 INFO  [http-nio-8080-exec-20] com.haulmont.cuba.security.app.LoginWorkerBean - Logged in: 9a07cf49-03fd-cf6a-918a-892cbc5406fa [admin]
2017-12-09 10:43:14.860 INFO  [http-nio-8080-exec-20/app/admin] com.haulmont.restapi.auth.ClientProxyTokenStore - REST API access token stored: [admin] f3b4b8d9-abc2-4fd5-8963-f4bd6cdee114
2017-12-09 10:43:14.946 DEBUG [http-nio-8080-exec-13/app/admin] com.haulmont.restapi.auth.CubaRestLastSecurityFilter - REST API request [f3b4b8d9-abc2-4fd5-8963-f4bd6cdee114] GET http://10.52.0.52:8080/app/rest/v2/services/inspectionrecord_EmployeeService/getLoginInfobyCode?code=08014 10.52.0.137
2017-12-09 10:43:18.778 INFO  [http-nio-8080-exec-13/app/admin] com.haulmont.cuba.core.sys.MetadataImpl - Initializing metadata
2017-12-09 10:43:19.013 INFO  [http-nio-8080-exec-13/app/admin] com.haulmont.cuba.core.sys.MetadataImpl - Metadata initialized in 234ms
2017-12-09 10:43:48.775 DEBUG [http-nio-8080-exec-19] com.haulmont.cuba.gui.theme.ThemeConstantsRepository - Loading theme constants
2017-12-09 10:43:48.787 DEBUG [http-nio-8080-exec-19] com.haulmont.cuba.web.App - Initializing application
2017-12-09 10:43:48.814 DEBUG [http-nio-8080-exec-19/app/anonymous] com.haulmont.cuba.web.DefaultApp - connectionStateChanged connected: true, authenticated: false
2017-12-09 10:43:48.815 DEBUG [http-nio-8080-exec-19/app/anonymous] com.haulmont.cuba.web.App - Closing all windows
2017-12-09 10:43:49.254 DEBUG [http-nio-8080-exec-19/app/anonymous] com.haulmont.cuba.web.AbstractConnection - Logged in: user=anonymous, ip=0:0:0:0:0:0:0:1, clientInfo=Web (localhost:8080/app) Mozilla/5.0 (Windows NT 10.0; Win64; x64) AppleWebKit/537.36 (KHTML, like Gecko) Chrome/62.0.3202.94 Safari/537.36
2017-12-09 10:43:51.278 INFO  [http-nio-8080-exec-6/app-core/anonymous] com.haulmont.cuba.security.app.LoginWorkerBean - Logged in: 22d858a1-1b32-7ddb-2633-d587dea6bedb [admin]
2017-12-09 10:43:51.289 DEBUG [http-nio-8080-exec-6/app/admin] com.haulmont.cuba.web.DefaultApp - connectionStateChanged connected: true, authenticated: true
2017-12-09 10:43:51.289 DEBUG [http-nio-8080-exec-6/app/admin] com.haulmont.cuba.web.App - Closing all windows
2017-12-09 10:43:51.292 DEBUG [http-nio-8080-exec-6/app/admin] com.haulmont.cuba.web.DefaultApp - Session reinitialized: HttpSession=org.apache.catalina.session.StandardSessionFacade@3563d4db, timeout=1800sec, UserSession=22d858a1-1b32-7ddb-2633-d587dea6bedb [admin]
2017-12-09 10:43:51.504 INFO  [http-nio-8080-exec-6/app/admin] com.haulmont.cuba.core.sys.AbstractViewRepository - Initializing views
2017-12-09 10:43:51.529 DEBUG [http-nio-8080-exec-6/app-core/admin] com.haulmont.cuba.core.app.StoreFactory - No implementation is specified for _MAIN_ store, using RdbmsStore
2017-12-09 10:43:51.603 DEBUG [http-nio-8080-exec-6/app-core/admin] com.haulmont.cuba.core.app.RdbmsStore - loadList: metaClass=sec$UserSubstitution, view=com.haulmont.cuba.security.entity.UserSubstitution/app, query=select us from sec$UserSubstitution us where us.user.id = :userId and (us.endDate is null or us.endDate >= :currentDate) and (us.startDate is null or us.startDate <= :currentDate) and (us.substitutedUser.active = true or us.substitutedUser.active is null) order by us.substitutedUser.name
2017-12-09 10:43:51.734 DEBUG [http-nio-8080-exec-6/app-core/admin] com.haulmont.cuba.core.app.FoldersServiceBean - Loading AppFolders
2017-12-09 10:43:51.761 DEBUG [http-nio-8080-exec-6/app-core/admin] com.haulmont.cuba.core.app.FoldersServiceBean - Loading SearchFolders
2017-12-09 10:43:51.806 DEBUG [http-nio-8080-exec-6/app/admin] com.haulmont.cuba.web.AbstractConnection - Logged in: user=admin, ip=0:0:0:0:0:0:0:1, clientInfo=Web (localhost:8080/app) Mozilla/5.0 (Windows NT 10.0; Win64; x64) AppleWebKit/537.36 (KHTML, like Gecko) Chrome/62.0.3202.94 Safari/537.36
2017-12-09 10:43:55.395 INFO  [http-nio-8080-exec-21/app-core/admin] com.haulmont.cuba.core.app.PersistenceManager - Loading statistics cache
2017-12-09 10:43:55.472 INFO  [http-nio-8080-exec-21/app-core/admin] com.haulmont.cuba.core.sys.AbstractViewRepository - Initializing views
2017-12-09 10:43:55.786 DEBUG [http-nio-8080-exec-21/app-core/admin] com.haulmont.cuba.core.app.RdbmsStore - loadList: metaClass=sec$Filter, view=com.haulmont.cuba.security.entity.FilterEntity/app, query=select f from sec$Filter f left join f.user u where f.componentId = :component and (u.id = :userId or u is null) order by f.name
2017-12-09 10:43:56.021 INFO  [ClientCacheManager-pool-2-thread-1] com.haulmont.cuba.security.app.LoginWorkerBean - Logged in: 7128088e-344b-27ae-b387-40a7f1c6f5a7 [admin]
2017-12-09 10:43:56.218 DEBUG [http-nio-8080-exec-21/app-core/admin] com.haulmont.cuba.core.app.RdbmsStore - loadList: metaClass=inspectionrecord$InspectionRecord, view=com.artwell.inspectionrecord.entity.InspectionRecord/inspectionRecord-view, query=select e from inspectionrecord$InspectionRecord e, max=50
2017-12-09 10:43:56.296 DEBUG [http-nio-8080-exec-21/app-core/admin] com.haulmont.cuba.core.app.StoreFactory - No implementation is specified for legacy store, using RdbmsStore
2017-12-09 10:43:56.297 DEBUG [http-nio-8080-exec-21/app-core/admin] com.haulmont.cuba.core.app.RdbmsStore - load: metaClass=inspectionrecord$HtEmpl, id=99800126, view=com.artwell.inspectionrecord.entity.HtEmpl/
2017-12-09 10:53:50.189 DEBUG [http-nio-8080-exec-20] com.haulmont.cuba.web.App - Ping session
2017-12-09 11:00:38.721 INFO  [scheduler-5] com.haulmont.cuba.core.sys.TriggerFilesProcessor - Calling cuba_ClassLoaderManager.reloadClass('com.artwell.inspectionrecord.service.InspectionRecordServiceBean')
2017-12-09 11:00:39.720 INFO  [scheduler-5] com.haulmont.cuba.core.sys.CubaXmlWebApplicationContext - Refreshing WebApplicationContext for namespace 'remoting-servlet': startup date [Sat Dec 09 11:00:39 CST 2017]; parent: com.haulmont.cuba.core.sys.CubaCoreApplicationContext@20932971
2017-12-09 11:00:39.743 INFO  [scheduler-5] com.haulmont.cuba.core.sys.remoting.RemoteServicesBeanCreator - Configuring remote services
2017-12-09 11:00:44.812 INFO  [scheduler-1] com.haulmont.cuba.core.sys.TriggerFilesProcessor - Calling cuba_ClassLoaderManager.reloadClass('com.artwell.inspectionrecord.service.InspectionRecordServiceBean')
2017-12-09 11:00:44.952 INFO  [scheduler-1] com.haulmont.cuba.core.sys.CubaXmlWebApplicationContext - Refreshing WebApplicationContext for namespace 'remoting-servlet': startup date [Sat Dec 09 11:00:44 CST 2017]; parent: com.haulmont.cuba.core.sys.CubaCoreApplicationContext@20932971
2017-12-09 11:00:44.974 INFO  [scheduler-1] com.haulmont.cuba.core.sys.remoting.RemoteServicesBeanCreator - Configuring remote services
2017-12-09 11:03:51.191 DEBUG [http-nio-8080-exec-12] com.haulmont.cuba.web.App - Ping session
2017-12-09 11:13:26.592 DEBUG [scheduler-3] com.haulmont.cuba.security.app.UserSessions - Removing session due to timeout: 9a07cf49-03fd-cf6a-918a-892cbc5406fa [admin], since: Sat Dec 09 10:43:14 CST 2017, lastUsed: Sat Dec 09 10:43:14 CST 2017
2017-12-09 11:13:52.191 DEBUG [http-nio-8080-exec-9] com.haulmont.cuba.web.App - Ping session
2017-12-09 11:23:53.191 DEBUG [http-nio-8080-exec-22] com.haulmont.cuba.web.App - Ping session
2017-12-09 11:24:54.031 INFO  [http-nio-8080-exec-4] com.haulmont.cuba.security.app.LoginWorkerBean - Logged in: 7ee8d0f3-ebed-4db1-4388-cc0085e9a7c6 [admin]
2017-12-09 11:24:54.102 INFO  [http-nio-8080-exec-4/app/admin] com.haulmont.restapi.auth.ClientProxyTokenStore - REST API access token stored: [admin] ed337ed3-2477-4cc6-bf6d-d696011ec2b8
2017-12-09 11:24:54.622 DEBUG [http-nio-8080-exec-9/app/admin] com.haulmont.restapi.auth.CubaRestLastSecurityFilter - REST API request [ed337ed3-2477-4cc6-bf6d-d696011ec2b8] GET http://10.52.0.52:8080/app/rest/v2/services/inspectionrecord_EmployeeService/getLoginInfobyCode?code=08014 10.52.0.137
2017-12-09 11:25:00.816 DEBUG [http-nio-8080-exec-15/app-core/admin] com.haulmont.cuba.core.app.RdbmsStore - load: metaClass=inspectionrecord$InspectionRecord, id=6a387da0-09e3-f62b-285e-31d61d899c88, view=com.artwell.inspectionrecord.entity.InspectionRecord/inspectionRecord-view
2017-12-09 11:25:00.882 DEBUG [http-nio-8080-exec-15/app-core/admin] com.haulmont.cuba.core.app.RdbmsStore - load: metaClass=inspectionrecord$HtEmpl, id=99800126, view=com.artwell.inspectionrecord.entity.HtEmpl/
2017-12-09 11:25:03.393 DEBUG [http-nio-8080-exec-7/app-core/admin] com.haulmont.cuba.core.app.RdbmsStore - loadList: metaClass=sec$Filter, view=com.haulmont.cuba.security.entity.FilterEntity/app, query=select f from sec$Filter f left join f.user u where f.componentId = :component and (u.id = :userId or u is null) order by f.name
2017-12-09 11:25:03.415 DEBUG [http-nio-8080-exec-7/app-core/admin] com.haulmont.cuba.core.app.RdbmsStore - loadList: metaClass=inspectionrecord$Employee, view=com.artwell.inspectionrecord.entity.Employee/employee-view, query=select e from inspectionrecord$Employee e, max=50
2017-12-09 11:25:03.421 DEBUG [http-nio-8080-exec-7/app-core/admin] com.haulmont.cuba.core.app.RdbmsStore - load: metaClass=inspectionrecord$HtEmpl, id=99800126, view=com.artwell.inspectionrecord.entity.HtEmpl/
2017-12-09 11:33:54.191 DEBUG [http-nio-8080-exec-14] com.haulmont.cuba.web.App - Ping session
2017-12-09 11:43:55.188 DEBUG [http-nio-8080-exec-13] com.haulmont.cuba.web.App - Ping session
2017-12-09 11:53:56.191 DEBUG [http-nio-8080-exec-17] com.haulmont.cuba.web.App - Ping session
2017-12-09 11:54:56.591 DEBUG [scheduler-3] com.haulmont.cuba.security.app.UserSessions - Removing session due to timeout: 7ee8d0f3-ebed-4db1-4388-cc0085e9a7c6 [admin], since: Sat Dec 09 11:24:54 CST 2017, lastUsed: Sat Dec 09 11:24:54 CST 2017
