25-Oct-2017 21:02:46.694 資訊 [main] org.apache.catalina.startup.VersionLoggerListener.log Server version:        Apache Tomcat/8.5.14
25-Oct-2017 21:02:46.733 資訊 [main] org.apache.catalina.startup.VersionLoggerListener.log Server built:          Apr 13 2017 12:55:45 UTC
25-Oct-2017 21:02:46.734 資訊 [main] org.apache.catalina.startup.VersionLoggerListener.log Server number:         8.5.14.0
25-Oct-2017 21:02:46.735 資訊 [main] org.apache.catalina.startup.VersionLoggerListener.log OS Name:               Windows 10
25-Oct-2017 21:02:46.736 資訊 [main] org.apache.catalina.startup.VersionLoggerListener.log OS Version:            10.0
25-Oct-2017 21:02:46.737 資訊 [main] org.apache.catalina.startup.VersionLoggerListener.log Architecture:          amd64
25-Oct-2017 21:02:46.738 資訊 [main] org.apache.catalina.startup.VersionLoggerListener.log Java Home:             C:\Program Files\Java\jdk1.8.0_91\jre
25-Oct-2017 21:02:46.739 資訊 [main] org.apache.catalina.startup.VersionLoggerListener.log JVM Version:           1.8.0_91-b14
25-Oct-2017 21:02:46.740 資訊 [main] org.apache.catalina.startup.VersionLoggerListener.log JVM Vendor:            Oracle Corporation
25-Oct-2017 21:02:46.741 資訊 [main] org.apache.catalina.startup.VersionLoggerListener.log CATALINA_BASE:         C:\Users\eric.chu\studio-projects\InspectionRecord\deploy\tomcat
25-Oct-2017 21:02:46.744 資訊 [main] org.apache.catalina.startup.VersionLoggerListener.log CATALINA_HOME:         C:\Users\eric.chu\studio-projects\InspectionRecord\deploy\tomcat
25-Oct-2017 21:02:46.744 資訊 [main] org.apache.catalina.startup.VersionLoggerListener.log Command line argument: -Djava.util.logging.config.file=C:\Users\eric.chu\studio-projects\InspectionRecord\deploy\tomcat\conf\logging.properties
25-Oct-2017 21:02:46.745 資訊 [main] org.apache.catalina.startup.VersionLoggerListener.log Command line argument: -Djava.util.logging.manager=org.apache.juli.ClassLoaderLogManager
25-Oct-2017 21:02:46.746 資訊 [main] org.apache.catalina.startup.VersionLoggerListener.log Command line argument: -Djdk.tls.ephemeralDHKeySize=2048
25-Oct-2017 21:02:46.746 資訊 [main] org.apache.catalina.startup.VersionLoggerListener.log Command line argument: -Djava.protocol.handler.pkgs=org.apache.catalina.webresources
25-Oct-2017 21:02:46.747 資訊 [main] org.apache.catalina.startup.VersionLoggerListener.log Command line argument: -Xrunjdwp:transport=dt_socket,address=8787,server=y,suspend=n
25-Oct-2017 21:02:46.748 資訊 [main] org.apache.catalina.startup.VersionLoggerListener.log Command line argument: -Xmx512m
25-Oct-2017 21:02:46.749 資訊 [main] org.apache.catalina.startup.VersionLoggerListener.log Command line argument: -Dfile.encoding=UTF-8
25-Oct-2017 21:02:46.750 資訊 [main] org.apache.catalina.startup.VersionLoggerListener.log Command line argument: -Dlogback.configurationFile=../conf/logback.xml
25-Oct-2017 21:02:46.751 資訊 [main] org.apache.catalina.startup.VersionLoggerListener.log Command line argument: -Dcom.sun.management.jmxremote
25-Oct-2017 21:02:46.751 資訊 [main] org.apache.catalina.startup.VersionLoggerListener.log Command line argument: -Dcatalina.base=C:\Users\eric.chu\studio-projects\InspectionRecord\deploy\tomcat
25-Oct-2017 21:02:46.754 資訊 [main] org.apache.catalina.startup.VersionLoggerListener.log Command line argument: -Dcatalina.home=C:\Users\eric.chu\studio-projects\InspectionRecord\deploy\tomcat
25-Oct-2017 21:02:46.754 資訊 [main] org.apache.catalina.startup.VersionLoggerListener.log Command line argument: -Djava.io.tmpdir=C:\Users\eric.chu\studio-projects\InspectionRecord\deploy\tomcat\temp
25-Oct-2017 21:02:46.755 資訊 [main] org.apache.catalina.core.AprLifecycleListener.lifecycleEvent The APR based Apache Tomcat Native library which allows optimal performance in production environments was not found on the java.library.path: C:\Program Files\Java\jdk1.8.0_91\bin;C:\WINDOWS\Sun\Java\bin;C:\WINDOWS\system32;C:\WINDOWS;C:\ProgramData\Oracle\Java\javapath;C:\Program Files (x86)\NVIDIA Corporation\PhysX\Common;C:\Program Files (x86)\Intel\iCLS Client\;C:\Program Files\Intel\iCLS Client\;C:\WINDOWS\system32;C:\WINDOWS;C:\WINDOWS\System32\Wbem;C:\WINDOWS\System32\WindowsPowerShell\v1.0\;C:\Program Files\Intel\Intel(R) Management Engine Components\DAL;C:\Program Files\Intel\Intel(R) Management Engine Components\IPT;C:\Program Files (x86)\Intel\Intel(R) Management Engine Components\DAL;C:\Program Files (x86)\Intel\Intel(R) Management Engine Components\IPT;C:\Program Files\Intel\WiFi\bin\;C:\Program Files\Common Files\Intel\WirelessCommon\;C:\Program Files (x86)\DriveHQ\WebDAV Drive Mapping;C:\WINDOWS\system32;C:\WINDOWS;C:\WINDOWS\System32\Wbem;C:\WINDOWS\System32\WindowsPowerShell\v1.0\;C:\Program Files\Git\cmd;C:\Program Files (x86)\PuTTY\;C:\Program Files\OpenVPN\bin;C:\Program Files (x86)\Git\cmd;C:\Program Files (x86)\Skype\Phone\;C:\Program Files\nodejs\;C:\ProgramData\chocolatey\bin;C:\Program Files\Java\jdk1.8.0_152\bin;C:\Android\android-sdk\tools;C:\Android\android-sdk\platform-tools;;C:\Users\eric.chu\AppData\Local\Microsoft\WindowsApps;C:\Users\eric.chu\AppData\Roaming\npm;.
25-Oct-2017 21:02:47.470 資訊 [main] org.apache.coyote.AbstractProtocol.init Initializing ProtocolHandler ["http-nio-8080"]
25-Oct-2017 21:02:47.806 資訊 [main] org.apache.tomcat.util.net.NioSelectorPool.getSharedSelector Using a shared selector for servlet write/read
25-Oct-2017 21:02:47.810 資訊 [main] org.apache.coyote.AbstractProtocol.init Initializing ProtocolHandler ["ajp-nio-8009"]
25-Oct-2017 21:02:47.814 資訊 [main] org.apache.tomcat.util.net.NioSelectorPool.getSharedSelector Using a shared selector for servlet write/read
25-Oct-2017 21:02:47.817 資訊 [main] org.apache.catalina.startup.Catalina.load Initialization processed in 1845 ms
25-Oct-2017 21:02:47.882 資訊 [main] org.apache.catalina.core.StandardService.startInternal Starting service Catalina
25-Oct-2017 21:02:47.883 資訊 [main] org.apache.catalina.core.StandardEngine.startInternal Starting Servlet Engine: Apache Tomcat/8.5.14
25-Oct-2017 21:02:47.922 資訊 [localhost-startStop-1] org.apache.catalina.startup.HostConfig.deployDirectory Deploying web application directory C:\Users\eric.chu\studio-projects\InspectionRecord\deploy\tomcat\webapps\app
25-Oct-2017 21:03:08.532 資訊 [localhost-startStop-1] org.apache.catalina.startup.HostConfig.deployDirectory Deployment of web application directory C:\Users\eric.chu\studio-projects\InspectionRecord\deploy\tomcat\webapps\app has finished in 20,607 ms
25-Oct-2017 21:03:08.533 資訊 [localhost-startStop-1] org.apache.catalina.startup.HostConfig.deployDirectory Deploying web application directory C:\Users\eric.chu\studio-projects\InspectionRecord\deploy\tomcat\webapps\app-core
25-Oct-2017 21:03:36.789 資訊 [localhost-startStop-1] org.apache.catalina.startup.HostConfig.deployDirectory Deployment of web application directory C:\Users\eric.chu\studio-projects\InspectionRecord\deploy\tomcat\webapps\app-core has finished in 28,257 ms
25-Oct-2017 21:03:36.815 資訊 [main] org.apache.coyote.AbstractProtocol.start Starting ProtocolHandler ["http-nio-8080"]
25-Oct-2017 21:03:36.860 資訊 [main] org.apache.coyote.AbstractProtocol.start Starting ProtocolHandler ["ajp-nio-8009"]
25-Oct-2017 21:03:36.869 資訊 [main] org.apache.catalina.startup.Catalina.start Server startup in 49050 ms
25-Oct-2017 21:03:37.315 警告 [http-nio-8080-exec-33] com.vaadin.server.DefaultDeploymentConfiguration.checkProductionMode 
=================================================================
Vaadin is running in DEBUG MODE.
Add productionMode=true to web.xml to disable debug features.
To show debug window, add ?debug to your application URL.
=================================================================
25-Oct-2017 21:08:40.259 資訊 [main] org.apache.catalina.core.StandardServer.await A valid shutdown command was received via the shutdown port. Stopping the Server instance.
25-Oct-2017 21:08:40.259 資訊 [main] org.apache.coyote.AbstractProtocol.pause Pausing ProtocolHandler ["http-nio-8080"]
25-Oct-2017 21:08:40.421 資訊 [main] org.apache.coyote.AbstractProtocol.pause Pausing ProtocolHandler ["ajp-nio-8009"]
25-Oct-2017 21:08:40.576 資訊 [main] org.apache.catalina.core.StandardService.stopInternal Stopping service Catalina
25-Oct-2017 21:08:40.848 資訊 [main] org.apache.coyote.AbstractProtocol.stop Stopping ProtocolHandler ["http-nio-8080"]
25-Oct-2017 21:08:40.855 資訊 [main] org.apache.coyote.AbstractProtocol.stop Stopping ProtocolHandler ["ajp-nio-8009"]
25-Oct-2017 21:08:40.855 資訊 [main] org.apache.coyote.AbstractProtocol.destroy Destroying ProtocolHandler ["http-nio-8080"]
25-Oct-2017 21:08:40.873 資訊 [main] org.apache.coyote.AbstractProtocol.destroy Destroying ProtocolHandler ["ajp-nio-8009"]
25-Oct-2017 21:08:54.752 資訊 [main] org.apache.catalina.startup.VersionLoggerListener.log Server version:        Apache Tomcat/8.5.14
25-Oct-2017 21:08:54.762 資訊 [main] org.apache.catalina.startup.VersionLoggerListener.log Server built:          Apr 13 2017 12:55:45 UTC
25-Oct-2017 21:08:54.762 資訊 [main] org.apache.catalina.startup.VersionLoggerListener.log Server number:         8.5.14.0
25-Oct-2017 21:08:54.763 資訊 [main] org.apache.catalina.startup.VersionLoggerListener.log OS Name:               Windows 10
25-Oct-2017 21:08:54.764 資訊 [main] org.apache.catalina.startup.VersionLoggerListener.log OS Version:            10.0
25-Oct-2017 21:08:54.765 資訊 [main] org.apache.catalina.startup.VersionLoggerListener.log Architecture:          amd64
25-Oct-2017 21:08:54.767 資訊 [main] org.apache.catalina.startup.VersionLoggerListener.log Java Home:             C:\Program Files\Java\jdk1.8.0_91\jre
25-Oct-2017 21:08:54.768 資訊 [main] org.apache.catalina.startup.VersionLoggerListener.log JVM Version:           1.8.0_91-b14
25-Oct-2017 21:08:54.773 資訊 [main] org.apache.catalina.startup.VersionLoggerListener.log JVM Vendor:            Oracle Corporation
25-Oct-2017 21:08:54.774 資訊 [main] org.apache.catalina.startup.VersionLoggerListener.log CATALINA_BASE:         C:\Users\eric.chu\studio-projects\InspectionRecord\deploy\tomcat
25-Oct-2017 21:08:54.774 資訊 [main] org.apache.catalina.startup.VersionLoggerListener.log CATALINA_HOME:         C:\Users\eric.chu\studio-projects\InspectionRecord\deploy\tomcat
25-Oct-2017 21:08:54.775 資訊 [main] org.apache.catalina.startup.VersionLoggerListener.log Command line argument: -Djava.util.logging.config.file=C:\Users\eric.chu\studio-projects\InspectionRecord\deploy\tomcat\conf\logging.properties
25-Oct-2017 21:08:54.776 資訊 [main] org.apache.catalina.startup.VersionLoggerListener.log Command line argument: -Djava.util.logging.manager=org.apache.juli.ClassLoaderLogManager
25-Oct-2017 21:08:54.776 資訊 [main] org.apache.catalina.startup.VersionLoggerListener.log Command line argument: -Djdk.tls.ephemeralDHKeySize=2048
25-Oct-2017 21:08:54.777 資訊 [main] org.apache.catalina.startup.VersionLoggerListener.log Command line argument: -Djava.protocol.handler.pkgs=org.apache.catalina.webresources
25-Oct-2017 21:08:54.778 資訊 [main] org.apache.catalina.startup.VersionLoggerListener.log Command line argument: -Xrunjdwp:transport=dt_socket,address=8787,server=y,suspend=n
25-Oct-2017 21:08:54.778 資訊 [main] org.apache.catalina.startup.VersionLoggerListener.log Command line argument: -Xmx512m
25-Oct-2017 21:08:54.779 資訊 [main] org.apache.catalina.startup.VersionLoggerListener.log Command line argument: -Dfile.encoding=UTF-8
25-Oct-2017 21:08:54.779 資訊 [main] org.apache.catalina.startup.VersionLoggerListener.log Command line argument: -Dlogback.configurationFile=../conf/logback.xml
25-Oct-2017 21:08:54.780 資訊 [main] org.apache.catalina.startup.VersionLoggerListener.log Command line argument: -Dcom.sun.management.jmxremote
25-Oct-2017 21:08:54.780 資訊 [main] org.apache.catalina.startup.VersionLoggerListener.log Command line argument: -Dcatalina.base=C:\Users\eric.chu\studio-projects\InspectionRecord\deploy\tomcat
25-Oct-2017 21:08:54.782 資訊 [main] org.apache.catalina.startup.VersionLoggerListener.log Command line argument: -Dcatalina.home=C:\Users\eric.chu\studio-projects\InspectionRecord\deploy\tomcat
25-Oct-2017 21:08:54.783 資訊 [main] org.apache.catalina.startup.VersionLoggerListener.log Command line argument: -Djava.io.tmpdir=C:\Users\eric.chu\studio-projects\InspectionRecord\deploy\tomcat\temp
25-Oct-2017 21:08:54.784 資訊 [main] org.apache.catalina.core.AprLifecycleListener.lifecycleEvent The APR based Apache Tomcat Native library which allows optimal performance in production environments was not found on the java.library.path: C:\Program Files\Java\jdk1.8.0_91\bin;C:\WINDOWS\Sun\Java\bin;C:\WINDOWS\system32;C:\WINDOWS;C:\ProgramData\Oracle\Java\javapath;C:\Program Files (x86)\NVIDIA Corporation\PhysX\Common;C:\Program Files (x86)\Intel\iCLS Client\;C:\Program Files\Intel\iCLS Client\;C:\WINDOWS\system32;C:\WINDOWS;C:\WINDOWS\System32\Wbem;C:\WINDOWS\System32\WindowsPowerShell\v1.0\;C:\Program Files\Intel\Intel(R) Management Engine Components\DAL;C:\Program Files\Intel\Intel(R) Management Engine Components\IPT;C:\Program Files (x86)\Intel\Intel(R) Management Engine Components\DAL;C:\Program Files (x86)\Intel\Intel(R) Management Engine Components\IPT;C:\Program Files\Intel\WiFi\bin\;C:\Program Files\Common Files\Intel\WirelessCommon\;C:\Program Files (x86)\DriveHQ\WebDAV Drive Mapping;C:\WINDOWS\system32;C:\WINDOWS;C:\WINDOWS\System32\Wbem;C:\WINDOWS\System32\WindowsPowerShell\v1.0\;C:\Program Files\Git\cmd;C:\Program Files (x86)\PuTTY\;C:\Program Files\OpenVPN\bin;C:\Program Files (x86)\Git\cmd;C:\Program Files (x86)\Skype\Phone\;C:\Program Files\nodejs\;C:\ProgramData\chocolatey\bin;C:\Program Files\Java\jdk1.8.0_152\bin;C:\Android\android-sdk\tools;C:\Android\android-sdk\platform-tools;;C:\Users\eric.chu\AppData\Local\Microsoft\WindowsApps;C:\Users\eric.chu\AppData\Roaming\npm;.
25-Oct-2017 21:08:54.953 資訊 [main] org.apache.coyote.AbstractProtocol.init Initializing ProtocolHandler ["http-nio-8080"]
25-Oct-2017 21:08:55.013 資訊 [main] org.apache.tomcat.util.net.NioSelectorPool.getSharedSelector Using a shared selector for servlet write/read
25-Oct-2017 21:08:55.021 資訊 [main] org.apache.coyote.AbstractProtocol.init Initializing ProtocolHandler ["ajp-nio-8009"]
25-Oct-2017 21:08:55.025 資訊 [main] org.apache.tomcat.util.net.NioSelectorPool.getSharedSelector Using a shared selector for servlet write/read
25-Oct-2017 21:08:55.026 資訊 [main] org.apache.catalina.startup.Catalina.load Initialization processed in 673 ms
25-Oct-2017 21:08:55.060 資訊 [main] org.apache.catalina.core.StandardService.startInternal Starting service Catalina
25-Oct-2017 21:08:55.061 資訊 [main] org.apache.catalina.core.StandardEngine.startInternal Starting Servlet Engine: Apache Tomcat/8.5.14
25-Oct-2017 21:08:55.079 資訊 [localhost-startStop-1] org.apache.catalina.startup.HostConfig.deployDirectory Deploying web application directory C:\Users\eric.chu\studio-projects\InspectionRecord\deploy\tomcat\webapps\app
25-Oct-2017 21:09:14.034 資訊 [localhost-startStop-1] org.apache.catalina.startup.HostConfig.deployDirectory Deployment of web application directory C:\Users\eric.chu\studio-projects\InspectionRecord\deploy\tomcat\webapps\app has finished in 18,953 ms
25-Oct-2017 21:09:14.036 資訊 [localhost-startStop-1] org.apache.catalina.startup.HostConfig.deployDirectory Deploying web application directory C:\Users\eric.chu\studio-projects\InspectionRecord\deploy\tomcat\webapps\app-core
25-Oct-2017 21:09:33.734 資訊 [localhost-startStop-1] org.apache.catalina.startup.HostConfig.deployDirectory Deployment of web application directory C:\Users\eric.chu\studio-projects\InspectionRecord\deploy\tomcat\webapps\app-core has finished in 19,698 ms
25-Oct-2017 21:09:33.739 資訊 [main] org.apache.coyote.AbstractProtocol.start Starting ProtocolHandler ["http-nio-8080"]
25-Oct-2017 21:09:33.754 資訊 [main] org.apache.coyote.AbstractProtocol.start Starting ProtocolHandler ["ajp-nio-8009"]
25-Oct-2017 21:09:33.763 資訊 [main] org.apache.catalina.startup.Catalina.start Server startup in 38735 ms
25-Oct-2017 21:09:33.888 警告 [http-nio-8080-exec-11] com.vaadin.server.DefaultDeploymentConfiguration.checkProductionMode 
=================================================================
Vaadin is running in DEBUG MODE.
Add productionMode=true to web.xml to disable debug features.
To show debug window, add ?debug to your application URL.
=================================================================
25-Oct-2017 22:18:20.094 資訊 [http-nio-8080-exec-46] org.apache.coyote.http11.Http11Processor.service Error parsing HTTP request header
 Note: further occurrences of HTTP header parsing errors will be logged at DEBUG level.
 java.lang.IllegalArgumentException: Invalid character found in method name. HTTP method names must be tokens
	at org.apache.coyote.http11.Http11InputBuffer.parseRequestLine(Http11InputBuffer.java:422)
	at org.apache.coyote.http11.Http11Processor.service(Http11Processor.java:683)
	at org.apache.coyote.AbstractProcessorLight.process(AbstractProcessorLight.java:66)
	at org.apache.coyote.AbstractProtocol$ConnectionHandler.process(AbstractProtocol.java:861)
	at org.apache.tomcat.util.net.NioEndpoint$SocketProcessor.doRun(NioEndpoint.java:1455)
	at org.apache.tomcat.util.net.SocketProcessorBase.run(SocketProcessorBase.java:49)
	at java.util.concurrent.ThreadPoolExecutor.runWorker(ThreadPoolExecutor.java:1142)
	at java.util.concurrent.ThreadPoolExecutor$Worker.run(ThreadPoolExecutor.java:617)
	at org.apache.tomcat.util.threads.TaskThread$WrappingRunnable.run(TaskThread.java:61)
	at java.lang.Thread.run(Thread.java:745)

25-Oct-2017 22:35:27.139 資訊 [main] org.apache.catalina.core.StandardServer.await A valid shutdown command was received via the shutdown port. Stopping the Server instance.
25-Oct-2017 22:35:27.143 資訊 [main] org.apache.coyote.AbstractProtocol.pause Pausing ProtocolHandler ["http-nio-8080"]
25-Oct-2017 22:35:27.327 資訊 [main] org.apache.coyote.AbstractProtocol.pause Pausing ProtocolHandler ["ajp-nio-8009"]
25-Oct-2017 22:35:27.473 資訊 [main] org.apache.catalina.core.StandardService.stopInternal Stopping service Catalina
25-Oct-2017 22:35:27.613 嚴重 [localhost-startStop-2] org.apache.catalina.loader.WebappClassLoaderBase.checkThreadLocalMapForLeaks The web application [app] created a ThreadLocal with key of type [java.lang.ThreadLocal] (value [java.lang.ThreadLocal@192e9ce2]) and a value of type [com.haulmont.cuba.core.sys.UserInvocationContext.RequestScopeUserInfo] (value [com.haulmont.cuba.core.sys.UserInvocationContext$RequestScopeUserInfo@4efc4faa]) but failed to remove it when the web application was stopped. Threads are going to be renewed over time to try and avoid a probable memory leak.
25-Oct-2017 22:35:27.631 嚴重 [localhost-startStop-2] org.apache.catalina.loader.WebappClassLoaderBase.checkThreadLocalMapForLeaks The web application [app] created a ThreadLocal with key of type [java.lang.ThreadLocal] (value [java.lang.ThreadLocal@192e9ce2]) and a value of type [com.haulmont.cuba.core.sys.UserInvocationContext.RequestScopeUserInfo] (value [com.haulmont.cuba.core.sys.UserInvocationContext$RequestScopeUserInfo@4fd77ca1]) but failed to remove it when the web application was stopped. Threads are going to be renewed over time to try and avoid a probable memory leak.
25-Oct-2017 22:35:27.632 嚴重 [localhost-startStop-2] org.apache.catalina.loader.WebappClassLoaderBase.checkThreadLocalMapForLeaks The web application [app] created a ThreadLocal with key of type [java.lang.ThreadLocal] (value [java.lang.ThreadLocal@192e9ce2]) and a value of type [com.haulmont.cuba.core.sys.UserInvocationContext.RequestScopeUserInfo] (value [com.haulmont.cuba.core.sys.UserInvocationContext$RequestScopeUserInfo@5a671aca]) but failed to remove it when the web application was stopped. Threads are going to be renewed over time to try and avoid a probable memory leak.
25-Oct-2017 22:35:27.694 資訊 [main] org.apache.coyote.AbstractProtocol.stop Stopping ProtocolHandler ["http-nio-8080"]
25-Oct-2017 22:35:27.699 資訊 [main] org.apache.coyote.AbstractProtocol.stop Stopping ProtocolHandler ["ajp-nio-8009"]
25-Oct-2017 22:35:27.766 資訊 [main] org.apache.coyote.AbstractProtocol.destroy Destroying ProtocolHandler ["http-nio-8080"]
25-Oct-2017 22:35:27.785 資訊 [main] org.apache.coyote.AbstractProtocol.destroy Destroying ProtocolHandler ["ajp-nio-8009"]
25-Oct-2017 22:35:48.470 資訊 [main] org.apache.catalina.startup.VersionLoggerListener.log Server version:        Apache Tomcat/8.5.14
25-Oct-2017 22:35:48.520 資訊 [main] org.apache.catalina.startup.VersionLoggerListener.log Server built:          Apr 13 2017 12:55:45 UTC
25-Oct-2017 22:35:48.521 資訊 [main] org.apache.catalina.startup.VersionLoggerListener.log Server number:         8.5.14.0
25-Oct-2017 22:35:48.522 資訊 [main] org.apache.catalina.startup.VersionLoggerListener.log OS Name:               Windows 10
25-Oct-2017 22:35:48.522 資訊 [main] org.apache.catalina.startup.VersionLoggerListener.log OS Version:            10.0
25-Oct-2017 22:35:48.523 資訊 [main] org.apache.catalina.startup.VersionLoggerListener.log Architecture:          amd64
25-Oct-2017 22:35:48.523 資訊 [main] org.apache.catalina.startup.VersionLoggerListener.log Java Home:             C:\Program Files\Java\jdk1.8.0_91\jre
25-Oct-2017 22:35:48.524 資訊 [main] org.apache.catalina.startup.VersionLoggerListener.log JVM Version:           1.8.0_91-b14
25-Oct-2017 22:35:48.525 資訊 [main] org.apache.catalina.startup.VersionLoggerListener.log JVM Vendor:            Oracle Corporation
25-Oct-2017 22:35:48.525 資訊 [main] org.apache.catalina.startup.VersionLoggerListener.log CATALINA_BASE:         C:\Users\eric.chu\studio-projects\InspectionRecord\deploy\tomcat
25-Oct-2017 22:35:48.526 資訊 [main] org.apache.catalina.startup.VersionLoggerListener.log CATALINA_HOME:         C:\Users\eric.chu\studio-projects\InspectionRecord\deploy\tomcat
25-Oct-2017 22:35:48.527 資訊 [main] org.apache.catalina.startup.VersionLoggerListener.log Command line argument: -Djava.util.logging.config.file=C:\Users\eric.chu\studio-projects\InspectionRecord\deploy\tomcat\conf\logging.properties
25-Oct-2017 22:35:48.528 資訊 [main] org.apache.catalina.startup.VersionLoggerListener.log Command line argument: -Djava.util.logging.manager=org.apache.juli.ClassLoaderLogManager
25-Oct-2017 22:35:48.528 資訊 [main] org.apache.catalina.startup.VersionLoggerListener.log Command line argument: -Djdk.tls.ephemeralDHKeySize=2048
25-Oct-2017 22:35:48.530 資訊 [main] org.apache.catalina.startup.VersionLoggerListener.log Command line argument: -Djava.protocol.handler.pkgs=org.apache.catalina.webresources
25-Oct-2017 22:35:48.531 資訊 [main] org.apache.catalina.startup.VersionLoggerListener.log Command line argument: -Xrunjdwp:transport=dt_socket,address=8787,server=y,suspend=n
25-Oct-2017 22:35:48.532 資訊 [main] org.apache.catalina.startup.VersionLoggerListener.log Command line argument: -Xmx512m
25-Oct-2017 22:35:48.532 資訊 [main] org.apache.catalina.startup.VersionLoggerListener.log Command line argument: -Dfile.encoding=UTF-8
25-Oct-2017 22:35:48.533 資訊 [main] org.apache.catalina.startup.VersionLoggerListener.log Command line argument: -Dlogback.configurationFile=../conf/logback.xml
25-Oct-2017 22:35:48.533 資訊 [main] org.apache.catalina.startup.VersionLoggerListener.log Command line argument: -Dcom.sun.management.jmxremote
25-Oct-2017 22:35:48.534 資訊 [main] org.apache.catalina.startup.VersionLoggerListener.log Command line argument: -Dcatalina.base=C:\Users\eric.chu\studio-projects\InspectionRecord\deploy\tomcat
25-Oct-2017 22:35:48.534 資訊 [main] org.apache.catalina.startup.VersionLoggerListener.log Command line argument: -Dcatalina.home=C:\Users\eric.chu\studio-projects\InspectionRecord\deploy\tomcat
25-Oct-2017 22:35:48.535 資訊 [main] org.apache.catalina.startup.VersionLoggerListener.log Command line argument: -Djava.io.tmpdir=C:\Users\eric.chu\studio-projects\InspectionRecord\deploy\tomcat\temp
25-Oct-2017 22:35:48.537 資訊 [main] org.apache.catalina.core.AprLifecycleListener.lifecycleEvent The APR based Apache Tomcat Native library which allows optimal performance in production environments was not found on the java.library.path: C:\Program Files\Java\jdk1.8.0_91\bin;C:\WINDOWS\Sun\Java\bin;C:\WINDOWS\system32;C:\WINDOWS;C:\ProgramData\Oracle\Java\javapath;C:\Program Files (x86)\NVIDIA Corporation\PhysX\Common;C:\Program Files (x86)\Intel\iCLS Client\;C:\Program Files\Intel\iCLS Client\;C:\WINDOWS\system32;C:\WINDOWS;C:\WINDOWS\System32\Wbem;C:\WINDOWS\System32\WindowsPowerShell\v1.0\;C:\Program Files\Intel\Intel(R) Management Engine Components\DAL;C:\Program Files\Intel\Intel(R) Management Engine Components\IPT;C:\Program Files (x86)\Intel\Intel(R) Management Engine Components\DAL;C:\Program Files (x86)\Intel\Intel(R) Management Engine Components\IPT;C:\Program Files\Intel\WiFi\bin\;C:\Program Files\Common Files\Intel\WirelessCommon\;C:\Program Files (x86)\DriveHQ\WebDAV Drive Mapping;C:\WINDOWS\system32;C:\WINDOWS;C:\WINDOWS\System32\Wbem;C:\WINDOWS\System32\WindowsPowerShell\v1.0\;C:\Program Files\Git\cmd;C:\Program Files (x86)\PuTTY\;C:\Program Files\OpenVPN\bin;C:\Program Files (x86)\Git\cmd;C:\Program Files (x86)\Skype\Phone\;C:\Program Files\nodejs\;C:\ProgramData\chocolatey\bin;C:\Program Files\Java\jdk1.8.0_152\bin;C:\Android\android-sdk\tools;C:\Android\android-sdk\platform-tools;;C:\Users\eric.chu\AppData\Local\Microsoft\WindowsApps;C:\Users\eric.chu\AppData\Roaming\npm;.
25-Oct-2017 22:35:49.534 資訊 [main] org.apache.coyote.AbstractProtocol.init Initializing ProtocolHandler ["http-nio-8080"]
25-Oct-2017 22:35:49.726 資訊 [main] org.apache.tomcat.util.net.NioSelectorPool.getSharedSelector Using a shared selector for servlet write/read
25-Oct-2017 22:35:49.730 資訊 [main] org.apache.coyote.AbstractProtocol.init Initializing ProtocolHandler ["ajp-nio-8009"]
25-Oct-2017 22:35:49.732 資訊 [main] org.apache.tomcat.util.net.NioSelectorPool.getSharedSelector Using a shared selector for servlet write/read
25-Oct-2017 22:35:49.733 資訊 [main] org.apache.catalina.startup.Catalina.load Initialization processed in 1854 ms
25-Oct-2017 22:35:49.826 資訊 [main] org.apache.catalina.core.StandardService.startInternal Starting service Catalina
25-Oct-2017 22:35:49.827 資訊 [main] org.apache.catalina.core.StandardEngine.startInternal Starting Servlet Engine: Apache Tomcat/8.5.14
25-Oct-2017 22:35:49.862 資訊 [localhost-startStop-1] org.apache.catalina.startup.HostConfig.deployDirectory Deploying web application directory C:\Users\eric.chu\studio-projects\InspectionRecord\deploy\tomcat\webapps\app
25-Oct-2017 22:36:10.942 資訊 [localhost-startStop-1] org.apache.catalina.startup.HostConfig.deployDirectory Deployment of web application directory C:\Users\eric.chu\studio-projects\InspectionRecord\deploy\tomcat\webapps\app has finished in 21,080 ms
25-Oct-2017 22:36:10.943 資訊 [localhost-startStop-1] org.apache.catalina.startup.HostConfig.deployDirectory Deploying web application directory C:\Users\eric.chu\studio-projects\InspectionRecord\deploy\tomcat\webapps\app-core
25-Oct-2017 22:36:41.058 資訊 [localhost-startStop-1] org.apache.catalina.startup.HostConfig.deployDirectory Deployment of web application directory C:\Users\eric.chu\studio-projects\InspectionRecord\deploy\tomcat\webapps\app-core has finished in 30,115 ms
25-Oct-2017 22:36:41.063 資訊 [main] org.apache.coyote.AbstractProtocol.start Starting ProtocolHandler ["http-nio-8080"]
25-Oct-2017 22:36:41.079 資訊 [main] org.apache.coyote.AbstractProtocol.start Starting ProtocolHandler ["ajp-nio-8009"]
25-Oct-2017 22:36:41.087 資訊 [main] org.apache.catalina.startup.Catalina.start Server startup in 51353 ms
25-Oct-2017 22:36:41.445 警告 [http-nio-8080-exec-18] com.vaadin.server.DefaultDeploymentConfiguration.checkProductionMode 
=================================================================
Vaadin is running in DEBUG MODE.
Add productionMode=true to web.xml to disable debug features.
To show debug window, add ?debug to your application URL.
=================================================================
25-Oct-2017 22:47:42.650 資訊 [main] org.apache.catalina.core.StandardServer.await A valid shutdown command was received via the shutdown port. Stopping the Server instance.
25-Oct-2017 22:47:42.654 資訊 [main] org.apache.coyote.AbstractProtocol.pause Pausing ProtocolHandler ["http-nio-8080"]
25-Oct-2017 22:47:42.808 資訊 [main] org.apache.coyote.AbstractProtocol.pause Pausing ProtocolHandler ["ajp-nio-8009"]
25-Oct-2017 22:47:42.947 資訊 [main] org.apache.catalina.core.StandardService.stopInternal Stopping service Catalina
25-Oct-2017 22:47:43.004 嚴重 [localhost-startStop-2] org.apache.catalina.loader.WebappClassLoaderBase.checkThreadLocalMapForLeaks The web application [app] created a ThreadLocal with key of type [java.lang.ThreadLocal] (value [java.lang.ThreadLocal@4ef13901]) and a value of type [com.haulmont.cuba.core.sys.UserInvocationContext.RequestScopeUserInfo] (value [com.haulmont.cuba.core.sys.UserInvocationContext$RequestScopeUserInfo@3c9cc90f]) but failed to remove it when the web application was stopped. Threads are going to be renewed over time to try and avoid a probable memory leak.
25-Oct-2017 22:47:43.005 嚴重 [localhost-startStop-2] org.apache.catalina.loader.WebappClassLoaderBase.checkThreadLocalMapForLeaks The web application [app] created a ThreadLocal with key of type [java.lang.ThreadLocal] (value [java.lang.ThreadLocal@4ef13901]) and a value of type [com.haulmont.cuba.core.sys.UserInvocationContext.RequestScopeUserInfo] (value [com.haulmont.cuba.core.sys.UserInvocationContext$RequestScopeUserInfo@33a309b1]) but failed to remove it when the web application was stopped. Threads are going to be renewed over time to try and avoid a probable memory leak.
25-Oct-2017 22:47:43.007 嚴重 [localhost-startStop-2] org.apache.catalina.loader.WebappClassLoaderBase.checkThreadLocalMapForLeaks The web application [app] created a ThreadLocal with key of type [java.lang.ThreadLocal] (value [java.lang.ThreadLocal@4ef13901]) and a value of type [com.haulmont.cuba.core.sys.UserInvocationContext.RequestScopeUserInfo] (value [com.haulmont.cuba.core.sys.UserInvocationContext$RequestScopeUserInfo@745d07f5]) but failed to remove it when the web application was stopped. Threads are going to be renewed over time to try and avoid a probable memory leak.
25-Oct-2017 22:47:43.008 嚴重 [localhost-startStop-2] org.apache.catalina.loader.WebappClassLoaderBase.checkThreadLocalMapForLeaks The web application [app] created a ThreadLocal with key of type [java.lang.ThreadLocal] (value [java.lang.ThreadLocal@4ef13901]) and a value of type [com.haulmont.cuba.core.sys.UserInvocationContext.RequestScopeUserInfo] (value [com.haulmont.cuba.core.sys.UserInvocationContext$RequestScopeUserInfo@2e537cc0]) but failed to remove it when the web application was stopped. Threads are going to be renewed over time to try and avoid a probable memory leak.
25-Oct-2017 22:47:43.008 嚴重 [localhost-startStop-2] org.apache.catalina.loader.WebappClassLoaderBase.checkThreadLocalMapForLeaks The web application [app] created a ThreadLocal with key of type [java.lang.ThreadLocal] (value [java.lang.ThreadLocal@4ef13901]) and a value of type [com.haulmont.cuba.core.sys.UserInvocationContext.RequestScopeUserInfo] (value [com.haulmont.cuba.core.sys.UserInvocationContext$RequestScopeUserInfo@2dc71821]) but failed to remove it when the web application was stopped. Threads are going to be renewed over time to try and avoid a probable memory leak.
25-Oct-2017 22:47:43.008 嚴重 [localhost-startStop-2] org.apache.catalina.loader.WebappClassLoaderBase.checkThreadLocalMapForLeaks The web application [app] created a ThreadLocal with key of type [java.lang.ThreadLocal] (value [java.lang.ThreadLocal@4ef13901]) and a value of type [com.haulmont.cuba.core.sys.UserInvocationContext.RequestScopeUserInfo] (value [com.haulmont.cuba.core.sys.UserInvocationContext$RequestScopeUserInfo@60272a9]) but failed to remove it when the web application was stopped. Threads are going to be renewed over time to try and avoid a probable memory leak.
25-Oct-2017 22:47:43.009 嚴重 [localhost-startStop-2] org.apache.catalina.loader.WebappClassLoaderBase.checkThreadLocalMapForLeaks The web application [app] created a ThreadLocal with key of type [java.lang.ThreadLocal] (value [java.lang.ThreadLocal@4ef13901]) and a value of type [com.haulmont.cuba.core.sys.UserInvocationContext.RequestScopeUserInfo] (value [com.haulmont.cuba.core.sys.UserInvocationContext$RequestScopeUserInfo@1a7cbf33]) but failed to remove it when the web application was stopped. Threads are going to be renewed over time to try and avoid a probable memory leak.
25-Oct-2017 22:47:43.009 嚴重 [localhost-startStop-2] org.apache.catalina.loader.WebappClassLoaderBase.checkThreadLocalMapForLeaks The web application [app] created a ThreadLocal with key of type [java.lang.ThreadLocal] (value [java.lang.ThreadLocal@4ef13901]) and a value of type [com.haulmont.cuba.core.sys.UserInvocationContext.RequestScopeUserInfo] (value [com.haulmont.cuba.core.sys.UserInvocationContext$RequestScopeUserInfo@2f7c75c0]) but failed to remove it when the web application was stopped. Threads are going to be renewed over time to try and avoid a probable memory leak.
25-Oct-2017 22:47:43.010 嚴重 [localhost-startStop-2] org.apache.catalina.loader.WebappClassLoaderBase.checkThreadLocalMapForLeaks The web application [app] created a ThreadLocal with key of type [java.lang.ThreadLocal] (value [java.lang.ThreadLocal@4ef13901]) and a value of type [com.haulmont.cuba.core.sys.UserInvocationContext.RequestScopeUserInfo] (value [com.haulmont.cuba.core.sys.UserInvocationContext$RequestScopeUserInfo@3a6f761e]) but failed to remove it when the web application was stopped. Threads are going to be renewed over time to try and avoid a probable memory leak.
25-Oct-2017 22:47:43.010 嚴重 [localhost-startStop-2] org.apache.catalina.loader.WebappClassLoaderBase.checkThreadLocalMapForLeaks The web application [app] created a ThreadLocal with key of type [java.lang.ThreadLocal] (value [java.lang.ThreadLocal@4ef13901]) and a value of type [com.haulmont.cuba.core.sys.UserInvocationContext.RequestScopeUserInfo] (value [com.haulmont.cuba.core.sys.UserInvocationContext$RequestScopeUserInfo@2fedccc0]) but failed to remove it when the web application was stopped. Threads are going to be renewed over time to try and avoid a probable memory leak.
25-Oct-2017 22:47:43.010 嚴重 [localhost-startStop-2] org.apache.catalina.loader.WebappClassLoaderBase.checkThreadLocalMapForLeaks The web application [app] created a ThreadLocal with key of type [java.lang.ThreadLocal] (value [java.lang.ThreadLocal@4ef13901]) and a value of type [com.haulmont.cuba.core.sys.UserInvocationContext.RequestScopeUserInfo] (value [com.haulmont.cuba.core.sys.UserInvocationContext$RequestScopeUserInfo@50977b29]) but failed to remove it when the web application was stopped. Threads are going to be renewed over time to try and avoid a probable memory leak.
25-Oct-2017 22:47:43.011 嚴重 [localhost-startStop-2] org.apache.catalina.loader.WebappClassLoaderBase.checkThreadLocalMapForLeaks The web application [app] created a ThreadLocal with key of type [java.lang.ThreadLocal] (value [java.lang.ThreadLocal@4ef13901]) and a value of type [com.haulmont.cuba.core.sys.UserInvocationContext.RequestScopeUserInfo] (value [com.haulmont.cuba.core.sys.UserInvocationContext$RequestScopeUserInfo@1c09d68e]) but failed to remove it when the web application was stopped. Threads are going to be renewed over time to try and avoid a probable memory leak.
25-Oct-2017 22:47:43.011 嚴重 [localhost-startStop-2] org.apache.catalina.loader.WebappClassLoaderBase.checkThreadLocalMapForLeaks The web application [app] created a ThreadLocal with key of type [java.lang.ThreadLocal] (value [java.lang.ThreadLocal@4ef13901]) and a value of type [com.haulmont.cuba.core.sys.UserInvocationContext.RequestScopeUserInfo] (value [com.haulmont.cuba.core.sys.UserInvocationContext$RequestScopeUserInfo@5d178c97]) but failed to remove it when the web application was stopped. Threads are going to be renewed over time to try and avoid a probable memory leak.
25-Oct-2017 22:47:43.012 嚴重 [localhost-startStop-2] org.apache.catalina.loader.WebappClassLoaderBase.checkThreadLocalMapForLeaks The web application [app] created a ThreadLocal with key of type [java.lang.ThreadLocal] (value [java.lang.ThreadLocal@4ef13901]) and a value of type [com.haulmont.cuba.core.sys.UserInvocationContext.RequestScopeUserInfo] (value [com.haulmont.cuba.core.sys.UserInvocationContext$RequestScopeUserInfo@1c5dd039]) but failed to remove it when the web application was stopped. Threads are going to be renewed over time to try and avoid a probable memory leak.
25-Oct-2017 22:47:43.012 嚴重 [localhost-startStop-2] org.apache.catalina.loader.WebappClassLoaderBase.checkThreadLocalMapForLeaks The web application [app] created a ThreadLocal with key of type [java.lang.ThreadLocal] (value [java.lang.ThreadLocal@4ef13901]) and a value of type [com.haulmont.cuba.core.sys.UserInvocationContext.RequestScopeUserInfo] (value [com.haulmont.cuba.core.sys.UserInvocationContext$RequestScopeUserInfo@77f8aea8]) but failed to remove it when the web application was stopped. Threads are going to be renewed over time to try and avoid a probable memory leak.
25-Oct-2017 22:47:43.012 嚴重 [localhost-startStop-2] org.apache.catalina.loader.WebappClassLoaderBase.checkThreadLocalMapForLeaks The web application [app] created a ThreadLocal with key of type [java.lang.ThreadLocal] (value [java.lang.ThreadLocal@4ef13901]) and a value of type [com.haulmont.cuba.core.sys.UserInvocationContext.RequestScopeUserInfo] (value [com.haulmont.cuba.core.sys.UserInvocationContext$RequestScopeUserInfo@2517ab7f]) but failed to remove it when the web application was stopped. Threads are going to be renewed over time to try and avoid a probable memory leak.
25-Oct-2017 22:47:43.057 資訊 [main] org.apache.coyote.AbstractProtocol.stop Stopping ProtocolHandler ["http-nio-8080"]
25-Oct-2017 22:47:43.069 資訊 [main] org.apache.coyote.AbstractProtocol.stop Stopping ProtocolHandler ["ajp-nio-8009"]
25-Oct-2017 22:47:43.072 資訊 [main] org.apache.coyote.AbstractProtocol.destroy Destroying ProtocolHandler ["http-nio-8080"]
25-Oct-2017 22:47:43.074 資訊 [main] org.apache.coyote.AbstractProtocol.destroy Destroying ProtocolHandler ["ajp-nio-8009"]
25-Oct-2017 22:47:55.496 資訊 [main] org.apache.catalina.startup.VersionLoggerListener.log Server version:        Apache Tomcat/8.5.14
25-Oct-2017 22:47:55.503 資訊 [main] org.apache.catalina.startup.VersionLoggerListener.log Server built:          Apr 13 2017 12:55:45 UTC
25-Oct-2017 22:47:55.504 資訊 [main] org.apache.catalina.startup.VersionLoggerListener.log Server number:         8.5.14.0
25-Oct-2017 22:47:55.505 資訊 [main] org.apache.catalina.startup.VersionLoggerListener.log OS Name:               Windows 10
25-Oct-2017 22:47:55.506 資訊 [main] org.apache.catalina.startup.VersionLoggerListener.log OS Version:            10.0
25-Oct-2017 22:47:55.506 資訊 [main] org.apache.catalina.startup.VersionLoggerListener.log Architecture:          amd64
25-Oct-2017 22:47:55.507 資訊 [main] org.apache.catalina.startup.VersionLoggerListener.log Java Home:             C:\Program Files\Java\jdk1.8.0_91\jre
25-Oct-2017 22:47:55.508 資訊 [main] org.apache.catalina.startup.VersionLoggerListener.log JVM Version:           1.8.0_91-b14
25-Oct-2017 22:47:55.509 資訊 [main] org.apache.catalina.startup.VersionLoggerListener.log JVM Vendor:            Oracle Corporation
25-Oct-2017 22:47:55.510 資訊 [main] org.apache.catalina.startup.VersionLoggerListener.log CATALINA_BASE:         C:\Users\eric.chu\studio-projects\InspectionRecord\deploy\tomcat
25-Oct-2017 22:47:55.511 資訊 [main] org.apache.catalina.startup.VersionLoggerListener.log CATALINA_HOME:         C:\Users\eric.chu\studio-projects\InspectionRecord\deploy\tomcat
25-Oct-2017 22:47:55.511 資訊 [main] org.apache.catalina.startup.VersionLoggerListener.log Command line argument: -Djava.util.logging.config.file=C:\Users\eric.chu\studio-projects\InspectionRecord\deploy\tomcat\conf\logging.properties
25-Oct-2017 22:47:55.512 資訊 [main] org.apache.catalina.startup.VersionLoggerListener.log Command line argument: -Djava.util.logging.manager=org.apache.juli.ClassLoaderLogManager
25-Oct-2017 22:47:55.512 資訊 [main] org.apache.catalina.startup.VersionLoggerListener.log Command line argument: -Djdk.tls.ephemeralDHKeySize=2048
25-Oct-2017 22:47:55.515 資訊 [main] org.apache.catalina.startup.VersionLoggerListener.log Command line argument: -Djava.protocol.handler.pkgs=org.apache.catalina.webresources
25-Oct-2017 22:47:55.515 資訊 [main] org.apache.catalina.startup.VersionLoggerListener.log Command line argument: -Xrunjdwp:transport=dt_socket,address=8787,server=y,suspend=n
25-Oct-2017 22:47:55.516 資訊 [main] org.apache.catalina.startup.VersionLoggerListener.log Command line argument: -Xmx512m
25-Oct-2017 22:47:55.516 資訊 [main] org.apache.catalina.startup.VersionLoggerListener.log Command line argument: -Dfile.encoding=UTF-8
25-Oct-2017 22:47:55.517 資訊 [main] org.apache.catalina.startup.VersionLoggerListener.log Command line argument: -Dlogback.configurationFile=../conf/logback.xml
25-Oct-2017 22:47:55.517 資訊 [main] org.apache.catalina.startup.VersionLoggerListener.log Command line argument: -Dcom.sun.management.jmxremote
25-Oct-2017 22:47:55.518 資訊 [main] org.apache.catalina.startup.VersionLoggerListener.log Command line argument: -Dcatalina.base=C:\Users\eric.chu\studio-projects\InspectionRecord\deploy\tomcat
25-Oct-2017 22:47:55.518 資訊 [main] org.apache.catalina.startup.VersionLoggerListener.log Command line argument: -Dcatalina.home=C:\Users\eric.chu\studio-projects\InspectionRecord\deploy\tomcat
25-Oct-2017 22:47:55.519 資訊 [main] org.apache.catalina.startup.VersionLoggerListener.log Command line argument: -Djava.io.tmpdir=C:\Users\eric.chu\studio-projects\InspectionRecord\deploy\tomcat\temp
25-Oct-2017 22:47:55.519 資訊 [main] org.apache.catalina.core.AprLifecycleListener.lifecycleEvent The APR based Apache Tomcat Native library which allows optimal performance in production environments was not found on the java.library.path: C:\Program Files\Java\jdk1.8.0_91\bin;C:\WINDOWS\Sun\Java\bin;C:\WINDOWS\system32;C:\WINDOWS;C:\ProgramData\Oracle\Java\javapath;C:\Program Files (x86)\NVIDIA Corporation\PhysX\Common;C:\Program Files (x86)\Intel\iCLS Client\;C:\Program Files\Intel\iCLS Client\;C:\WINDOWS\system32;C:\WINDOWS;C:\WINDOWS\System32\Wbem;C:\WINDOWS\System32\WindowsPowerShell\v1.0\;C:\Program Files\Intel\Intel(R) Management Engine Components\DAL;C:\Program Files\Intel\Intel(R) Management Engine Components\IPT;C:\Program Files (x86)\Intel\Intel(R) Management Engine Components\DAL;C:\Program Files (x86)\Intel\Intel(R) Management Engine Components\IPT;C:\Program Files\Intel\WiFi\bin\;C:\Program Files\Common Files\Intel\WirelessCommon\;C:\Program Files (x86)\DriveHQ\WebDAV Drive Mapping;C:\WINDOWS\system32;C:\WINDOWS;C:\WINDOWS\System32\Wbem;C:\WINDOWS\System32\WindowsPowerShell\v1.0\;C:\Program Files\Git\cmd;C:\Program Files (x86)\PuTTY\;C:\Program Files\OpenVPN\bin;C:\Program Files (x86)\Git\cmd;C:\Program Files (x86)\Skype\Phone\;C:\Program Files\nodejs\;C:\ProgramData\chocolatey\bin;C:\Program Files\Java\jdk1.8.0_152\bin;C:\Android\android-sdk\tools;C:\Android\android-sdk\platform-tools;;C:\Users\eric.chu\AppData\Local\Microsoft\WindowsApps;C:\Users\eric.chu\AppData\Roaming\npm;.
25-Oct-2017 22:47:55.697 資訊 [main] org.apache.coyote.AbstractProtocol.init Initializing ProtocolHandler ["http-nio-8080"]
25-Oct-2017 22:47:55.762 資訊 [main] org.apache.tomcat.util.net.NioSelectorPool.getSharedSelector Using a shared selector for servlet write/read
25-Oct-2017 22:47:55.766 資訊 [main] org.apache.coyote.AbstractProtocol.init Initializing ProtocolHandler ["ajp-nio-8009"]
25-Oct-2017 22:47:55.768 資訊 [main] org.apache.tomcat.util.net.NioSelectorPool.getSharedSelector Using a shared selector for servlet write/read
25-Oct-2017 22:47:55.769 資訊 [main] org.apache.catalina.startup.Catalina.load Initialization processed in 707 ms
25-Oct-2017 22:47:55.800 資訊 [main] org.apache.catalina.core.StandardService.startInternal Starting service Catalina
25-Oct-2017 22:47:55.801 資訊 [main] org.apache.catalina.core.StandardEngine.startInternal Starting Servlet Engine: Apache Tomcat/8.5.14
25-Oct-2017 22:47:55.817 資訊 [localhost-startStop-1] org.apache.catalina.startup.HostConfig.deployDirectory Deploying web application directory C:\Users\eric.chu\studio-projects\InspectionRecord\deploy\tomcat\webapps\app
25-Oct-2017 22:48:13.688 資訊 [localhost-startStop-1] org.apache.catalina.startup.HostConfig.deployDirectory Deployment of web application directory C:\Users\eric.chu\studio-projects\InspectionRecord\deploy\tomcat\webapps\app has finished in 17,871 ms
25-Oct-2017 22:48:13.690 資訊 [localhost-startStop-1] org.apache.catalina.startup.HostConfig.deployDirectory Deploying web application directory C:\Users\eric.chu\studio-projects\InspectionRecord\deploy\tomcat\webapps\app-core
25-Oct-2017 22:48:34.623 資訊 [localhost-startStop-1] org.apache.catalina.startup.HostConfig.deployDirectory Deployment of web application directory C:\Users\eric.chu\studio-projects\InspectionRecord\deploy\tomcat\webapps\app-core has finished in 20,934 ms
25-Oct-2017 22:48:34.628 資訊 [main] org.apache.coyote.AbstractProtocol.start Starting ProtocolHandler ["http-nio-8080"]
25-Oct-2017 22:48:34.643 資訊 [main] org.apache.coyote.AbstractProtocol.start Starting ProtocolHandler ["ajp-nio-8009"]
25-Oct-2017 22:48:34.652 資訊 [main] org.apache.catalina.startup.Catalina.start Server startup in 38882 ms
25-Oct-2017 23:06:35.115 警告 [http-nio-8080-exec-19] com.vaadin.server.DefaultDeploymentConfiguration.checkProductionMode 
=================================================================
Vaadin is running in DEBUG MODE.
Add productionMode=true to web.xml to disable debug features.
To show debug window, add ?debug to your application URL.
=================================================================
25-Oct-2017 23:06:41.162 資訊 [main] org.apache.catalina.core.StandardServer.await A valid shutdown command was received via the shutdown port. Stopping the Server instance.
25-Oct-2017 23:06:41.163 資訊 [main] org.apache.coyote.AbstractProtocol.pause Pausing ProtocolHandler ["http-nio-8080"]
25-Oct-2017 23:06:41.287 資訊 [main] org.apache.coyote.AbstractProtocol.pause Pausing ProtocolHandler ["ajp-nio-8009"]
25-Oct-2017 23:06:41.452 資訊 [main] org.apache.catalina.core.StandardService.stopInternal Stopping service Catalina
25-Oct-2017 23:06:41.650 嚴重 [localhost-startStop-2] org.apache.catalina.loader.WebappClassLoaderBase.checkThreadLocalMapForLeaks The web application [app] created a ThreadLocal with key of type [java.lang.ThreadLocal] (value [java.lang.ThreadLocal@3dfc1b34]) and a value of type [com.haulmont.cuba.core.sys.UserInvocationContext.RequestScopeUserInfo] (value [com.haulmont.cuba.core.sys.UserInvocationContext$RequestScopeUserInfo@15f75171]) but failed to remove it when the web application was stopped. Threads are going to be renewed over time to try and avoid a probable memory leak.
25-Oct-2017 23:06:41.651 嚴重 [localhost-startStop-2] org.apache.catalina.loader.WebappClassLoaderBase.checkThreadLocalMapForLeaks The web application [app] created a ThreadLocal with key of type [java.lang.ThreadLocal] (value [java.lang.ThreadLocal@3dfc1b34]) and a value of type [com.haulmont.cuba.core.sys.UserInvocationContext.RequestScopeUserInfo] (value [com.haulmont.cuba.core.sys.UserInvocationContext$RequestScopeUserInfo@45c15f84]) but failed to remove it when the web application was stopped. Threads are going to be renewed over time to try and avoid a probable memory leak.
25-Oct-2017 23:06:41.653 嚴重 [localhost-startStop-2] org.apache.catalina.loader.WebappClassLoaderBase.checkThreadLocalMapForLeaks The web application [app] created a ThreadLocal with key of type [java.lang.ThreadLocal] (value [java.lang.ThreadLocal@3dfc1b34]) and a value of type [com.haulmont.cuba.core.sys.UserInvocationContext.RequestScopeUserInfo] (value [com.haulmont.cuba.core.sys.UserInvocationContext$RequestScopeUserInfo@6904eaf8]) but failed to remove it when the web application was stopped. Threads are going to be renewed over time to try and avoid a probable memory leak.
25-Oct-2017 23:06:41.653 嚴重 [localhost-startStop-2] org.apache.catalina.loader.WebappClassLoaderBase.checkThreadLocalMapForLeaks The web application [app] created a ThreadLocal with key of type [java.lang.ThreadLocal] (value [java.lang.ThreadLocal@3dfc1b34]) and a value of type [com.haulmont.cuba.core.sys.UserInvocationContext.RequestScopeUserInfo] (value [com.haulmont.cuba.core.sys.UserInvocationContext$RequestScopeUserInfo@34fc6957]) but failed to remove it when the web application was stopped. Threads are going to be renewed over time to try and avoid a probable memory leak.
25-Oct-2017 23:06:41.654 嚴重 [localhost-startStop-2] org.apache.catalina.loader.WebappClassLoaderBase.checkThreadLocalMapForLeaks The web application [app] created a ThreadLocal with key of type [java.lang.ThreadLocal] (value [java.lang.ThreadLocal@3dfc1b34]) and a value of type [com.haulmont.cuba.core.sys.UserInvocationContext.RequestScopeUserInfo] (value [com.haulmont.cuba.core.sys.UserInvocationContext$RequestScopeUserInfo@1b2fca60]) but failed to remove it when the web application was stopped. Threads are going to be renewed over time to try and avoid a probable memory leak.
25-Oct-2017 23:06:41.654 嚴重 [localhost-startStop-2] org.apache.catalina.loader.WebappClassLoaderBase.checkThreadLocalMapForLeaks The web application [app] created a ThreadLocal with key of type [java.lang.ThreadLocal] (value [java.lang.ThreadLocal@3dfc1b34]) and a value of type [com.haulmont.cuba.core.sys.UserInvocationContext.RequestScopeUserInfo] (value [com.haulmont.cuba.core.sys.UserInvocationContext$RequestScopeUserInfo@54dd9bfe]) but failed to remove it when the web application was stopped. Threads are going to be renewed over time to try and avoid a probable memory leak.
25-Oct-2017 23:06:41.655 嚴重 [localhost-startStop-2] org.apache.catalina.loader.WebappClassLoaderBase.checkThreadLocalMapForLeaks The web application [app] created a ThreadLocal with key of type [java.lang.ThreadLocal] (value [java.lang.ThreadLocal@3dfc1b34]) and a value of type [com.haulmont.cuba.core.sys.UserInvocationContext.RequestScopeUserInfo] (value [com.haulmont.cuba.core.sys.UserInvocationContext$RequestScopeUserInfo@1a40e8b7]) but failed to remove it when the web application was stopped. Threads are going to be renewed over time to try and avoid a probable memory leak.
25-Oct-2017 23:06:41.655 嚴重 [localhost-startStop-2] org.apache.catalina.loader.WebappClassLoaderBase.checkThreadLocalMapForLeaks The web application [app] created a ThreadLocal with key of type [java.lang.ThreadLocal] (value [java.lang.ThreadLocal@3dfc1b34]) and a value of type [com.haulmont.cuba.core.sys.UserInvocationContext.RequestScopeUserInfo] (value [com.haulmont.cuba.core.sys.UserInvocationContext$RequestScopeUserInfo@4d219c79]) but failed to remove it when the web application was stopped. Threads are going to be renewed over time to try and avoid a probable memory leak.
25-Oct-2017 23:06:41.655 嚴重 [localhost-startStop-2] org.apache.catalina.loader.WebappClassLoaderBase.checkThreadLocalMapForLeaks The web application [app] created a ThreadLocal with key of type [java.lang.ThreadLocal] (value [java.lang.ThreadLocal@3dfc1b34]) and a value of type [com.haulmont.cuba.core.sys.UserInvocationContext.RequestScopeUserInfo] (value [com.haulmont.cuba.core.sys.UserInvocationContext$RequestScopeUserInfo@28b82377]) but failed to remove it when the web application was stopped. Threads are going to be renewed over time to try and avoid a probable memory leak.
25-Oct-2017 23:06:41.656 嚴重 [localhost-startStop-2] org.apache.catalina.loader.WebappClassLoaderBase.checkThreadLocalMapForLeaks The web application [app] created a ThreadLocal with key of type [java.lang.ThreadLocal] (value [java.lang.ThreadLocal@3dfc1b34]) and a value of type [com.haulmont.cuba.core.sys.UserInvocationContext.RequestScopeUserInfo] (value [com.haulmont.cuba.core.sys.UserInvocationContext$RequestScopeUserInfo@10025ff5]) but failed to remove it when the web application was stopped. Threads are going to be renewed over time to try and avoid a probable memory leak.
25-Oct-2017 23:06:41.656 嚴重 [localhost-startStop-2] org.apache.catalina.loader.WebappClassLoaderBase.checkThreadLocalMapForLeaks The web application [app] created a ThreadLocal with key of type [java.lang.ThreadLocal] (value [java.lang.ThreadLocal@3dfc1b34]) and a value of type [com.haulmont.cuba.core.sys.UserInvocationContext.RequestScopeUserInfo] (value [com.haulmont.cuba.core.sys.UserInvocationContext$RequestScopeUserInfo@d9a0812]) but failed to remove it when the web application was stopped. Threads are going to be renewed over time to try and avoid a probable memory leak.
25-Oct-2017 23:06:41.743 資訊 [main] org.apache.coyote.AbstractProtocol.stop Stopping ProtocolHandler ["http-nio-8080"]
25-Oct-2017 23:06:42.035 資訊 [main] org.apache.coyote.AbstractProtocol.stop Stopping ProtocolHandler ["ajp-nio-8009"]
25-Oct-2017 23:06:42.037 資訊 [main] org.apache.coyote.AbstractProtocol.destroy Destroying ProtocolHandler ["http-nio-8080"]
25-Oct-2017 23:06:42.074 資訊 [main] org.apache.coyote.AbstractProtocol.destroy Destroying ProtocolHandler ["ajp-nio-8009"]
25-Oct-2017 23:07:11.560 資訊 [main] org.apache.catalina.startup.VersionLoggerListener.log Server version:        Apache Tomcat/8.5.14
25-Oct-2017 23:07:11.603 資訊 [main] org.apache.catalina.startup.VersionLoggerListener.log Server built:          Apr 13 2017 12:55:45 UTC
25-Oct-2017 23:07:11.604 資訊 [main] org.apache.catalina.startup.VersionLoggerListener.log Server number:         8.5.14.0
25-Oct-2017 23:07:11.605 資訊 [main] org.apache.catalina.startup.VersionLoggerListener.log OS Name:               Windows 10
25-Oct-2017 23:07:11.605 資訊 [main] org.apache.catalina.startup.VersionLoggerListener.log OS Version:            10.0
25-Oct-2017 23:07:11.606 資訊 [main] org.apache.catalina.startup.VersionLoggerListener.log Architecture:          amd64
25-Oct-2017 23:07:11.607 資訊 [main] org.apache.catalina.startup.VersionLoggerListener.log Java Home:             C:\Program Files\Java\jdk1.8.0_91\jre
25-Oct-2017 23:07:11.607 資訊 [main] org.apache.catalina.startup.VersionLoggerListener.log JVM Version:           1.8.0_91-b14
25-Oct-2017 23:07:11.609 資訊 [main] org.apache.catalina.startup.VersionLoggerListener.log JVM Vendor:            Oracle Corporation
25-Oct-2017 23:07:11.609 資訊 [main] org.apache.catalina.startup.VersionLoggerListener.log CATALINA_BASE:         C:\Users\eric.chu\studio-projects\InspectionRecord\deploy\tomcat
25-Oct-2017 23:07:11.610 資訊 [main] org.apache.catalina.startup.VersionLoggerListener.log CATALINA_HOME:         C:\Users\eric.chu\studio-projects\InspectionRecord\deploy\tomcat
25-Oct-2017 23:07:11.611 資訊 [main] org.apache.catalina.startup.VersionLoggerListener.log Command line argument: -Djava.util.logging.config.file=C:\Users\eric.chu\studio-projects\InspectionRecord\deploy\tomcat\conf\logging.properties
25-Oct-2017 23:07:11.612 資訊 [main] org.apache.catalina.startup.VersionLoggerListener.log Command line argument: -Djava.util.logging.manager=org.apache.juli.ClassLoaderLogManager
25-Oct-2017 23:07:11.612 資訊 [main] org.apache.catalina.startup.VersionLoggerListener.log Command line argument: -Djdk.tls.ephemeralDHKeySize=2048
25-Oct-2017 23:07:11.615 資訊 [main] org.apache.catalina.startup.VersionLoggerListener.log Command line argument: -Djava.protocol.handler.pkgs=org.apache.catalina.webresources
25-Oct-2017 23:07:11.615 資訊 [main] org.apache.catalina.startup.VersionLoggerListener.log Command line argument: -Xrunjdwp:transport=dt_socket,address=8787,server=y,suspend=n
25-Oct-2017 23:07:11.616 資訊 [main] org.apache.catalina.startup.VersionLoggerListener.log Command line argument: -Xmx512m
25-Oct-2017 23:07:11.616 資訊 [main] org.apache.catalina.startup.VersionLoggerListener.log Command line argument: -Dfile.encoding=UTF-8
25-Oct-2017 23:07:11.617 資訊 [main] org.apache.catalina.startup.VersionLoggerListener.log Command line argument: -Dlogback.configurationFile=../conf/logback.xml
25-Oct-2017 23:07:11.618 資訊 [main] org.apache.catalina.startup.VersionLoggerListener.log Command line argument: -Dcom.sun.management.jmxremote
25-Oct-2017 23:07:11.618 資訊 [main] org.apache.catalina.startup.VersionLoggerListener.log Command line argument: -Dcatalina.base=C:\Users\eric.chu\studio-projects\InspectionRecord\deploy\tomcat
25-Oct-2017 23:07:11.619 資訊 [main] org.apache.catalina.startup.VersionLoggerListener.log Command line argument: -Dcatalina.home=C:\Users\eric.chu\studio-projects\InspectionRecord\deploy\tomcat
25-Oct-2017 23:07:11.619 資訊 [main] org.apache.catalina.startup.VersionLoggerListener.log Command line argument: -Djava.io.tmpdir=C:\Users\eric.chu\studio-projects\InspectionRecord\deploy\tomcat\temp
25-Oct-2017 23:07:11.620 資訊 [main] org.apache.catalina.core.AprLifecycleListener.lifecycleEvent The APR based Apache Tomcat Native library which allows optimal performance in production environments was not found on the java.library.path: C:\Program Files\Java\jdk1.8.0_91\bin;C:\WINDOWS\Sun\Java\bin;C:\WINDOWS\system32;C:\WINDOWS;C:\ProgramData\Oracle\Java\javapath;C:\Program Files (x86)\NVIDIA Corporation\PhysX\Common;C:\Program Files (x86)\Intel\iCLS Client\;C:\Program Files\Intel\iCLS Client\;C:\WINDOWS\system32;C:\WINDOWS;C:\WINDOWS\System32\Wbem;C:\WINDOWS\System32\WindowsPowerShell\v1.0\;C:\Program Files\Intel\Intel(R) Management Engine Components\DAL;C:\Program Files\Intel\Intel(R) Management Engine Components\IPT;C:\Program Files (x86)\Intel\Intel(R) Management Engine Components\DAL;C:\Program Files (x86)\Intel\Intel(R) Management Engine Components\IPT;C:\Program Files\Intel\WiFi\bin\;C:\Program Files\Common Files\Intel\WirelessCommon\;C:\Program Files (x86)\DriveHQ\WebDAV Drive Mapping;C:\WINDOWS\system32;C:\WINDOWS;C:\WINDOWS\System32\Wbem;C:\WINDOWS\System32\WindowsPowerShell\v1.0\;C:\Program Files\Git\cmd;C:\Program Files (x86)\PuTTY\;C:\Program Files\OpenVPN\bin;C:\Program Files (x86)\Git\cmd;C:\Program Files (x86)\Skype\Phone\;C:\Program Files\nodejs\;C:\ProgramData\chocolatey\bin;C:\Program Files\Java\jdk1.8.0_152\bin;C:\Android\android-sdk\tools;C:\Android\android-sdk\platform-tools;;C:\Users\eric.chu\AppData\Local\Microsoft\WindowsApps;C:\Users\eric.chu\AppData\Roaming\npm;.
25-Oct-2017 23:07:12.634 資訊 [main] org.apache.coyote.AbstractProtocol.init Initializing ProtocolHandler ["http-nio-8080"]
25-Oct-2017 23:07:12.845 資訊 [main] org.apache.tomcat.util.net.NioSelectorPool.getSharedSelector Using a shared selector for servlet write/read
25-Oct-2017 23:07:12.854 資訊 [main] org.apache.coyote.AbstractProtocol.init Initializing ProtocolHandler ["ajp-nio-8009"]
25-Oct-2017 23:07:12.856 資訊 [main] org.apache.tomcat.util.net.NioSelectorPool.getSharedSelector Using a shared selector for servlet write/read
25-Oct-2017 23:07:12.857 資訊 [main] org.apache.catalina.startup.Catalina.load Initialization processed in 1975 ms
25-Oct-2017 23:07:12.982 資訊 [main] org.apache.catalina.core.StandardService.startInternal Starting service Catalina
25-Oct-2017 23:07:12.983 資訊 [main] org.apache.catalina.core.StandardEngine.startInternal Starting Servlet Engine: Apache Tomcat/8.5.14
25-Oct-2017 23:07:13.017 資訊 [localhost-startStop-1] org.apache.catalina.startup.HostConfig.deployDirectory Deploying web application directory C:\Users\eric.chu\studio-projects\InspectionRecord\deploy\tomcat\webapps\app
25-Oct-2017 23:07:31.432 資訊 [localhost-startStop-1] org.apache.catalina.startup.HostConfig.deployDirectory Deployment of web application directory C:\Users\eric.chu\studio-projects\InspectionRecord\deploy\tomcat\webapps\app has finished in 18,412 ms
25-Oct-2017 23:07:31.433 資訊 [localhost-startStop-1] org.apache.catalina.startup.HostConfig.deployDirectory Deploying web application directory C:\Users\eric.chu\studio-projects\InspectionRecord\deploy\tomcat\webapps\app-core
25-Oct-2017 23:07:56.136 資訊 [localhost-startStop-1] org.apache.catalina.startup.HostConfig.deployDirectory Deployment of web application directory C:\Users\eric.chu\studio-projects\InspectionRecord\deploy\tomcat\webapps\app-core has finished in 24,702 ms
25-Oct-2017 23:07:56.142 資訊 [main] org.apache.coyote.AbstractProtocol.start Starting ProtocolHandler ["http-nio-8080"]
25-Oct-2017 23:07:56.163 資訊 [main] org.apache.coyote.AbstractProtocol.start Starting ProtocolHandler ["ajp-nio-8009"]
25-Oct-2017 23:07:56.177 資訊 [main] org.apache.catalina.startup.Catalina.start Server startup in 43318 ms
25-Oct-2017 23:07:56.369 警告 [http-nio-8080-exec-13] com.vaadin.server.DefaultDeploymentConfiguration.checkProductionMode 
=================================================================
Vaadin is running in DEBUG MODE.
Add productionMode=true to web.xml to disable debug features.
To show debug window, add ?debug to your application URL.
=================================================================
25-Oct-2017 23:14:50.496 資訊 [main] org.apache.catalina.core.StandardServer.await A valid shutdown command was received via the shutdown port. Stopping the Server instance.
25-Oct-2017 23:14:50.498 資訊 [main] org.apache.coyote.AbstractProtocol.pause Pausing ProtocolHandler ["http-nio-8080"]
25-Oct-2017 23:14:50.656 資訊 [main] org.apache.coyote.AbstractProtocol.pause Pausing ProtocolHandler ["ajp-nio-8009"]
25-Oct-2017 23:14:50.792 資訊 [main] org.apache.catalina.core.StandardService.stopInternal Stopping service Catalina
25-Oct-2017 23:14:50.850 嚴重 [localhost-startStop-2] org.apache.catalina.loader.WebappClassLoaderBase.checkThreadLocalMapForLeaks The web application [app] created a ThreadLocal with key of type [java.lang.ThreadLocal] (value [java.lang.ThreadLocal@39fd67a5]) and a value of type [com.haulmont.cuba.core.sys.UserInvocationContext.RequestScopeUserInfo] (value [com.haulmont.cuba.core.sys.UserInvocationContext$RequestScopeUserInfo@ad6e609]) but failed to remove it when the web application was stopped. Threads are going to be renewed over time to try and avoid a probable memory leak.
25-Oct-2017 23:14:50.851 嚴重 [localhost-startStop-2] org.apache.catalina.loader.WebappClassLoaderBase.checkThreadLocalMapForLeaks The web application [app] created a ThreadLocal with key of type [java.lang.ThreadLocal] (value [java.lang.ThreadLocal@39fd67a5]) and a value of type [com.haulmont.cuba.core.sys.UserInvocationContext.RequestScopeUserInfo] (value [com.haulmont.cuba.core.sys.UserInvocationContext$RequestScopeUserInfo@dac9b09]) but failed to remove it when the web application was stopped. Threads are going to be renewed over time to try and avoid a probable memory leak.
25-Oct-2017 23:14:50.855 嚴重 [localhost-startStop-2] org.apache.catalina.loader.WebappClassLoaderBase.checkThreadLocalMapForLeaks The web application [app] created a ThreadLocal with key of type [java.lang.ThreadLocal] (value [java.lang.ThreadLocal@39fd67a5]) and a value of type [com.haulmont.cuba.core.sys.UserInvocationContext.RequestScopeUserInfo] (value [com.haulmont.cuba.core.sys.UserInvocationContext$RequestScopeUserInfo@54b21b88]) but failed to remove it when the web application was stopped. Threads are going to be renewed over time to try and avoid a probable memory leak.
25-Oct-2017 23:14:50.859 嚴重 [localhost-startStop-2] org.apache.catalina.loader.WebappClassLoaderBase.checkThreadLocalMapForLeaks The web application [app] created a ThreadLocal with key of type [java.lang.ThreadLocal] (value [java.lang.ThreadLocal@39fd67a5]) and a value of type [com.haulmont.cuba.core.sys.UserInvocationContext.RequestScopeUserInfo] (value [com.haulmont.cuba.core.sys.UserInvocationContext$RequestScopeUserInfo@6a09ef4]) but failed to remove it when the web application was stopped. Threads are going to be renewed over time to try and avoid a probable memory leak.
25-Oct-2017 23:14:50.859 嚴重 [localhost-startStop-2] org.apache.catalina.loader.WebappClassLoaderBase.checkThreadLocalMapForLeaks The web application [app] created a ThreadLocal with key of type [java.lang.ThreadLocal] (value [java.lang.ThreadLocal@39fd67a5]) and a value of type [com.haulmont.cuba.core.sys.UserInvocationContext.RequestScopeUserInfo] (value [com.haulmont.cuba.core.sys.UserInvocationContext$RequestScopeUserInfo@3bfbc687]) but failed to remove it when the web application was stopped. Threads are going to be renewed over time to try and avoid a probable memory leak.
25-Oct-2017 23:14:50.897 資訊 [main] org.apache.coyote.AbstractProtocol.stop Stopping ProtocolHandler ["http-nio-8080"]
25-Oct-2017 23:14:50.911 資訊 [main] org.apache.coyote.AbstractProtocol.stop Stopping ProtocolHandler ["ajp-nio-8009"]
25-Oct-2017 23:14:50.912 資訊 [main] org.apache.coyote.AbstractProtocol.destroy Destroying ProtocolHandler ["http-nio-8080"]
25-Oct-2017 23:14:50.914 資訊 [main] org.apache.coyote.AbstractProtocol.destroy Destroying ProtocolHandler ["ajp-nio-8009"]
25-Oct-2017 23:15:02.189 資訊 [main] org.apache.catalina.startup.VersionLoggerListener.log Server version:        Apache Tomcat/8.5.14
25-Oct-2017 23:15:02.200 資訊 [main] org.apache.catalina.startup.VersionLoggerListener.log Server built:          Apr 13 2017 12:55:45 UTC
25-Oct-2017 23:15:02.201 資訊 [main] org.apache.catalina.startup.VersionLoggerListener.log Server number:         8.5.14.0
25-Oct-2017 23:15:02.202 資訊 [main] org.apache.catalina.startup.VersionLoggerListener.log OS Name:               Windows 10
25-Oct-2017 23:15:02.203 資訊 [main] org.apache.catalina.startup.VersionLoggerListener.log OS Version:            10.0
25-Oct-2017 23:15:02.203 資訊 [main] org.apache.catalina.startup.VersionLoggerListener.log Architecture:          amd64
25-Oct-2017 23:15:02.204 資訊 [main] org.apache.catalina.startup.VersionLoggerListener.log Java Home:             C:\Program Files\Java\jdk1.8.0_91\jre
25-Oct-2017 23:15:02.206 資訊 [main] org.apache.catalina.startup.VersionLoggerListener.log JVM Version:           1.8.0_91-b14
25-Oct-2017 23:15:02.208 資訊 [main] org.apache.catalina.startup.VersionLoggerListener.log JVM Vendor:            Oracle Corporation
25-Oct-2017 23:15:02.212 資訊 [main] org.apache.catalina.startup.VersionLoggerListener.log CATALINA_BASE:         C:\Users\eric.chu\studio-projects\InspectionRecord\deploy\tomcat
25-Oct-2017 23:15:02.215 資訊 [main] org.apache.catalina.startup.VersionLoggerListener.log CATALINA_HOME:         C:\Users\eric.chu\studio-projects\InspectionRecord\deploy\tomcat
25-Oct-2017 23:15:02.219 資訊 [main] org.apache.catalina.startup.VersionLoggerListener.log Command line argument: -Djava.util.logging.config.file=C:\Users\eric.chu\studio-projects\InspectionRecord\deploy\tomcat\conf\logging.properties
25-Oct-2017 23:15:02.222 資訊 [main] org.apache.catalina.startup.VersionLoggerListener.log Command line argument: -Djava.util.logging.manager=org.apache.juli.ClassLoaderLogManager
25-Oct-2017 23:15:02.223 資訊 [main] org.apache.catalina.startup.VersionLoggerListener.log Command line argument: -Djdk.tls.ephemeralDHKeySize=2048
25-Oct-2017 23:15:02.224 資訊 [main] org.apache.catalina.startup.VersionLoggerListener.log Command line argument: -Djava.protocol.handler.pkgs=org.apache.catalina.webresources
25-Oct-2017 23:15:02.225 資訊 [main] org.apache.catalina.startup.VersionLoggerListener.log Command line argument: -Xrunjdwp:transport=dt_socket,address=8787,server=y,suspend=n
25-Oct-2017 23:15:02.225 資訊 [main] org.apache.catalina.startup.VersionLoggerListener.log Command line argument: -Xmx512m
25-Oct-2017 23:15:02.226 資訊 [main] org.apache.catalina.startup.VersionLoggerListener.log Command line argument: -Dfile.encoding=UTF-8
25-Oct-2017 23:15:02.226 資訊 [main] org.apache.catalina.startup.VersionLoggerListener.log Command line argument: -Dlogback.configurationFile=../conf/logback.xml
25-Oct-2017 23:15:02.227 資訊 [main] org.apache.catalina.startup.VersionLoggerListener.log Command line argument: -Dcom.sun.management.jmxremote
25-Oct-2017 23:15:02.227 資訊 [main] org.apache.catalina.startup.VersionLoggerListener.log Command line argument: -Dcatalina.base=C:\Users\eric.chu\studio-projects\InspectionRecord\deploy\tomcat
25-Oct-2017 23:15:02.228 資訊 [main] org.apache.catalina.startup.VersionLoggerListener.log Command line argument: -Dcatalina.home=C:\Users\eric.chu\studio-projects\InspectionRecord\deploy\tomcat
25-Oct-2017 23:15:02.229 資訊 [main] org.apache.catalina.startup.VersionLoggerListener.log Command line argument: -Djava.io.tmpdir=C:\Users\eric.chu\studio-projects\InspectionRecord\deploy\tomcat\temp
25-Oct-2017 23:15:02.229 資訊 [main] org.apache.catalina.core.AprLifecycleListener.lifecycleEvent The APR based Apache Tomcat Native library which allows optimal performance in production environments was not found on the java.library.path: C:\Program Files\Java\jdk1.8.0_91\bin;C:\WINDOWS\Sun\Java\bin;C:\WINDOWS\system32;C:\WINDOWS;C:\ProgramData\Oracle\Java\javapath;C:\Program Files (x86)\NVIDIA Corporation\PhysX\Common;C:\Program Files (x86)\Intel\iCLS Client\;C:\Program Files\Intel\iCLS Client\;C:\WINDOWS\system32;C:\WINDOWS;C:\WINDOWS\System32\Wbem;C:\WINDOWS\System32\WindowsPowerShell\v1.0\;C:\Program Files\Intel\Intel(R) Management Engine Components\DAL;C:\Program Files\Intel\Intel(R) Management Engine Components\IPT;C:\Program Files (x86)\Intel\Intel(R) Management Engine Components\DAL;C:\Program Files (x86)\Intel\Intel(R) Management Engine Components\IPT;C:\Program Files\Intel\WiFi\bin\;C:\Program Files\Common Files\Intel\WirelessCommon\;C:\Program Files (x86)\DriveHQ\WebDAV Drive Mapping;C:\WINDOWS\system32;C:\WINDOWS;C:\WINDOWS\System32\Wbem;C:\WINDOWS\System32\WindowsPowerShell\v1.0\;C:\Program Files\Git\cmd;C:\Program Files (x86)\PuTTY\;C:\Program Files\OpenVPN\bin;C:\Program Files (x86)\Git\cmd;C:\Program Files (x86)\Skype\Phone\;C:\Program Files\nodejs\;C:\ProgramData\chocolatey\bin;C:\Program Files\Java\jdk1.8.0_152\bin;C:\Android\android-sdk\tools;C:\Android\android-sdk\platform-tools;;C:\Users\eric.chu\AppData\Local\Microsoft\WindowsApps;C:\Users\eric.chu\AppData\Roaming\npm;.
25-Oct-2017 23:15:02.494 資訊 [main] org.apache.coyote.AbstractProtocol.init Initializing ProtocolHandler ["http-nio-8080"]
25-Oct-2017 23:15:02.560 資訊 [main] org.apache.tomcat.util.net.NioSelectorPool.getSharedSelector Using a shared selector for servlet write/read
25-Oct-2017 23:15:02.567 資訊 [main] org.apache.coyote.AbstractProtocol.init Initializing ProtocolHandler ["ajp-nio-8009"]
25-Oct-2017 23:15:02.569 資訊 [main] org.apache.tomcat.util.net.NioSelectorPool.getSharedSelector Using a shared selector for servlet write/read
25-Oct-2017 23:15:02.571 資訊 [main] org.apache.catalina.startup.Catalina.load Initialization processed in 850 ms
25-Oct-2017 23:15:02.611 資訊 [main] org.apache.catalina.core.StandardService.startInternal Starting service Catalina
25-Oct-2017 23:15:02.612 資訊 [main] org.apache.catalina.core.StandardEngine.startInternal Starting Servlet Engine: Apache Tomcat/8.5.14
25-Oct-2017 23:15:02.630 資訊 [localhost-startStop-1] org.apache.catalina.startup.HostConfig.deployDirectory Deploying web application directory C:\Users\eric.chu\studio-projects\InspectionRecord\deploy\tomcat\webapps\app
25-Oct-2017 23:15:20.638 資訊 [localhost-startStop-1] org.apache.catalina.startup.HostConfig.deployDirectory Deployment of web application directory C:\Users\eric.chu\studio-projects\InspectionRecord\deploy\tomcat\webapps\app has finished in 18,007 ms
25-Oct-2017 23:15:20.639 資訊 [localhost-startStop-1] org.apache.catalina.startup.HostConfig.deployDirectory Deploying web application directory C:\Users\eric.chu\studio-projects\InspectionRecord\deploy\tomcat\webapps\app-core
25-Oct-2017 23:15:39.392 資訊 [localhost-startStop-1] org.apache.catalina.startup.HostConfig.deployDirectory Deployment of web application directory C:\Users\eric.chu\studio-projects\InspectionRecord\deploy\tomcat\webapps\app-core has finished in 18,754 ms
25-Oct-2017 23:15:39.397 資訊 [main] org.apache.coyote.AbstractProtocol.start Starting ProtocolHandler ["http-nio-8080"]
25-Oct-2017 23:15:39.414 資訊 [main] org.apache.coyote.AbstractProtocol.start Starting ProtocolHandler ["ajp-nio-8009"]
25-Oct-2017 23:15:39.421 資訊 [main] org.apache.catalina.startup.Catalina.start Server startup in 36848 ms
25-Oct-2017 23:41:11.357 資訊 [main] org.apache.catalina.core.StandardServer.await A valid shutdown command was received via the shutdown port. Stopping the Server instance.
25-Oct-2017 23:41:11.358 資訊 [main] org.apache.coyote.AbstractProtocol.pause Pausing ProtocolHandler ["http-nio-8080"]
25-Oct-2017 23:41:11.513 資訊 [main] org.apache.coyote.AbstractProtocol.pause Pausing ProtocolHandler ["ajp-nio-8009"]
25-Oct-2017 23:41:11.654 資訊 [main] org.apache.catalina.core.StandardService.stopInternal Stopping service Catalina
25-Oct-2017 23:41:11.713 嚴重 [localhost-startStop-2] org.apache.catalina.loader.WebappClassLoaderBase.checkThreadLocalMapForLeaks The web application [app] created a ThreadLocal with key of type [java.lang.ThreadLocal] (value [java.lang.ThreadLocal@24196312]) and a value of type [com.haulmont.cuba.core.sys.UserInvocationContext.RequestScopeUserInfo] (value [com.haulmont.cuba.core.sys.UserInvocationContext$RequestScopeUserInfo@78fe3b12]) but failed to remove it when the web application was stopped. Threads are going to be renewed over time to try and avoid a probable memory leak.
25-Oct-2017 23:41:11.714 嚴重 [localhost-startStop-2] org.apache.catalina.loader.WebappClassLoaderBase.checkThreadLocalMapForLeaks The web application [app] created a ThreadLocal with key of type [java.lang.ThreadLocal] (value [java.lang.ThreadLocal@24196312]) and a value of type [com.haulmont.cuba.core.sys.UserInvocationContext.RequestScopeUserInfo] (value [com.haulmont.cuba.core.sys.UserInvocationContext$RequestScopeUserInfo@1af65e43]) but failed to remove it when the web application was stopped. Threads are going to be renewed over time to try and avoid a probable memory leak.
25-Oct-2017 23:41:11.718 嚴重 [localhost-startStop-2] org.apache.catalina.loader.WebappClassLoaderBase.checkThreadLocalMapForLeaks The web application [app] created a ThreadLocal with key of type [java.lang.ThreadLocal] (value [java.lang.ThreadLocal@24196312]) and a value of type [com.haulmont.cuba.core.sys.UserInvocationContext.RequestScopeUserInfo] (value [com.haulmont.cuba.core.sys.UserInvocationContext$RequestScopeUserInfo@72ee74a7]) but failed to remove it when the web application was stopped. Threads are going to be renewed over time to try and avoid a probable memory leak.
25-Oct-2017 23:41:11.722 嚴重 [localhost-startStop-2] org.apache.catalina.loader.WebappClassLoaderBase.checkThreadLocalMapForLeaks The web application [app] created a ThreadLocal with key of type [java.lang.ThreadLocal] (value [java.lang.ThreadLocal@24196312]) and a value of type [com.haulmont.cuba.core.sys.UserInvocationContext.RequestScopeUserInfo] (value [com.haulmont.cuba.core.sys.UserInvocationContext$RequestScopeUserInfo@1d80881b]) but failed to remove it when the web application was stopped. Threads are going to be renewed over time to try and avoid a probable memory leak.
25-Oct-2017 23:41:11.758 資訊 [main] org.apache.coyote.AbstractProtocol.stop Stopping ProtocolHandler ["http-nio-8080"]
25-Oct-2017 23:41:11.773 資訊 [main] org.apache.coyote.AbstractProtocol.stop Stopping ProtocolHandler ["ajp-nio-8009"]
25-Oct-2017 23:41:11.774 資訊 [main] org.apache.coyote.AbstractProtocol.destroy Destroying ProtocolHandler ["http-nio-8080"]
25-Oct-2017 23:41:11.776 資訊 [main] org.apache.coyote.AbstractProtocol.destroy Destroying ProtocolHandler ["ajp-nio-8009"]
25-Oct-2017 23:41:36.111 資訊 [main] org.apache.catalina.startup.VersionLoggerListener.log Server version:        Apache Tomcat/8.5.14
25-Oct-2017 23:41:36.122 資訊 [main] org.apache.catalina.startup.VersionLoggerListener.log Server built:          Apr 13 2017 12:55:45 UTC
25-Oct-2017 23:41:36.123 資訊 [main] org.apache.catalina.startup.VersionLoggerListener.log Server number:         8.5.14.0
25-Oct-2017 23:41:36.124 資訊 [main] org.apache.catalina.startup.VersionLoggerListener.log OS Name:               Windows 10
25-Oct-2017 23:41:36.125 資訊 [main] org.apache.catalina.startup.VersionLoggerListener.log OS Version:            10.0
25-Oct-2017 23:41:36.125 資訊 [main] org.apache.catalina.startup.VersionLoggerListener.log Architecture:          amd64
25-Oct-2017 23:41:36.126 資訊 [main] org.apache.catalina.startup.VersionLoggerListener.log Java Home:             C:\Program Files\Java\jdk1.8.0_91\jre
25-Oct-2017 23:41:36.127 資訊 [main] org.apache.catalina.startup.VersionLoggerListener.log JVM Version:           1.8.0_91-b14
25-Oct-2017 23:41:36.129 資訊 [main] org.apache.catalina.startup.VersionLoggerListener.log JVM Vendor:            Oracle Corporation
25-Oct-2017 23:41:36.130 資訊 [main] org.apache.catalina.startup.VersionLoggerListener.log CATALINA_BASE:         C:\Users\eric.chu\studio-projects\InspectionRecord\deploy\tomcat
25-Oct-2017 23:41:36.133 資訊 [main] org.apache.catalina.startup.VersionLoggerListener.log CATALINA_HOME:         C:\Users\eric.chu\studio-projects\InspectionRecord\deploy\tomcat
25-Oct-2017 23:41:36.134 資訊 [main] org.apache.catalina.startup.VersionLoggerListener.log Command line argument: -Djava.util.logging.config.file=C:\Users\eric.chu\studio-projects\InspectionRecord\deploy\tomcat\conf\logging.properties
25-Oct-2017 23:41:36.135 資訊 [main] org.apache.catalina.startup.VersionLoggerListener.log Command line argument: -Djava.util.logging.manager=org.apache.juli.ClassLoaderLogManager
25-Oct-2017 23:41:36.136 資訊 [main] org.apache.catalina.startup.VersionLoggerListener.log Command line argument: -Djdk.tls.ephemeralDHKeySize=2048
25-Oct-2017 23:41:36.136 資訊 [main] org.apache.catalina.startup.VersionLoggerListener.log Command line argument: -Djava.protocol.handler.pkgs=org.apache.catalina.webresources
25-Oct-2017 23:41:36.137 資訊 [main] org.apache.catalina.startup.VersionLoggerListener.log Command line argument: -Xrunjdwp:transport=dt_socket,address=8787,server=y,suspend=n
25-Oct-2017 23:41:36.138 資訊 [main] org.apache.catalina.startup.VersionLoggerListener.log Command line argument: -Xmx512m
25-Oct-2017 23:41:36.140 資訊 [main] org.apache.catalina.startup.VersionLoggerListener.log Command line argument: -Dfile.encoding=UTF-8
25-Oct-2017 23:41:36.140 資訊 [main] org.apache.catalina.startup.VersionLoggerListener.log Command line argument: -Dlogback.configurationFile=../conf/logback.xml
25-Oct-2017 23:41:36.141 資訊 [main] org.apache.catalina.startup.VersionLoggerListener.log Command line argument: -Dcom.sun.management.jmxremote
25-Oct-2017 23:41:36.145 資訊 [main] org.apache.catalina.startup.VersionLoggerListener.log Command line argument: -Dcatalina.base=C:\Users\eric.chu\studio-projects\InspectionRecord\deploy\tomcat
25-Oct-2017 23:41:36.147 資訊 [main] org.apache.catalina.startup.VersionLoggerListener.log Command line argument: -Dcatalina.home=C:\Users\eric.chu\studio-projects\InspectionRecord\deploy\tomcat
25-Oct-2017 23:41:36.147 資訊 [main] org.apache.catalina.startup.VersionLoggerListener.log Command line argument: -Djava.io.tmpdir=C:\Users\eric.chu\studio-projects\InspectionRecord\deploy\tomcat\temp
25-Oct-2017 23:41:36.148 資訊 [main] org.apache.catalina.core.AprLifecycleListener.lifecycleEvent The APR based Apache Tomcat Native library which allows optimal performance in production environments was not found on the java.library.path: C:\Program Files\Java\jdk1.8.0_91\bin;C:\WINDOWS\Sun\Java\bin;C:\WINDOWS\system32;C:\WINDOWS;C:\ProgramData\Oracle\Java\javapath;C:\Program Files (x86)\NVIDIA Corporation\PhysX\Common;C:\Program Files (x86)\Intel\iCLS Client\;C:\Program Files\Intel\iCLS Client\;C:\WINDOWS\system32;C:\WINDOWS;C:\WINDOWS\System32\Wbem;C:\WINDOWS\System32\WindowsPowerShell\v1.0\;C:\Program Files\Intel\Intel(R) Management Engine Components\DAL;C:\Program Files\Intel\Intel(R) Management Engine Components\IPT;C:\Program Files (x86)\Intel\Intel(R) Management Engine Components\DAL;C:\Program Files (x86)\Intel\Intel(R) Management Engine Components\IPT;C:\Program Files\Intel\WiFi\bin\;C:\Program Files\Common Files\Intel\WirelessCommon\;C:\Program Files (x86)\DriveHQ\WebDAV Drive Mapping;C:\WINDOWS\system32;C:\WINDOWS;C:\WINDOWS\System32\Wbem;C:\WINDOWS\System32\WindowsPowerShell\v1.0\;C:\Program Files\Git\cmd;C:\Program Files (x86)\PuTTY\;C:\Program Files\OpenVPN\bin;C:\Program Files (x86)\Git\cmd;C:\Program Files (x86)\Skype\Phone\;C:\Program Files\nodejs\;C:\ProgramData\chocolatey\bin;C:\Program Files\Java\jdk1.8.0_152\bin;C:\Android\android-sdk\tools;C:\Android\android-sdk\platform-tools;;C:\Users\eric.chu\AppData\Local\Microsoft\WindowsApps;C:\Users\eric.chu\AppData\Roaming\npm;.
25-Oct-2017 23:41:36.357 資訊 [main] org.apache.coyote.AbstractProtocol.init Initializing ProtocolHandler ["http-nio-8080"]
25-Oct-2017 23:41:36.432 資訊 [main] org.apache.tomcat.util.net.NioSelectorPool.getSharedSelector Using a shared selector for servlet write/read
25-Oct-2017 23:41:36.436 資訊 [main] org.apache.coyote.AbstractProtocol.init Initializing ProtocolHandler ["ajp-nio-8009"]
25-Oct-2017 23:41:36.439 資訊 [main] org.apache.tomcat.util.net.NioSelectorPool.getSharedSelector Using a shared selector for servlet write/read
25-Oct-2017 23:41:36.441 資訊 [main] org.apache.catalina.startup.Catalina.load Initialization processed in 768 ms
25-Oct-2017 23:41:36.480 資訊 [main] org.apache.catalina.core.StandardService.startInternal Starting service Catalina
25-Oct-2017 23:41:36.481 資訊 [main] org.apache.catalina.core.StandardEngine.startInternal Starting Servlet Engine: Apache Tomcat/8.5.14
25-Oct-2017 23:41:36.501 資訊 [localhost-startStop-1] org.apache.catalina.startup.HostConfig.deployDirectory Deploying web application directory C:\Users\eric.chu\studio-projects\InspectionRecord\deploy\tomcat\webapps\app
25-Oct-2017 23:41:53.211 資訊 [localhost-startStop-1] org.apache.catalina.startup.HostConfig.deployDirectory Deployment of web application directory C:\Users\eric.chu\studio-projects\InspectionRecord\deploy\tomcat\webapps\app has finished in 16,709 ms
25-Oct-2017 23:41:53.212 資訊 [localhost-startStop-1] org.apache.catalina.startup.HostConfig.deployDirectory Deploying web application directory C:\Users\eric.chu\studio-projects\InspectionRecord\deploy\tomcat\webapps\app-core
25-Oct-2017 23:42:13.061 資訊 [localhost-startStop-1] org.apache.catalina.startup.HostConfig.deployDirectory Deployment of web application directory C:\Users\eric.chu\studio-projects\InspectionRecord\deploy\tomcat\webapps\app-core has finished in 19,849 ms
25-Oct-2017 23:42:13.066 資訊 [main] org.apache.coyote.AbstractProtocol.start Starting ProtocolHandler ["http-nio-8080"]
25-Oct-2017 23:42:13.081 資訊 [main] org.apache.coyote.AbstractProtocol.start Starting ProtocolHandler ["ajp-nio-8009"]
25-Oct-2017 23:42:13.089 資訊 [main] org.apache.catalina.startup.Catalina.start Server startup in 36647 ms
25-Oct-2017 23:47:14.536 資訊 [main] org.apache.catalina.core.StandardServer.await A valid shutdown command was received via the shutdown port. Stopping the Server instance.
25-Oct-2017 23:47:14.537 資訊 [main] org.apache.coyote.AbstractProtocol.pause Pausing ProtocolHandler ["http-nio-8080"]
25-Oct-2017 23:47:14.698 資訊 [main] org.apache.coyote.AbstractProtocol.pause Pausing ProtocolHandler ["ajp-nio-8009"]
25-Oct-2017 23:47:14.856 資訊 [main] org.apache.catalina.core.StandardService.stopInternal Stopping service Catalina
25-Oct-2017 23:47:14.954 嚴重 [localhost-startStop-2] org.apache.catalina.loader.WebappClassLoaderBase.checkThreadLocalMapForLeaks The web application [app] created a ThreadLocal with key of type [java.lang.ThreadLocal] (value [java.lang.ThreadLocal@5a830e6d]) and a value of type [com.haulmont.cuba.core.sys.UserInvocationContext.RequestScopeUserInfo] (value [com.haulmont.cuba.core.sys.UserInvocationContext$RequestScopeUserInfo@75665565]) but failed to remove it when the web application was stopped. Threads are going to be renewed over time to try and avoid a probable memory leak.
25-Oct-2017 23:47:14.955 嚴重 [localhost-startStop-2] org.apache.catalina.loader.WebappClassLoaderBase.checkThreadLocalMapForLeaks The web application [app] created a ThreadLocal with key of type [java.lang.ThreadLocal] (value [java.lang.ThreadLocal@5a830e6d]) and a value of type [com.haulmont.cuba.core.sys.UserInvocationContext.RequestScopeUserInfo] (value [com.haulmont.cuba.core.sys.UserInvocationContext$RequestScopeUserInfo@3cd418e1]) but failed to remove it when the web application was stopped. Threads are going to be renewed over time to try and avoid a probable memory leak.
25-Oct-2017 23:47:14.960 嚴重 [localhost-startStop-2] org.apache.catalina.loader.WebappClassLoaderBase.checkThreadLocalMapForLeaks The web application [app] created a ThreadLocal with key of type [java.lang.ThreadLocal] (value [java.lang.ThreadLocal@5a830e6d]) and a value of type [com.haulmont.cuba.core.sys.UserInvocationContext.RequestScopeUserInfo] (value [com.haulmont.cuba.core.sys.UserInvocationContext$RequestScopeUserInfo@24e23334]) but failed to remove it when the web application was stopped. Threads are going to be renewed over time to try and avoid a probable memory leak.
25-Oct-2017 23:47:14.964 嚴重 [localhost-startStop-2] org.apache.catalina.loader.WebappClassLoaderBase.checkThreadLocalMapForLeaks The web application [app] created a ThreadLocal with key of type [java.lang.ThreadLocal] (value [java.lang.ThreadLocal@5a830e6d]) and a value of type [com.haulmont.cuba.core.sys.UserInvocationContext.RequestScopeUserInfo] (value [com.haulmont.cuba.core.sys.UserInvocationContext$RequestScopeUserInfo@6650a1a3]) but failed to remove it when the web application was stopped. Threads are going to be renewed over time to try and avoid a probable memory leak.
25-Oct-2017 23:47:14.966 嚴重 [localhost-startStop-2] org.apache.catalina.loader.WebappClassLoaderBase.checkThreadLocalMapForLeaks The web application [app] created a ThreadLocal with key of type [java.lang.ThreadLocal] (value [java.lang.ThreadLocal@5a830e6d]) and a value of type [com.haulmont.cuba.core.sys.UserInvocationContext.RequestScopeUserInfo] (value [com.haulmont.cuba.core.sys.UserInvocationContext$RequestScopeUserInfo@215a1d71]) but failed to remove it when the web application was stopped. Threads are going to be renewed over time to try and avoid a probable memory leak.
25-Oct-2017 23:47:15.029 資訊 [main] org.apache.coyote.AbstractProtocol.stop Stopping ProtocolHandler ["http-nio-8080"]
25-Oct-2017 23:47:15.037 資訊 [main] org.apache.coyote.AbstractProtocol.stop Stopping ProtocolHandler ["ajp-nio-8009"]
25-Oct-2017 23:47:15.043 資訊 [main] org.apache.coyote.AbstractProtocol.destroy Destroying ProtocolHandler ["http-nio-8080"]
25-Oct-2017 23:47:15.050 資訊 [main] org.apache.coyote.AbstractProtocol.destroy Destroying ProtocolHandler ["ajp-nio-8009"]
25-Oct-2017 23:47:31.889 資訊 [main] org.apache.catalina.startup.VersionLoggerListener.log Server version:        Apache Tomcat/8.5.14
25-Oct-2017 23:47:31.918 資訊 [main] org.apache.catalina.startup.VersionLoggerListener.log Server built:          Apr 13 2017 12:55:45 UTC
25-Oct-2017 23:47:31.920 資訊 [main] org.apache.catalina.startup.VersionLoggerListener.log Server number:         8.5.14.0
25-Oct-2017 23:47:31.927 資訊 [main] org.apache.catalina.startup.VersionLoggerListener.log OS Name:               Windows 10
25-Oct-2017 23:47:31.932 資訊 [main] org.apache.catalina.startup.VersionLoggerListener.log OS Version:            10.0
25-Oct-2017 23:47:31.938 資訊 [main] org.apache.catalina.startup.VersionLoggerListener.log Architecture:          amd64
25-Oct-2017 23:47:31.940 資訊 [main] org.apache.catalina.startup.VersionLoggerListener.log Java Home:             C:\Program Files\Java\jdk1.8.0_91\jre
25-Oct-2017 23:47:31.944 資訊 [main] org.apache.catalina.startup.VersionLoggerListener.log JVM Version:           1.8.0_91-b14
25-Oct-2017 23:47:31.949 資訊 [main] org.apache.catalina.startup.VersionLoggerListener.log JVM Vendor:            Oracle Corporation
25-Oct-2017 23:47:31.950 資訊 [main] org.apache.catalina.startup.VersionLoggerListener.log CATALINA_BASE:         C:\Users\eric.chu\studio-projects\InspectionRecord\deploy\tomcat
25-Oct-2017 23:47:31.952 資訊 [main] org.apache.catalina.startup.VersionLoggerListener.log CATALINA_HOME:         C:\Users\eric.chu\studio-projects\InspectionRecord\deploy\tomcat
25-Oct-2017 23:47:31.958 資訊 [main] org.apache.catalina.startup.VersionLoggerListener.log Command line argument: -Djava.util.logging.config.file=C:\Users\eric.chu\studio-projects\InspectionRecord\deploy\tomcat\conf\logging.properties
25-Oct-2017 23:47:31.960 資訊 [main] org.apache.catalina.startup.VersionLoggerListener.log Command line argument: -Djava.util.logging.manager=org.apache.juli.ClassLoaderLogManager
25-Oct-2017 23:47:31.961 資訊 [main] org.apache.catalina.startup.VersionLoggerListener.log Command line argument: -Djdk.tls.ephemeralDHKeySize=2048
25-Oct-2017 23:47:31.963 資訊 [main] org.apache.catalina.startup.VersionLoggerListener.log Command line argument: -Djava.protocol.handler.pkgs=org.apache.catalina.webresources
25-Oct-2017 23:47:31.964 資訊 [main] org.apache.catalina.startup.VersionLoggerListener.log Command line argument: -Xrunjdwp:transport=dt_socket,address=8787,server=y,suspend=n
25-Oct-2017 23:47:31.969 資訊 [main] org.apache.catalina.startup.VersionLoggerListener.log Command line argument: -Xmx512m
25-Oct-2017 23:47:31.971 資訊 [main] org.apache.catalina.startup.VersionLoggerListener.log Command line argument: -Dfile.encoding=UTF-8
25-Oct-2017 23:47:31.973 資訊 [main] org.apache.catalina.startup.VersionLoggerListener.log Command line argument: -Dlogback.configurationFile=../conf/logback.xml
25-Oct-2017 23:47:31.974 資訊 [main] org.apache.catalina.startup.VersionLoggerListener.log Command line argument: -Dcom.sun.management.jmxremote
25-Oct-2017 23:47:31.976 資訊 [main] org.apache.catalina.startup.VersionLoggerListener.log Command line argument: -Dcatalina.base=C:\Users\eric.chu\studio-projects\InspectionRecord\deploy\tomcat
25-Oct-2017 23:47:31.977 資訊 [main] org.apache.catalina.startup.VersionLoggerListener.log Command line argument: -Dcatalina.home=C:\Users\eric.chu\studio-projects\InspectionRecord\deploy\tomcat
25-Oct-2017 23:47:31.981 資訊 [main] org.apache.catalina.startup.VersionLoggerListener.log Command line argument: -Djava.io.tmpdir=C:\Users\eric.chu\studio-projects\InspectionRecord\deploy\tomcat\temp
25-Oct-2017 23:47:31.983 資訊 [main] org.apache.catalina.core.AprLifecycleListener.lifecycleEvent The APR based Apache Tomcat Native library which allows optimal performance in production environments was not found on the java.library.path: C:\Program Files\Java\jdk1.8.0_91\bin;C:\WINDOWS\Sun\Java\bin;C:\WINDOWS\system32;C:\WINDOWS;C:\ProgramData\Oracle\Java\javapath;C:\Program Files (x86)\NVIDIA Corporation\PhysX\Common;C:\Program Files (x86)\Intel\iCLS Client\;C:\Program Files\Intel\iCLS Client\;C:\WINDOWS\system32;C:\WINDOWS;C:\WINDOWS\System32\Wbem;C:\WINDOWS\System32\WindowsPowerShell\v1.0\;C:\Program Files\Intel\Intel(R) Management Engine Components\DAL;C:\Program Files\Intel\Intel(R) Management Engine Components\IPT;C:\Program Files (x86)\Intel\Intel(R) Management Engine Components\DAL;C:\Program Files (x86)\Intel\Intel(R) Management Engine Components\IPT;C:\Program Files\Intel\WiFi\bin\;C:\Program Files\Common Files\Intel\WirelessCommon\;C:\Program Files (x86)\DriveHQ\WebDAV Drive Mapping;C:\WINDOWS\system32;C:\WINDOWS;C:\WINDOWS\System32\Wbem;C:\WINDOWS\System32\WindowsPowerShell\v1.0\;C:\Program Files\Git\cmd;C:\Program Files (x86)\PuTTY\;C:\Program Files\OpenVPN\bin;C:\Program Files (x86)\Git\cmd;C:\Program Files (x86)\Skype\Phone\;C:\Program Files\nodejs\;C:\ProgramData\chocolatey\bin;C:\Program Files\Java\jdk1.8.0_152\bin;C:\Android\android-sdk\tools;C:\Android\android-sdk\platform-tools;;C:\Users\eric.chu\AppData\Local\Microsoft\WindowsApps;C:\Users\eric.chu\AppData\Roaming\npm;.
25-Oct-2017 23:47:32.262 資訊 [main] org.apache.coyote.AbstractProtocol.init Initializing ProtocolHandler ["http-nio-8080"]
25-Oct-2017 23:47:32.371 資訊 [main] org.apache.tomcat.util.net.NioSelectorPool.getSharedSelector Using a shared selector for servlet write/read
25-Oct-2017 23:47:32.376 資訊 [main] org.apache.coyote.AbstractProtocol.init Initializing ProtocolHandler ["ajp-nio-8009"]
25-Oct-2017 23:47:32.382 資訊 [main] org.apache.tomcat.util.net.NioSelectorPool.getSharedSelector Using a shared selector for servlet write/read
25-Oct-2017 23:47:32.384 資訊 [main] org.apache.catalina.startup.Catalina.load Initialization processed in 1013 ms
25-Oct-2017 23:47:32.438 資訊 [main] org.apache.catalina.core.StandardService.startInternal Starting service Catalina
25-Oct-2017 23:47:32.439 資訊 [main] org.apache.catalina.core.StandardEngine.startInternal Starting Servlet Engine: Apache Tomcat/8.5.14
25-Oct-2017 23:47:32.461 資訊 [localhost-startStop-1] org.apache.catalina.startup.HostConfig.deployDirectory Deploying web application directory C:\Users\eric.chu\studio-projects\InspectionRecord\deploy\tomcat\webapps\app
25-Oct-2017 23:47:51.216 資訊 [localhost-startStop-1] org.apache.catalina.startup.HostConfig.deployDirectory Deployment of web application directory C:\Users\eric.chu\studio-projects\InspectionRecord\deploy\tomcat\webapps\app has finished in 18,754 ms
25-Oct-2017 23:47:51.217 資訊 [localhost-startStop-1] org.apache.catalina.startup.HostConfig.deployDirectory Deploying web application directory C:\Users\eric.chu\studio-projects\InspectionRecord\deploy\tomcat\webapps\app-core
25-Oct-2017 23:48:10.626 資訊 [localhost-startStop-1] org.apache.catalina.startup.HostConfig.deployDirectory Deployment of web application directory C:\Users\eric.chu\studio-projects\InspectionRecord\deploy\tomcat\webapps\app-core has finished in 19,409 ms
25-Oct-2017 23:48:10.631 資訊 [main] org.apache.coyote.AbstractProtocol.start Starting ProtocolHandler ["http-nio-8080"]
25-Oct-2017 23:48:10.650 資訊 [main] org.apache.coyote.AbstractProtocol.start Starting ProtocolHandler ["ajp-nio-8009"]
25-Oct-2017 23:48:10.768 資訊 [main] org.apache.catalina.startup.Catalina.start Server startup in 38383 ms
