08-Dec-2017 10:12:39.291 信息 [main] org.apache.catalina.startup.VersionLoggerListener.log Server version:        Apache Tomcat/8.5.14
08-Dec-2017 10:12:39.326 信息 [main] org.apache.catalina.startup.VersionLoggerListener.log Server built:          Apr 13 2017 12:55:45 UTC
08-Dec-2017 10:12:39.328 信息 [main] org.apache.catalina.startup.VersionLoggerListener.log Server number:         8.5.14.0
08-Dec-2017 10:12:39.329 信息 [main] org.apache.catalina.startup.VersionLoggerListener.log OS Name:               Windows 10
08-Dec-2017 10:12:39.331 信息 [main] org.apache.catalina.startup.VersionLoggerListener.log OS Version:            10.0
08-Dec-2017 10:12:39.333 信息 [main] org.apache.catalina.startup.VersionLoggerListener.log Architecture:          amd64
08-Dec-2017 10:12:39.334 信息 [main] org.apache.catalina.startup.VersionLoggerListener.log Java Home:             C:\Program Files\Java\jdk1.8.0_131\jre
08-Dec-2017 10:12:39.337 信息 [main] org.apache.catalina.startup.VersionLoggerListener.log JVM Version:           1.8.0_131-b11
08-Dec-2017 10:12:39.338 信息 [main] org.apache.catalina.startup.VersionLoggerListener.log JVM Vendor:            Oracle Corporation
08-Dec-2017 10:12:39.339 信息 [main] org.apache.catalina.startup.VersionLoggerListener.log CATALINA_BASE:         C:\Users\Admin\Desktop\program\studio-projects\InspectionRecord\deploy\tomcat
08-Dec-2017 10:12:39.341 信息 [main] org.apache.catalina.startup.VersionLoggerListener.log CATALINA_HOME:         C:\Users\Admin\Desktop\program\studio-projects\InspectionRecord\deploy\tomcat
08-Dec-2017 10:12:39.342 信息 [main] org.apache.catalina.startup.VersionLoggerListener.log Command line argument: -Djava.util.logging.config.file=C:\Users\Admin\Desktop\program\studio-projects\InspectionRecord\deploy\tomcat\conf\logging.properties
08-Dec-2017 10:12:39.343 信息 [main] org.apache.catalina.startup.VersionLoggerListener.log Command line argument: -Djava.util.logging.manager=org.apache.juli.ClassLoaderLogManager
08-Dec-2017 10:12:39.346 信息 [main] org.apache.catalina.startup.VersionLoggerListener.log Command line argument: -Djdk.tls.ephemeralDHKeySize=2048
08-Dec-2017 10:12:39.348 信息 [main] org.apache.catalina.startup.VersionLoggerListener.log Command line argument: -Djava.protocol.handler.pkgs=org.apache.catalina.webresources
08-Dec-2017 10:12:39.349 信息 [main] org.apache.catalina.startup.VersionLoggerListener.log Command line argument: -Xrunjdwp:transport=dt_socket,address=8787,server=y,suspend=n
08-Dec-2017 10:12:39.351 信息 [main] org.apache.catalina.startup.VersionLoggerListener.log Command line argument: -Xmx512m
08-Dec-2017 10:12:39.353 信息 [main] org.apache.catalina.startup.VersionLoggerListener.log Command line argument: -Dfile.encoding=UTF-8
08-Dec-2017 10:12:39.354 信息 [main] org.apache.catalina.startup.VersionLoggerListener.log Command line argument: -Dlogback.configurationFile=../conf/logback.xml
08-Dec-2017 10:12:39.355 信息 [main] org.apache.catalina.startup.VersionLoggerListener.log Command line argument: -Dcom.sun.management.jmxremote
08-Dec-2017 10:12:39.357 信息 [main] org.apache.catalina.startup.VersionLoggerListener.log Command line argument: -Dcatalina.base=C:\Users\Admin\Desktop\program\studio-projects\InspectionRecord\deploy\tomcat
08-Dec-2017 10:12:39.358 信息 [main] org.apache.catalina.startup.VersionLoggerListener.log Command line argument: -Dcatalina.home=C:\Users\Admin\Desktop\program\studio-projects\InspectionRecord\deploy\tomcat
08-Dec-2017 10:12:39.360 信息 [main] org.apache.catalina.startup.VersionLoggerListener.log Command line argument: -Djava.io.tmpdir=C:\Users\Admin\Desktop\program\studio-projects\InspectionRecord\deploy\tomcat\temp
08-Dec-2017 10:12:39.361 信息 [main] org.apache.catalina.core.AprLifecycleListener.lifecycleEvent The APR based Apache Tomcat Native library which allows optimal performance in production environments was not found on the java.library.path: C:\Program Files\Java\jdk1.8.0_131\bin;C:\WINDOWS\Sun\Java\bin;C:\WINDOWS\system32;C:\WINDOWS;C:\Program Files\Java\jdk1.8.0_131\bin;C:\Program Files\Java\jdk1.8.0_131\jre\bin;C:\ProgramData\Oracle\Java\javapath;C:\Program Files (x86)\Intel\iCLS Client\;C:\Program Files\Intel\iCLS Client\;C:\WINDOWS\system32;C:\WINDOWS;C:\WINDOWS\System32\Wbem;C:\WINDOWS\System32\WindowsPowerShell\v1.0\;C:\Program Files (x86)\Intel\Intel(R) Management Engine Components\DAL;C:\Program Files\Intel\Intel(R) Management Engine Components\DAL;C:\Program Files (x86)\Intel\Intel(R) Management Engine Components\IPT;C:\Program Files\Intel\Intel(R) Management Engine Components\IPT;C:\Program Files\TortoiseSVN\bin;C:\Program Files (x86)\Microsoft SQL Server\100\Tools\Binn\;C:\Program Files\Microsoft SQL Server\100\Tools\Binn\;C:\Program Files\Microsoft SQL Server\100\DTS\Binn\;C:\Program Files (x86)\Microsoft SQL Server\100\Tools\Binn\VSShell\Common7\IDE\;C:\Program Files (x86)\Microsoft SQL Server\100\DTS\Binn\;C:\Users\Admin\AppData\Local\Microsoft\WindowsApps;.
08-Dec-2017 10:12:44.264 信息 [main] org.apache.coyote.AbstractProtocol.init Initializing ProtocolHandler ["http-nio-8080"]
08-Dec-2017 10:12:44.293 信息 [main] org.apache.tomcat.util.net.NioSelectorPool.getSharedSelector Using a shared selector for servlet write/read
08-Dec-2017 10:12:44.299 信息 [main] org.apache.coyote.AbstractProtocol.init Initializing ProtocolHandler ["ajp-nio-8009"]
08-Dec-2017 10:12:44.302 信息 [main] org.apache.tomcat.util.net.NioSelectorPool.getSharedSelector Using a shared selector for servlet write/read
08-Dec-2017 10:12:44.303 信息 [main] org.apache.catalina.startup.Catalina.load Initialization processed in 5623 ms
08-Dec-2017 10:12:44.405 信息 [main] org.apache.catalina.core.StandardService.startInternal Starting service Catalina
08-Dec-2017 10:12:44.408 信息 [main] org.apache.catalina.core.StandardEngine.startInternal Starting Servlet Engine: Apache Tomcat/8.5.14
08-Dec-2017 10:12:44.423 信息 [localhost-startStop-1] org.apache.catalina.startup.HostConfig.deployDirectory Deploying web application directory C:\Users\Admin\Desktop\program\studio-projects\InspectionRecord\deploy\tomcat\webapps\app
08-Dec-2017 10:13:01.555 信息 [localhost-startStop-1] org.apache.catalina.startup.HostConfig.deployDirectory Deployment of web application directory C:\Users\Admin\Desktop\program\studio-projects\InspectionRecord\deploy\tomcat\webapps\app has finished in 17,131 ms
08-Dec-2017 10:13:01.557 信息 [localhost-startStop-1] org.apache.catalina.startup.HostConfig.deployDirectory Deploying web application directory C:\Users\Admin\Desktop\program\studio-projects\InspectionRecord\deploy\tomcat\webapps\app-core
08-Dec-2017 10:13:16.466 信息 [localhost-startStop-1] org.apache.catalina.startup.HostConfig.deployDirectory Deployment of web application directory C:\Users\Admin\Desktop\program\studio-projects\InspectionRecord\deploy\tomcat\webapps\app-core has finished in 14,909 ms
08-Dec-2017 10:13:16.467 信息 [localhost-startStop-1] org.apache.catalina.startup.HostConfig.deployDirectory Deploying web application directory C:\Users\Admin\Desktop\program\studio-projects\InspectionRecord\deploy\tomcat\webapps\app-portal
08-Dec-2017 10:13:19.911 信息 [localhost-startStop-1] org.apache.catalina.startup.HostConfig.deployDirectory Deployment of web application directory C:\Users\Admin\Desktop\program\studio-projects\InspectionRecord\deploy\tomcat\webapps\app-portal has finished in 3,443 ms
08-Dec-2017 10:13:19.916 信息 [main] org.apache.coyote.AbstractProtocol.start Starting ProtocolHandler ["http-nio-8080"]
08-Dec-2017 10:13:19.934 信息 [main] org.apache.coyote.AbstractProtocol.start Starting ProtocolHandler ["ajp-nio-8009"]
08-Dec-2017 10:13:19.942 信息 [main] org.apache.catalina.startup.Catalina.start Server startup in 35639 ms
08-Dec-2017 10:15:09.736 警告 [http-nio-8080-exec-23] com.vaadin.server.DefaultDeploymentConfiguration.checkProductionMode 
=================================================================
Vaadin is running in DEBUG MODE.
Add productionMode=true to web.xml to disable debug features.
To show debug window, add ?debug to your application URL.
=================================================================
08-Dec-2017 15:38:32.900 信息 [main] org.apache.catalina.core.StandardServer.await A valid shutdown command was received via the shutdown port. Stopping the Server instance.
08-Dec-2017 15:38:32.905 信息 [main] org.apache.coyote.AbstractProtocol.pause Pausing ProtocolHandler ["http-nio-8080"]
08-Dec-2017 15:38:32.975 信息 [main] org.apache.coyote.AbstractProtocol.pause Pausing ProtocolHandler ["ajp-nio-8009"]
08-Dec-2017 15:38:33.042 信息 [main] org.apache.catalina.core.StandardService.stopInternal Stopping service Catalina
08-Dec-2017 15:38:34.141 信息 [main] org.apache.coyote.AbstractProtocol.stop Stopping ProtocolHandler ["http-nio-8080"]
08-Dec-2017 15:38:34.145 信息 [main] org.apache.coyote.AbstractProtocol.stop Stopping ProtocolHandler ["ajp-nio-8009"]
08-Dec-2017 15:38:34.147 信息 [main] org.apache.coyote.AbstractProtocol.destroy Destroying ProtocolHandler ["http-nio-8080"]
08-Dec-2017 15:38:34.149 信息 [main] org.apache.coyote.AbstractProtocol.destroy Destroying ProtocolHandler ["ajp-nio-8009"]
