09-Dec-2017 09:26:41.831 信息 [main] org.apache.catalina.startup.VersionLoggerListener.log Server version:        Apache Tomcat/8.5.14
09-Dec-2017 09:26:41.841 信息 [main] org.apache.catalina.startup.VersionLoggerListener.log Server built:          Apr 13 2017 12:55:45 UTC
09-Dec-2017 09:26:41.842 信息 [main] org.apache.catalina.startup.VersionLoggerListener.log Server number:         8.5.14.0
09-Dec-2017 09:26:41.843 信息 [main] org.apache.catalina.startup.VersionLoggerListener.log OS Name:               Windows 10
09-Dec-2017 09:26:41.844 信息 [main] org.apache.catalina.startup.VersionLoggerListener.log OS Version:            10.0
09-Dec-2017 09:26:41.845 信息 [main] org.apache.catalina.startup.VersionLoggerListener.log Architecture:          amd64
09-Dec-2017 09:26:41.845 信息 [main] org.apache.catalina.startup.VersionLoggerListener.log Java Home:             C:\Program Files\Java\jdk1.8.0_131\jre
09-Dec-2017 09:26:41.847 信息 [main] org.apache.catalina.startup.VersionLoggerListener.log JVM Version:           1.8.0_131-b11
09-Dec-2017 09:26:41.847 信息 [main] org.apache.catalina.startup.VersionLoggerListener.log JVM Vendor:            Oracle Corporation
09-Dec-2017 09:26:41.848 信息 [main] org.apache.catalina.startup.VersionLoggerListener.log CATALINA_BASE:         C:\Users\Admin\Desktop\program\studio-projects\InspectionRecord\deploy\tomcat
09-Dec-2017 09:26:41.848 信息 [main] org.apache.catalina.startup.VersionLoggerListener.log CATALINA_HOME:         C:\Users\Admin\Desktop\program\studio-projects\InspectionRecord\deploy\tomcat
09-Dec-2017 09:26:41.849 信息 [main] org.apache.catalina.startup.VersionLoggerListener.log Command line argument: -Djava.util.logging.config.file=C:\Users\Admin\Desktop\program\studio-projects\InspectionRecord\deploy\tomcat\conf\logging.properties
09-Dec-2017 09:26:41.851 信息 [main] org.apache.catalina.startup.VersionLoggerListener.log Command line argument: -Djava.util.logging.manager=org.apache.juli.ClassLoaderLogManager
09-Dec-2017 09:26:41.852 信息 [main] org.apache.catalina.startup.VersionLoggerListener.log Command line argument: -Djdk.tls.ephemeralDHKeySize=2048
09-Dec-2017 09:26:41.853 信息 [main] org.apache.catalina.startup.VersionLoggerListener.log Command line argument: -Djava.protocol.handler.pkgs=org.apache.catalina.webresources
09-Dec-2017 09:26:41.854 信息 [main] org.apache.catalina.startup.VersionLoggerListener.log Command line argument: -Xrunjdwp:transport=dt_socket,address=8787,server=y,suspend=n
09-Dec-2017 09:26:41.854 信息 [main] org.apache.catalina.startup.VersionLoggerListener.log Command line argument: -Xmx512m
09-Dec-2017 09:26:41.855 信息 [main] org.apache.catalina.startup.VersionLoggerListener.log Command line argument: -Dfile.encoding=UTF-8
09-Dec-2017 09:26:41.856 信息 [main] org.apache.catalina.startup.VersionLoggerListener.log Command line argument: -Dlogback.configurationFile=../conf/logback.xml
09-Dec-2017 09:26:41.857 信息 [main] org.apache.catalina.startup.VersionLoggerListener.log Command line argument: -Dcom.sun.management.jmxremote
09-Dec-2017 09:26:41.858 信息 [main] org.apache.catalina.startup.VersionLoggerListener.log Command line argument: -Dcatalina.base=C:\Users\Admin\Desktop\program\studio-projects\InspectionRecord\deploy\tomcat
09-Dec-2017 09:26:41.859 信息 [main] org.apache.catalina.startup.VersionLoggerListener.log Command line argument: -Dcatalina.home=C:\Users\Admin\Desktop\program\studio-projects\InspectionRecord\deploy\tomcat
09-Dec-2017 09:26:41.861 信息 [main] org.apache.catalina.startup.VersionLoggerListener.log Command line argument: -Djava.io.tmpdir=C:\Users\Admin\Desktop\program\studio-projects\InspectionRecord\deploy\tomcat\temp
09-Dec-2017 09:26:41.862 信息 [main] org.apache.catalina.core.AprLifecycleListener.lifecycleEvent The APR based Apache Tomcat Native library which allows optimal performance in production environments was not found on the java.library.path: C:\Program Files\Java\jdk1.8.0_131\bin;C:\WINDOWS\Sun\Java\bin;C:\WINDOWS\system32;C:\WINDOWS;C:\Program Files\Java\jdk1.8.0_131\bin;C:\Program Files\Java\jdk1.8.0_131\jre\bin;C:\ProgramData\Oracle\Java\javapath;C:\Program Files (x86)\Intel\iCLS Client\;C:\Program Files\Intel\iCLS Client\;C:\WINDOWS\system32;C:\WINDOWS;C:\WINDOWS\System32\Wbem;C:\WINDOWS\System32\WindowsPowerShell\v1.0\;C:\Program Files (x86)\Intel\Intel(R) Management Engine Components\DAL;C:\Program Files\Intel\Intel(R) Management Engine Components\DAL;C:\Program Files (x86)\Intel\Intel(R) Management Engine Components\IPT;C:\Program Files\Intel\Intel(R) Management Engine Components\IPT;C:\Program Files\TortoiseSVN\bin;C:\Program Files (x86)\Microsoft SQL Server\100\Tools\Binn\;C:\Program Files\Microsoft SQL Server\100\Tools\Binn\;C:\Program Files\Microsoft SQL Server\100\DTS\Binn\;C:\Program Files (x86)\Microsoft SQL Server\100\Tools\Binn\VSShell\Common7\IDE\;C:\Program Files (x86)\Microsoft SQL Server\100\DTS\Binn\;C:\Users\Admin\AppData\Local\Microsoft\WindowsApps;.
09-Dec-2017 09:26:46.207 信息 [main] org.apache.coyote.AbstractProtocol.init Initializing ProtocolHandler ["http-nio-8080"]
09-Dec-2017 09:26:46.224 信息 [main] org.apache.tomcat.util.net.NioSelectorPool.getSharedSelector Using a shared selector for servlet write/read
09-Dec-2017 09:26:46.228 信息 [main] org.apache.coyote.AbstractProtocol.init Initializing ProtocolHandler ["ajp-nio-8009"]
09-Dec-2017 09:26:46.230 信息 [main] org.apache.tomcat.util.net.NioSelectorPool.getSharedSelector Using a shared selector for servlet write/read
09-Dec-2017 09:26:46.231 信息 [main] org.apache.catalina.startup.Catalina.load Initialization processed in 4754 ms
09-Dec-2017 09:26:46.285 信息 [main] org.apache.catalina.core.StandardService.startInternal Starting service Catalina
09-Dec-2017 09:26:46.287 信息 [main] org.apache.catalina.core.StandardEngine.startInternal Starting Servlet Engine: Apache Tomcat/8.5.14
09-Dec-2017 09:26:46.297 信息 [localhost-startStop-1] org.apache.catalina.startup.HostConfig.deployDirectory Deploying web application directory C:\Users\Admin\Desktop\program\studio-projects\InspectionRecord\deploy\tomcat\webapps\app
09-Dec-2017 09:26:59.759 信息 [localhost-startStop-1] org.apache.catalina.startup.HostConfig.deployDirectory Deployment of web application directory C:\Users\Admin\Desktop\program\studio-projects\InspectionRecord\deploy\tomcat\webapps\app has finished in 13,454 ms
09-Dec-2017 09:26:59.760 信息 [localhost-startStop-1] org.apache.catalina.startup.HostConfig.deployDirectory Deploying web application directory C:\Users\Admin\Desktop\program\studio-projects\InspectionRecord\deploy\tomcat\webapps\app-core
09-Dec-2017 09:27:11.090 信息 [localhost-startStop-1] org.apache.catalina.startup.HostConfig.deployDirectory Deployment of web application directory C:\Users\Admin\Desktop\program\studio-projects\InspectionRecord\deploy\tomcat\webapps\app-core has finished in 11,331 ms
09-Dec-2017 09:27:11.091 信息 [localhost-startStop-1] org.apache.catalina.startup.HostConfig.deployDirectory Deploying web application directory C:\Users\Admin\Desktop\program\studio-projects\InspectionRecord\deploy\tomcat\webapps\app-portal
09-Dec-2017 09:27:14.271 信息 [localhost-startStop-1] org.apache.catalina.startup.HostConfig.deployDirectory Deployment of web application directory C:\Users\Admin\Desktop\program\studio-projects\InspectionRecord\deploy\tomcat\webapps\app-portal has finished in 3,180 ms
09-Dec-2017 09:27:14.277 信息 [main] org.apache.coyote.AbstractProtocol.start Starting ProtocolHandler ["http-nio-8080"]
09-Dec-2017 09:27:14.287 信息 [main] org.apache.coyote.AbstractProtocol.start Starting ProtocolHandler ["ajp-nio-8009"]
09-Dec-2017 09:27:14.293 信息 [main] org.apache.catalina.startup.Catalina.start Server startup in 28061 ms
09-Dec-2017 09:34:42.390 警告 [http-nio-8080-exec-17] com.vaadin.server.DefaultDeploymentConfiguration.checkProductionMode 
=================================================================
Vaadin is running in DEBUG MODE.
Add productionMode=true to web.xml to disable debug features.
To show debug window, add ?debug to your application URL.
=================================================================
09-Dec-2017 09:41:19.034 信息 [main] org.apache.catalina.core.StandardServer.await A valid shutdown command was received via the shutdown port. Stopping the Server instance.
09-Dec-2017 09:41:19.038 信息 [main] org.apache.coyote.AbstractProtocol.pause Pausing ProtocolHandler ["http-nio-8080"]
09-Dec-2017 09:41:19.113 信息 [main] org.apache.coyote.AbstractProtocol.pause Pausing ProtocolHandler ["ajp-nio-8009"]
09-Dec-2017 09:41:19.178 信息 [main] org.apache.catalina.core.StandardService.stopInternal Stopping service Catalina
09-Dec-2017 09:41:19.248 严重 [localhost-startStop-2] org.apache.catalina.loader.WebappClassLoaderBase.checkThreadLocalMapForLeaks The web application [app] created a ThreadLocal with key of type [java.lang.ThreadLocal] (value [java.lang.ThreadLocal@4db50eca]) and a value of type [com.haulmont.cuba.core.sys.UserInvocationContext.RequestScopeUserInfo] (value [com.haulmont.cuba.core.sys.UserInvocationContext$RequestScopeUserInfo@6d7d0f7]) but failed to remove it when the web application was stopped. Threads are going to be renewed over time to try and avoid a probable memory leak.
09-Dec-2017 09:41:19.250 严重 [localhost-startStop-2] org.apache.catalina.loader.WebappClassLoaderBase.checkThreadLocalMapForLeaks The web application [app] created a ThreadLocal with key of type [java.lang.ThreadLocal] (value [java.lang.ThreadLocal@4db50eca]) and a value of type [com.haulmont.cuba.core.sys.UserInvocationContext.RequestScopeUserInfo] (value [com.haulmont.cuba.core.sys.UserInvocationContext$RequestScopeUserInfo@7d3ce673]) but failed to remove it when the web application was stopped. Threads are going to be renewed over time to try and avoid a probable memory leak.
09-Dec-2017 09:41:19.251 严重 [localhost-startStop-2] org.apache.catalina.loader.WebappClassLoaderBase.checkThreadLocalMapForLeaks The web application [app] created a ThreadLocal with key of type [java.lang.ThreadLocal] (value [java.lang.ThreadLocal@4db50eca]) and a value of type [com.haulmont.cuba.core.sys.UserInvocationContext.RequestScopeUserInfo] (value [com.haulmont.cuba.core.sys.UserInvocationContext$RequestScopeUserInfo@25ab9816]) but failed to remove it when the web application was stopped. Threads are going to be renewed over time to try and avoid a probable memory leak.
09-Dec-2017 09:41:19.252 严重 [localhost-startStop-2] org.apache.catalina.loader.WebappClassLoaderBase.checkThreadLocalMapForLeaks The web application [app] created a ThreadLocal with key of type [java.lang.ThreadLocal] (value [java.lang.ThreadLocal@4db50eca]) and a value of type [com.haulmont.cuba.core.sys.UserInvocationContext.RequestScopeUserInfo] (value [com.haulmont.cuba.core.sys.UserInvocationContext$RequestScopeUserInfo@400d0137]) but failed to remove it when the web application was stopped. Threads are going to be renewed over time to try and avoid a probable memory leak.
09-Dec-2017 09:41:19.299 信息 [main] org.apache.coyote.AbstractProtocol.stop Stopping ProtocolHandler ["http-nio-8080"]
09-Dec-2017 09:41:19.308 信息 [main] org.apache.coyote.AbstractProtocol.stop Stopping ProtocolHandler ["ajp-nio-8009"]
09-Dec-2017 09:41:19.311 信息 [main] org.apache.coyote.AbstractProtocol.destroy Destroying ProtocolHandler ["http-nio-8080"]
09-Dec-2017 09:41:19.315 信息 [main] org.apache.coyote.AbstractProtocol.destroy Destroying ProtocolHandler ["ajp-nio-8009"]
09-Dec-2017 09:41:29.872 信息 [main] org.apache.catalina.startup.VersionLoggerListener.log Server version:        Apache Tomcat/8.5.14
09-Dec-2017 09:41:29.882 信息 [main] org.apache.catalina.startup.VersionLoggerListener.log Server built:          Apr 13 2017 12:55:45 UTC
09-Dec-2017 09:41:29.889 信息 [main] org.apache.catalina.startup.VersionLoggerListener.log Server number:         8.5.14.0
09-Dec-2017 09:41:29.890 信息 [main] org.apache.catalina.startup.VersionLoggerListener.log OS Name:               Windows 10
09-Dec-2017 09:41:29.892 信息 [main] org.apache.catalina.startup.VersionLoggerListener.log OS Version:            10.0
09-Dec-2017 09:41:29.892 信息 [main] org.apache.catalina.startup.VersionLoggerListener.log Architecture:          amd64
09-Dec-2017 09:41:29.893 信息 [main] org.apache.catalina.startup.VersionLoggerListener.log Java Home:             C:\Program Files\Java\jdk1.8.0_131\jre
09-Dec-2017 09:41:29.895 信息 [main] org.apache.catalina.startup.VersionLoggerListener.log JVM Version:           1.8.0_131-b11
09-Dec-2017 09:41:29.895 信息 [main] org.apache.catalina.startup.VersionLoggerListener.log JVM Vendor:            Oracle Corporation
09-Dec-2017 09:41:29.895 信息 [main] org.apache.catalina.startup.VersionLoggerListener.log CATALINA_BASE:         C:\Users\Admin\Desktop\program\studio-projects\InspectionRecord\deploy\tomcat
09-Dec-2017 09:41:29.896 信息 [main] org.apache.catalina.startup.VersionLoggerListener.log CATALINA_HOME:         C:\Users\Admin\Desktop\program\studio-projects\InspectionRecord\deploy\tomcat
09-Dec-2017 09:41:29.897 信息 [main] org.apache.catalina.startup.VersionLoggerListener.log Command line argument: -Djava.util.logging.config.file=C:\Users\Admin\Desktop\program\studio-projects\InspectionRecord\deploy\tomcat\conf\logging.properties
09-Dec-2017 09:41:29.898 信息 [main] org.apache.catalina.startup.VersionLoggerListener.log Command line argument: -Djava.util.logging.manager=org.apache.juli.ClassLoaderLogManager
09-Dec-2017 09:41:29.898 信息 [main] org.apache.catalina.startup.VersionLoggerListener.log Command line argument: -Djdk.tls.ephemeralDHKeySize=2048
09-Dec-2017 09:41:29.901 信息 [main] org.apache.catalina.startup.VersionLoggerListener.log Command line argument: -Djava.protocol.handler.pkgs=org.apache.catalina.webresources
09-Dec-2017 09:41:29.902 信息 [main] org.apache.catalina.startup.VersionLoggerListener.log Command line argument: -Xrunjdwp:transport=dt_socket,address=8787,server=y,suspend=n
09-Dec-2017 09:41:29.903 信息 [main] org.apache.catalina.startup.VersionLoggerListener.log Command line argument: -Xmx512m
09-Dec-2017 09:41:29.904 信息 [main] org.apache.catalina.startup.VersionLoggerListener.log Command line argument: -Dfile.encoding=UTF-8
09-Dec-2017 09:41:29.905 信息 [main] org.apache.catalina.startup.VersionLoggerListener.log Command line argument: -Dlogback.configurationFile=../conf/logback.xml
09-Dec-2017 09:41:29.906 信息 [main] org.apache.catalina.startup.VersionLoggerListener.log Command line argument: -Dcom.sun.management.jmxremote
09-Dec-2017 09:41:29.907 信息 [main] org.apache.catalina.startup.VersionLoggerListener.log Command line argument: -Dcatalina.base=C:\Users\Admin\Desktop\program\studio-projects\InspectionRecord\deploy\tomcat
09-Dec-2017 09:41:29.910 信息 [main] org.apache.catalina.startup.VersionLoggerListener.log Command line argument: -Dcatalina.home=C:\Users\Admin\Desktop\program\studio-projects\InspectionRecord\deploy\tomcat
09-Dec-2017 09:41:29.912 信息 [main] org.apache.catalina.startup.VersionLoggerListener.log Command line argument: -Djava.io.tmpdir=C:\Users\Admin\Desktop\program\studio-projects\InspectionRecord\deploy\tomcat\temp
09-Dec-2017 09:41:29.913 信息 [main] org.apache.catalina.core.AprLifecycleListener.lifecycleEvent The APR based Apache Tomcat Native library which allows optimal performance in production environments was not found on the java.library.path: C:\Program Files\Java\jdk1.8.0_131\bin;C:\WINDOWS\Sun\Java\bin;C:\WINDOWS\system32;C:\WINDOWS;C:\Program Files\Java\jdk1.8.0_131\bin;C:\Program Files\Java\jdk1.8.0_131\jre\bin;C:\ProgramData\Oracle\Java\javapath;C:\Program Files (x86)\Intel\iCLS Client\;C:\Program Files\Intel\iCLS Client\;C:\WINDOWS\system32;C:\WINDOWS;C:\WINDOWS\System32\Wbem;C:\WINDOWS\System32\WindowsPowerShell\v1.0\;C:\Program Files (x86)\Intel\Intel(R) Management Engine Components\DAL;C:\Program Files\Intel\Intel(R) Management Engine Components\DAL;C:\Program Files (x86)\Intel\Intel(R) Management Engine Components\IPT;C:\Program Files\Intel\Intel(R) Management Engine Components\IPT;C:\Program Files\TortoiseSVN\bin;C:\Program Files (x86)\Microsoft SQL Server\100\Tools\Binn\;C:\Program Files\Microsoft SQL Server\100\Tools\Binn\;C:\Program Files\Microsoft SQL Server\100\DTS\Binn\;C:\Program Files (x86)\Microsoft SQL Server\100\Tools\Binn\VSShell\Common7\IDE\;C:\Program Files (x86)\Microsoft SQL Server\100\DTS\Binn\;C:\Users\Admin\AppData\Local\Microsoft\WindowsApps;.
09-Dec-2017 09:41:30.058 信息 [main] org.apache.coyote.AbstractProtocol.init Initializing ProtocolHandler ["http-nio-8080"]
09-Dec-2017 09:41:30.077 信息 [main] org.apache.tomcat.util.net.NioSelectorPool.getSharedSelector Using a shared selector for servlet write/read
09-Dec-2017 09:41:30.081 信息 [main] org.apache.coyote.AbstractProtocol.init Initializing ProtocolHandler ["ajp-nio-8009"]
09-Dec-2017 09:41:30.084 信息 [main] org.apache.tomcat.util.net.NioSelectorPool.getSharedSelector Using a shared selector for servlet write/read
09-Dec-2017 09:41:30.085 信息 [main] org.apache.catalina.startup.Catalina.load Initialization processed in 513 ms
09-Dec-2017 09:41:30.119 信息 [main] org.apache.catalina.core.StandardService.startInternal Starting service Catalina
09-Dec-2017 09:41:30.121 信息 [main] org.apache.catalina.core.StandardEngine.startInternal Starting Servlet Engine: Apache Tomcat/8.5.14
09-Dec-2017 09:41:30.134 信息 [localhost-startStop-1] org.apache.catalina.startup.HostConfig.deployDirectory Deploying web application directory C:\Users\Admin\Desktop\program\studio-projects\InspectionRecord\deploy\tomcat\webapps\app
09-Dec-2017 09:41:38.650 信息 [localhost-startStop-1] org.apache.catalina.startup.HostConfig.deployDirectory Deployment of web application directory C:\Users\Admin\Desktop\program\studio-projects\InspectionRecord\deploy\tomcat\webapps\app has finished in 8,515 ms
09-Dec-2017 09:41:38.651 信息 [localhost-startStop-1] org.apache.catalina.startup.HostConfig.deployDirectory Deploying web application directory C:\Users\Admin\Desktop\program\studio-projects\InspectionRecord\deploy\tomcat\webapps\app-core
09-Dec-2017 09:41:47.863 信息 [localhost-startStop-1] org.apache.catalina.startup.HostConfig.deployDirectory Deployment of web application directory C:\Users\Admin\Desktop\program\studio-projects\InspectionRecord\deploy\tomcat\webapps\app-core has finished in 9,212 ms
09-Dec-2017 09:41:47.864 信息 [localhost-startStop-1] org.apache.catalina.startup.HostConfig.deployDirectory Deploying web application directory C:\Users\Admin\Desktop\program\studio-projects\InspectionRecord\deploy\tomcat\webapps\app-portal
09-Dec-2017 09:41:50.460 信息 [localhost-startStop-1] org.apache.catalina.startup.HostConfig.deployDirectory Deployment of web application directory C:\Users\Admin\Desktop\program\studio-projects\InspectionRecord\deploy\tomcat\webapps\app-portal has finished in 2,596 ms
09-Dec-2017 09:41:50.471 信息 [main] org.apache.coyote.AbstractProtocol.start Starting ProtocolHandler ["http-nio-8080"]
09-Dec-2017 09:41:50.484 信息 [main] org.apache.coyote.AbstractProtocol.start Starting ProtocolHandler ["ajp-nio-8009"]
09-Dec-2017 09:41:50.488 信息 [main] org.apache.catalina.startup.Catalina.start Server startup in 20402 ms
09-Dec-2017 09:57:55.431 警告 [http-nio-8080-exec-9] com.vaadin.server.DefaultDeploymentConfiguration.checkProductionMode 
=================================================================
Vaadin is running in DEBUG MODE.
Add productionMode=true to web.xml to disable debug features.
To show debug window, add ?debug to your application URL.
=================================================================
09-Dec-2017 10:42:02.687 信息 [main] org.apache.catalina.core.StandardServer.await A valid shutdown command was received via the shutdown port. Stopping the Server instance.
09-Dec-2017 10:42:02.691 信息 [main] org.apache.coyote.AbstractProtocol.pause Pausing ProtocolHandler ["http-nio-8080"]
09-Dec-2017 10:42:02.762 信息 [main] org.apache.coyote.AbstractProtocol.pause Pausing ProtocolHandler ["ajp-nio-8009"]
09-Dec-2017 10:42:02.830 信息 [main] org.apache.catalina.core.StandardService.stopInternal Stopping service Catalina
09-Dec-2017 10:42:02.932 信息 [main] org.apache.coyote.AbstractProtocol.stop Stopping ProtocolHandler ["http-nio-8080"]
09-Dec-2017 10:42:02.938 信息 [main] org.apache.coyote.AbstractProtocol.stop Stopping ProtocolHandler ["ajp-nio-8009"]
09-Dec-2017 10:42:02.940 信息 [main] org.apache.coyote.AbstractProtocol.destroy Destroying ProtocolHandler ["http-nio-8080"]
09-Dec-2017 10:42:02.942 信息 [main] org.apache.coyote.AbstractProtocol.destroy Destroying ProtocolHandler ["ajp-nio-8009"]
09-Dec-2017 10:42:40.342 信息 [main] org.apache.catalina.startup.VersionLoggerListener.log Server version:        Apache Tomcat/8.5.14
09-Dec-2017 10:42:40.350 信息 [main] org.apache.catalina.startup.VersionLoggerListener.log Server built:          Apr 13 2017 12:55:45 UTC
09-Dec-2017 10:42:40.351 信息 [main] org.apache.catalina.startup.VersionLoggerListener.log Server number:         8.5.14.0
09-Dec-2017 10:42:40.351 信息 [main] org.apache.catalina.startup.VersionLoggerListener.log OS Name:               Windows 10
09-Dec-2017 10:42:40.352 信息 [main] org.apache.catalina.startup.VersionLoggerListener.log OS Version:            10.0
09-Dec-2017 10:42:40.352 信息 [main] org.apache.catalina.startup.VersionLoggerListener.log Architecture:          amd64
09-Dec-2017 10:42:40.353 信息 [main] org.apache.catalina.startup.VersionLoggerListener.log Java Home:             C:\Program Files\Java\jdk1.8.0_131\jre
09-Dec-2017 10:42:40.354 信息 [main] org.apache.catalina.startup.VersionLoggerListener.log JVM Version:           1.8.0_131-b11
09-Dec-2017 10:42:40.354 信息 [main] org.apache.catalina.startup.VersionLoggerListener.log JVM Vendor:            Oracle Corporation
09-Dec-2017 10:42:40.355 信息 [main] org.apache.catalina.startup.VersionLoggerListener.log CATALINA_BASE:         C:\Users\Admin\Desktop\program\studio-projects\InspectionRecord\deploy\tomcat
09-Dec-2017 10:42:40.355 信息 [main] org.apache.catalina.startup.VersionLoggerListener.log CATALINA_HOME:         C:\Users\Admin\Desktop\program\studio-projects\InspectionRecord\deploy\tomcat
09-Dec-2017 10:42:40.356 信息 [main] org.apache.catalina.startup.VersionLoggerListener.log Command line argument: -Djava.util.logging.config.file=C:\Users\Admin\Desktop\program\studio-projects\InspectionRecord\deploy\tomcat\conf\logging.properties
09-Dec-2017 10:42:40.357 信息 [main] org.apache.catalina.startup.VersionLoggerListener.log Command line argument: -Djava.util.logging.manager=org.apache.juli.ClassLoaderLogManager
09-Dec-2017 10:42:40.358 信息 [main] org.apache.catalina.startup.VersionLoggerListener.log Command line argument: -Djdk.tls.ephemeralDHKeySize=2048
09-Dec-2017 10:42:40.359 信息 [main] org.apache.catalina.startup.VersionLoggerListener.log Command line argument: -Djava.protocol.handler.pkgs=org.apache.catalina.webresources
09-Dec-2017 10:42:40.360 信息 [main] org.apache.catalina.startup.VersionLoggerListener.log Command line argument: -Xrunjdwp:transport=dt_socket,address=8787,server=y,suspend=n
09-Dec-2017 10:42:40.361 信息 [main] org.apache.catalina.startup.VersionLoggerListener.log Command line argument: -Xmx512m
09-Dec-2017 10:42:40.362 信息 [main] org.apache.catalina.startup.VersionLoggerListener.log Command line argument: -Dfile.encoding=UTF-8
09-Dec-2017 10:42:40.362 信息 [main] org.apache.catalina.startup.VersionLoggerListener.log Command line argument: -Dlogback.configurationFile=../conf/logback.xml
09-Dec-2017 10:42:40.363 信息 [main] org.apache.catalina.startup.VersionLoggerListener.log Command line argument: -Dcom.sun.management.jmxremote
09-Dec-2017 10:42:40.364 信息 [main] org.apache.catalina.startup.VersionLoggerListener.log Command line argument: -Dcatalina.base=C:\Users\Admin\Desktop\program\studio-projects\InspectionRecord\deploy\tomcat
09-Dec-2017 10:42:40.365 信息 [main] org.apache.catalina.startup.VersionLoggerListener.log Command line argument: -Dcatalina.home=C:\Users\Admin\Desktop\program\studio-projects\InspectionRecord\deploy\tomcat
09-Dec-2017 10:42:40.366 信息 [main] org.apache.catalina.startup.VersionLoggerListener.log Command line argument: -Djava.io.tmpdir=C:\Users\Admin\Desktop\program\studio-projects\InspectionRecord\deploy\tomcat\temp
09-Dec-2017 10:42:40.366 信息 [main] org.apache.catalina.core.AprLifecycleListener.lifecycleEvent The APR based Apache Tomcat Native library which allows optimal performance in production environments was not found on the java.library.path: C:\Program Files\Java\jdk1.8.0_131\bin;C:\WINDOWS\Sun\Java\bin;C:\WINDOWS\system32;C:\WINDOWS;C:\Program Files\Java\jdk1.8.0_131\bin;C:\Program Files\Java\jdk1.8.0_131\jre\bin;C:\ProgramData\Oracle\Java\javapath;C:\Program Files (x86)\Intel\iCLS Client\;C:\Program Files\Intel\iCLS Client\;C:\WINDOWS\system32;C:\WINDOWS;C:\WINDOWS\System32\Wbem;C:\WINDOWS\System32\WindowsPowerShell\v1.0\;C:\Program Files (x86)\Intel\Intel(R) Management Engine Components\DAL;C:\Program Files\Intel\Intel(R) Management Engine Components\DAL;C:\Program Files (x86)\Intel\Intel(R) Management Engine Components\IPT;C:\Program Files\Intel\Intel(R) Management Engine Components\IPT;C:\Program Files\TortoiseSVN\bin;C:\Program Files (x86)\Microsoft SQL Server\100\Tools\Binn\;C:\Program Files\Microsoft SQL Server\100\Tools\Binn\;C:\Program Files\Microsoft SQL Server\100\DTS\Binn\;C:\Program Files (x86)\Microsoft SQL Server\100\Tools\Binn\VSShell\Common7\IDE\;C:\Program Files (x86)\Microsoft SQL Server\100\DTS\Binn\;C:\Users\Admin\AppData\Local\Microsoft\WindowsApps;.
09-Dec-2017 10:42:40.547 信息 [main] org.apache.coyote.AbstractProtocol.init Initializing ProtocolHandler ["http-nio-8080"]
09-Dec-2017 10:42:40.567 信息 [main] org.apache.tomcat.util.net.NioSelectorPool.getSharedSelector Using a shared selector for servlet write/read
09-Dec-2017 10:42:40.571 信息 [main] org.apache.coyote.AbstractProtocol.init Initializing ProtocolHandler ["ajp-nio-8009"]
09-Dec-2017 10:42:40.579 信息 [main] org.apache.tomcat.util.net.NioSelectorPool.getSharedSelector Using a shared selector for servlet write/read
09-Dec-2017 10:42:40.580 信息 [main] org.apache.catalina.startup.Catalina.load Initialization processed in 555 ms
09-Dec-2017 10:42:40.611 信息 [main] org.apache.catalina.core.StandardService.startInternal Starting service Catalina
09-Dec-2017 10:42:40.613 信息 [main] org.apache.catalina.core.StandardEngine.startInternal Starting Servlet Engine: Apache Tomcat/8.5.14
09-Dec-2017 10:42:40.625 信息 [localhost-startStop-1] org.apache.catalina.startup.HostConfig.deployDirectory Deploying web application directory C:\Users\Admin\Desktop\program\studio-projects\InspectionRecord\deploy\tomcat\webapps\app
09-Dec-2017 10:42:48.726 信息 [localhost-startStop-1] org.apache.catalina.startup.HostConfig.deployDirectory Deployment of web application directory C:\Users\Admin\Desktop\program\studio-projects\InspectionRecord\deploy\tomcat\webapps\app has finished in 8,101 ms
09-Dec-2017 10:42:48.727 信息 [localhost-startStop-1] org.apache.catalina.startup.HostConfig.deployDirectory Deploying web application directory C:\Users\Admin\Desktop\program\studio-projects\InspectionRecord\deploy\tomcat\webapps\app-core
09-Dec-2017 10:42:58.389 信息 [localhost-startStop-1] org.apache.catalina.startup.HostConfig.deployDirectory Deployment of web application directory C:\Users\Admin\Desktop\program\studio-projects\InspectionRecord\deploy\tomcat\webapps\app-core has finished in 9,662 ms
09-Dec-2017 10:42:58.390 信息 [localhost-startStop-1] org.apache.catalina.startup.HostConfig.deployDirectory Deploying web application directory C:\Users\Admin\Desktop\program\studio-projects\InspectionRecord\deploy\tomcat\webapps\app-portal
09-Dec-2017 10:43:01.116 信息 [localhost-startStop-1] org.apache.catalina.startup.HostConfig.deployDirectory Deployment of web application directory C:\Users\Admin\Desktop\program\studio-projects\InspectionRecord\deploy\tomcat\webapps\app-portal has finished in 2,726 ms
09-Dec-2017 10:43:01.122 信息 [main] org.apache.coyote.AbstractProtocol.start Starting ProtocolHandler ["http-nio-8080"]
09-Dec-2017 10:43:01.132 信息 [main] org.apache.coyote.AbstractProtocol.start Starting ProtocolHandler ["ajp-nio-8009"]
09-Dec-2017 10:43:01.135 信息 [main] org.apache.catalina.startup.Catalina.start Server startup in 20555 ms
09-Dec-2017 10:43:01.245 警告 [http-nio-8080-exec-4] com.vaadin.server.DefaultDeploymentConfiguration.checkProductionMode 
=================================================================
Vaadin is running in DEBUG MODE.
Add productionMode=true to web.xml to disable debug features.
To show debug window, add ?debug to your application URL.
=================================================================
