07-Nov-2017 11:02:12.623 信息 [localhost-startStop-1] org.apache.catalina.core.ApplicationContext.log Initializing AtmosphereFramework
07-Nov-2017 11:02:12.830 信息 [localhost-startStop-1] org.apache.catalina.core.ApplicationContext.log No Spring WebApplicationInitializer types detected on classpath
07-Nov-2017 11:02:17.793 信息 [localhost-startStop-1] org.apache.catalina.core.ApplicationContext.log Initializing Spring FrameworkServlet 'dispatcher'
07-Nov-2017 11:02:19.087 信息 [localhost-startStop-1] org.apache.catalina.core.ApplicationContext.log Initializing Spring FrameworkServlet 'rest_api'
07-Nov-2017 11:02:20.631 信息 [localhost-startStop-1] org.apache.catalina.core.ApplicationContext.log Initializing AtmosphereFramework
07-Nov-2017 11:02:20.631 信息 [localhost-startStop-1] org.apache.catalina.core.ApplicationContext.log No Spring WebApplicationInitializer types detected on classpath
07-Nov-2017 11:02:29.779 信息 [localhost-startStop-1] org.apache.catalina.core.ApplicationContext.log Initializing Spring FrameworkServlet 'remoting'
07-Nov-2017 11:02:30.036 信息 [localhost-startStop-1] org.apache.catalina.core.ApplicationContext.log Initializing AtmosphereFramework
07-Nov-2017 11:02:30.036 信息 [localhost-startStop-1] org.apache.catalina.core.ApplicationContext.log No Spring WebApplicationInitializer types detected on classpath
07-Nov-2017 11:02:31.549 信息 [localhost-startStop-1] org.apache.catalina.core.ApplicationContext.log Initializing Spring FrameworkServlet 'portal'
07-Nov-2017 11:02:32.121 信息 [localhost-startStop-1] org.apache.catalina.core.ApplicationContext.log Initializing Spring FrameworkServlet 'rest_api'
07-Nov-2017 11:09:18.260 信息 [localhost-startStop-1] org.apache.catalina.core.ApplicationContext.log Initializing AtmosphereFramework
07-Nov-2017 11:09:18.428 信息 [localhost-startStop-1] org.apache.catalina.core.ApplicationContext.log No Spring WebApplicationInitializer types detected on classpath
07-Nov-2017 11:09:23.107 信息 [localhost-startStop-1] org.apache.catalina.core.ApplicationContext.log Initializing Spring FrameworkServlet 'dispatcher'
07-Nov-2017 11:09:24.705 信息 [localhost-startStop-1] org.apache.catalina.core.ApplicationContext.log Initializing Spring FrameworkServlet 'rest_api'
07-Nov-2017 11:09:27.228 信息 [localhost-startStop-1] org.apache.catalina.core.ApplicationContext.log Initializing AtmosphereFramework
07-Nov-2017 11:09:27.228 信息 [localhost-startStop-1] org.apache.catalina.core.ApplicationContext.log No Spring WebApplicationInitializer types detected on classpath
07-Nov-2017 11:09:42.372 信息 [localhost-startStop-1] org.apache.catalina.core.ApplicationContext.log Initializing Spring FrameworkServlet 'remoting'
07-Nov-2017 11:09:42.613 信息 [localhost-startStop-1] org.apache.catalina.core.ApplicationContext.log Initializing AtmosphereFramework
07-Nov-2017 11:09:42.613 信息 [localhost-startStop-1] org.apache.catalina.core.ApplicationContext.log No Spring WebApplicationInitializer types detected on classpath
07-Nov-2017 11:09:43.982 信息 [localhost-startStop-1] org.apache.catalina.core.ApplicationContext.log Initializing Spring FrameworkServlet 'portal'
07-Nov-2017 11:09:44.499 信息 [localhost-startStop-1] org.apache.catalina.core.ApplicationContext.log Initializing Spring FrameworkServlet 'rest_api'
07-Nov-2017 11:24:47.500 信息 [localhost-startStop-1] org.apache.catalina.core.ApplicationContext.log Initializing AtmosphereFramework
07-Nov-2017 11:24:47.727 信息 [localhost-startStop-1] org.apache.catalina.core.ApplicationContext.log No Spring WebApplicationInitializer types detected on classpath
07-Nov-2017 11:24:52.825 信息 [localhost-startStop-1] org.apache.catalina.core.ApplicationContext.log Initializing Spring FrameworkServlet 'dispatcher'
07-Nov-2017 11:24:54.197 信息 [localhost-startStop-1] org.apache.catalina.core.ApplicationContext.log Initializing Spring FrameworkServlet 'rest_api'
07-Nov-2017 11:24:55.715 信息 [localhost-startStop-1] org.apache.catalina.core.ApplicationContext.log Initializing AtmosphereFramework
07-Nov-2017 11:24:55.716 信息 [localhost-startStop-1] org.apache.catalina.core.ApplicationContext.log No Spring WebApplicationInitializer types detected on classpath
07-Nov-2017 11:25:05.986 信息 [localhost-startStop-1] org.apache.catalina.core.ApplicationContext.log Initializing Spring FrameworkServlet 'remoting'
07-Nov-2017 11:25:06.209 信息 [localhost-startStop-1] org.apache.catalina.core.ApplicationContext.log Initializing AtmosphereFramework
07-Nov-2017 11:25:06.209 信息 [localhost-startStop-1] org.apache.catalina.core.ApplicationContext.log No Spring WebApplicationInitializer types detected on classpath
07-Nov-2017 11:25:07.809 信息 [localhost-startStop-1] org.apache.catalina.core.ApplicationContext.log Initializing Spring FrameworkServlet 'portal'
07-Nov-2017 11:25:08.320 信息 [localhost-startStop-1] org.apache.catalina.core.ApplicationContext.log Initializing Spring FrameworkServlet 'rest_api'
07-Nov-2017 11:31:22.217 信息 [localhost-startStop-2] org.apache.catalina.core.ApplicationContext.log Destroying Spring FrameworkServlet 'rest_api'
07-Nov-2017 11:31:22.223 信息 [localhost-startStop-2] org.apache.catalina.core.ApplicationContext.log Destroying Spring FrameworkServlet 'dispatcher'
07-Nov-2017 11:31:22.256 信息 [localhost-startStop-2] org.apache.catalina.core.ApplicationContext.log Destroying Spring FrameworkServlet 'remoting'
07-Nov-2017 11:31:22.277 信息 [localhost-startStop-2] org.apache.catalina.core.ApplicationContext.log Destroying Spring FrameworkServlet 'rest_api'
07-Nov-2017 11:31:22.280 信息 [localhost-startStop-2] org.apache.catalina.core.ApplicationContext.log Destroying Spring FrameworkServlet 'portal'
