25-Oct-2017 21:02:48.885 資訊 [localhost-startStop-1] org.apache.catalina.core.ApplicationContext.log Initializing AtmosphereFramework
25-Oct-2017 21:02:49.247 資訊 [localhost-startStop-1] org.apache.catalina.core.ApplicationContext.log No Spring WebApplicationInitializer types detected on classpath
25-Oct-2017 21:03:01.038 資訊 [localhost-startStop-1] org.apache.catalina.core.ApplicationContext.log Initializing Spring FrameworkServlet 'dispatcher'
25-Oct-2017 21:03:04.339 資訊 [localhost-startStop-1] org.apache.catalina.core.ApplicationContext.log Initializing Spring FrameworkServlet 'rest_api'
25-Oct-2017 21:03:09.007 資訊 [localhost-startStop-1] org.apache.catalina.core.ApplicationContext.log Initializing AtmosphereFramework
25-Oct-2017 21:03:09.007 資訊 [localhost-startStop-1] org.apache.catalina.core.ApplicationContext.log No Spring WebApplicationInitializer types detected on classpath
25-Oct-2017 21:03:36.033 資訊 [localhost-startStop-1] org.apache.catalina.core.ApplicationContext.log Initializing Spring FrameworkServlet 'remoting'
25-Oct-2017 21:08:40.689 資訊 [localhost-startStop-2] org.apache.catalina.core.ApplicationContext.log Destroying Spring FrameworkServlet 'rest_api'
25-Oct-2017 21:08:40.715 資訊 [localhost-startStop-2] org.apache.catalina.core.ApplicationContext.log Destroying Spring FrameworkServlet 'dispatcher'
25-Oct-2017 21:08:40.824 資訊 [localhost-startStop-2] org.apache.catalina.core.ApplicationContext.log Destroying Spring FrameworkServlet 'remoting'
25-Oct-2017 21:08:55.650 資訊 [localhost-startStop-1] org.apache.catalina.core.ApplicationContext.log Initializing AtmosphereFramework
25-Oct-2017 21:08:55.871 資訊 [localhost-startStop-1] org.apache.catalina.core.ApplicationContext.log No Spring WebApplicationInitializer types detected on classpath
25-Oct-2017 21:09:08.036 資訊 [localhost-startStop-1] org.apache.catalina.core.ApplicationContext.log Initializing Spring FrameworkServlet 'dispatcher'
25-Oct-2017 21:09:10.927 資訊 [localhost-startStop-1] org.apache.catalina.core.ApplicationContext.log Initializing Spring FrameworkServlet 'rest_api'
25-Oct-2017 21:09:14.459 資訊 [localhost-startStop-1] org.apache.catalina.core.ApplicationContext.log Initializing AtmosphereFramework
25-Oct-2017 21:09:14.459 資訊 [localhost-startStop-1] org.apache.catalina.core.ApplicationContext.log No Spring WebApplicationInitializer types detected on classpath
25-Oct-2017 21:09:33.387 資訊 [localhost-startStop-1] org.apache.catalina.core.ApplicationContext.log Initializing Spring FrameworkServlet 'remoting'
25-Oct-2017 22:35:27.482 資訊 [localhost-startStop-2] org.apache.catalina.core.ApplicationContext.log Destroying Spring FrameworkServlet 'rest_api'
25-Oct-2017 22:35:27.518 資訊 [localhost-startStop-2] org.apache.catalina.core.ApplicationContext.log Destroying Spring FrameworkServlet 'dispatcher'
25-Oct-2017 22:35:27.635 資訊 [localhost-startStop-2] org.apache.catalina.core.ApplicationContext.log Destroying Spring FrameworkServlet 'remoting'
25-Oct-2017 22:35:50.838 資訊 [localhost-startStop-1] org.apache.catalina.core.ApplicationContext.log Initializing AtmosphereFramework
25-Oct-2017 22:35:51.140 資訊 [localhost-startStop-1] org.apache.catalina.core.ApplicationContext.log No Spring WebApplicationInitializer types detected on classpath
25-Oct-2017 22:36:04.733 資訊 [localhost-startStop-1] org.apache.catalina.core.ApplicationContext.log Initializing Spring FrameworkServlet 'dispatcher'
25-Oct-2017 22:36:07.825 資訊 [localhost-startStop-1] org.apache.catalina.core.ApplicationContext.log Initializing Spring FrameworkServlet 'rest_api'
25-Oct-2017 22:36:11.453 資訊 [localhost-startStop-1] org.apache.catalina.core.ApplicationContext.log Initializing AtmosphereFramework
25-Oct-2017 22:36:11.454 資訊 [localhost-startStop-1] org.apache.catalina.core.ApplicationContext.log No Spring WebApplicationInitializer types detected on classpath
25-Oct-2017 22:36:40.641 資訊 [localhost-startStop-1] org.apache.catalina.core.ApplicationContext.log Initializing Spring FrameworkServlet 'remoting'
25-Oct-2017 22:47:42.959 資訊 [localhost-startStop-2] org.apache.catalina.core.ApplicationContext.log Destroying Spring FrameworkServlet 'rest_api'
25-Oct-2017 22:47:42.972 資訊 [localhost-startStop-2] org.apache.catalina.core.ApplicationContext.log Destroying Spring FrameworkServlet 'dispatcher'
25-Oct-2017 22:47:43.023 資訊 [localhost-startStop-2] org.apache.catalina.core.ApplicationContext.log Destroying Spring FrameworkServlet 'remoting'
25-Oct-2017 22:47:56.621 資訊 [localhost-startStop-1] org.apache.catalina.core.ApplicationContext.log Initializing AtmosphereFramework
25-Oct-2017 22:47:56.855 資訊 [localhost-startStop-1] org.apache.catalina.core.ApplicationContext.log No Spring WebApplicationInitializer types detected on classpath
25-Oct-2017 22:48:07.643 資訊 [localhost-startStop-1] org.apache.catalina.core.ApplicationContext.log Initializing Spring FrameworkServlet 'dispatcher'
25-Oct-2017 22:48:10.378 資訊 [localhost-startStop-1] org.apache.catalina.core.ApplicationContext.log Initializing Spring FrameworkServlet 'rest_api'
25-Oct-2017 22:48:14.189 資訊 [localhost-startStop-1] org.apache.catalina.core.ApplicationContext.log Initializing AtmosphereFramework
25-Oct-2017 22:48:14.189 資訊 [localhost-startStop-1] org.apache.catalina.core.ApplicationContext.log No Spring WebApplicationInitializer types detected on classpath
25-Oct-2017 22:48:34.242 資訊 [localhost-startStop-1] org.apache.catalina.core.ApplicationContext.log Initializing Spring FrameworkServlet 'remoting'
25-Oct-2017 23:06:41.542 資訊 [localhost-startStop-2] org.apache.catalina.core.ApplicationContext.log Destroying Spring FrameworkServlet 'rest_api'
25-Oct-2017 23:06:41.575 資訊 [localhost-startStop-2] org.apache.catalina.core.ApplicationContext.log Destroying Spring FrameworkServlet 'dispatcher'
25-Oct-2017 23:06:41.660 資訊 [localhost-startStop-2] org.apache.catalina.core.ApplicationContext.log Destroying Spring FrameworkServlet 'remoting'
25-Oct-2017 23:07:13.748 資訊 [localhost-startStop-1] org.apache.catalina.core.ApplicationContext.log Initializing AtmosphereFramework
25-Oct-2017 23:07:14.030 資訊 [localhost-startStop-1] org.apache.catalina.core.ApplicationContext.log No Spring WebApplicationInitializer types detected on classpath
25-Oct-2017 23:07:24.146 資訊 [localhost-startStop-1] org.apache.catalina.core.ApplicationContext.log Initializing Spring FrameworkServlet 'dispatcher'
25-Oct-2017 23:07:27.276 資訊 [localhost-startStop-1] org.apache.catalina.core.ApplicationContext.log Initializing Spring FrameworkServlet 'rest_api'
25-Oct-2017 23:07:31.947 資訊 [localhost-startStop-1] org.apache.catalina.core.ApplicationContext.log Initializing AtmosphereFramework
25-Oct-2017 23:07:31.949 資訊 [localhost-startStop-1] org.apache.catalina.core.ApplicationContext.log No Spring WebApplicationInitializer types detected on classpath
25-Oct-2017 23:07:55.638 資訊 [localhost-startStop-1] org.apache.catalina.core.ApplicationContext.log Initializing Spring FrameworkServlet 'remoting'
25-Oct-2017 23:14:50.801 資訊 [localhost-startStop-2] org.apache.catalina.core.ApplicationContext.log Destroying Spring FrameworkServlet 'rest_api'
25-Oct-2017 23:14:50.820 資訊 [localhost-startStop-2] org.apache.catalina.core.ApplicationContext.log Destroying Spring FrameworkServlet 'dispatcher'
25-Oct-2017 23:14:50.869 資訊 [localhost-startStop-2] org.apache.catalina.core.ApplicationContext.log Destroying Spring FrameworkServlet 'remoting'
25-Oct-2017 23:15:03.229 資訊 [localhost-startStop-1] org.apache.catalina.core.ApplicationContext.log Initializing AtmosphereFramework
25-Oct-2017 23:15:03.468 資訊 [localhost-startStop-1] org.apache.catalina.core.ApplicationContext.log No Spring WebApplicationInitializer types detected on classpath
25-Oct-2017 23:15:14.693 資訊 [localhost-startStop-1] org.apache.catalina.core.ApplicationContext.log Initializing Spring FrameworkServlet 'dispatcher'
25-Oct-2017 23:15:17.342 資訊 [localhost-startStop-1] org.apache.catalina.core.ApplicationContext.log Initializing Spring FrameworkServlet 'rest_api'
25-Oct-2017 23:15:21.070 資訊 [localhost-startStop-1] org.apache.catalina.core.ApplicationContext.log Initializing AtmosphereFramework
25-Oct-2017 23:15:21.070 資訊 [localhost-startStop-1] org.apache.catalina.core.ApplicationContext.log No Spring WebApplicationInitializer types detected on classpath
25-Oct-2017 23:15:39.047 資訊 [localhost-startStop-1] org.apache.catalina.core.ApplicationContext.log Initializing Spring FrameworkServlet 'remoting'
25-Oct-2017 23:41:11.668 資訊 [localhost-startStop-2] org.apache.catalina.core.ApplicationContext.log Destroying Spring FrameworkServlet 'rest_api'
25-Oct-2017 23:41:11.674 資訊 [localhost-startStop-2] org.apache.catalina.core.ApplicationContext.log Destroying Spring FrameworkServlet 'dispatcher'
25-Oct-2017 23:41:11.728 資訊 [localhost-startStop-2] org.apache.catalina.core.ApplicationContext.log Destroying Spring FrameworkServlet 'remoting'
25-Oct-2017 23:41:37.190 資訊 [localhost-startStop-1] org.apache.catalina.core.ApplicationContext.log Initializing AtmosphereFramework
25-Oct-2017 23:41:37.427 資訊 [localhost-startStop-1] org.apache.catalina.core.ApplicationContext.log No Spring WebApplicationInitializer types detected on classpath
25-Oct-2017 23:41:47.591 資訊 [localhost-startStop-1] org.apache.catalina.core.ApplicationContext.log Initializing Spring FrameworkServlet 'dispatcher'
25-Oct-2017 23:41:50.042 資訊 [localhost-startStop-1] org.apache.catalina.core.ApplicationContext.log Initializing Spring FrameworkServlet 'rest_api'
25-Oct-2017 23:41:53.678 資訊 [localhost-startStop-1] org.apache.catalina.core.ApplicationContext.log Initializing AtmosphereFramework
25-Oct-2017 23:41:53.678 資訊 [localhost-startStop-1] org.apache.catalina.core.ApplicationContext.log No Spring WebApplicationInitializer types detected on classpath
25-Oct-2017 23:42:12.721 資訊 [localhost-startStop-1] org.apache.catalina.core.ApplicationContext.log Initializing Spring FrameworkServlet 'remoting'
25-Oct-2017 23:47:14.883 資訊 [localhost-startStop-2] org.apache.catalina.core.ApplicationContext.log Destroying Spring FrameworkServlet 'rest_api'
25-Oct-2017 23:47:14.895 資訊 [localhost-startStop-2] org.apache.catalina.core.ApplicationContext.log Destroying Spring FrameworkServlet 'dispatcher'
25-Oct-2017 23:47:14.980 資訊 [localhost-startStop-2] org.apache.catalina.core.ApplicationContext.log Destroying Spring FrameworkServlet 'remoting'
25-Oct-2017 23:47:33.375 資訊 [localhost-startStop-1] org.apache.catalina.core.ApplicationContext.log Initializing AtmosphereFramework
25-Oct-2017 23:47:33.667 資訊 [localhost-startStop-1] org.apache.catalina.core.ApplicationContext.log No Spring WebApplicationInitializer types detected on classpath
25-Oct-2017 23:47:45.373 資訊 [localhost-startStop-1] org.apache.catalina.core.ApplicationContext.log Initializing Spring FrameworkServlet 'dispatcher'
25-Oct-2017 23:47:48.267 資訊 [localhost-startStop-1] org.apache.catalina.core.ApplicationContext.log Initializing Spring FrameworkServlet 'rest_api'
25-Oct-2017 23:47:51.679 資訊 [localhost-startStop-1] org.apache.catalina.core.ApplicationContext.log Initializing AtmosphereFramework
25-Oct-2017 23:47:51.680 資訊 [localhost-startStop-1] org.apache.catalina.core.ApplicationContext.log No Spring WebApplicationInitializer types detected on classpath
25-Oct-2017 23:48:10.258 資訊 [localhost-startStop-1] org.apache.catalina.core.ApplicationContext.log Initializing Spring FrameworkServlet 'remoting'
