07-Dec-2017 10:22:59.129 信息 [localhost-startStop-1] org.apache.catalina.core.ApplicationContext.log Initializing AtmosphereFramework
07-Dec-2017 10:22:59.457 信息 [localhost-startStop-1] org.apache.catalina.core.ApplicationContext.log No Spring WebApplicationInitializer types detected on classpath
07-Dec-2017 10:23:06.429 信息 [localhost-startStop-1] org.apache.catalina.core.ApplicationContext.log Initializing Spring FrameworkServlet 'dispatcher'
07-Dec-2017 10:23:08.148 信息 [localhost-startStop-1] org.apache.catalina.core.ApplicationContext.log Initializing Spring FrameworkServlet 'rest_api'
07-Dec-2017 10:23:10.498 信息 [localhost-startStop-1] org.apache.catalina.core.ApplicationContext.log Initializing AtmosphereFramework
07-Dec-2017 10:23:10.499 信息 [localhost-startStop-1] org.apache.catalina.core.ApplicationContext.log No Spring WebApplicationInitializer types detected on classpath
07-Dec-2017 10:23:21.539 信息 [localhost-startStop-1] org.apache.catalina.core.ApplicationContext.log Initializing Spring FrameworkServlet 'remoting'
07-Dec-2017 10:23:22.055 信息 [localhost-startStop-1] org.apache.catalina.core.ApplicationContext.log Initializing AtmosphereFramework
07-Dec-2017 10:23:22.055 信息 [localhost-startStop-1] org.apache.catalina.core.ApplicationContext.log No Spring WebApplicationInitializer types detected on classpath
07-Dec-2017 10:23:23.572 信息 [localhost-startStop-1] org.apache.catalina.core.ApplicationContext.log Initializing Spring FrameworkServlet 'portal'
07-Dec-2017 10:23:24.165 信息 [localhost-startStop-1] org.apache.catalina.core.ApplicationContext.log Initializing Spring FrameworkServlet 'rest_api'
07-Dec-2017 10:37:38.180 信息 [localhost-startStop-1] org.apache.catalina.core.ApplicationContext.log Initializing AtmosphereFramework
07-Dec-2017 10:37:38.347 信息 [localhost-startStop-1] org.apache.catalina.core.ApplicationContext.log No Spring WebApplicationInitializer types detected on classpath
07-Dec-2017 10:37:43.212 信息 [localhost-startStop-1] org.apache.catalina.core.ApplicationContext.log Initializing Spring FrameworkServlet 'dispatcher'
07-Dec-2017 10:37:44.560 信息 [localhost-startStop-1] org.apache.catalina.core.ApplicationContext.log Initializing Spring FrameworkServlet 'rest_api'
07-Dec-2017 10:37:45.960 信息 [localhost-startStop-1] org.apache.catalina.core.ApplicationContext.log Initializing AtmosphereFramework
07-Dec-2017 10:37:45.960 信息 [localhost-startStop-1] org.apache.catalina.core.ApplicationContext.log No Spring WebApplicationInitializer types detected on classpath
07-Dec-2017 10:37:55.445 信息 [localhost-startStop-1] org.apache.catalina.core.ApplicationContext.log Initializing Spring FrameworkServlet 'remoting'
07-Dec-2017 10:37:55.708 信息 [localhost-startStop-1] org.apache.catalina.core.ApplicationContext.log Initializing AtmosphereFramework
07-Dec-2017 10:37:55.708 信息 [localhost-startStop-1] org.apache.catalina.core.ApplicationContext.log No Spring WebApplicationInitializer types detected on classpath
07-Dec-2017 10:37:57.324 信息 [localhost-startStop-1] org.apache.catalina.core.ApplicationContext.log Initializing Spring FrameworkServlet 'portal'
07-Dec-2017 10:37:57.815 信息 [localhost-startStop-1] org.apache.catalina.core.ApplicationContext.log Initializing Spring FrameworkServlet 'rest_api'
07-Dec-2017 10:39:15.385 信息 [localhost-startStop-1] org.apache.catalina.core.ApplicationContext.log Initializing AtmosphereFramework
07-Dec-2017 10:39:15.606 信息 [localhost-startStop-1] org.apache.catalina.core.ApplicationContext.log No Spring WebApplicationInitializer types detected on classpath
07-Dec-2017 10:39:20.558 信息 [localhost-startStop-1] org.apache.catalina.core.ApplicationContext.log Initializing Spring FrameworkServlet 'dispatcher'
07-Dec-2017 10:39:21.953 信息 [localhost-startStop-1] org.apache.catalina.core.ApplicationContext.log Initializing Spring FrameworkServlet 'rest_api'
07-Dec-2017 10:39:23.305 信息 [localhost-startStop-1] org.apache.catalina.core.ApplicationContext.log Initializing AtmosphereFramework
07-Dec-2017 10:39:23.306 信息 [localhost-startStop-1] org.apache.catalina.core.ApplicationContext.log No Spring WebApplicationInitializer types detected on classpath
07-Dec-2017 10:39:32.742 信息 [localhost-startStop-1] org.apache.catalina.core.ApplicationContext.log Initializing Spring FrameworkServlet 'remoting'
07-Dec-2017 10:39:32.964 信息 [localhost-startStop-1] org.apache.catalina.core.ApplicationContext.log Initializing AtmosphereFramework
07-Dec-2017 10:39:32.964 信息 [localhost-startStop-1] org.apache.catalina.core.ApplicationContext.log No Spring WebApplicationInitializer types detected on classpath
07-Dec-2017 10:39:34.700 信息 [localhost-startStop-1] org.apache.catalina.core.ApplicationContext.log Initializing Spring FrameworkServlet 'portal'
07-Dec-2017 10:39:35.174 信息 [localhost-startStop-1] org.apache.catalina.core.ApplicationContext.log Initializing Spring FrameworkServlet 'rest_api'
07-Dec-2017 10:41:11.392 信息 [localhost-startStop-1] org.apache.catalina.core.ApplicationContext.log Initializing AtmosphereFramework
07-Dec-2017 10:41:11.556 信息 [localhost-startStop-1] org.apache.catalina.core.ApplicationContext.log No Spring WebApplicationInitializer types detected on classpath
07-Dec-2017 10:41:16.219 信息 [localhost-startStop-1] org.apache.catalina.core.ApplicationContext.log Initializing Spring FrameworkServlet 'dispatcher'
07-Dec-2017 10:41:17.629 信息 [localhost-startStop-1] org.apache.catalina.core.ApplicationContext.log Initializing Spring FrameworkServlet 'rest_api'
07-Dec-2017 10:41:19.249 信息 [localhost-startStop-1] org.apache.catalina.core.ApplicationContext.log Initializing AtmosphereFramework
07-Dec-2017 10:41:19.249 信息 [localhost-startStop-1] org.apache.catalina.core.ApplicationContext.log No Spring WebApplicationInitializer types detected on classpath
07-Dec-2017 10:41:28.453 信息 [localhost-startStop-1] org.apache.catalina.core.ApplicationContext.log Initializing Spring FrameworkServlet 'remoting'
07-Dec-2017 10:41:28.711 信息 [localhost-startStop-1] org.apache.catalina.core.ApplicationContext.log Initializing AtmosphereFramework
07-Dec-2017 10:41:28.712 信息 [localhost-startStop-1] org.apache.catalina.core.ApplicationContext.log No Spring WebApplicationInitializer types detected on classpath
07-Dec-2017 10:41:30.148 信息 [localhost-startStop-1] org.apache.catalina.core.ApplicationContext.log Initializing Spring FrameworkServlet 'portal'
07-Dec-2017 10:41:30.627 信息 [localhost-startStop-1] org.apache.catalina.core.ApplicationContext.log Initializing Spring FrameworkServlet 'rest_api'
07-Dec-2017 10:43:17.528 信息 [localhost-startStop-2] org.apache.catalina.core.ApplicationContext.log Destroying Spring FrameworkServlet 'rest_api'
07-Dec-2017 10:43:17.538 信息 [localhost-startStop-2] org.apache.catalina.core.ApplicationContext.log Destroying Spring FrameworkServlet 'dispatcher'
07-Dec-2017 10:43:17.582 信息 [localhost-startStop-2] org.apache.catalina.core.ApplicationContext.log Destroying Spring FrameworkServlet 'remoting'
07-Dec-2017 10:43:17.601 信息 [localhost-startStop-2] org.apache.catalina.core.ApplicationContext.log Destroying Spring FrameworkServlet 'rest_api'
07-Dec-2017 10:43:17.606 信息 [localhost-startStop-2] org.apache.catalina.core.ApplicationContext.log Destroying Spring FrameworkServlet 'portal'
