Performance Statistics   2017-12-09 09:26:00 - 2017-12-09 09:27:00
Tag                                                  Avg(ms)         Min         Max     Std Dev       Count
Messages.searchClasspath                                 0.9           0          22         3.4          50
Messages.searchFiles                                     0.2           0          12         1.7          50

Performance Statistics   2017-12-09 09:27:00 - 2017-12-09 09:28:00
Tag                                                  Avg(ms)         Min         Max     Std Dev       Count
Messages.searchClasspath                                 0.3           0           6         0.9          80
Messages.searchFiles                                     0.0           0           1         0.2          80
Metadata.replaceExtendedMetaClasses                      1.0           1           1         0.0           1
QueryParser.getEntityName()                             60.0           1         175        81.3           3
QueryParser.getEntityNameIfSecondaryReturnedInsteadOfMain()         0.0           0           0         0.0           3
QueryParser.getEntityPathIfSecondaryReturnedInsteadOfMain()         0.0           0           0         0.0           3
QueryParser.getParamNames()                              0.0           0           0         0.0           3
QueryParser.isCollectionSecondaryEntitySelect()          0.0           0           0         0.0           2
QueryTransformer.addEntityInGroupBy(..)                  0.0           0           0         0.0           2
QueryTransformer.addFirstSelectionSource(..)             0.0           0           0         0.0           2
QueryTransformer.addWhereAsIs(..)                        0.5           0           1         0.5           2
QueryTransformer.getResult()                             1.0           0           2         1.0           2
QueryTransformer.replaceWithSelectEntityVariable(..)         0.5           0           1         0.5           2

Performance Statistics   2017-12-09 09:28:00 - 2017-12-09 09:29:00
Tag                                                  Avg(ms)         Min         Max     Std Dev       Count

Performance Statistics   2017-12-09 09:29:00 - 2017-12-09 09:30:00
Tag                                                  Avg(ms)         Min         Max     Std Dev       Count

Performance Statistics   2017-12-09 09:30:00 - 2017-12-09 09:31:00
Tag                                                  Avg(ms)         Min         Max     Std Dev       Count

Performance Statistics   2017-12-09 09:31:00 - 2017-12-09 09:32:00
Tag                                                  Avg(ms)         Min         Max     Std Dev       Count

Performance Statistics   2017-12-09 09:32:00 - 2017-12-09 09:33:00
Tag                                                  Avg(ms)         Min         Max     Std Dev       Count

Performance Statistics   2017-12-09 09:33:00 - 2017-12-09 09:34:00
Tag                                                  Avg(ms)         Min         Max     Std Dev       Count

Performance Statistics   2017-12-09 09:34:00 - 2017-12-09 09:35:00
Tag                                                  Avg(ms)         Min         Max     Std Dev       Count
AppFolders                                               9.0           9           9         0.0           1
LoadClass                                                0.5           0           1         0.5           6
MenuItem.inspectionrecord$Employee.browse             2648.0        2648        2648         0.0           1
Messages.searchClasspath                                 0.1           0          19         1.1         558
Messages.searchFiles                                     0.0           0           0         0.0         558
Metadata.replaceExtendedMetaClasses                      1.0           1           1         0.0           1
PersistenceSecurity.applyConstraints(..)                 2.8           0           8         3.1           4
QueryParser.getEntityAlias()                             0.7           0           2         0.9           3
QueryParser.getEntityName()                              0.6           0           6         1.4          20
QueryParser.getEntityNameIfSecondaryReturnedInsteadOfMain()         0.0           0           0         0.0          16
QueryParser.getEntityPathIfSecondaryReturnedInsteadOfMain()         0.3           0           4         1.0          16
QueryParser.getParamNames()                              0.2           0           4         0.9          20
QueryParser.hasIsNullCondition(..)                       2.5           0           5         2.5           2
QueryParser.isCollectionSecondaryEntitySelect()          0.0           0           0         0.0           2
QueryTransformer.addEntityInGroupBy(..)                  0.0           0           0         0.0           2
QueryTransformer.addFirstSelectionSource(..)             0.0           0           0         0.0           2
QueryTransformer.addWhereAsIs(..)                        0.0           0           0         0.0           2
QueryTransformer.getResult()                             0.0           0           0         0.0           2
QueryTransformer.replaceWithSelectEntityVariable(..)         0.0           0           0         0.0           2
SearchFolders                                           15.0          15          15         0.0           1
Security.isEntityOpPermitted(..)                         0.0           0           0         0.0           4
ViewRepository.init.ViewRepositoryClientImpl            14.0          14          14         0.0           1
ViewRepository.init.ViewRepositoryImpl                  16.0          16          16         0.0           1

Performance Statistics   2017-12-09 09:35:00 - 2017-12-09 09:36:00
Tag                                                  Avg(ms)         Min         Max     Std Dev       Count
QueryParser.getEntityName()                              0.1           0           1         0.3          15
QueryParser.getEntityNameIfSecondaryReturnedInsteadOfMain()         0.0           0           0         0.0          15
QueryParser.getEntityPathIfSecondaryReturnedInsteadOfMain()         0.0           0           0         0.0          15
QueryParser.getParamNames()                              0.0           0           0         0.0          15
QueryParser.isCollectionSecondaryEntitySelect()          0.0           0           0         0.0           6
QueryTransformer.addEntityInGroupBy(..)                  0.0           0           0         0.0           6
QueryTransformer.addFirstSelectionSource(..)             0.0           0           0         0.0           6
QueryTransformer.addWhereAsIs(..)                        0.0           0           0         0.0           6
QueryTransformer.getResult()                             0.0           0           0         0.0           6
QueryTransformer.replaceWithSelectEntityVariable(..)         0.0           0           0         0.0           6

Performance Statistics   2017-12-09 09:36:00 - 2017-12-09 09:37:00
Tag                                                  Avg(ms)         Min         Max     Std Dev       Count
LoadClass                                                0.5           0           1         0.5           2
MenuItem.inspectionrecord$InspectionRecord.browse       410.0         410         410         0.0           1
Messages.searchClasspath                                 0.0           0           1         0.1          66
Messages.searchFiles                                     0.0           0           0         0.0          66
PersistenceSecurity.applyConstraints(..)                 0.0           0           0         0.0           5
QueryParser.getEntityAlias()                             0.0           0           0         0.0           4
QueryParser.getEntityName()                              0.0           0           0         0.0          12
QueryParser.getEntityNameIfSecondaryReturnedInsteadOfMain()         0.0           0           0         0.0           7
QueryParser.getEntityPathIfSecondaryReturnedInsteadOfMain()         0.0           0           0         0.0           7
QueryParser.getParamNames()                              0.0           0           0         0.0          12
QueryParser.hasIsNullCondition(..)                       0.0           0           0         0.0           5
Security.isEntityOpPermitted(..)                         0.0           0           0         0.0           5

Performance Statistics   2017-12-09 09:37:00 - 2017-12-09 09:38:00
Tag                                                  Avg(ms)         Min         Max     Std Dev       Count
LoadClass                                                0.3           0           1         0.4           8
MenuItem.inspectionrecord$DefectType.browse            252.0         252         252         0.0           1
MenuItem.inspectionrecord$HtJob.browse                 276.0         276         276         0.0           1
MenuItem.inspectionrecord$InspectionRecord.browse       243.0         243         243         0.0           1
MenuItem.inspectionrecord$Job.browse                   432.0         432         432         0.0           1
Messages.searchClasspath                                 0.0           0           1         0.1         333
Messages.searchFiles                                     0.0           0           0         0.0         333
PersistenceSecurity.applyConstraints(..)                 0.5           0           2         0.7          17
QueryParser.getEntityAlias()                             0.1           0           1         0.3          12
QueryParser.getEntityName()                              0.0           0           1         0.2          42
QueryParser.getEntityNameIfSecondaryReturnedInsteadOfMain()         0.0           0           0         0.0          25
QueryParser.getEntityPathIfSecondaryReturnedInsteadOfMain()         0.0           0           0         0.0          25
QueryParser.getParamNames()                              0.0           0           0         0.0          42
QueryParser.hasIsNullCondition(..)                       0.3           0           3         0.8          15
Security.isEntityOpPermitted(..)                         0.0           0           0         0.0          17

Performance Statistics   2017-12-09 09:38:00 - 2017-12-09 09:39:00
Tag                                                  Avg(ms)         Min         Max     Std Dev       Count
LoadClass                                                0.0           0           0         0.0           2
MenuItem.inspectionrecord$InspectionRecord.browse       188.0         188         188         0.0           1
PersistenceSecurity.applyConstraints(..)                 0.4           0           2         0.8           5
QueryParser.getEntityAlias()                             0.0           0           0         0.0           4
QueryParser.getEntityName()                              0.0           0           0         0.0          12
QueryParser.getEntityNameIfSecondaryReturnedInsteadOfMain()         0.0           0           0         0.0           7
QueryParser.getEntityPathIfSecondaryReturnedInsteadOfMain()         0.0           0           0         0.0           7
QueryParser.getParamNames()                              0.0           0           0         0.0          12
QueryParser.hasIsNullCondition(..)                       0.0           0           0         0.0           5
Security.isEntityOpPermitted(..)                         0.0           0           0         0.0           5

Performance Statistics   2017-12-09 09:39:00 - 2017-12-09 09:40:00
Tag                                                  Avg(ms)         Min         Max     Std Dev       Count
QueryParser.getEntityName()                              0.0           0           0         0.0           5
QueryParser.getEntityNameIfSecondaryReturnedInsteadOfMain()         0.0           0           0         0.0           5
QueryParser.getEntityPathIfSecondaryReturnedInsteadOfMain()         0.0           0           0         0.0           5
QueryParser.getParamNames()                              0.0           0           0         0.0           5
QueryParser.isCollectionSecondaryEntitySelect()          0.0           0           0         0.0           2
QueryTransformer.addEntityInGroupBy(..)                  0.0           0           0         0.0           2
QueryTransformer.addFirstSelectionSource(..)             0.0           0           0         0.0           2
QueryTransformer.addWhereAsIs(..)                        0.0           0           0         0.0           2
QueryTransformer.getResult()                             0.0           0           0         0.0           2
QueryTransformer.replaceWithSelectEntityVariable(..)         0.0           0           0         0.0           2

Performance Statistics   2017-12-09 09:40:00 - 2017-12-09 09:41:00
Tag                                                  Avg(ms)         Min         Max     Std Dev       Count
QueryParser.getEntityName()                              0.0           0           0         0.0           7
QueryParser.getEntityNameIfSecondaryReturnedInsteadOfMain()         0.0           0           0         0.0           7
QueryParser.getEntityPathIfSecondaryReturnedInsteadOfMain()         0.0           0           0         0.0           7
QueryParser.getParamNames()                              0.0           0           0         0.0           7
QueryParser.isCollectionSecondaryEntitySelect()          0.0           0           0         0.0           2
QueryTransformer.addEntityInGroupBy(..)                  0.0           0           0         0.0           2
QueryTransformer.addFirstSelectionSource(..)             0.0           0           0         0.0           2
QueryTransformer.addWhereAsIs(..)                        0.0           0           0         0.0           2
QueryTransformer.getResult()                             0.0           0           0         0.0           2
QueryTransformer.replaceWithSelectEntityVariable(..)         0.0           0           0         0.0           2

Performance Statistics   2017-12-09 09:41:00 - 2017-12-09 09:42:00
Tag                                                  Avg(ms)         Min         Max     Std Dev       Count
Messages.searchClasspath                                 0.4           0           9         1.3         130
Messages.searchFiles                                     0.1           0          15         1.3         130
Metadata.replaceExtendedMetaClasses                      1.0           1           1         0.0           1
QueryParser.getEntityName()                             50.0           1         145        67.2           3
QueryParser.getEntityNameIfSecondaryReturnedInsteadOfMain()         0.0           0           0         0.0           3
QueryParser.getEntityPathIfSecondaryReturnedInsteadOfMain()         0.0           0           0         0.0           3
QueryParser.getParamNames()                              0.0           0           0         0.0           3
QueryParser.isCollectionSecondaryEntitySelect()          0.0           0           0         0.0           2
QueryTransformer.addEntityInGroupBy(..)                  0.0           0           0         0.0           2
QueryTransformer.addFirstSelectionSource(..)             0.0           0           0         0.0           2
QueryTransformer.addWhereAsIs(..)                        0.5           0           1         0.5           2
QueryTransformer.getResult()                             1.0           0           2         1.0           2
QueryTransformer.replaceWithSelectEntityVariable(..)         0.5           0           1         0.5           2

Performance Statistics   2017-12-09 09:42:00 - 2017-12-09 09:43:00
Tag                                                  Avg(ms)         Min         Max     Std Dev       Count

Performance Statistics   2017-12-09 09:43:00 - 2017-12-09 09:44:00
Tag                                                  Avg(ms)         Min         Max     Std Dev       Count

Performance Statistics   2017-12-09 09:44:00 - 2017-12-09 09:45:00
Tag                                                  Avg(ms)         Min         Max     Std Dev       Count

Performance Statistics   2017-12-09 09:45:00 - 2017-12-09 09:46:00
Tag                                                  Avg(ms)         Min         Max     Std Dev       Count

Performance Statistics   2017-12-09 09:46:00 - 2017-12-09 09:47:00
Tag                                                  Avg(ms)         Min         Max     Std Dev       Count

Performance Statistics   2017-12-09 09:47:00 - 2017-12-09 09:48:00
Tag                                                  Avg(ms)         Min         Max     Std Dev       Count

Performance Statistics   2017-12-09 09:48:00 - 2017-12-09 09:49:00
Tag                                                  Avg(ms)         Min         Max     Std Dev       Count

Performance Statistics   2017-12-09 09:49:00 - 2017-12-09 09:50:00
Tag                                                  Avg(ms)         Min         Max     Std Dev       Count

Performance Statistics   2017-12-09 09:50:00 - 2017-12-09 09:51:00
Tag                                                  Avg(ms)         Min         Max     Std Dev       Count

Performance Statistics   2017-12-09 09:51:00 - 2017-12-09 09:52:00
Tag                                                  Avg(ms)         Min         Max     Std Dev       Count

Performance Statistics   2017-12-09 09:52:00 - 2017-12-09 09:53:00
Tag                                                  Avg(ms)         Min         Max     Std Dev       Count

Performance Statistics   2017-12-09 09:53:00 - 2017-12-09 09:54:00
Tag                                                  Avg(ms)         Min         Max     Std Dev       Count

Performance Statistics   2017-12-09 09:54:00 - 2017-12-09 09:55:00
Tag                                                  Avg(ms)         Min         Max     Std Dev       Count

Performance Statistics   2017-12-09 09:55:00 - 2017-12-09 09:56:00
Tag                                                  Avg(ms)         Min         Max     Std Dev       Count

Performance Statistics   2017-12-09 09:56:00 - 2017-12-09 09:57:00
Tag                                                  Avg(ms)         Min         Max     Std Dev       Count

Performance Statistics   2017-12-09 09:57:00 - 2017-12-09 09:58:00
Tag                                                  Avg(ms)         Min         Max     Std Dev       Count
AppFolders                                               8.0           8           8         0.0           1
LoadClass                                                0.8           0           2         0.8           4
Messages.searchClasspath                                 0.0           0           5         0.3         299
Messages.searchFiles                                     0.0           0           0         0.0         299
Metadata.replaceExtendedMetaClasses                      1.0           1           1         0.0           1
PersistenceSecurity.applyConstraints(..)                 7.0           7           7         0.0           1
QueryParser.getEntityAlias()                             1.0           1           1         0.0           1
QueryParser.getEntityName()                              1.1           0           7         2.0          11
QueryParser.getEntityNameIfSecondaryReturnedInsteadOfMain()         0.0           0           0         0.0          10
QueryParser.getEntityPathIfSecondaryReturnedInsteadOfMain()         0.0           0           0         0.0          10
QueryParser.getParamNames()                              0.2           0           2         0.6          11
QueryParser.hasIsNullCondition(..)                      10.0          10          10         0.0           1
QueryParser.isCollectionSecondaryEntitySelect()          0.0           0           0         0.0           2
QueryTransformer.addEntityInGroupBy(..)                  0.0           0           0         0.0           2
QueryTransformer.addFirstSelectionSource(..)             0.0           0           0         0.0           2
QueryTransformer.addWhereAsIs(..)                        0.0           0           0         0.0           2
QueryTransformer.getResult()                             0.0           0           0         0.0           2
QueryTransformer.replaceWithSelectEntityVariable(..)         0.0           0           0         0.0           2
SearchFolders                                           18.0          18          18         0.0           1
Security.isEntityOpPermitted(..)                         0.0           0           0         0.0           1
ViewRepository.init.ViewRepositoryClientImpl            13.0          13          13         0.0           1

Performance Statistics   2017-12-09 09:58:00 - 2017-12-09 09:59:00
Tag                                                  Avg(ms)         Min         Max     Std Dev       Count
LoadClass                                                1.5           0           3         1.5           2
MenuItem.inspectionrecord$InspectionRecord.browse      1939.0        1939        1939         0.0           1
Messages.searchClasspath                                 0.0           0           1         0.1         285
Messages.searchFiles                                     0.0           0           0         0.0         285
PersistenceSecurity.applyConstraints(..)                 1.2           0           2         0.7           5
QueryParser.getEntityAlias()                             0.2           0           1         0.4           5
QueryParser.getEntityName()                              0.8           0          11         2.6          17
QueryParser.getEntityNameIfSecondaryReturnedInsteadOfMain()         0.0           0           0         0.0          12
QueryParser.getEntityPathIfSecondaryReturnedInsteadOfMain()         0.0           0           0         0.0          12
QueryParser.getParamNames()                              0.1           0           1         0.2          17
QueryParser.hasIsNullCondition(..)                       0.0           0           0         0.0           5
QueryParser.isCollectionSecondaryEntitySelect()          0.0           0           0         0.0           2
QueryTransformer.addEntityInGroupBy(..)                  0.0           0           0         0.0           2
QueryTransformer.addFirstSelectionSource(..)             0.0           0           0         0.0           2
QueryTransformer.addWhereAsIs(..)                        0.0           0           0         0.0           2
QueryTransformer.getResult()                             0.0           0           0         0.0           2
QueryTransformer.replaceWithSelectEntityVariable(..)         0.0           0           0         0.0           2
Security.isEntityOpPermitted(..)                         0.0           0           0         0.0           5
ViewRepository.init.ViewRepositoryImpl                  10.0          10          10         0.0           1

Performance Statistics   2017-12-09 09:59:00 - 2017-12-09 10:00:00
Tag                                                  Avg(ms)         Min         Max     Std Dev       Count

Performance Statistics   2017-12-09 10:00:00 - 2017-12-09 10:01:00
Tag                                                  Avg(ms)         Min         Max     Std Dev       Count

Performance Statistics   2017-12-09 10:01:00 - 2017-12-09 10:02:00
Tag                                                  Avg(ms)         Min         Max     Std Dev       Count

Performance Statistics   2017-12-09 10:02:00 - 2017-12-09 10:03:00
Tag                                                  Avg(ms)         Min         Max     Std Dev       Count

Performance Statistics   2017-12-09 10:03:00 - 2017-12-09 10:04:00
Tag                                                  Avg(ms)         Min         Max     Std Dev       Count

Performance Statistics   2017-12-09 10:04:00 - 2017-12-09 10:05:00
Tag                                                  Avg(ms)         Min         Max     Std Dev       Count

Performance Statistics   2017-12-09 10:05:00 - 2017-12-09 10:06:00
Tag                                                  Avg(ms)         Min         Max     Std Dev       Count

Performance Statistics   2017-12-09 10:06:00 - 2017-12-09 10:07:00
Tag                                                  Avg(ms)         Min         Max     Std Dev       Count

Performance Statistics   2017-12-09 10:07:00 - 2017-12-09 10:08:00
Tag                                                  Avg(ms)         Min         Max     Std Dev       Count

Performance Statistics   2017-12-09 10:08:00 - 2017-12-09 10:09:00
Tag                                                  Avg(ms)         Min         Max     Std Dev       Count

Performance Statistics   2017-12-09 10:09:00 - 2017-12-09 10:10:00
Tag                                                  Avg(ms)         Min         Max     Std Dev       Count

Performance Statistics   2017-12-09 10:10:00 - 2017-12-09 10:11:00
Tag                                                  Avg(ms)         Min         Max     Std Dev       Count

Performance Statistics   2017-12-09 10:11:00 - 2017-12-09 10:12:00
Tag                                                  Avg(ms)         Min         Max     Std Dev       Count

Performance Statistics   2017-12-09 10:12:00 - 2017-12-09 10:13:00
Tag                                                  Avg(ms)         Min         Max     Std Dev       Count

Performance Statistics   2017-12-09 10:13:00 - 2017-12-09 10:14:00
Tag                                                  Avg(ms)         Min         Max     Std Dev       Count

Performance Statistics   2017-12-09 10:14:00 - 2017-12-09 10:15:00
Tag                                                  Avg(ms)         Min         Max     Std Dev       Count

Performance Statistics   2017-12-09 10:15:00 - 2017-12-09 10:16:00
Tag                                                  Avg(ms)         Min         Max     Std Dev       Count

Performance Statistics   2017-12-09 10:16:00 - 2017-12-09 10:17:00
Tag                                                  Avg(ms)         Min         Max     Std Dev       Count

Performance Statistics   2017-12-09 10:17:00 - 2017-12-09 10:18:00
Tag                                                  Avg(ms)         Min         Max     Std Dev       Count

Performance Statistics   2017-12-09 10:18:00 - 2017-12-09 10:19:00
Tag                                                  Avg(ms)         Min         Max     Std Dev       Count

Performance Statistics   2017-12-09 10:19:00 - 2017-12-09 10:20:00
Tag                                                  Avg(ms)         Min         Max     Std Dev       Count

Performance Statistics   2017-12-09 10:20:00 - 2017-12-09 10:21:00
Tag                                                  Avg(ms)         Min         Max     Std Dev       Count

Performance Statistics   2017-12-09 10:21:00 - 2017-12-09 10:22:00
Tag                                                  Avg(ms)         Min         Max     Std Dev       Count

Performance Statistics   2017-12-09 10:22:00 - 2017-12-09 10:23:00
Tag                                                  Avg(ms)         Min         Max     Std Dev       Count

Performance Statistics   2017-12-09 10:23:00 - 2017-12-09 10:24:00
Tag                                                  Avg(ms)         Min         Max     Std Dev       Count

Performance Statistics   2017-12-09 10:24:00 - 2017-12-09 10:25:00
Tag                                                  Avg(ms)         Min         Max     Std Dev       Count

Performance Statistics   2017-12-09 10:25:00 - 2017-12-09 10:26:00
Tag                                                  Avg(ms)         Min         Max     Std Dev       Count

Performance Statistics   2017-12-09 10:26:00 - 2017-12-09 10:27:00
Tag                                                  Avg(ms)         Min         Max     Std Dev       Count

Performance Statistics   2017-12-09 10:27:00 - 2017-12-09 10:28:00
Tag                                                  Avg(ms)         Min         Max     Std Dev       Count

Performance Statistics   2017-12-09 10:28:00 - 2017-12-09 10:29:00
Tag                                                  Avg(ms)         Min         Max     Std Dev       Count

Performance Statistics   2017-12-09 10:29:00 - 2017-12-09 10:30:00
Tag                                                  Avg(ms)         Min         Max     Std Dev       Count

Performance Statistics   2017-12-09 10:30:00 - 2017-12-09 10:31:00
Tag                                                  Avg(ms)         Min         Max     Std Dev       Count

Performance Statistics   2017-12-09 10:31:00 - 2017-12-09 10:32:00
Tag                                                  Avg(ms)         Min         Max     Std Dev       Count

Performance Statistics   2017-12-09 10:32:00 - 2017-12-09 10:33:00
Tag                                                  Avg(ms)         Min         Max     Std Dev       Count

Performance Statistics   2017-12-09 10:33:00 - 2017-12-09 10:34:00
Tag                                                  Avg(ms)         Min         Max     Std Dev       Count

Performance Statistics   2017-12-09 10:34:00 - 2017-12-09 10:35:00
Tag                                                  Avg(ms)         Min         Max     Std Dev       Count

Performance Statistics   2017-12-09 10:35:00 - 2017-12-09 10:36:00
Tag                                                  Avg(ms)         Min         Max     Std Dev       Count

Performance Statistics   2017-12-09 10:36:00 - 2017-12-09 10:37:00
Tag                                                  Avg(ms)         Min         Max     Std Dev       Count

Performance Statistics   2017-12-09 10:37:00 - 2017-12-09 10:38:00
Tag                                                  Avg(ms)         Min         Max     Std Dev       Count

Performance Statistics   2017-12-09 10:38:00 - 2017-12-09 10:39:00
Tag                                                  Avg(ms)         Min         Max     Std Dev       Count
LoadClass                                              754.0         754         754         0.0           1

Performance Statistics   2017-12-09 10:39:00 - 2017-12-09 10:40:00
Tag                                                  Avg(ms)         Min         Max     Std Dev       Count
LoadClass                                              346.0         346         346         0.0           1

Performance Statistics   2017-12-09 10:40:00 - 2017-12-09 10:41:00
Tag                                                  Avg(ms)         Min         Max     Std Dev       Count

Performance Statistics   2017-12-09 10:42:00 - 2017-12-09 10:43:00
Tag                                                  Avg(ms)         Min         Max     Std Dev       Count
Messages.searchClasspath                                 0.3           0           9         1.2         130
Messages.searchFiles                                     0.1           0          15         1.3         130
Metadata.replaceExtendedMetaClasses                      1.0           1           1         0.0           1
QueryParser.getEntityName()                             74.0           1         215        99.7           3
QueryParser.getEntityNameIfSecondaryReturnedInsteadOfMain()         0.0           0           0         0.0           3
QueryParser.getEntityPathIfSecondaryReturnedInsteadOfMain()         0.0           0           0         0.0           3
QueryParser.getParamNames()                              0.3           0           1         0.5           3
QueryParser.isCollectionSecondaryEntitySelect()          0.0           0           0         0.0           2
QueryTransformer.addEntityInGroupBy(..)                  0.0           0           0         0.0           2
QueryTransformer.addFirstSelectionSource(..)             0.0           0           0         0.0           2
QueryTransformer.addWhereAsIs(..)                        0.5           0           1         0.5           2
QueryTransformer.getResult()                             1.0           0           2         1.0           2
QueryTransformer.replaceWithSelectEntityVariable(..)         0.5           0           1         0.5           2

Performance Statistics   2017-12-09 10:43:00 - 2017-12-09 10:44:00
Tag                                                  Avg(ms)         Min         Max     Std Dev       Count
AppFolders                                               7.0           7           7         0.0           1
LoadClass                                                1.0           0           4         1.4           6
MenuItem.inspectionrecord$InspectionRecord.browse      1295.0        1295        1295         0.0           1
Messages.searchClasspath                                 0.0           0           5         0.3         584
Messages.searchFiles                                     0.0           0           0         0.0         584
Metadata.replaceExtendedMetaClasses                      1.0           1           1         0.0           1
PersistenceSecurity.applyConstraints(..)                 2.8           0           7         2.7           4
QueryParser.getEntityAlias()                             0.3           0           1         0.4           4
QueryParser.getEntityName()                              0.4           0           4         0.9          30
QueryParser.getEntityNameIfSecondaryReturnedInsteadOfMain()         0.0           0           0         0.0          26
QueryParser.getEntityPathIfSecondaryReturnedInsteadOfMain()         0.0           0           0         0.0          26
QueryParser.getParamNames()                              0.0           0           1         0.2          30
QueryParser.hasIsNullCondition(..)                       2.7           0           8         3.8           3
QueryParser.isCollectionSecondaryEntitySelect()          0.0           0           0         0.0           6
QueryTransformer.addEntityInGroupBy(..)                  0.0           0           0         0.0           6
QueryTransformer.addFirstSelectionSource(..)             0.0           0           0         0.0           6
QueryTransformer.addWhereAsIs(..)                        0.0           0           0         0.0           6
QueryTransformer.getResult()                             0.0           0           0         0.0           6
QueryTransformer.replaceWithSelectEntityVariable(..)         0.2           0           1         0.4           6
SearchFolders                                           13.0          13          13         0.0           1
Security.isEntityOpPermitted(..)                         0.0           0           0         0.0           4
ViewRepository.init.ViewRepositoryClientImpl            12.0          12          12         0.0           1
ViewRepository.init.ViewRepositoryImpl                   9.0           9           9         0.0           1

Performance Statistics   2017-12-09 10:44:00 - 2017-12-09 10:45:00
Tag                                                  Avg(ms)         Min         Max     Std Dev       Count

Performance Statistics   2017-12-09 10:45:00 - 2017-12-09 10:46:00
Tag                                                  Avg(ms)         Min         Max     Std Dev       Count

Performance Statistics   2017-12-09 10:46:00 - 2017-12-09 10:47:00
Tag                                                  Avg(ms)         Min         Max     Std Dev       Count

Performance Statistics   2017-12-09 10:47:00 - 2017-12-09 10:48:00
Tag                                                  Avg(ms)         Min         Max     Std Dev       Count

Performance Statistics   2017-12-09 10:48:00 - 2017-12-09 10:49:00
Tag                                                  Avg(ms)         Min         Max     Std Dev       Count

Performance Statistics   2017-12-09 10:49:00 - 2017-12-09 10:50:00
Tag                                                  Avg(ms)         Min         Max     Std Dev       Count

Performance Statistics   2017-12-09 10:50:00 - 2017-12-09 10:51:00
Tag                                                  Avg(ms)         Min         Max     Std Dev       Count

Performance Statistics   2017-12-09 10:51:00 - 2017-12-09 10:52:00
Tag                                                  Avg(ms)         Min         Max     Std Dev       Count

Performance Statistics   2017-12-09 10:52:00 - 2017-12-09 10:53:00
Tag                                                  Avg(ms)         Min         Max     Std Dev       Count

Performance Statistics   2017-12-09 10:53:00 - 2017-12-09 10:54:00
Tag                                                  Avg(ms)         Min         Max     Std Dev       Count

Performance Statistics   2017-12-09 10:54:00 - 2017-12-09 10:55:00
Tag                                                  Avg(ms)         Min         Max     Std Dev       Count

Performance Statistics   2017-12-09 10:55:00 - 2017-12-09 10:56:00
Tag                                                  Avg(ms)         Min         Max     Std Dev       Count

Performance Statistics   2017-12-09 10:56:00 - 2017-12-09 10:57:00
Tag                                                  Avg(ms)         Min         Max     Std Dev       Count

Performance Statistics   2017-12-09 10:57:00 - 2017-12-09 10:58:00
Tag                                                  Avg(ms)         Min         Max     Std Dev       Count

Performance Statistics   2017-12-09 10:58:00 - 2017-12-09 10:59:00
Tag                                                  Avg(ms)         Min         Max     Std Dev       Count

Performance Statistics   2017-12-09 10:59:00 - 2017-12-09 11:00:00
Tag                                                  Avg(ms)         Min         Max     Std Dev       Count

Performance Statistics   2017-12-09 11:00:00 - 2017-12-09 11:01:00
Tag                                                  Avg(ms)         Min         Max     Std Dev       Count
LoadClass                                              644.0         209        1079       435.0           2

Performance Statistics   2017-12-09 11:01:00 - 2017-12-09 11:02:00
Tag                                                  Avg(ms)         Min         Max     Std Dev       Count

Performance Statistics   2017-12-09 11:02:00 - 2017-12-09 11:03:00
Tag                                                  Avg(ms)         Min         Max     Std Dev       Count

Performance Statistics   2017-12-09 11:03:00 - 2017-12-09 11:04:00
Tag                                                  Avg(ms)         Min         Max     Std Dev       Count

Performance Statistics   2017-12-09 11:04:00 - 2017-12-09 11:05:00
Tag                                                  Avg(ms)         Min         Max     Std Dev       Count

Performance Statistics   2017-12-09 11:05:00 - 2017-12-09 11:06:00
Tag                                                  Avg(ms)         Min         Max     Std Dev       Count

Performance Statistics   2017-12-09 11:06:00 - 2017-12-09 11:07:00
Tag                                                  Avg(ms)         Min         Max     Std Dev       Count

Performance Statistics   2017-12-09 11:07:00 - 2017-12-09 11:08:00
Tag                                                  Avg(ms)         Min         Max     Std Dev       Count

Performance Statistics   2017-12-09 11:08:00 - 2017-12-09 11:09:00
Tag                                                  Avg(ms)         Min         Max     Std Dev       Count

Performance Statistics   2017-12-09 11:09:00 - 2017-12-09 11:10:00
Tag                                                  Avg(ms)         Min         Max     Std Dev       Count

Performance Statistics   2017-12-09 11:10:00 - 2017-12-09 11:11:00
Tag                                                  Avg(ms)         Min         Max     Std Dev       Count

Performance Statistics   2017-12-09 11:11:00 - 2017-12-09 11:12:00
Tag                                                  Avg(ms)         Min         Max     Std Dev       Count

Performance Statistics   2017-12-09 11:12:00 - 2017-12-09 11:13:00
Tag                                                  Avg(ms)         Min         Max     Std Dev       Count

Performance Statistics   2017-12-09 11:13:00 - 2017-12-09 11:14:00
Tag                                                  Avg(ms)         Min         Max     Std Dev       Count

Performance Statistics   2017-12-09 11:14:00 - 2017-12-09 11:15:00
Tag                                                  Avg(ms)         Min         Max     Std Dev       Count

Performance Statistics   2017-12-09 11:15:00 - 2017-12-09 11:16:00
Tag                                                  Avg(ms)         Min         Max     Std Dev       Count

Performance Statistics   2017-12-09 11:16:00 - 2017-12-09 11:17:00
Tag                                                  Avg(ms)         Min         Max     Std Dev       Count

Performance Statistics   2017-12-09 11:17:00 - 2017-12-09 11:18:00
Tag                                                  Avg(ms)         Min         Max     Std Dev       Count

Performance Statistics   2017-12-09 11:18:00 - 2017-12-09 11:19:00
Tag                                                  Avg(ms)         Min         Max     Std Dev       Count

Performance Statistics   2017-12-09 11:19:00 - 2017-12-09 11:20:00
Tag                                                  Avg(ms)         Min         Max     Std Dev       Count

Performance Statistics   2017-12-09 11:20:00 - 2017-12-09 11:21:00
Tag                                                  Avg(ms)         Min         Max     Std Dev       Count

Performance Statistics   2017-12-09 11:21:00 - 2017-12-09 11:22:00
Tag                                                  Avg(ms)         Min         Max     Std Dev       Count

Performance Statistics   2017-12-09 11:22:00 - 2017-12-09 11:23:00
Tag                                                  Avg(ms)         Min         Max     Std Dev       Count

Performance Statistics   2017-12-09 11:23:00 - 2017-12-09 11:24:00
Tag                                                  Avg(ms)         Min         Max     Std Dev       Count

Performance Statistics   2017-12-09 11:24:00 - 2017-12-09 11:25:00
Tag                                                  Avg(ms)         Min         Max     Std Dev       Count
QueryParser.getEntityName()                              0.0           0           0         0.0           7
QueryParser.getEntityNameIfSecondaryReturnedInsteadOfMain()         0.0           0           0         0.0           7
QueryParser.getEntityPathIfSecondaryReturnedInsteadOfMain()         0.0           0           0         0.0           7
QueryParser.getParamNames()                              0.0           0           0         0.0           7
QueryParser.isCollectionSecondaryEntitySelect()          0.0           0           0         0.0           2
QueryTransformer.addEntityInGroupBy(..)                  0.0           0           0         0.0           2
QueryTransformer.addFirstSelectionSource(..)             0.0           0           0         0.0           2
QueryTransformer.addWhereAsIs(..)                        0.0           0           0         0.0           2
QueryTransformer.getResult()                             0.0           0           0         0.0           2
QueryTransformer.replaceWithSelectEntityVariable(..)         0.0           0           0         0.0           2

Performance Statistics   2017-12-09 11:25:00 - 2017-12-09 11:26:00
Tag                                                  Avg(ms)         Min         Max     Std Dev       Count
LoadClass                                                0.5           0           1         0.5           2
MenuItem.inspectionrecord$Employee.browse              222.0         222         222         0.0           1
Messages.searchClasspath                                 0.0           0           1         0.2          40
Messages.searchFiles                                     0.0           0           0         0.0          40
PersistenceSecurity.applyConstraints(..)                 0.4           0           2         0.8           5
QueryParser.getEntityAlias()                             0.0           0           0         0.0           3
QueryParser.getEntityName()                              0.0           0           0         0.0          12
QueryParser.getEntityNameIfSecondaryReturnedInsteadOfMain()         0.0           0           0         0.0           7
QueryParser.getEntityPathIfSecondaryReturnedInsteadOfMain()         0.0           0           0         0.0           7
QueryParser.getParamNames()                              0.0           0           0         0.0          12
QueryParser.hasIsNullCondition(..)                       0.0           0           0         0.0           4
Security.isEntityOpPermitted(..)                         0.0           0           0         0.0           5

Performance Statistics   2017-12-09 11:26:00 - 2017-12-09 11:27:00
Tag                                                  Avg(ms)         Min         Max     Std Dev       Count

Performance Statistics   2017-12-09 11:27:00 - 2017-12-09 11:28:00
Tag                                                  Avg(ms)         Min         Max     Std Dev       Count

Performance Statistics   2017-12-09 11:28:00 - 2017-12-09 11:29:00
Tag                                                  Avg(ms)         Min         Max     Std Dev       Count

Performance Statistics   2017-12-09 11:29:00 - 2017-12-09 11:30:00
Tag                                                  Avg(ms)         Min         Max     Std Dev       Count

Performance Statistics   2017-12-09 11:30:00 - 2017-12-09 11:31:00
Tag                                                  Avg(ms)         Min         Max     Std Dev       Count

Performance Statistics   2017-12-09 11:31:00 - 2017-12-09 11:32:00
Tag                                                  Avg(ms)         Min         Max     Std Dev       Count

Performance Statistics   2017-12-09 11:32:00 - 2017-12-09 11:33:00
Tag                                                  Avg(ms)         Min         Max     Std Dev       Count

Performance Statistics   2017-12-09 11:33:00 - 2017-12-09 11:34:00
Tag                                                  Avg(ms)         Min         Max     Std Dev       Count

Performance Statistics   2017-12-09 11:34:00 - 2017-12-09 11:35:00
Tag                                                  Avg(ms)         Min         Max     Std Dev       Count

Performance Statistics   2017-12-09 11:35:00 - 2017-12-09 11:36:00
Tag                                                  Avg(ms)         Min         Max     Std Dev       Count

Performance Statistics   2017-12-09 11:36:00 - 2017-12-09 11:37:00
Tag                                                  Avg(ms)         Min         Max     Std Dev       Count

Performance Statistics   2017-12-09 11:37:00 - 2017-12-09 11:38:00
Tag                                                  Avg(ms)         Min         Max     Std Dev       Count

Performance Statistics   2017-12-09 11:38:00 - 2017-12-09 11:39:00
Tag                                                  Avg(ms)         Min         Max     Std Dev       Count

Performance Statistics   2017-12-09 11:39:00 - 2017-12-09 11:40:00
Tag                                                  Avg(ms)         Min         Max     Std Dev       Count

Performance Statistics   2017-12-09 11:40:00 - 2017-12-09 11:41:00
Tag                                                  Avg(ms)         Min         Max     Std Dev       Count

Performance Statistics   2017-12-09 11:41:00 - 2017-12-09 11:42:00
Tag                                                  Avg(ms)         Min         Max     Std Dev       Count

Performance Statistics   2017-12-09 11:42:00 - 2017-12-09 11:43:00
Tag                                                  Avg(ms)         Min         Max     Std Dev       Count

Performance Statistics   2017-12-09 11:43:00 - 2017-12-09 11:44:00
Tag                                                  Avg(ms)         Min         Max     Std Dev       Count

Performance Statistics   2017-12-09 11:44:00 - 2017-12-09 11:45:00
Tag                                                  Avg(ms)         Min         Max     Std Dev       Count

Performance Statistics   2017-12-09 11:45:00 - 2017-12-09 11:46:00
Tag                                                  Avg(ms)         Min         Max     Std Dev       Count

Performance Statistics   2017-12-09 11:46:00 - 2017-12-09 11:47:00
Tag                                                  Avg(ms)         Min         Max     Std Dev       Count

Performance Statistics   2017-12-09 11:47:00 - 2017-12-09 11:48:00
Tag                                                  Avg(ms)         Min         Max     Std Dev       Count

Performance Statistics   2017-12-09 11:48:00 - 2017-12-09 11:49:00
Tag                                                  Avg(ms)         Min         Max     Std Dev       Count

Performance Statistics   2017-12-09 11:49:00 - 2017-12-09 11:50:00
Tag                                                  Avg(ms)         Min         Max     Std Dev       Count

Performance Statistics   2017-12-09 11:50:00 - 2017-12-09 11:51:00
Tag                                                  Avg(ms)         Min         Max     Std Dev       Count

Performance Statistics   2017-12-09 11:51:00 - 2017-12-09 11:52:00
Tag                                                  Avg(ms)         Min         Max     Std Dev       Count

Performance Statistics   2017-12-09 11:52:00 - 2017-12-09 11:53:00
Tag                                                  Avg(ms)         Min         Max     Std Dev       Count

Performance Statistics   2017-12-09 11:53:00 - 2017-12-09 11:54:00
Tag                                                  Avg(ms)         Min         Max     Std Dev       Count

Performance Statistics   2017-12-09 11:54:00 - 2017-12-09 11:55:00
Tag                                                  Avg(ms)         Min         Max     Std Dev       Count

Performance Statistics   2017-12-09 11:55:00 - 2017-12-09 11:56:00
Tag                                                  Avg(ms)         Min         Max     Std Dev       Count

Performance Statistics   2017-12-09 11:56:00 - 2017-12-09 11:57:00
Tag                                                  Avg(ms)         Min         Max     Std Dev       Count

Performance Statistics   2017-12-09 11:57:00 - 2017-12-09 11:58:00
Tag                                                  Avg(ms)         Min         Max     Std Dev       Count

Performance Statistics   2017-12-09 11:58:00 - 2017-12-09 11:59:00
Tag                                                  Avg(ms)         Min         Max     Std Dev       Count

Performance Statistics   2017-12-09 11:59:00 - 2017-12-09 12:00:00
Tag                                                  Avg(ms)         Min         Max     Std Dev       Count

Performance Statistics   2017-12-09 12:00:00 - 2017-12-09 12:01:00
Tag                                                  Avg(ms)         Min         Max     Std Dev       Count

