Performance Statistics   2017-12-11 10:36:00 - 2017-12-11 10:38:00
Tag                                                  Avg(ms)         Min         Max     Std Dev       Count
inspectionrecord$DefectType.browse#init                  5.0           5           5         0.0           1
inspectionrecord$DefectType.browse#inject                0.0           0           0         0.0           1
inspectionrecord$DefectType.browse#load                 96.0          96          96         0.0           1
inspectionrecord$DefectType.browse#ready                 0.0           0           0         0.0           1
inspectionrecord$DefectType.browse#uiPermissions         0.0           0           0         0.0           1
inspectionrecord$DefectType.browse#xml                   2.0           2           2         0.0           1
inspectionrecord$DefectType.browse@defectTypesDs       444.0         444         444         0.0           1
inspectionrecord$Employee.browse#init                   10.0          10          10         0.0           1
inspectionrecord$Employee.browse#inject                  1.0           1           1         0.0           1
inspectionrecord$Employee.browse#load                  747.0         747         747         0.0           1
inspectionrecord$Employee.browse#ready                   0.0           0           0         0.0           1
inspectionrecord$Employee.browse#uiPermissions           0.0           0           0         0.0           1
inspectionrecord$Employee.browse#xml                     4.0           4           4         0.0           1
inspectionrecord$Employee.browse@employeesDs          1550.0        1550        1550         0.0           1
inspectionrecord$InspectionRecord.browse#init            4.0           4           4         0.0           1
inspectionrecord$InspectionRecord.browse#inject          0.0           0           0         0.0           1
inspectionrecord$InspectionRecord.browse#load          127.0         127         127         0.0           1
inspectionrecord$InspectionRecord.browse#ready           0.0           0           0         0.0           1
inspectionrecord$InspectionRecord.browse#uiPermissions         0.0           0           0         0.0           1
inspectionrecord$InspectionRecord.browse#xml             4.0           4           4         0.0           1
inspectionrecord$InspectionRecord.browse@inspectionRecordsDs       431.0         431         431         0.0           1
loginWindow#init                                        10.0          10          10         0.0           1
loginWindow#inject                                       7.0           7           7         0.0           1
loginWindow#load                                       569.0         569         569         0.0           1
loginWindow#ready                                        0.0           0           0         0.0           1
loginWindow#uiPermissions                                0.0           0           0         0.0           1
loginWindow#xml                                          9.0           9           9         0.0           1
mainWindow#init                                         67.0          67          67         0.0           1
mainWindow#inject                                        1.0           1           1         0.0           1
mainWindow#load                                        334.0         334         334         0.0           1
mainWindow#ready                                         0.0           0           0         0.0           1
mainWindow#uiPermissions                                 0.0           0           0         0.0           1
mainWindow#xml                                           1.0           1           1         0.0           1

Performance Statistics   2017-12-11 10:38:00 - 2017-12-11 10:40:00
Tag                                                  Avg(ms)         Min         Max     Std Dev       Count

Performance Statistics   2017-12-11 10:40:00 - 2017-12-11 10:42:00
Tag                                                  Avg(ms)         Min         Max     Std Dev       Count

Performance Statistics   2017-12-11 10:42:00 - 2017-12-11 10:44:00
Tag                                                  Avg(ms)         Min         Max     Std Dev       Count

Performance Statistics   2017-12-11 10:44:00 - 2017-12-11 10:46:00
Tag                                                  Avg(ms)         Min         Max     Std Dev       Count

Performance Statistics   2017-12-11 10:46:00 - 2017-12-11 10:48:00
Tag                                                  Avg(ms)         Min         Max     Std Dev       Count

Performance Statistics   2017-12-11 10:48:00 - 2017-12-11 10:50:00
Tag                                                  Avg(ms)         Min         Max     Std Dev       Count

Performance Statistics   2017-12-11 10:50:00 - 2017-12-11 10:52:00
Tag                                                  Avg(ms)         Min         Max     Std Dev       Count

Performance Statistics   2017-12-11 10:52:00 - 2017-12-11 10:54:00
Tag                                                  Avg(ms)         Min         Max     Std Dev       Count

Performance Statistics   2017-12-11 10:54:00 - 2017-12-11 10:56:00
Tag                                                  Avg(ms)         Min         Max     Std Dev       Count

Performance Statistics   2017-12-11 10:56:00 - 2017-12-11 10:58:00
Tag                                                  Avg(ms)         Min         Max     Std Dev       Count

Performance Statistics   2017-12-11 10:58:00 - 2017-12-11 11:00:00
Tag                                                  Avg(ms)         Min         Max     Std Dev       Count

Performance Statistics   2017-12-11 11:00:00 - 2017-12-11 11:02:00
Tag                                                  Avg(ms)         Min         Max     Std Dev       Count

Performance Statistics   2017-12-11 11:02:00 - 2017-12-11 11:04:00
Tag                                                  Avg(ms)         Min         Max     Std Dev       Count

Performance Statistics   2017-12-11 11:04:00 - 2017-12-11 11:06:00
Tag                                                  Avg(ms)         Min         Max     Std Dev       Count

Performance Statistics   2017-12-11 11:06:00 - 2017-12-11 11:08:00
Tag                                                  Avg(ms)         Min         Max     Std Dev       Count

Performance Statistics   2017-12-11 11:08:00 - 2017-12-11 11:10:00
Tag                                                  Avg(ms)         Min         Max     Std Dev       Count

Performance Statistics   2017-12-11 11:10:00 - 2017-12-11 11:12:00
Tag                                                  Avg(ms)         Min         Max     Std Dev       Count

Performance Statistics   2017-12-11 11:12:00 - 2017-12-11 11:14:00
Tag                                                  Avg(ms)         Min         Max     Std Dev       Count

Performance Statistics   2017-12-11 11:14:00 - 2017-12-11 11:16:00
Tag                                                  Avg(ms)         Min         Max     Std Dev       Count

Performance Statistics   2017-12-11 11:16:00 - 2017-12-11 11:18:00
Tag                                                  Avg(ms)         Min         Max     Std Dev       Count

Performance Statistics   2017-12-11 11:18:00 - 2017-12-11 11:20:00
Tag                                                  Avg(ms)         Min         Max     Std Dev       Count

Performance Statistics   2017-12-11 11:20:00 - 2017-12-11 11:22:00
Tag                                                  Avg(ms)         Min         Max     Std Dev       Count

Performance Statistics   2017-12-11 11:22:00 - 2017-12-11 11:24:00
Tag                                                  Avg(ms)         Min         Max     Std Dev       Count

Performance Statistics   2017-12-11 11:24:00 - 2017-12-11 11:26:00
Tag                                                  Avg(ms)         Min         Max     Std Dev       Count

Performance Statistics   2017-12-11 11:26:00 - 2017-12-11 11:28:00
Tag                                                  Avg(ms)         Min         Max     Std Dev       Count

Performance Statistics   2017-12-11 11:28:00 - 2017-12-11 11:30:00
Tag                                                  Avg(ms)         Min         Max     Std Dev       Count

Performance Statistics   2017-12-11 11:30:00 - 2017-12-11 11:32:00
Tag                                                  Avg(ms)         Min         Max     Std Dev       Count
inspectionrecord$DefectType.browse#init                  0.0           0           0         0.0           1
inspectionrecord$DefectType.browse#inject                0.0           0           0         0.0           1
inspectionrecord$DefectType.browse#load                 29.0          29          29         0.0           1
inspectionrecord$DefectType.browse#ready                 0.0           0           0         0.0           1
inspectionrecord$DefectType.browse#uiPermissions         0.0           0           0         0.0           1
inspectionrecord$DefectType.browse#xml                   0.0           0           0         0.0           1
inspectionrecord$DefectType.browse@defectTypesDs       152.0         152         152         0.0           1

Performance Statistics   2017-12-11 11:32:00 - 2017-12-11 11:34:00
Tag                                                  Avg(ms)         Min         Max     Std Dev       Count

Performance Statistics   2017-12-11 11:34:00 - 2017-12-11 11:36:00
Tag                                                  Avg(ms)         Min         Max     Std Dev       Count

Performance Statistics   2017-12-11 11:42:00 - 2017-12-11 11:44:00
Tag                                                  Avg(ms)         Min         Max     Std Dev       Count

Performance Statistics   2017-12-11 11:44:00 - 2017-12-11 11:46:00
Tag                                                  Avg(ms)         Min         Max     Std Dev       Count

Performance Statistics   2017-12-11 11:46:00 - 2017-12-11 11:48:00
Tag                                                  Avg(ms)         Min         Max     Std Dev       Count

Performance Statistics   2017-12-11 11:48:00 - 2017-12-11 11:50:00
Tag                                                  Avg(ms)         Min         Max     Std Dev       Count

Performance Statistics   2017-12-11 11:50:00 - 2017-12-11 11:52:00
Tag                                                  Avg(ms)         Min         Max     Std Dev       Count

Performance Statistics   2017-12-11 11:52:00 - 2017-12-11 11:54:00
Tag                                                  Avg(ms)         Min         Max     Std Dev       Count

Performance Statistics   2017-12-11 11:54:00 - 2017-12-11 11:56:00
Tag                                                  Avg(ms)         Min         Max     Std Dev       Count

Performance Statistics   2017-12-11 11:56:00 - 2017-12-11 11:58:00
Tag                                                  Avg(ms)         Min         Max     Std Dev       Count

Performance Statistics   2017-12-11 11:58:00 - 2017-12-11 12:00:00
Tag                                                  Avg(ms)         Min         Max     Std Dev       Count
inspectionrecord$InspectionRecord.browse#init           12.0          12          12         0.0           1
inspectionrecord$InspectionRecord.browse#inject          1.0           1           1         0.0           1
inspectionrecord$InspectionRecord.browse#load          620.0         620         620         0.0           1
inspectionrecord$InspectionRecord.browse#ready           0.0           0           0         0.0           1
inspectionrecord$InspectionRecord.browse#uiPermissions         0.0           0           0         0.0           1
inspectionrecord$InspectionRecord.browse#xml             4.0           4           4         0.0           1
inspectionrecord$InspectionRecord.browse@inspectionRecordsDs       449.0         449         449         0.0           1
loginWindow#init                                        34.0          34          34         0.0           1
loginWindow#inject                                      11.0          11          11         0.0           1
loginWindow#load                                       402.0         402         402         0.0           1
loginWindow#ready                                        0.0           0           0         0.0           1
loginWindow#uiPermissions                                0.0           0           0         0.0           1
loginWindow#xml                                         10.0          10          10         0.0           1
mainWindow#init                                         13.0          13          13         0.0           1
mainWindow#inject                                        1.0           1           1         0.0           1
mainWindow#load                                        138.0         138         138         0.0           1
mainWindow#ready                                         0.0           0           0         0.0           1
mainWindow#uiPermissions                                 0.0           0           0         0.0           1
mainWindow#xml                                           1.0           1           1         0.0           1

Performance Statistics   2017-12-11 13:40:00 - 2017-12-11 13:42:00
Tag                                                  Avg(ms)         Min         Max     Std Dev       Count

Performance Statistics   2017-12-11 13:42:00 - 2017-12-11 13:44:00
Tag                                                  Avg(ms)         Min         Max     Std Dev       Count

Performance Statistics   2017-12-11 13:44:00 - 2017-12-11 13:46:00
Tag                                                  Avg(ms)         Min         Max     Std Dev       Count

Performance Statistics   2017-12-11 13:46:00 - 2017-12-11 13:48:00
Tag                                                  Avg(ms)         Min         Max     Std Dev       Count

Performance Statistics   2017-12-11 13:48:00 - 2017-12-11 13:50:00
Tag                                                  Avg(ms)         Min         Max     Std Dev       Count

Performance Statistics   2017-12-11 13:50:00 - 2017-12-11 13:52:00
Tag                                                  Avg(ms)         Min         Max     Std Dev       Count

Performance Statistics   2017-12-11 13:52:00 - 2017-12-11 13:54:00
Tag                                                  Avg(ms)         Min         Max     Std Dev       Count

Performance Statistics   2017-12-11 13:54:00 - 2017-12-11 13:56:00
Tag                                                  Avg(ms)         Min         Max     Std Dev       Count

Performance Statistics   2017-12-11 13:56:00 - 2017-12-11 13:58:00
Tag                                                  Avg(ms)         Min         Max     Std Dev       Count

Performance Statistics   2017-12-11 14:00:00 - 2017-12-11 14:02:00
Tag                                                  Avg(ms)         Min         Max     Std Dev       Count

Performance Statistics   2017-12-11 14:02:00 - 2017-12-11 14:04:00
Tag                                                  Avg(ms)         Min         Max     Std Dev       Count

Performance Statistics   2017-12-11 14:04:00 - 2017-12-11 14:06:00
Tag                                                  Avg(ms)         Min         Max     Std Dev       Count

Performance Statistics   2017-12-11 14:06:00 - 2017-12-11 14:08:00
Tag                                                  Avg(ms)         Min         Max     Std Dev       Count

Performance Statistics   2017-12-11 14:08:00 - 2017-12-11 14:10:00
Tag                                                  Avg(ms)         Min         Max     Std Dev       Count

Performance Statistics   2017-12-11 14:10:00 - 2017-12-11 14:12:00
Tag                                                  Avg(ms)         Min         Max     Std Dev       Count

Performance Statistics   2017-12-11 14:12:00 - 2017-12-11 14:14:00
Tag                                                  Avg(ms)         Min         Max     Std Dev       Count
inspectionrecord$InspectionRecord.browse#init            8.0           8           8         0.0           1
inspectionrecord$InspectionRecord.browse#inject          1.0           1           1         0.0           1
inspectionrecord$InspectionRecord.browse#load          540.0         540         540         0.0           1
inspectionrecord$InspectionRecord.browse#ready           0.0           0           0         0.0           1
inspectionrecord$InspectionRecord.browse#uiPermissions         0.0           0           0         0.0           1
inspectionrecord$InspectionRecord.browse#xml             3.0           3           3         0.0           1
inspectionrecord$InspectionRecord.browse@inspectionRecordsDs       690.0         690         690         0.0           1
loginWindow#init                                        10.0          10          10         0.0           1
loginWindow#inject                                       9.0           9           9         0.0           1
loginWindow#load                                       345.0         345         345         0.0           1
loginWindow#ready                                        0.0           0           0         0.0           1
loginWindow#uiPermissions                                0.0           0           0         0.0           1
loginWindow#xml                                         11.0          11          11         0.0           1
mainWindow#init                                         16.0          16          16         0.0           1
mainWindow#inject                                        1.0           1           1         0.0           1
mainWindow#load                                        148.0         148         148         0.0           1
mainWindow#ready                                         0.0           0           0         0.0           1
mainWindow#uiPermissions                                 0.0           0           0         0.0           1
mainWindow#xml                                           1.0           1           1         0.0           1

Performance Statistics   2017-12-11 14:14:00 - 2017-12-11 14:16:00
Tag                                                  Avg(ms)         Min         Max     Std Dev       Count

Performance Statistics   2017-12-11 14:16:00 - 2017-12-11 14:18:00
Tag                                                  Avg(ms)         Min         Max     Std Dev       Count

Performance Statistics   2017-12-11 14:18:00 - 2017-12-11 14:20:00
Tag                                                  Avg(ms)         Min         Max     Std Dev       Count

Performance Statistics   2017-12-11 14:20:00 - 2017-12-11 14:22:00
Tag                                                  Avg(ms)         Min         Max     Std Dev       Count

Performance Statistics   2017-12-11 14:22:00 - 2017-12-11 14:24:00
Tag                                                  Avg(ms)         Min         Max     Std Dev       Count

Performance Statistics   2017-12-11 14:24:00 - 2017-12-11 14:26:00
Tag                                                  Avg(ms)         Min         Max     Std Dev       Count

Performance Statistics   2017-12-11 14:26:00 - 2017-12-11 14:28:00
Tag                                                  Avg(ms)         Min         Max     Std Dev       Count

Performance Statistics   2017-12-11 14:28:00 - 2017-12-11 14:30:00
Tag                                                  Avg(ms)         Min         Max     Std Dev       Count

Performance Statistics   2017-12-11 14:30:00 - 2017-12-11 14:32:00
Tag                                                  Avg(ms)         Min         Max     Std Dev       Count

Performance Statistics   2017-12-11 14:32:00 - 2017-12-11 14:34:00
Tag                                                  Avg(ms)         Min         Max     Std Dev       Count

Performance Statistics   2017-12-11 14:34:00 - 2017-12-11 14:36:00
Tag                                                  Avg(ms)         Min         Max     Std Dev       Count

Performance Statistics   2017-12-11 14:42:00 - 2017-12-11 14:44:00
Tag                                                  Avg(ms)         Min         Max     Std Dev       Count

Performance Statistics   2017-12-11 14:44:00 - 2017-12-11 14:46:00
Tag                                                  Avg(ms)         Min         Max     Std Dev       Count

Performance Statistics   2017-12-11 14:46:00 - 2017-12-11 14:48:00
Tag                                                  Avg(ms)         Min         Max     Std Dev       Count

Performance Statistics   2017-12-11 14:48:00 - 2017-12-11 14:50:00
Tag                                                  Avg(ms)         Min         Max     Std Dev       Count

Performance Statistics   2017-12-11 14:50:00 - 2017-12-11 14:52:00
Tag                                                  Avg(ms)         Min         Max     Std Dev       Count

Performance Statistics   2017-12-11 14:52:00 - 2017-12-11 14:54:00
Tag                                                  Avg(ms)         Min         Max     Std Dev       Count

Performance Statistics   2017-12-11 14:54:00 - 2017-12-11 14:56:00
Tag                                                  Avg(ms)         Min         Max     Std Dev       Count

Performance Statistics   2017-12-11 14:56:00 - 2017-12-11 14:58:00
Tag                                                  Avg(ms)         Min         Max     Std Dev       Count

Performance Statistics   2017-12-11 14:58:00 - 2017-12-11 15:00:00
Tag                                                  Avg(ms)         Min         Max     Std Dev       Count

Performance Statistics   2017-12-11 15:00:00 - 2017-12-11 15:02:00
Tag                                                  Avg(ms)         Min         Max     Std Dev       Count

Performance Statistics   2017-12-11 15:02:00 - 2017-12-11 15:04:00
Tag                                                  Avg(ms)         Min         Max     Std Dev       Count

Performance Statistics   2017-12-11 15:04:00 - 2017-12-11 15:06:00
Tag                                                  Avg(ms)         Min         Max     Std Dev       Count

Performance Statistics   2017-12-11 15:06:00 - 2017-12-11 15:08:00
Tag                                                  Avg(ms)         Min         Max     Std Dev       Count

Performance Statistics   2017-12-11 15:08:00 - 2017-12-11 15:10:00
Tag                                                  Avg(ms)         Min         Max     Std Dev       Count

Performance Statistics   2017-12-11 15:10:00 - 2017-12-11 15:12:00
Tag                                                  Avg(ms)         Min         Max     Std Dev       Count

Performance Statistics   2017-12-11 15:12:00 - 2017-12-11 15:14:00
Tag                                                  Avg(ms)         Min         Max     Std Dev       Count

Performance Statistics   2017-12-11 15:14:00 - 2017-12-11 15:16:00
Tag                                                  Avg(ms)         Min         Max     Std Dev       Count

Performance Statistics   2017-12-11 15:16:00 - 2017-12-11 15:18:00
Tag                                                  Avg(ms)         Min         Max     Std Dev       Count

Performance Statistics   2017-12-11 15:18:00 - 2017-12-11 15:20:00
Tag                                                  Avg(ms)         Min         Max     Std Dev       Count

Performance Statistics   2017-12-11 15:20:00 - 2017-12-11 15:22:00
Tag                                                  Avg(ms)         Min         Max     Std Dev       Count

Performance Statistics   2017-12-11 15:26:00 - 2017-12-11 15:28:00
Tag                                                  Avg(ms)         Min         Max     Std Dev       Count

Performance Statistics   2017-12-11 15:28:00 - 2017-12-11 15:30:00
Tag                                                  Avg(ms)         Min         Max     Std Dev       Count

Performance Statistics   2017-12-11 15:30:00 - 2017-12-11 15:32:00
Tag                                                  Avg(ms)         Min         Max     Std Dev       Count

Performance Statistics   2017-12-11 15:50:00 - 2017-12-11 15:52:00
Tag                                                  Avg(ms)         Min         Max     Std Dev       Count

Performance Statistics   2017-12-11 15:52:00 - 2017-12-11 15:54:00
Tag                                                  Avg(ms)         Min         Max     Std Dev       Count

Performance Statistics   2017-12-11 15:54:00 - 2017-12-11 15:56:00
Tag                                                  Avg(ms)         Min         Max     Std Dev       Count

Performance Statistics   2017-12-11 15:56:00 - 2017-12-11 15:58:00
Tag                                                  Avg(ms)         Min         Max     Std Dev       Count

Performance Statistics   2017-12-11 15:58:00 - 2017-12-11 16:00:00
Tag                                                  Avg(ms)         Min         Max     Std Dev       Count

Performance Statistics   2017-12-11 16:06:00 - 2017-12-11 16:08:00
Tag                                                  Avg(ms)         Min         Max     Std Dev       Count

Performance Statistics   2017-12-11 16:08:00 - 2017-12-11 16:10:00
Tag                                                  Avg(ms)         Min         Max     Std Dev       Count
inspectionrecord$Employee.browse#init                    5.0           5           5         0.0           1
inspectionrecord$Employee.browse#inject                  1.0           1           1         0.0           1
inspectionrecord$Employee.browse#load                  649.0         649         649         0.0           1
inspectionrecord$Employee.browse#ready                   0.0           0           0         0.0           1
inspectionrecord$Employee.browse#uiPermissions           0.0           0           0         0.0           1
inspectionrecord$Employee.browse#xml                     4.0           4           4         0.0           1
inspectionrecord$Employee.browse@employeesDs          1313.0        1313        1313         0.0           1
inspectionrecord$HtEmpl.browse#init                      0.0           0           0         0.0           1
inspectionrecord$HtEmpl.browse#inject                    0.0           0           0         0.0           1
inspectionrecord$HtEmpl.browse#load                     90.0          90          90         0.0           1
inspectionrecord$HtEmpl.browse#uiPermissions             0.0           0           0         0.0           1
inspectionrecord$HtEmpl.browse#xml                       4.0           4           4         0.0           1
inspectionrecord$HtEmpl.browse@htEmplsDs             53698.0       53698       53698         0.0           1
loginWindow#init                                        10.0          10          10         0.0           1
loginWindow#inject                                       6.0           6           6         0.0           1
loginWindow#load                                       218.0         218         218         0.0           1
loginWindow#ready                                        0.0           0           0         0.0           1
loginWindow#uiPermissions                                0.0           0           0         0.0           1
loginWindow#xml                                          9.0           9           9         0.0           1
mainWindow#init                                         17.0          17          17         0.0           1
mainWindow#inject                                        1.0           1           1         0.0           1
mainWindow#load                                        195.0         195         195         0.0           1
mainWindow#ready                                         0.0           0           0         0.0           1
mainWindow#uiPermissions                                 0.0           0           0         0.0           1
mainWindow#xml                                           1.0           1           1         0.0           1

Performance Statistics   2017-12-11 16:10:00 - 2017-12-11 16:12:00
Tag                                                  Avg(ms)         Min         Max     Std Dev       Count
inspectionrecord$HtEmpl.browse#ready                     0.0           0           0         0.0           1

Performance Statistics   2017-12-11 16:12:00 - 2017-12-11 16:14:00
Tag                                                  Avg(ms)         Min         Max     Std Dev       Count

Performance Statistics   2017-12-11 16:14:00 - 2017-12-11 16:16:00
Tag                                                  Avg(ms)         Min         Max     Std Dev       Count

Performance Statistics   2017-12-11 16:16:00 - 2017-12-11 16:18:00
Tag                                                  Avg(ms)         Min         Max     Std Dev       Count

Performance Statistics   2017-12-11 16:18:00 - 2017-12-11 16:20:00
Tag                                                  Avg(ms)         Min         Max     Std Dev       Count

Performance Statistics   2017-12-11 16:20:00 - 2017-12-11 16:22:00
Tag                                                  Avg(ms)         Min         Max     Std Dev       Count

Performance Statistics   2017-12-11 16:22:00 - 2017-12-11 16:24:00
Tag                                                  Avg(ms)         Min         Max     Std Dev       Count

Performance Statistics   2017-12-11 16:24:00 - 2017-12-11 16:26:00
Tag                                                  Avg(ms)         Min         Max     Std Dev       Count

Performance Statistics   2017-12-11 16:26:00 - 2017-12-11 16:28:00
Tag                                                  Avg(ms)         Min         Max     Std Dev       Count

Performance Statistics   2017-12-11 16:28:00 - 2017-12-11 16:30:00
Tag                                                  Avg(ms)         Min         Max     Std Dev       Count

Performance Statistics   2017-12-11 16:30:00 - 2017-12-11 16:32:00
Tag                                                  Avg(ms)         Min         Max     Std Dev       Count

Performance Statistics   2017-12-11 16:36:00 - 2017-12-11 16:38:00
Tag                                                  Avg(ms)         Min         Max     Std Dev       Count

Performance Statistics   2017-12-11 16:42:00 - 2017-12-11 16:44:00
Tag                                                  Avg(ms)         Min         Max     Std Dev       Count

Performance Statistics   2017-12-11 16:44:00 - 2017-12-11 16:46:00
Tag                                                  Avg(ms)         Min         Max     Std Dev       Count

Performance Statistics   2017-12-11 16:46:00 - 2017-12-11 16:48:00
Tag                                                  Avg(ms)         Min         Max     Std Dev       Count
inspectionrecord$InspectionRecord.browse#init            7.0           7           7         0.0           1
inspectionrecord$InspectionRecord.browse#inject          1.0           1           1         0.0           1
inspectionrecord$InspectionRecord.browse#load          523.0         523         523         0.0           1
inspectionrecord$InspectionRecord.browse#ready           0.0           0           0         0.0           1
inspectionrecord$InspectionRecord.browse#uiPermissions         0.0           0           0         0.0           1
inspectionrecord$InspectionRecord.browse#xml             5.0           5           5         0.0           1
inspectionrecord$InspectionRecord.browse@inspectionRecordsDs      2047.0        2047        2047         0.0           1
loginWindow#init                                        12.0          12          12         0.0           1
loginWindow#inject                                       9.0           9           9         0.0           1
loginWindow#load                                       264.0         264         264         0.0           1
loginWindow#ready                                        0.0           0           0         0.0           1
loginWindow#uiPermissions                                0.0           0           0         0.0           1
loginWindow#xml                                         11.0          11          11         0.0           1
mainWindow#init                                         17.0          17          17         0.0           1
mainWindow#inject                                        1.0           1           1         0.0           1
mainWindow#load                                        167.0         167         167         0.0           1
mainWindow#ready                                         0.0           0           0         0.0           1
mainWindow#uiPermissions                                 0.0           0           0         0.0           1
mainWindow#xml                                           1.0           1           1         0.0           1

Performance Statistics   2017-12-11 16:48:00 - 2017-12-11 16:50:00
Tag                                                  Avg(ms)         Min         Max     Std Dev       Count
inspectionrecord$InspectionRecord.browse#init            0.0           0           0         0.0           1
inspectionrecord$InspectionRecord.browse#inject          1.0           1           1         0.0           1
inspectionrecord$InspectionRecord.browse#load           18.0          18          18         0.0           1
inspectionrecord$InspectionRecord.browse#ready           0.0           0           0         0.0           1
inspectionrecord$InspectionRecord.browse#uiPermissions         0.0           0           0         0.0           1
inspectionrecord$InspectionRecord.browse#xml             0.0           0           0         0.0           1
inspectionrecord$InspectionRecord.browse@inspectionRecordsDs       151.0         151         151         0.0           1
mainWindow#init                                          0.0           0           0         0.0           1
mainWindow#inject                                        0.0           0           0         0.0           1
mainWindow#load                                         30.0          30          30         0.0           1
mainWindow#ready                                         0.0           0           0         0.0           1
mainWindow#uiPermissions                                 0.0           0           0         0.0           1
mainWindow#xml                                           0.0           0           0         0.0           1

Performance Statistics   2017-12-11 16:50:00 - 2017-12-11 16:52:00
Tag                                                  Avg(ms)         Min         Max     Std Dev       Count

Performance Statistics   2017-12-11 16:52:00 - 2017-12-11 16:54:00
Tag                                                  Avg(ms)         Min         Max     Std Dev       Count

Performance Statistics   2017-12-11 16:54:00 - 2017-12-11 16:56:00
Tag                                                  Avg(ms)         Min         Max     Std Dev       Count

Performance Statistics   2017-12-11 16:56:00 - 2017-12-11 16:58:00
Tag                                                  Avg(ms)         Min         Max     Std Dev       Count

Performance Statistics   2017-12-11 16:58:00 - 2017-12-11 17:00:00
Tag                                                  Avg(ms)         Min         Max     Std Dev       Count
entityInspector.browse#companion                         4.0           4           4         0.0           1
entityInspector.browse#init                             21.0          21          21         0.0           1
entityInspector.browse#inject                           10.0          10          10         0.0           1
entityInspector.browse#load                             19.0          19          19         0.0           1
entityInspector.browse#ready                             0.0           0           0         0.0           1
entityInspector.browse#uiPermissions                     0.0           0           0         0.0           1
entityInspector.browse#xml                               3.0           3           3         0.0           1
entityInspector.browse@entitiesDs                       22.0          22          22         0.0           1

Performance Statistics   2017-12-11 17:00:00 - 2017-12-11 17:02:00
Tag                                                  Avg(ms)         Min         Max     Std Dev       Count
addCondition#init                                        5.0           5           5         0.0           1
addCondition#inject                                      0.0           0           0         0.0           1
addCondition#load                                       21.0          21          21         0.0           1
addCondition#ready                                       0.0           0           0         0.0           1
addCondition#uiPermissions                               0.0           0           0         0.0           1
addCondition#xml                                         1.0           1           1         0.0           1
addCondition@conditionDescriptorsDs                      0.0           0           0         0.0           1
entityInspector.browse@entitiesDs                       30.5          19          42        11.5           2

Performance Statistics   2017-12-11 17:02:00 - 2017-12-11 17:04:00
Tag                                                  Avg(ms)         Min         Max     Std Dev       Count

Performance Statistics   2017-12-11 17:04:00 - 2017-12-11 17:06:00
Tag                                                  Avg(ms)         Min         Max     Std Dev       Count

Performance Statistics   2017-12-11 17:06:00 - 2017-12-11 17:08:00
Tag                                                  Avg(ms)         Min         Max     Std Dev       Count

Performance Statistics   2017-12-11 17:08:00 - 2017-12-11 17:10:00
Tag                                                  Avg(ms)         Min         Max     Std Dev       Count

Performance Statistics   2017-12-11 17:10:00 - 2017-12-11 17:12:00
Tag                                                  Avg(ms)         Min         Max     Std Dev       Count

Performance Statistics   2017-12-11 17:12:00 - 2017-12-11 17:14:00
Tag                                                  Avg(ms)         Min         Max     Std Dev       Count

Performance Statistics   2017-12-11 17:14:00 - 2017-12-11 17:16:00
Tag                                                  Avg(ms)         Min         Max     Std Dev       Count
inspectionrecord$DefectType.browse#init                  5.0           5           5         0.0           1
inspectionrecord$DefectType.browse#inject                0.0           0           0         0.0           1
inspectionrecord$DefectType.browse#load                 41.0          41          41         0.0           1
inspectionrecord$DefectType.browse#ready                 0.0           0           0         0.0           1
inspectionrecord$DefectType.browse#uiPermissions         0.0           0           0         0.0           1
inspectionrecord$DefectType.browse#xml                   2.0           2           2         0.0           1
inspectionrecord$DefectType.browse@defectTypesDs       171.0         171         171         0.0           1

Performance Statistics   2017-12-11 17:16:00 - 2017-12-11 17:18:00
Tag                                                  Avg(ms)         Min         Max     Std Dev       Count

Performance Statistics   2017-12-11 17:18:00 - 2017-12-11 17:20:00
Tag                                                  Avg(ms)         Min         Max     Std Dev       Count

Performance Statistics   2017-12-11 17:20:00 - 2017-12-11 17:22:00
Tag                                                  Avg(ms)         Min         Max     Std Dev       Count

Performance Statistics   2017-12-11 17:22:00 - 2017-12-11 17:24:00
Tag                                                  Avg(ms)         Min         Max     Std Dev       Count

Performance Statistics   2017-12-11 17:24:00 - 2017-12-11 17:26:00
Tag                                                  Avg(ms)         Min         Max     Std Dev       Count

Performance Statistics   2017-12-11 17:26:00 - 2017-12-11 17:28:00
Tag                                                  Avg(ms)         Min         Max     Std Dev       Count

Performance Statistics   2017-12-11 17:28:00 - 2017-12-11 17:30:00
Tag                                                  Avg(ms)         Min         Max     Std Dev       Count

Performance Statistics   2017-12-11 17:30:00 - 2017-12-11 17:32:00
Tag                                                  Avg(ms)         Min         Max     Std Dev       Count

Performance Statistics   2017-12-11 17:32:00 - 2017-12-11 17:34:00
Tag                                                  Avg(ms)         Min         Max     Std Dev       Count

Performance Statistics   2017-12-11 17:34:00 - 2017-12-11 17:36:00
Tag                                                  Avg(ms)         Min         Max     Std Dev       Count

Performance Statistics   2017-12-11 17:36:00 - 2017-12-11 17:38:00
Tag                                                  Avg(ms)         Min         Max     Std Dev       Count

Performance Statistics   2017-12-11 17:38:00 - 2017-12-11 17:40:00
Tag                                                  Avg(ms)         Min         Max     Std Dev       Count

Performance Statistics   2017-12-11 17:40:00 - 2017-12-11 17:42:00
Tag                                                  Avg(ms)         Min         Max     Std Dev       Count

Performance Statistics   2017-12-11 17:42:00 - 2017-12-11 17:44:00
Tag                                                  Avg(ms)         Min         Max     Std Dev       Count

Performance Statistics   2017-12-11 17:44:00 - 2017-12-11 17:46:00
Tag                                                  Avg(ms)         Min         Max     Std Dev       Count

Performance Statistics   2017-12-11 17:46:00 - 2017-12-11 17:48:00
Tag                                                  Avg(ms)         Min         Max     Std Dev       Count

Performance Statistics   2017-12-11 17:48:00 - 2017-12-11 17:50:00
Tag                                                  Avg(ms)         Min         Max     Std Dev       Count

Performance Statistics   2017-12-11 17:52:00 - 2017-12-11 17:54:00
Tag                                                  Avg(ms)         Min         Max     Std Dev       Count

Performance Statistics   2017-12-11 17:54:00 - 2017-12-11 17:56:00
Tag                                                  Avg(ms)         Min         Max     Std Dev       Count

Performance Statistics   2017-12-11 17:56:00 - 2017-12-11 17:58:00
Tag                                                  Avg(ms)         Min         Max     Std Dev       Count

Performance Statistics   2017-12-11 17:58:00 - 2017-12-11 18:00:00
Tag                                                  Avg(ms)         Min         Max     Std Dev       Count

Performance Statistics   2017-12-11 18:00:00 - 2017-12-11 18:02:00
Tag                                                  Avg(ms)         Min         Max     Std Dev       Count

Performance Statistics   2017-12-11 18:02:00 - 2017-12-11 18:04:00
Tag                                                  Avg(ms)         Min         Max     Std Dev       Count

Performance Statistics   2017-12-11 18:04:00 - 2017-12-11 18:06:00
Tag                                                  Avg(ms)         Min         Max     Std Dev       Count

Performance Statistics   2017-12-11 18:06:00 - 2017-12-11 18:08:00
Tag                                                  Avg(ms)         Min         Max     Std Dev       Count

Performance Statistics   2017-12-11 18:08:00 - 2017-12-11 18:10:00
Tag                                                  Avg(ms)         Min         Max     Std Dev       Count

Performance Statistics   2017-12-11 18:10:00 - 2017-12-11 18:12:00
Tag                                                  Avg(ms)         Min         Max     Std Dev       Count

Performance Statistics   2017-12-11 18:12:00 - 2017-12-11 18:14:00
Tag                                                  Avg(ms)         Min         Max     Std Dev       Count

Performance Statistics   2017-12-11 18:14:00 - 2017-12-11 18:16:00
Tag                                                  Avg(ms)         Min         Max     Std Dev       Count

Performance Statistics   2017-12-11 18:16:00 - 2017-12-11 18:18:00
Tag                                                  Avg(ms)         Min         Max     Std Dev       Count

Performance Statistics   2017-12-11 18:18:00 - 2017-12-11 18:20:00
Tag                                                  Avg(ms)         Min         Max     Std Dev       Count

Performance Statistics   2017-12-11 18:20:00 - 2017-12-11 18:22:00
Tag                                                  Avg(ms)         Min         Max     Std Dev       Count

Performance Statistics   2017-12-11 18:22:00 - 2017-12-11 18:24:00
Tag                                                  Avg(ms)         Min         Max     Std Dev       Count

Performance Statistics   2017-12-11 18:24:00 - 2017-12-11 18:26:00
Tag                                                  Avg(ms)         Min         Max     Std Dev       Count

Performance Statistics   2017-12-11 18:26:00 - 2017-12-11 18:28:00
Tag                                                  Avg(ms)         Min         Max     Std Dev       Count

Performance Statistics   2017-12-11 18:28:00 - 2017-12-11 18:30:00
Tag                                                  Avg(ms)         Min         Max     Std Dev       Count

Performance Statistics   2017-12-11 18:30:00 - 2017-12-11 18:32:00
Tag                                                  Avg(ms)         Min         Max     Std Dev       Count

Performance Statistics   2017-12-11 18:32:00 - 2017-12-11 18:34:00
Tag                                                  Avg(ms)         Min         Max     Std Dev       Count

Performance Statistics   2017-12-11 18:34:00 - 2017-12-11 18:36:00
Tag                                                  Avg(ms)         Min         Max     Std Dev       Count

Performance Statistics   2017-12-11 18:36:00 - 2017-12-11 18:38:00
Tag                                                  Avg(ms)         Min         Max     Std Dev       Count

Performance Statistics   2017-12-11 18:38:00 - 2017-12-11 18:40:00
Tag                                                  Avg(ms)         Min         Max     Std Dev       Count

Performance Statistics   2017-12-11 18:40:00 - 2017-12-11 18:42:00
Tag                                                  Avg(ms)         Min         Max     Std Dev       Count

Performance Statistics   2017-12-11 18:42:00 - 2017-12-11 18:44:00
Tag                                                  Avg(ms)         Min         Max     Std Dev       Count

Performance Statistics   2017-12-11 18:44:00 - 2017-12-11 18:46:00
Tag                                                  Avg(ms)         Min         Max     Std Dev       Count

Performance Statistics   2017-12-11 18:46:00 - 2017-12-11 18:48:00
Tag                                                  Avg(ms)         Min         Max     Std Dev       Count

Performance Statistics   2017-12-11 18:48:00 - 2017-12-11 18:50:00
Tag                                                  Avg(ms)         Min         Max     Std Dev       Count

Performance Statistics   2017-12-11 18:50:00 - 2017-12-11 18:52:00
Tag                                                  Avg(ms)         Min         Max     Std Dev       Count

Performance Statistics   2017-12-11 18:52:00 - 2017-12-11 18:54:00
Tag                                                  Avg(ms)         Min         Max     Std Dev       Count

Performance Statistics   2017-12-11 18:54:00 - 2017-12-11 18:56:00
Tag                                                  Avg(ms)         Min         Max     Std Dev       Count

Performance Statistics   2017-12-11 18:56:00 - 2017-12-11 18:58:00
Tag                                                  Avg(ms)         Min         Max     Std Dev       Count

Performance Statistics   2017-12-11 18:58:00 - 2017-12-11 19:00:00
Tag                                                  Avg(ms)         Min         Max     Std Dev       Count

Performance Statistics   2017-12-11 19:00:00 - 2017-12-11 19:02:00
Tag                                                  Avg(ms)         Min         Max     Std Dev       Count

Performance Statistics   2017-12-11 19:02:00 - 2017-12-11 19:04:00
Tag                                                  Avg(ms)         Min         Max     Std Dev       Count

Performance Statistics   2017-12-11 19:04:00 - 2017-12-11 19:06:00
Tag                                                  Avg(ms)         Min         Max     Std Dev       Count

Performance Statistics   2017-12-11 19:06:00 - 2017-12-11 19:08:00
Tag                                                  Avg(ms)         Min         Max     Std Dev       Count

Performance Statistics   2017-12-11 19:08:00 - 2017-12-11 19:10:00
Tag                                                  Avg(ms)         Min         Max     Std Dev       Count

Performance Statistics   2017-12-11 19:10:00 - 2017-12-11 19:12:00
Tag                                                  Avg(ms)         Min         Max     Std Dev       Count

Performance Statistics   2017-12-11 19:12:00 - 2017-12-11 19:14:00
Tag                                                  Avg(ms)         Min         Max     Std Dev       Count

Performance Statistics   2017-12-11 19:14:00 - 2017-12-11 19:16:00
Tag                                                  Avg(ms)         Min         Max     Std Dev       Count

Performance Statistics   2017-12-11 19:16:00 - 2017-12-11 19:18:00
Tag                                                  Avg(ms)         Min         Max     Std Dev       Count

Performance Statistics   2017-12-11 19:18:00 - 2017-12-11 19:20:00
Tag                                                  Avg(ms)         Min         Max     Std Dev       Count

Performance Statistics   2017-12-11 19:20:00 - 2017-12-11 19:22:00
Tag                                                  Avg(ms)         Min         Max     Std Dev       Count

Performance Statistics   2017-12-11 19:22:00 - 2017-12-11 19:24:00
Tag                                                  Avg(ms)         Min         Max     Std Dev       Count

Performance Statistics   2017-12-11 19:24:00 - 2017-12-11 19:26:00
Tag                                                  Avg(ms)         Min         Max     Std Dev       Count

Performance Statistics   2017-12-11 19:26:00 - 2017-12-11 19:28:00
Tag                                                  Avg(ms)         Min         Max     Std Dev       Count

Performance Statistics   2017-12-11 19:28:00 - 2017-12-11 19:30:00
Tag                                                  Avg(ms)         Min         Max     Std Dev       Count

Performance Statistics   2017-12-11 19:30:00 - 2017-12-11 19:32:00
Tag                                                  Avg(ms)         Min         Max     Std Dev       Count

Performance Statistics   2017-12-11 19:32:00 - 2017-12-11 19:34:00
Tag                                                  Avg(ms)         Min         Max     Std Dev       Count

Performance Statistics   2017-12-11 19:34:00 - 2017-12-11 19:36:00
Tag                                                  Avg(ms)         Min         Max     Std Dev       Count

Performance Statistics   2017-12-11 19:36:00 - 2017-12-11 19:38:00
Tag                                                  Avg(ms)         Min         Max     Std Dev       Count

Performance Statistics   2017-12-11 19:38:00 - 2017-12-11 19:40:00
Tag                                                  Avg(ms)         Min         Max     Std Dev       Count

Performance Statistics   2017-12-11 19:40:00 - 2017-12-11 19:42:00
Tag                                                  Avg(ms)         Min         Max     Std Dev       Count

Performance Statistics   2017-12-11 19:42:00 - 2017-12-11 19:44:00
Tag                                                  Avg(ms)         Min         Max     Std Dev       Count

Performance Statistics   2017-12-11 19:44:00 - 2017-12-11 19:46:00
Tag                                                  Avg(ms)         Min         Max     Std Dev       Count

Performance Statistics   2017-12-11 19:46:00 - 2017-12-11 19:48:00
Tag                                                  Avg(ms)         Min         Max     Std Dev       Count

Performance Statistics   2017-12-11 19:48:00 - 2017-12-11 19:50:00
Tag                                                  Avg(ms)         Min         Max     Std Dev       Count

Performance Statistics   2017-12-11 19:50:00 - 2017-12-11 19:52:00
Tag                                                  Avg(ms)         Min         Max     Std Dev       Count

Performance Statistics   2017-12-11 19:52:00 - 2017-12-11 19:54:00
Tag                                                  Avg(ms)         Min         Max     Std Dev       Count

Performance Statistics   2017-12-11 19:54:00 - 2017-12-11 19:56:00
Tag                                                  Avg(ms)         Min         Max     Std Dev       Count

Performance Statistics   2017-12-11 19:56:00 - 2017-12-11 19:58:00
Tag                                                  Avg(ms)         Min         Max     Std Dev       Count

Performance Statistics   2017-12-11 19:58:00 - 2017-12-11 20:00:00
Tag                                                  Avg(ms)         Min         Max     Std Dev       Count

Performance Statistics   2017-12-11 20:00:00 - 2017-12-11 20:02:00
Tag                                                  Avg(ms)         Min         Max     Std Dev       Count

Performance Statistics   2017-12-11 20:02:00 - 2017-12-11 20:04:00
Tag                                                  Avg(ms)         Min         Max     Std Dev       Count

Performance Statistics   2017-12-11 20:04:00 - 2017-12-11 20:06:00
Tag                                                  Avg(ms)         Min         Max     Std Dev       Count

Performance Statistics   2017-12-11 20:06:00 - 2017-12-11 20:08:00
Tag                                                  Avg(ms)         Min         Max     Std Dev       Count

Performance Statistics   2017-12-11 20:08:00 - 2017-12-11 20:10:00
Tag                                                  Avg(ms)         Min         Max     Std Dev       Count

Performance Statistics   2017-12-11 20:10:00 - 2017-12-11 20:12:00
Tag                                                  Avg(ms)         Min         Max     Std Dev       Count

Performance Statistics   2017-12-11 20:12:00 - 2017-12-11 20:14:00
Tag                                                  Avg(ms)         Min         Max     Std Dev       Count

Performance Statistics   2017-12-11 20:14:00 - 2017-12-11 20:16:00
Tag                                                  Avg(ms)         Min         Max     Std Dev       Count

Performance Statistics   2017-12-11 20:16:00 - 2017-12-11 20:18:00
Tag                                                  Avg(ms)         Min         Max     Std Dev       Count

Performance Statistics   2017-12-11 20:18:00 - 2017-12-11 20:20:00
Tag                                                  Avg(ms)         Min         Max     Std Dev       Count

Performance Statistics   2017-12-11 20:20:00 - 2017-12-11 20:22:00
Tag                                                  Avg(ms)         Min         Max     Std Dev       Count

Performance Statistics   2017-12-11 20:22:00 - 2017-12-11 20:24:00
Tag                                                  Avg(ms)         Min         Max     Std Dev       Count

Performance Statistics   2017-12-11 20:24:00 - 2017-12-11 20:26:00
Tag                                                  Avg(ms)         Min         Max     Std Dev       Count

Performance Statistics   2017-12-11 20:26:00 - 2017-12-11 20:28:00
Tag                                                  Avg(ms)         Min         Max     Std Dev       Count

Performance Statistics   2017-12-11 20:28:00 - 2017-12-11 20:30:00
Tag                                                  Avg(ms)         Min         Max     Std Dev       Count

Performance Statistics   2017-12-11 20:30:00 - 2017-12-11 20:32:00
Tag                                                  Avg(ms)         Min         Max     Std Dev       Count

Performance Statistics   2017-12-11 20:32:00 - 2017-12-11 20:34:00
Tag                                                  Avg(ms)         Min         Max     Std Dev       Count

Performance Statistics   2017-12-11 20:34:00 - 2017-12-11 20:36:00
Tag                                                  Avg(ms)         Min         Max     Std Dev       Count

Performance Statistics   2017-12-11 20:36:00 - 2017-12-11 20:38:00
Tag                                                  Avg(ms)         Min         Max     Std Dev       Count

Performance Statistics   2017-12-11 20:38:00 - 2017-12-11 20:40:00
Tag                                                  Avg(ms)         Min         Max     Std Dev       Count

Performance Statistics   2017-12-11 20:40:00 - 2017-12-11 20:42:00
Tag                                                  Avg(ms)         Min         Max     Std Dev       Count

Performance Statistics   2017-12-11 20:42:00 - 2017-12-11 20:44:00
Tag                                                  Avg(ms)         Min         Max     Std Dev       Count

Performance Statistics   2017-12-11 20:44:00 - 2017-12-11 20:46:00
Tag                                                  Avg(ms)         Min         Max     Std Dev       Count

Performance Statistics   2017-12-11 20:46:00 - 2017-12-11 20:48:00
Tag                                                  Avg(ms)         Min         Max     Std Dev       Count

Performance Statistics   2017-12-11 20:48:00 - 2017-12-11 20:50:00
Tag                                                  Avg(ms)         Min         Max     Std Dev       Count

Performance Statistics   2017-12-11 20:50:00 - 2017-12-11 20:52:00
Tag                                                  Avg(ms)         Min         Max     Std Dev       Count

Performance Statistics   2017-12-11 20:52:00 - 2017-12-11 20:54:00
Tag                                                  Avg(ms)         Min         Max     Std Dev       Count

Performance Statistics   2017-12-11 20:54:00 - 2017-12-11 20:56:00
Tag                                                  Avg(ms)         Min         Max     Std Dev       Count

Performance Statistics   2017-12-11 20:56:00 - 2017-12-11 20:58:00
Tag                                                  Avg(ms)         Min         Max     Std Dev       Count

Performance Statistics   2017-12-11 20:58:00 - 2017-12-11 21:00:00
Tag                                                  Avg(ms)         Min         Max     Std Dev       Count

Performance Statistics   2017-12-11 21:00:00 - 2017-12-11 21:02:00
Tag                                                  Avg(ms)         Min         Max     Std Dev       Count

Performance Statistics   2017-12-11 21:02:00 - 2017-12-11 21:04:00
Tag                                                  Avg(ms)         Min         Max     Std Dev       Count

Performance Statistics   2017-12-11 21:04:00 - 2017-12-11 21:06:00
Tag                                                  Avg(ms)         Min         Max     Std Dev       Count

Performance Statistics   2017-12-11 21:06:00 - 2017-12-11 21:08:00
Tag                                                  Avg(ms)         Min         Max     Std Dev       Count

Performance Statistics   2017-12-11 21:08:00 - 2017-12-11 21:10:00
Tag                                                  Avg(ms)         Min         Max     Std Dev       Count

Performance Statistics   2017-12-11 21:10:00 - 2017-12-11 21:12:00
Tag                                                  Avg(ms)         Min         Max     Std Dev       Count

Performance Statistics   2017-12-11 21:12:00 - 2017-12-11 21:14:00
Tag                                                  Avg(ms)         Min         Max     Std Dev       Count

Performance Statistics   2017-12-11 21:14:00 - 2017-12-11 21:16:00
Tag                                                  Avg(ms)         Min         Max     Std Dev       Count

Performance Statistics   2017-12-11 21:16:00 - 2017-12-11 21:18:00
Tag                                                  Avg(ms)         Min         Max     Std Dev       Count

Performance Statistics   2017-12-11 21:18:00 - 2017-12-11 21:20:00
Tag                                                  Avg(ms)         Min         Max     Std Dev       Count

Performance Statistics   2017-12-11 21:20:00 - 2017-12-11 21:22:00
Tag                                                  Avg(ms)         Min         Max     Std Dev       Count

Performance Statistics   2017-12-11 21:22:00 - 2017-12-11 21:24:00
Tag                                                  Avg(ms)         Min         Max     Std Dev       Count

Performance Statistics   2017-12-11 21:24:00 - 2017-12-11 21:26:00
Tag                                                  Avg(ms)         Min         Max     Std Dev       Count

Performance Statistics   2017-12-11 21:26:00 - 2017-12-11 21:28:00
Tag                                                  Avg(ms)         Min         Max     Std Dev       Count

Performance Statistics   2017-12-11 21:28:00 - 2017-12-11 21:30:00
Tag                                                  Avg(ms)         Min         Max     Std Dev       Count

Performance Statistics   2017-12-11 21:30:00 - 2017-12-11 21:32:00
Tag                                                  Avg(ms)         Min         Max     Std Dev       Count

Performance Statistics   2017-12-11 21:32:00 - 2017-12-11 21:34:00
Tag                                                  Avg(ms)         Min         Max     Std Dev       Count

Performance Statistics   2017-12-11 21:34:00 - 2017-12-11 21:36:00
Tag                                                  Avg(ms)         Min         Max     Std Dev       Count

Performance Statistics   2017-12-11 21:36:00 - 2017-12-11 21:38:00
Tag                                                  Avg(ms)         Min         Max     Std Dev       Count

Performance Statistics   2017-12-11 21:38:00 - 2017-12-11 21:40:00
Tag                                                  Avg(ms)         Min         Max     Std Dev       Count

Performance Statistics   2017-12-11 21:40:00 - 2017-12-11 21:42:00
Tag                                                  Avg(ms)         Min         Max     Std Dev       Count

Performance Statistics   2017-12-11 21:42:00 - 2017-12-11 21:44:00
Tag                                                  Avg(ms)         Min         Max     Std Dev       Count

Performance Statistics   2017-12-11 21:44:00 - 2017-12-11 21:46:00
Tag                                                  Avg(ms)         Min         Max     Std Dev       Count

Performance Statistics   2017-12-11 21:46:00 - 2017-12-11 21:48:00
Tag                                                  Avg(ms)         Min         Max     Std Dev       Count

Performance Statistics   2017-12-11 21:48:00 - 2017-12-11 21:50:00
Tag                                                  Avg(ms)         Min         Max     Std Dev       Count

Performance Statistics   2017-12-11 21:50:00 - 2017-12-11 21:52:00
Tag                                                  Avg(ms)         Min         Max     Std Dev       Count

Performance Statistics   2017-12-11 21:52:00 - 2017-12-11 21:54:00
Tag                                                  Avg(ms)         Min         Max     Std Dev       Count

Performance Statistics   2017-12-11 21:54:00 - 2017-12-11 21:56:00
Tag                                                  Avg(ms)         Min         Max     Std Dev       Count

Performance Statistics   2017-12-11 21:56:00 - 2017-12-11 21:58:00
Tag                                                  Avg(ms)         Min         Max     Std Dev       Count

Performance Statistics   2017-12-11 21:58:00 - 2017-12-11 22:00:00
Tag                                                  Avg(ms)         Min         Max     Std Dev       Count

Performance Statistics   2017-12-11 22:00:00 - 2017-12-11 22:02:00
Tag                                                  Avg(ms)         Min         Max     Std Dev       Count

Performance Statistics   2017-12-11 22:02:00 - 2017-12-11 22:04:00
Tag                                                  Avg(ms)         Min         Max     Std Dev       Count

Performance Statistics   2017-12-11 22:04:00 - 2017-12-11 22:06:00
Tag                                                  Avg(ms)         Min         Max     Std Dev       Count

Performance Statistics   2017-12-11 22:06:00 - 2017-12-11 22:08:00
Tag                                                  Avg(ms)         Min         Max     Std Dev       Count

Performance Statistics   2017-12-11 22:08:00 - 2017-12-11 22:10:00
Tag                                                  Avg(ms)         Min         Max     Std Dev       Count

Performance Statistics   2017-12-11 22:10:00 - 2017-12-11 22:12:00
Tag                                                  Avg(ms)         Min         Max     Std Dev       Count

Performance Statistics   2017-12-11 22:12:00 - 2017-12-11 22:14:00
Tag                                                  Avg(ms)         Min         Max     Std Dev       Count

Performance Statistics   2017-12-11 22:14:00 - 2017-12-11 22:16:00
Tag                                                  Avg(ms)         Min         Max     Std Dev       Count

Performance Statistics   2017-12-11 22:16:00 - 2017-12-11 22:18:00
Tag                                                  Avg(ms)         Min         Max     Std Dev       Count

Performance Statistics   2017-12-11 22:18:00 - 2017-12-11 22:20:00
Tag                                                  Avg(ms)         Min         Max     Std Dev       Count

Performance Statistics   2017-12-11 22:20:00 - 2017-12-11 22:22:00
Tag                                                  Avg(ms)         Min         Max     Std Dev       Count

Performance Statistics   2017-12-11 22:22:00 - 2017-12-11 22:24:00
Tag                                                  Avg(ms)         Min         Max     Std Dev       Count

Performance Statistics   2017-12-11 22:24:00 - 2017-12-11 22:26:00
Tag                                                  Avg(ms)         Min         Max     Std Dev       Count

Performance Statistics   2017-12-11 22:26:00 - 2017-12-11 22:28:00
Tag                                                  Avg(ms)         Min         Max     Std Dev       Count

Performance Statistics   2017-12-11 22:28:00 - 2017-12-11 22:30:00
Tag                                                  Avg(ms)         Min         Max     Std Dev       Count

Performance Statistics   2017-12-11 22:30:00 - 2017-12-11 22:32:00
Tag                                                  Avg(ms)         Min         Max     Std Dev       Count

Performance Statistics   2017-12-11 22:32:00 - 2017-12-11 22:34:00
Tag                                                  Avg(ms)         Min         Max     Std Dev       Count

Performance Statistics   2017-12-11 22:34:00 - 2017-12-11 22:36:00
Tag                                                  Avg(ms)         Min         Max     Std Dev       Count

Performance Statistics   2017-12-11 22:36:00 - 2017-12-11 22:38:00
Tag                                                  Avg(ms)         Min         Max     Std Dev       Count

Performance Statistics   2017-12-11 22:38:00 - 2017-12-11 22:40:00
Tag                                                  Avg(ms)         Min         Max     Std Dev       Count

Performance Statistics   2017-12-11 22:40:00 - 2017-12-11 22:42:00
Tag                                                  Avg(ms)         Min         Max     Std Dev       Count

Performance Statistics   2017-12-11 22:42:00 - 2017-12-11 22:44:00
Tag                                                  Avg(ms)         Min         Max     Std Dev       Count

Performance Statistics   2017-12-11 22:44:00 - 2017-12-11 22:46:00
Tag                                                  Avg(ms)         Min         Max     Std Dev       Count

Performance Statistics   2017-12-11 22:46:00 - 2017-12-11 22:48:00
Tag                                                  Avg(ms)         Min         Max     Std Dev       Count

Performance Statistics   2017-12-11 22:48:00 - 2017-12-11 22:50:00
Tag                                                  Avg(ms)         Min         Max     Std Dev       Count

Performance Statistics   2017-12-11 22:50:00 - 2017-12-11 22:52:00
Tag                                                  Avg(ms)         Min         Max     Std Dev       Count

Performance Statistics   2017-12-11 22:52:00 - 2017-12-11 22:54:00
Tag                                                  Avg(ms)         Min         Max     Std Dev       Count

Performance Statistics   2017-12-11 22:54:00 - 2017-12-11 22:56:00
Tag                                                  Avg(ms)         Min         Max     Std Dev       Count

Performance Statistics   2017-12-11 22:56:00 - 2017-12-11 22:58:00
Tag                                                  Avg(ms)         Min         Max     Std Dev       Count

Performance Statistics   2017-12-11 22:58:00 - 2017-12-11 23:00:00
Tag                                                  Avg(ms)         Min         Max     Std Dev       Count

Performance Statistics   2017-12-11 23:00:00 - 2017-12-11 23:02:00
Tag                                                  Avg(ms)         Min         Max     Std Dev       Count

Performance Statistics   2017-12-11 23:02:00 - 2017-12-11 23:04:00
Tag                                                  Avg(ms)         Min         Max     Std Dev       Count

Performance Statistics   2017-12-11 23:04:00 - 2017-12-11 23:06:00
Tag                                                  Avg(ms)         Min         Max     Std Dev       Count

Performance Statistics   2017-12-11 23:06:00 - 2017-12-11 23:08:00
Tag                                                  Avg(ms)         Min         Max     Std Dev       Count

Performance Statistics   2017-12-11 23:08:00 - 2017-12-11 23:10:00
Tag                                                  Avg(ms)         Min         Max     Std Dev       Count

Performance Statistics   2017-12-11 23:10:00 - 2017-12-11 23:12:00
Tag                                                  Avg(ms)         Min         Max     Std Dev       Count

Performance Statistics   2017-12-11 23:12:00 - 2017-12-11 23:14:00
Tag                                                  Avg(ms)         Min         Max     Std Dev       Count

Performance Statistics   2017-12-11 23:14:00 - 2017-12-11 23:16:00
Tag                                                  Avg(ms)         Min         Max     Std Dev       Count

Performance Statistics   2017-12-11 23:16:00 - 2017-12-11 23:18:00
Tag                                                  Avg(ms)         Min         Max     Std Dev       Count

Performance Statistics   2017-12-11 23:18:00 - 2017-12-11 23:20:00
Tag                                                  Avg(ms)         Min         Max     Std Dev       Count

Performance Statistics   2017-12-11 23:20:00 - 2017-12-11 23:22:00
Tag                                                  Avg(ms)         Min         Max     Std Dev       Count

Performance Statistics   2017-12-11 23:22:00 - 2017-12-11 23:24:00
Tag                                                  Avg(ms)         Min         Max     Std Dev       Count

Performance Statistics   2017-12-11 23:24:00 - 2017-12-11 23:26:00
Tag                                                  Avg(ms)         Min         Max     Std Dev       Count

Performance Statistics   2017-12-11 23:26:00 - 2017-12-11 23:28:00
Tag                                                  Avg(ms)         Min         Max     Std Dev       Count

Performance Statistics   2017-12-11 23:28:00 - 2017-12-11 23:30:00
Tag                                                  Avg(ms)         Min         Max     Std Dev       Count

Performance Statistics   2017-12-11 23:30:00 - 2017-12-11 23:32:00
Tag                                                  Avg(ms)         Min         Max     Std Dev       Count

Performance Statistics   2017-12-11 23:32:00 - 2017-12-11 23:34:00
Tag                                                  Avg(ms)         Min         Max     Std Dev       Count

Performance Statistics   2017-12-11 23:34:00 - 2017-12-11 23:36:00
Tag                                                  Avg(ms)         Min         Max     Std Dev       Count

Performance Statistics   2017-12-11 23:36:00 - 2017-12-11 23:38:00
Tag                                                  Avg(ms)         Min         Max     Std Dev       Count

Performance Statistics   2017-12-11 23:38:00 - 2017-12-11 23:40:00
Tag                                                  Avg(ms)         Min         Max     Std Dev       Count

Performance Statistics   2017-12-11 23:40:00 - 2017-12-11 23:42:00
Tag                                                  Avg(ms)         Min         Max     Std Dev       Count

Performance Statistics   2017-12-11 23:42:00 - 2017-12-11 23:44:00
Tag                                                  Avg(ms)         Min         Max     Std Dev       Count

Performance Statistics   2017-12-11 23:44:00 - 2017-12-11 23:46:00
Tag                                                  Avg(ms)         Min         Max     Std Dev       Count

Performance Statistics   2017-12-11 23:46:00 - 2017-12-11 23:48:00
Tag                                                  Avg(ms)         Min         Max     Std Dev       Count

Performance Statistics   2017-12-11 23:48:00 - 2017-12-11 23:50:00
Tag                                                  Avg(ms)         Min         Max     Std Dev       Count

Performance Statistics   2017-12-11 23:50:00 - 2017-12-11 23:52:00
Tag                                                  Avg(ms)         Min         Max     Std Dev       Count

Performance Statistics   2017-12-11 23:52:00 - 2017-12-11 23:54:00
Tag                                                  Avg(ms)         Min         Max     Std Dev       Count

Performance Statistics   2017-12-11 23:54:00 - 2017-12-11 23:56:00
Tag                                                  Avg(ms)         Min         Max     Std Dev       Count

Performance Statistics   2017-12-11 23:56:00 - 2017-12-11 23:58:00
Tag                                                  Avg(ms)         Min         Max     Std Dev       Count

