Performance Statistics   2017-12-06 14:10:00 - 2017-12-06 14:12:00
Tag                                                  Avg(ms)         Min         Max     Std Dev       Count

Performance Statistics   2017-12-06 14:12:00 - 2017-12-06 14:14:00
Tag                                                  Avg(ms)         Min         Max     Std Dev       Count

Performance Statistics   2017-12-06 14:14:00 - 2017-12-06 14:16:00
Tag                                                  Avg(ms)         Min         Max     Std Dev       Count

Performance Statistics   2017-12-06 14:16:00 - 2017-12-06 14:18:00
Tag                                                  Avg(ms)         Min         Max     Std Dev       Count

Performance Statistics   2017-12-06 14:18:00 - 2017-12-06 14:20:00
Tag                                                  Avg(ms)         Min         Max     Std Dev       Count

Performance Statistics   2017-12-06 14:20:00 - 2017-12-06 14:22:00
Tag                                                  Avg(ms)         Min         Max     Std Dev       Count

Performance Statistics   2017-12-06 14:22:00 - 2017-12-06 14:24:00
Tag                                                  Avg(ms)         Min         Max     Std Dev       Count

Performance Statistics   2017-12-06 14:24:00 - 2017-12-06 14:26:00
Tag                                                  Avg(ms)         Min         Max     Std Dev       Count

Performance Statistics   2017-12-06 14:26:00 - 2017-12-06 14:28:00
Tag                                                  Avg(ms)         Min         Max     Std Dev       Count

Performance Statistics   2017-12-06 14:28:00 - 2017-12-06 14:30:00
Tag                                                  Avg(ms)         Min         Max     Std Dev       Count

Performance Statistics   2017-12-06 14:30:00 - 2017-12-06 14:32:00
Tag                                                  Avg(ms)         Min         Max     Std Dev       Count

Performance Statistics   2017-12-06 14:32:00 - 2017-12-06 14:34:00
Tag                                                  Avg(ms)         Min         Max     Std Dev       Count

Performance Statistics   2017-12-06 14:34:00 - 2017-12-06 14:36:00
Tag                                                  Avg(ms)         Min         Max     Std Dev       Count

Performance Statistics   2017-12-06 14:36:00 - 2017-12-06 14:38:00
Tag                                                  Avg(ms)         Min         Max     Std Dev       Count

Performance Statistics   2017-12-06 14:38:00 - 2017-12-06 14:40:00
Tag                                                  Avg(ms)         Min         Max     Std Dev       Count

Performance Statistics   2017-12-06 14:40:00 - 2017-12-06 14:42:00
Tag                                                  Avg(ms)         Min         Max     Std Dev       Count

Performance Statistics   2017-12-06 14:42:00 - 2017-12-06 14:44:00
Tag                                                  Avg(ms)         Min         Max     Std Dev       Count

Performance Statistics   2017-12-06 14:44:00 - 2017-12-06 14:46:00
Tag                                                  Avg(ms)         Min         Max     Std Dev       Count

Performance Statistics   2017-12-06 14:46:00 - 2017-12-06 14:48:00
Tag                                                  Avg(ms)         Min         Max     Std Dev       Count

Performance Statistics   2017-12-06 14:48:00 - 2017-12-06 14:50:00
Tag                                                  Avg(ms)         Min         Max     Std Dev       Count

Performance Statistics   2017-12-06 14:50:00 - 2017-12-06 14:52:00
Tag                                                  Avg(ms)         Min         Max     Std Dev       Count

Performance Statistics   2017-12-06 14:52:00 - 2017-12-06 14:54:00
Tag                                                  Avg(ms)         Min         Max     Std Dev       Count

Performance Statistics   2017-12-06 14:54:00 - 2017-12-06 14:56:00
Tag                                                  Avg(ms)         Min         Max     Std Dev       Count

Performance Statistics   2017-12-06 14:56:00 - 2017-12-06 14:58:00
Tag                                                  Avg(ms)         Min         Max     Std Dev       Count

Performance Statistics   2017-12-06 14:58:00 - 2017-12-06 15:00:00
Tag                                                  Avg(ms)         Min         Max     Std Dev       Count

Performance Statistics   2017-12-06 15:00:00 - 2017-12-06 15:02:00
Tag                                                  Avg(ms)         Min         Max     Std Dev       Count

Performance Statistics   2017-12-06 15:02:00 - 2017-12-06 15:04:00
Tag                                                  Avg(ms)         Min         Max     Std Dev       Count

Performance Statistics   2017-12-06 15:04:00 - 2017-12-06 15:06:00
Tag                                                  Avg(ms)         Min         Max     Std Dev       Count

Performance Statistics   2017-12-06 15:06:00 - 2017-12-06 15:08:00
Tag                                                  Avg(ms)         Min         Max     Std Dev       Count

Performance Statistics   2017-12-06 15:08:00 - 2017-12-06 15:10:00
Tag                                                  Avg(ms)         Min         Max     Std Dev       Count

Performance Statistics   2017-12-06 15:10:00 - 2017-12-06 15:12:00
Tag                                                  Avg(ms)         Min         Max     Std Dev       Count
inspectionrecord$HtEmpl.browse#init                      0.0           0           0         0.0           1
inspectionrecord$HtEmpl.browse#inject                    1.0           1           1         0.0           1
inspectionrecord$HtEmpl.browse#load                    473.0         473         473         0.0           1
inspectionrecord$HtEmpl.browse#ready                     0.0           0           0         0.0           1
inspectionrecord$HtEmpl.browse#uiPermissions             0.0           0           0         0.0           1
inspectionrecord$HtEmpl.browse#xml                       6.0           6           6         0.0           1
inspectionrecord$HtEmpl.browse@htEmplsDs               578.0         578         578         0.0           1
loginWindow#init                                        10.0          10          10         0.0           1
loginWindow#inject                                       9.0           9           9         0.0           1
loginWindow#load                                       321.0         321         321         0.0           1
loginWindow#ready                                        0.0           0           0         0.0           1
loginWindow#uiPermissions                                0.0           0           0         0.0           1
loginWindow#xml                                         12.0          12          12         0.0           1
mainWindow#init                                         37.0          37          37         0.0           1
mainWindow#inject                                        2.0           2           2         0.0           1
mainWindow#load                                        176.0         176         176         0.0           1
mainWindow#ready                                         0.0           0           0         0.0           1
mainWindow#uiPermissions                                 0.0           0           0         0.0           1
mainWindow#xml                                           1.0           1           1         0.0           1

Performance Statistics   2017-12-06 15:12:00 - 2017-12-06 15:14:00
Tag                                                  Avg(ms)         Min         Max     Std Dev       Count

Performance Statistics   2017-12-06 15:14:00 - 2017-12-06 15:16:00
Tag                                                  Avg(ms)         Min         Max     Std Dev       Count

Performance Statistics   2017-12-06 15:16:00 - 2017-12-06 15:18:00
Tag                                                  Avg(ms)         Min         Max     Std Dev       Count

Performance Statistics   2017-12-06 15:18:00 - 2017-12-06 15:20:00
Tag                                                  Avg(ms)         Min         Max     Std Dev       Count

Performance Statistics   2017-12-06 15:24:00 - 2017-12-06 15:26:00
Tag                                                  Avg(ms)         Min         Max     Std Dev       Count

Performance Statistics   2017-12-06 15:26:00 - 2017-12-06 15:28:00
Tag                                                  Avg(ms)         Min         Max     Std Dev       Count

Performance Statistics   2017-12-06 15:28:00 - 2017-12-06 15:30:00
Tag                                                  Avg(ms)         Min         Max     Std Dev       Count

Performance Statistics   2017-12-06 15:30:00 - 2017-12-06 15:32:00
Tag                                                  Avg(ms)         Min         Max     Std Dev       Count

Performance Statistics   2017-12-06 15:32:00 - 2017-12-06 15:34:00
Tag                                                  Avg(ms)         Min         Max     Std Dev       Count

Performance Statistics   2017-12-06 15:34:00 - 2017-12-06 15:36:00
Tag                                                  Avg(ms)         Min         Max     Std Dev       Count

Performance Statistics   2017-12-06 15:36:00 - 2017-12-06 15:38:00
Tag                                                  Avg(ms)         Min         Max     Std Dev       Count

Performance Statistics   2017-12-06 15:38:00 - 2017-12-06 15:40:00
Tag                                                  Avg(ms)         Min         Max     Std Dev       Count

Performance Statistics   2017-12-06 15:40:00 - 2017-12-06 15:42:00
Tag                                                  Avg(ms)         Min         Max     Std Dev       Count

Performance Statistics   2017-12-06 15:42:00 - 2017-12-06 15:44:00
Tag                                                  Avg(ms)         Min         Max     Std Dev       Count

Performance Statistics   2017-12-06 15:44:00 - 2017-12-06 15:46:00
Tag                                                  Avg(ms)         Min         Max     Std Dev       Count

Performance Statistics   2017-12-06 15:46:00 - 2017-12-06 15:48:00
Tag                                                  Avg(ms)         Min         Max     Std Dev       Count

Performance Statistics   2017-12-06 15:48:00 - 2017-12-06 15:50:00
Tag                                                  Avg(ms)         Min         Max     Std Dev       Count

Performance Statistics   2017-12-06 15:50:00 - 2017-12-06 15:52:00
Tag                                                  Avg(ms)         Min         Max     Std Dev       Count

Performance Statistics   2017-12-06 15:52:00 - 2017-12-06 15:54:00
Tag                                                  Avg(ms)         Min         Max     Std Dev       Count

Performance Statistics   2017-12-06 15:54:00 - 2017-12-06 15:56:00
Tag                                                  Avg(ms)         Min         Max     Std Dev       Count

Performance Statistics   2017-12-06 15:56:00 - 2017-12-06 15:58:00
Tag                                                  Avg(ms)         Min         Max     Std Dev       Count

Performance Statistics   2017-12-06 15:58:00 - 2017-12-06 16:00:00
Tag                                                  Avg(ms)         Min         Max     Std Dev       Count

Performance Statistics   2017-12-06 16:00:00 - 2017-12-06 16:02:00
Tag                                                  Avg(ms)         Min         Max     Std Dev       Count

Performance Statistics   2017-12-06 16:02:00 - 2017-12-06 16:04:00
Tag                                                  Avg(ms)         Min         Max     Std Dev       Count

Performance Statistics   2017-12-06 16:04:00 - 2017-12-06 16:06:00
Tag                                                  Avg(ms)         Min         Max     Std Dev       Count

Performance Statistics   2017-12-06 16:06:00 - 2017-12-06 16:08:00
Tag                                                  Avg(ms)         Min         Max     Std Dev       Count

Performance Statistics   2017-12-06 16:08:00 - 2017-12-06 16:10:00
Tag                                                  Avg(ms)         Min         Max     Std Dev       Count

Performance Statistics   2017-12-06 16:10:00 - 2017-12-06 16:12:00
Tag                                                  Avg(ms)         Min         Max     Std Dev       Count

Performance Statistics   2017-12-06 16:12:00 - 2017-12-06 16:14:00
Tag                                                  Avg(ms)         Min         Max     Std Dev       Count

Performance Statistics   2017-12-06 16:14:00 - 2017-12-06 16:16:00
Tag                                                  Avg(ms)         Min         Max     Std Dev       Count

Performance Statistics   2017-12-06 16:16:00 - 2017-12-06 16:18:00
Tag                                                  Avg(ms)         Min         Max     Std Dev       Count

Performance Statistics   2017-12-06 16:18:00 - 2017-12-06 16:20:00
Tag                                                  Avg(ms)         Min         Max     Std Dev       Count

Performance Statistics   2017-12-06 16:20:00 - 2017-12-06 16:22:00
Tag                                                  Avg(ms)         Min         Max     Std Dev       Count

Performance Statistics   2017-12-06 16:22:00 - 2017-12-06 16:24:00
Tag                                                  Avg(ms)         Min         Max     Std Dev       Count

Performance Statistics   2017-12-06 16:24:00 - 2017-12-06 16:26:00
Tag                                                  Avg(ms)         Min         Max     Std Dev       Count

Performance Statistics   2017-12-06 16:26:00 - 2017-12-06 16:28:00
Tag                                                  Avg(ms)         Min         Max     Std Dev       Count

Performance Statistics   2017-12-06 16:28:00 - 2017-12-06 16:30:00
Tag                                                  Avg(ms)         Min         Max     Std Dev       Count

Performance Statistics   2017-12-06 16:30:00 - 2017-12-06 16:32:00
Tag                                                  Avg(ms)         Min         Max     Std Dev       Count

Performance Statistics   2017-12-06 16:32:00 - 2017-12-06 16:34:00
Tag                                                  Avg(ms)         Min         Max     Std Dev       Count

Performance Statistics   2017-12-06 16:34:00 - 2017-12-06 16:36:00
Tag                                                  Avg(ms)         Min         Max     Std Dev       Count

Performance Statistics   2017-12-06 16:36:00 - 2017-12-06 16:38:00
Tag                                                  Avg(ms)         Min         Max     Std Dev       Count

Performance Statistics   2017-12-06 16:38:00 - 2017-12-06 16:40:00
Tag                                                  Avg(ms)         Min         Max     Std Dev       Count

Performance Statistics   2017-12-06 16:40:00 - 2017-12-06 16:42:00
Tag                                                  Avg(ms)         Min         Max     Std Dev       Count

Performance Statistics   2017-12-06 16:42:00 - 2017-12-06 16:44:00
Tag                                                  Avg(ms)         Min         Max     Std Dev       Count

Performance Statistics   2017-12-06 16:44:00 - 2017-12-06 16:46:00
Tag                                                  Avg(ms)         Min         Max     Std Dev       Count

Performance Statistics   2017-12-06 16:46:00 - 2017-12-06 16:48:00
Tag                                                  Avg(ms)         Min         Max     Std Dev       Count

Performance Statistics   2017-12-06 16:48:00 - 2017-12-06 16:50:00
Tag                                                  Avg(ms)         Min         Max     Std Dev       Count

Performance Statistics   2017-12-06 16:50:00 - 2017-12-06 16:52:00
Tag                                                  Avg(ms)         Min         Max     Std Dev       Count

Performance Statistics   2017-12-06 16:52:00 - 2017-12-06 16:54:00
Tag                                                  Avg(ms)         Min         Max     Std Dev       Count

Performance Statistics   2017-12-06 16:54:00 - 2017-12-06 16:56:00
Tag                                                  Avg(ms)         Min         Max     Std Dev       Count

Performance Statistics   2017-12-06 16:56:00 - 2017-12-06 16:58:00
Tag                                                  Avg(ms)         Min         Max     Std Dev       Count

Performance Statistics   2017-12-06 16:58:00 - 2017-12-06 17:00:00
Tag                                                  Avg(ms)         Min         Max     Std Dev       Count

Performance Statistics   2017-12-06 17:00:00 - 2017-12-06 17:02:00
Tag                                                  Avg(ms)         Min         Max     Std Dev       Count

Performance Statistics   2017-12-06 17:02:00 - 2017-12-06 17:04:00
Tag                                                  Avg(ms)         Min         Max     Std Dev       Count

