Performance Statistics   2017-12-08 10:12:00 - 2017-12-08 10:13:00
Tag                                                  Avg(ms)         Min         Max     Std Dev       Count
Messages.searchClasspath                                 1.6           0          46         7.2          50
Messages.searchFiles                                     0.3           0          16         2.2          50

Performance Statistics   2017-12-08 10:13:00 - 2017-12-08 10:14:00
Tag                                                  Avg(ms)         Min         Max     Std Dev       Count
Messages.searchClasspath                                 0.4           0          10         1.6          80
Messages.searchFiles                                     0.0           0           1         0.2          80
Metadata.replaceExtendedMetaClasses                      1.0           1           1         0.0           1
QueryParser.getEntityName()                             81.0           3         234       108.2           3
QueryParser.getEntityNameIfSecondaryReturnedInsteadOfMain()         0.0           0           0         0.0           3
QueryParser.getEntityPathIfSecondaryReturnedInsteadOfMain()         0.0           0           0         0.0           3
QueryParser.getParamNames()                              0.0           0           0         0.0           3
QueryParser.isCollectionSecondaryEntitySelect()          0.0           0           0         0.0           2
QueryTransformer.addEntityInGroupBy(..)                  0.0           0           0         0.0           2
QueryTransformer.addFirstSelectionSource(..)             0.0           0           0         0.0           2
QueryTransformer.addWhereAsIs(..)                        0.5           0           1         0.5           2
QueryTransformer.getResult()                             1.0           0           2         1.0           2
QueryTransformer.replaceWithSelectEntityVariable(..)         5.0           0          10         5.0           2

Performance Statistics   2017-12-08 10:14:00 - 2017-12-08 10:15:00
Tag                                                  Avg(ms)         Min         Max     Std Dev       Count

Performance Statistics   2017-12-08 10:15:00 - 2017-12-08 10:16:00
Tag                                                  Avg(ms)         Min         Max     Std Dev       Count
AppFolders                                              11.0          11          11         0.0           1
LoadClass                                                0.7           0           2         0.7           6
MenuItem.inspectionrecord$HtEmpl.browse               6342.0        6342        6342         0.0           1
Messages.searchClasspath                                 0.1           0          45         1.2        1356
Messages.searchFiles                                     0.0           0           4         0.1        1356
Metadata.replaceExtendedMetaClasses                      2.0           2           2         0.0           1
PersistenceSecurity.applyConstraints(..)                 3.3           1           7         2.6           3
QueryParser.getEntityAlias()                             1.0           0           2         0.8           3
QueryParser.getEntityName()                              2.4           0          33         7.6          18
QueryParser.getEntityNameIfSecondaryReturnedInsteadOfMain()         0.0           0           0         0.0          15
QueryParser.getEntityPathIfSecondaryReturnedInsteadOfMain()         0.0           0           0         0.0          15
QueryParser.getParamNames()                              0.7           0          12         2.7          18
QueryParser.hasIsNullCondition(..)                       3.0           0           6         3.0           2
QueryParser.isCollectionSecondaryEntitySelect()          0.0           0           0         0.0           2
QueryTransformer.addEntityInGroupBy(..)                  0.0           0           0         0.0           2
QueryTransformer.addFirstSelectionSource(..)             0.0           0           0         0.0           2
QueryTransformer.addWhereAsIs(..)                        0.0           0           0         0.0           2
QueryTransformer.getResult()                             0.0           0           0         0.0           2
QueryTransformer.replaceWithSelectEntityVariable(..)         1.0           0           2         1.0           2
SearchFolders                                           19.0          19          19         0.0           1
Security.isEntityOpPermitted(..)                         0.0           0           0         0.0           3
ViewRepository.init.ViewRepositoryClientImpl            17.0          17          17         0.0           1
ViewRepository.init.ViewRepositoryImpl                  20.0          20          20         0.0           1

Performance Statistics   2017-12-08 10:16:00 - 2017-12-08 10:17:00
Tag                                                  Avg(ms)         Min         Max     Std Dev       Count
LoadClass                                                0.3           0           1         0.5           6
MenuItem.inspectionrecord$DefectType.browse            186.0         186         186         0.0           1
MenuItem.inspectionrecord$Employee.browse              820.0         820         820         0.0           1
Messages.searchClasspath                                 0.0           0           3         0.3         162
Messages.searchFiles                                     0.0           0           0         0.0         162
PersistenceSecurity.applyConstraints(..)                 0.6           0           1         0.5           8
QueryParser.getEntityAlias()                             0.2           0           1         0.4           5
QueryParser.getEntityName()                              0.1           0           1         0.3          24
QueryParser.getEntityNameIfSecondaryReturnedInsteadOfMain()         0.0           0           0         0.0          16
QueryParser.getEntityPathIfSecondaryReturnedInsteadOfMain()         0.1           0           1         0.2          16
QueryParser.getParamNames()                              0.2           0           4         0.8          24
QueryParser.hasIsNullCondition(..)                       0.2           0           1         0.4           6
QueryParser.isCollectionSecondaryEntitySelect()          0.0           0           0         0.0           2
QueryTransformer.addEntityInGroupBy(..)                  0.0           0           0         0.0           2
QueryTransformer.addFirstSelectionSource(..)             0.0           0           0         0.0           2
QueryTransformer.addWhereAsIs(..)                        0.5           0           1         0.5           2
QueryTransformer.getResult()                             0.0           0           0         0.0           2
QueryTransformer.replaceWithSelectEntityVariable(..)         0.0           0           0         0.0           2
Security.isEntityOpPermitted(..)                         0.0           0           0         0.0           9

Performance Statistics   2017-12-08 10:17:00 - 2017-12-08 10:18:00
Tag                                                  Avg(ms)         Min         Max     Std Dev       Count
LoadClass                                                0.2           0           1         0.4          10
MenuItem.inspectionrecord$Employee.browse              204.0         204         204         0.0           1
MenuItem.inspectionrecord$HtJob.browse                 278.0         278         278         0.0           1
MenuItem.inspectionrecord$Job.browse                   131.5         108         155        23.5           2
Messages.searchClasspath                                 0.0           0           1         0.1         271
Messages.searchFiles                                     0.0           0           0         0.0         271
PersistenceSecurity.applyConstraints(..)                 0.7           0           2         0.6          13
QueryParser.getEntityAlias()                             1.0           0           4         1.5           6
QueryParser.getEntityName()                              0.0           0           1         0.2          32
QueryParser.getEntityNameIfSecondaryReturnedInsteadOfMain()         0.0           0           0         0.0          19
QueryParser.getEntityPathIfSecondaryReturnedInsteadOfMain()         0.0           0           0         0.0          19
QueryParser.getParamNames()                              0.2           0           6         1.1          32
QueryParser.hasIsNullCondition(..)                       0.3           0           2         0.7           7
Security.isEntityOpPermitted(..)                         0.0           0           0         0.0          14

Performance Statistics   2017-12-08 10:18:00 - 2017-12-08 10:19:00
Tag                                                  Avg(ms)         Min         Max     Std Dev       Count
LoadClass                                                0.0           0           0         0.0           6
PersistenceSecurity.applyConstraints(..)                 0.7           0           2         0.7           6
QueryParser.getEntityAlias()                             1.0           0           3         1.4           3
QueryParser.getEntityName()                              0.1           0           1         0.3          14
QueryParser.getEntityNameIfSecondaryReturnedInsteadOfMain()         0.0           0           0         0.0           8
QueryParser.getEntityPathIfSecondaryReturnedInsteadOfMain()         0.0           0           0         0.0           8
QueryParser.getParamNames()                              0.0           0           0         0.0          14
QueryParser.hasIsNullCondition(..)                       0.3           0           1         0.5           3
Security.isEntityOpPermitted(..)                         0.0           0           0         0.0           6

Performance Statistics   2017-12-08 10:19:00 - 2017-12-08 10:20:00
Tag                                                  Avg(ms)         Min         Max     Std Dev       Count
LoadClass                                                0.0           0           0         0.0          10
MenuItem.inspectionrecord$DefectType.browse             67.0          67          67         0.0           1
MenuItem.inspectionrecord$Employee.browse              167.5          90         245        77.5           2
MenuItem.inspectionrecord$Job.browse                   184.0         184         184         0.0           1
Messages.searchClasspath                                 0.0           0           0         0.0          20
Messages.searchFiles                                     0.0           0           0         0.0          20
PersistenceSecurity.applyConstraints(..)                 0.9           0           4         1.4          13
QueryParser.getEntityAlias()                             0.4           0           1         0.5           7
QueryParser.getEntityName()                              0.0           0           1         0.2          29
QueryParser.getEntityNameIfSecondaryReturnedInsteadOfMain()         0.0           0           0         0.0          16
QueryParser.getEntityPathIfSecondaryReturnedInsteadOfMain()         0.0           0           0         0.0          16
QueryParser.getParamNames()                              0.0           0           1         0.2          29
QueryParser.hasIsNullCondition(..)                       0.5           0           4         1.3           8
Security.isEntityOpPermitted(..)                         0.0           0           0         0.0          13

Performance Statistics   2017-12-08 10:20:00 - 2017-12-08 10:21:00
Tag                                                  Avg(ms)         Min         Max     Std Dev       Count
LoadClass                                                0.7           0           4         1.4           7
MenuItem.inspectionrecord$Employee.browse              166.0         166         166         0.0           1
Messages.searchClasspath                                 0.1           0          13         1.2         121
Messages.searchFiles                                     0.0           0           0         0.0         121
PersistenceSecurity.applyConstraints(..)                 0.8           0           3         1.0           9
PersistenceSecurity.restoreFilteredData(..)              0.0           0           0         0.0           1
QueryParser.getEntityAlias()                             0.0           0           0         0.0           3
QueryParser.getEntityName()                              0.0           0           1         0.2          21
QueryParser.getEntityNameIfSecondaryReturnedInsteadOfMain()         0.0           0           0         0.0          12
QueryParser.getEntityPathIfSecondaryReturnedInsteadOfMain()         0.0           0           0         0.0          12
QueryParser.getParamNames()                              0.0           0           0         0.0          21
QueryParser.hasIsNullCondition(..)                       0.0           0           0         0.0           4
Security.isEntityOpPermitted(..)                         0.0           0           0         0.0          10

Performance Statistics   2017-12-08 10:21:00 - 2017-12-08 10:22:00
Tag                                                  Avg(ms)         Min         Max     Std Dev       Count
PersistenceSecurity.applyConstraints(..)                 0.7           0           1         0.5           3
QueryParser.getEntityAlias()                             0.0           0           0         0.0           1
QueryParser.getEntityName()                              0.0           0           0         0.0           9
QueryParser.getEntityNameIfSecondaryReturnedInsteadOfMain()         0.0           0           0         0.0           6
QueryParser.getEntityPathIfSecondaryReturnedInsteadOfMain()         0.0           0           0         0.0           6
QueryParser.getParamNames()                              0.0           0           0         0.0           9
QueryParser.hasIsNullCondition(..)                       0.0           0           0         0.0           2
Security.isEntityOpPermitted(..)                         0.0           0           0         0.0           4

Performance Statistics   2017-12-08 10:22:00 - 2017-12-08 10:23:00
Tag                                                  Avg(ms)         Min         Max     Std Dev       Count
LoadClass                                                0.0           0           0         0.0           4
PersistenceSecurity.applyConstraints(..)                 0.6           0           3         0.9          10
QueryParser.getEntityAlias()                             0.0           0           0         0.0           4
QueryParser.getEntityName()                              0.0           0           0         0.0          24
QueryParser.getEntityNameIfSecondaryReturnedInsteadOfMain()         0.0           0           0         0.0          14
QueryParser.getEntityPathIfSecondaryReturnedInsteadOfMain()         0.0           0           0         0.0          14
QueryParser.getParamNames()                              0.0           0           0         0.0          24
QueryParser.hasIsNullCondition(..)                       0.2           0           1         0.4           6
Security.isEntityOpPermitted(..)                         0.0           0           0         0.0          10

Performance Statistics   2017-12-08 10:23:00 - 2017-12-08 10:24:00
Tag                                                  Avg(ms)         Min         Max     Std Dev       Count

Performance Statistics   2017-12-08 10:24:00 - 2017-12-08 10:25:00
Tag                                                  Avg(ms)         Min         Max     Std Dev       Count

Performance Statistics   2017-12-08 10:25:00 - 2017-12-08 10:26:00
Tag                                                  Avg(ms)         Min         Max     Std Dev       Count
LoadClass                                                0.0           0           0         0.0           6
MenuItem.inspectionrecord$Job.browse                   188.0         188         188         0.0           1
Messages.searchClasspath                                 0.0           0           0         0.0           5
Messages.searchFiles                                     0.0           0           0         0.0           5
PersistenceSecurity.applyConstraints(..)                 0.6           0           2         0.6          14
PersistenceSecurity.restoreFilteredData(..)              0.0           0           0         0.0           1
QueryParser.getEntityAlias()                             0.0           0           0         0.0           7
QueryParser.getEntityName()                              0.0           0           0         0.0          33
QueryParser.getEntityNameIfSecondaryReturnedInsteadOfMain()         0.0           0           0         0.0          19
QueryParser.getEntityPathIfSecondaryReturnedInsteadOfMain()         0.0           0           0         0.0          19
QueryParser.getParamNames()                              0.0           0           0         0.0          33
QueryParser.hasIsNullCondition(..)                       0.0           0           0         0.0          10
Security.isEntityOpPermitted(..)                         0.0           0           0         0.0          17

Performance Statistics   2017-12-08 10:26:00 - 2017-12-08 10:27:00
Tag                                                  Avg(ms)         Min         Max     Std Dev       Count
LoadClass                                                1.0           0           2         1.0           2
MenuItem.inspectionrecord$InspectionRecord.browse       415.0         415         415         0.0           1
Messages.searchClasspath                                 0.0           0           1         0.1          54
Messages.searchFiles                                     0.0           0           0         0.0          54
PersistenceSecurity.applyConstraints(..)                 1.0           0           2         1.0           2
QueryParser.getEntityAlias()                             0.0           0           0         0.0           2
QueryParser.getEntityName()                              0.2           0           1         0.4           5
QueryParser.getEntityNameIfSecondaryReturnedInsteadOfMain()         0.0           0           0         0.0           3
QueryParser.getEntityPathIfSecondaryReturnedInsteadOfMain()         0.0           0           0         0.0           3
QueryParser.getParamNames()                              0.0           0           0         0.0           5
QueryParser.hasIsNullCondition(..)                       0.0           0           0         0.0           2
Security.isEntityOpPermitted(..)                         0.0           0           0         0.0           2

Performance Statistics   2017-12-08 10:27:00 - 2017-12-08 10:28:00
Tag                                                  Avg(ms)         Min         Max     Std Dev       Count
LoadClass                                                0.0           0           0         0.0           6
PersistenceSecurity.applyConstraints(..)                 0.4           0           3         0.8          21
QueryParser.getEntityAlias()                             0.0           0           0         0.0          14
QueryParser.getEntityName()                              0.1           0           2         0.3          50
QueryParser.getEntityNameIfSecondaryReturnedInsteadOfMain()         0.0           0           0         0.0          29
QueryParser.getEntityPathIfSecondaryReturnedInsteadOfMain()         0.0           0           0         0.0          29
QueryParser.getParamNames()                              0.0           0           1         0.1          50
QueryParser.hasIsNullCondition(..)                       0.0           0           0         0.0          20
Security.isEntityOpPermitted(..)                         0.0           0           0         0.0          22

Performance Statistics   2017-12-08 10:28:00 - 2017-12-08 10:29:00
Tag                                                  Avg(ms)         Min         Max     Std Dev       Count
LoadClass                                                0.0           0           0         0.0           6
MenuItem.inspectionrecord$InspectionRecord.browse        49.0          49          49         0.0           1
PersistenceSecurity.applyConstraints(..)                 0.5           0           4         1.1          14
QueryParser.getEntityAlias()                             0.0           0           0         0.0          10
QueryParser.getEntityName()                              0.0           0           0         0.0          33
QueryParser.getEntityNameIfSecondaryReturnedInsteadOfMain()         0.0           0           0         0.0          19
QueryParser.getEntityPathIfSecondaryReturnedInsteadOfMain()         0.0           0           0         0.0          19
QueryParser.getParamNames()                              0.0           0           0         0.0          33
QueryParser.hasIsNullCondition(..)                       0.0           0           0         0.0          13
Security.isEntityOpPermitted(..)                         0.0           0           0         0.0          15

Performance Statistics   2017-12-08 10:29:00 - 2017-12-08 10:30:00
Tag                                                  Avg(ms)         Min         Max     Std Dev       Count

Performance Statistics   2017-12-08 10:30:00 - 2017-12-08 10:31:00
Tag                                                  Avg(ms)         Min         Max     Std Dev       Count

Performance Statistics   2017-12-08 10:31:00 - 2017-12-08 10:32:00
Tag                                                  Avg(ms)         Min         Max     Std Dev       Count

Performance Statistics   2017-12-08 10:32:00 - 2017-12-08 10:33:00
Tag                                                  Avg(ms)         Min         Max     Std Dev       Count

Performance Statistics   2017-12-08 10:33:00 - 2017-12-08 10:34:00
Tag                                                  Avg(ms)         Min         Max     Std Dev       Count

Performance Statistics   2017-12-08 10:34:00 - 2017-12-08 10:35:00
Tag                                                  Avg(ms)         Min         Max     Std Dev       Count

Performance Statistics   2017-12-08 10:35:00 - 2017-12-08 10:36:00
Tag                                                  Avg(ms)         Min         Max     Std Dev       Count

Performance Statistics   2017-12-08 10:36:00 - 2017-12-08 10:37:00
Tag                                                  Avg(ms)         Min         Max     Std Dev       Count

Performance Statistics   2017-12-08 10:37:00 - 2017-12-08 10:38:00
Tag                                                  Avg(ms)         Min         Max     Std Dev       Count

Performance Statistics   2017-12-08 10:38:00 - 2017-12-08 10:39:00
Tag                                                  Avg(ms)         Min         Max     Std Dev       Count
QueryParser.getEntityName()                              0.0           0           0         0.0           7
QueryParser.getEntityNameIfSecondaryReturnedInsteadOfMain()         0.0           0           0         0.0           7
QueryParser.getEntityPathIfSecondaryReturnedInsteadOfMain()         0.0           0           0         0.0           7
QueryParser.getParamNames()                              0.0           0           0         0.0           7
QueryParser.isCollectionSecondaryEntitySelect()          0.0           0           0         0.0           2
QueryTransformer.addEntityInGroupBy(..)                  0.0           0           0         0.0           2
QueryTransformer.addFirstSelectionSource(..)             0.0           0           0         0.0           2
QueryTransformer.addWhereAsIs(..)                        0.0           0           0         0.0           2
QueryTransformer.getResult()                             0.0           0           0         0.0           2
QueryTransformer.replaceWithSelectEntityVariable(..)         0.0           0           0         0.0           2

Performance Statistics   2017-12-08 10:39:00 - 2017-12-08 10:40:00
Tag                                                  Avg(ms)         Min         Max     Std Dev       Count

Performance Statistics   2017-12-08 10:40:00 - 2017-12-08 10:41:00
Tag                                                  Avg(ms)         Min         Max     Std Dev       Count

Performance Statistics   2017-12-08 10:41:00 - 2017-12-08 10:42:00
Tag                                                  Avg(ms)         Min         Max     Std Dev       Count

Performance Statistics   2017-12-08 10:42:00 - 2017-12-08 10:43:00
Tag                                                  Avg(ms)         Min         Max     Std Dev       Count

Performance Statistics   2017-12-08 10:43:00 - 2017-12-08 10:44:00
Tag                                                  Avg(ms)         Min         Max     Std Dev       Count

Performance Statistics   2017-12-08 10:44:00 - 2017-12-08 10:45:00
Tag                                                  Avg(ms)         Min         Max     Std Dev       Count

Performance Statistics   2017-12-08 10:45:00 - 2017-12-08 10:46:00
Tag                                                  Avg(ms)         Min         Max     Std Dev       Count

Performance Statistics   2017-12-08 10:46:00 - 2017-12-08 10:47:00
Tag                                                  Avg(ms)         Min         Max     Std Dev       Count

Performance Statistics   2017-12-08 10:47:00 - 2017-12-08 10:48:00
Tag                                                  Avg(ms)         Min         Max     Std Dev       Count

Performance Statistics   2017-12-08 10:48:00 - 2017-12-08 10:49:00
Tag                                                  Avg(ms)         Min         Max     Std Dev       Count

Performance Statistics   2017-12-08 10:49:00 - 2017-12-08 10:50:00
Tag                                                  Avg(ms)         Min         Max     Std Dev       Count

Performance Statistics   2017-12-08 10:50:00 - 2017-12-08 10:51:00
Tag                                                  Avg(ms)         Min         Max     Std Dev       Count

Performance Statistics   2017-12-08 10:51:00 - 2017-12-08 10:52:00
Tag                                                  Avg(ms)         Min         Max     Std Dev       Count

Performance Statistics   2017-12-08 10:52:00 - 2017-12-08 10:53:00
Tag                                                  Avg(ms)         Min         Max     Std Dev       Count

Performance Statistics   2017-12-08 10:53:00 - 2017-12-08 10:54:00
Tag                                                  Avg(ms)         Min         Max     Std Dev       Count

Performance Statistics   2017-12-08 10:54:00 - 2017-12-08 10:55:00
Tag                                                  Avg(ms)         Min         Max     Std Dev       Count

Performance Statistics   2017-12-08 10:55:00 - 2017-12-08 10:56:00
Tag                                                  Avg(ms)         Min         Max     Std Dev       Count

Performance Statistics   2017-12-08 10:56:00 - 2017-12-08 10:57:00
Tag                                                  Avg(ms)         Min         Max     Std Dev       Count

Performance Statistics   2017-12-08 10:57:00 - 2017-12-08 10:58:00
Tag                                                  Avg(ms)         Min         Max     Std Dev       Count

Performance Statistics   2017-12-08 10:58:00 - 2017-12-08 10:59:00
Tag                                                  Avg(ms)         Min         Max     Std Dev       Count

Performance Statistics   2017-12-08 10:59:00 - 2017-12-08 11:00:00
Tag                                                  Avg(ms)         Min         Max     Std Dev       Count

Performance Statistics   2017-12-08 11:00:00 - 2017-12-08 11:01:00
Tag                                                  Avg(ms)         Min         Max     Std Dev       Count

Performance Statistics   2017-12-08 11:01:00 - 2017-12-08 11:02:00
Tag                                                  Avg(ms)         Min         Max     Std Dev       Count

Performance Statistics   2017-12-08 11:02:00 - 2017-12-08 11:03:00
Tag                                                  Avg(ms)         Min         Max     Std Dev       Count

Performance Statistics   2017-12-08 11:03:00 - 2017-12-08 11:04:00
Tag                                                  Avg(ms)         Min         Max     Std Dev       Count

Performance Statistics   2017-12-08 11:04:00 - 2017-12-08 11:05:00
Tag                                                  Avg(ms)         Min         Max     Std Dev       Count

Performance Statistics   2017-12-08 11:05:00 - 2017-12-08 11:06:00
Tag                                                  Avg(ms)         Min         Max     Std Dev       Count

Performance Statistics   2017-12-08 11:06:00 - 2017-12-08 11:07:00
Tag                                                  Avg(ms)         Min         Max     Std Dev       Count

Performance Statistics   2017-12-08 11:07:00 - 2017-12-08 11:08:00
Tag                                                  Avg(ms)         Min         Max     Std Dev       Count

Performance Statistics   2017-12-08 11:08:00 - 2017-12-08 11:09:00
Tag                                                  Avg(ms)         Min         Max     Std Dev       Count

Performance Statistics   2017-12-08 11:09:00 - 2017-12-08 11:10:00
Tag                                                  Avg(ms)         Min         Max     Std Dev       Count

Performance Statistics   2017-12-08 11:10:00 - 2017-12-08 11:11:00
Tag                                                  Avg(ms)         Min         Max     Std Dev       Count

Performance Statistics   2017-12-08 11:11:00 - 2017-12-08 11:12:00
Tag                                                  Avg(ms)         Min         Max     Std Dev       Count

Performance Statistics   2017-12-08 11:12:00 - 2017-12-08 11:13:00
Tag                                                  Avg(ms)         Min         Max     Std Dev       Count

Performance Statistics   2017-12-08 11:13:00 - 2017-12-08 11:14:00
Tag                                                  Avg(ms)         Min         Max     Std Dev       Count

Performance Statistics   2017-12-08 11:14:00 - 2017-12-08 11:15:00
Tag                                                  Avg(ms)         Min         Max     Std Dev       Count

Performance Statistics   2017-12-08 11:15:00 - 2017-12-08 11:16:00
Tag                                                  Avg(ms)         Min         Max     Std Dev       Count

Performance Statistics   2017-12-08 11:16:00 - 2017-12-08 11:17:00
Tag                                                  Avg(ms)         Min         Max     Std Dev       Count

Performance Statistics   2017-12-08 11:17:00 - 2017-12-08 11:18:00
Tag                                                  Avg(ms)         Min         Max     Std Dev       Count

Performance Statistics   2017-12-08 11:18:00 - 2017-12-08 11:19:00
Tag                                                  Avg(ms)         Min         Max     Std Dev       Count

Performance Statistics   2017-12-08 11:19:00 - 2017-12-08 11:20:00
Tag                                                  Avg(ms)         Min         Max     Std Dev       Count

Performance Statistics   2017-12-08 11:20:00 - 2017-12-08 11:21:00
Tag                                                  Avg(ms)         Min         Max     Std Dev       Count

Performance Statistics   2017-12-08 11:21:00 - 2017-12-08 11:22:00
Tag                                                  Avg(ms)         Min         Max     Std Dev       Count

Performance Statistics   2017-12-08 11:22:00 - 2017-12-08 11:23:00
Tag                                                  Avg(ms)         Min         Max     Std Dev       Count

Performance Statistics   2017-12-08 11:23:00 - 2017-12-08 11:24:00
Tag                                                  Avg(ms)         Min         Max     Std Dev       Count

Performance Statistics   2017-12-08 11:24:00 - 2017-12-08 11:25:00
Tag                                                  Avg(ms)         Min         Max     Std Dev       Count

Performance Statistics   2017-12-08 11:25:00 - 2017-12-08 11:26:00
Tag                                                  Avg(ms)         Min         Max     Std Dev       Count

Performance Statistics   2017-12-08 11:26:00 - 2017-12-08 11:27:00
Tag                                                  Avg(ms)         Min         Max     Std Dev       Count

Performance Statistics   2017-12-08 11:27:00 - 2017-12-08 11:28:00
Tag                                                  Avg(ms)         Min         Max     Std Dev       Count

Performance Statistics   2017-12-08 11:28:00 - 2017-12-08 11:29:00
Tag                                                  Avg(ms)         Min         Max     Std Dev       Count

Performance Statistics   2017-12-08 11:29:00 - 2017-12-08 11:30:00
Tag                                                  Avg(ms)         Min         Max     Std Dev       Count

Performance Statistics   2017-12-08 11:30:00 - 2017-12-08 11:31:00
Tag                                                  Avg(ms)         Min         Max     Std Dev       Count

Performance Statistics   2017-12-08 11:31:00 - 2017-12-08 11:32:00
Tag                                                  Avg(ms)         Min         Max     Std Dev       Count

Performance Statistics   2017-12-08 11:32:00 - 2017-12-08 11:33:00
Tag                                                  Avg(ms)         Min         Max     Std Dev       Count

Performance Statistics   2017-12-08 11:33:00 - 2017-12-08 11:34:00
Tag                                                  Avg(ms)         Min         Max     Std Dev       Count

Performance Statistics   2017-12-08 11:34:00 - 2017-12-08 11:35:00
Tag                                                  Avg(ms)         Min         Max     Std Dev       Count

Performance Statistics   2017-12-08 11:35:00 - 2017-12-08 11:36:00
Tag                                                  Avg(ms)         Min         Max     Std Dev       Count

Performance Statistics   2017-12-08 11:36:00 - 2017-12-08 11:37:00
Tag                                                  Avg(ms)         Min         Max     Std Dev       Count

Performance Statistics   2017-12-08 11:37:00 - 2017-12-08 11:38:00
Tag                                                  Avg(ms)         Min         Max     Std Dev       Count

Performance Statistics   2017-12-08 11:38:00 - 2017-12-08 11:39:00
Tag                                                  Avg(ms)         Min         Max     Std Dev       Count

Performance Statistics   2017-12-08 11:39:00 - 2017-12-08 11:40:00
Tag                                                  Avg(ms)         Min         Max     Std Dev       Count

Performance Statistics   2017-12-08 11:40:00 - 2017-12-08 11:41:00
Tag                                                  Avg(ms)         Min         Max     Std Dev       Count

Performance Statistics   2017-12-08 11:41:00 - 2017-12-08 11:42:00
Tag                                                  Avg(ms)         Min         Max     Std Dev       Count

Performance Statistics   2017-12-08 11:42:00 - 2017-12-08 11:43:00
Tag                                                  Avg(ms)         Min         Max     Std Dev       Count

Performance Statistics   2017-12-08 11:43:00 - 2017-12-08 11:44:00
Tag                                                  Avg(ms)         Min         Max     Std Dev       Count

Performance Statistics   2017-12-08 11:44:00 - 2017-12-08 11:45:00
Tag                                                  Avg(ms)         Min         Max     Std Dev       Count

Performance Statistics   2017-12-08 11:45:00 - 2017-12-08 11:46:00
Tag                                                  Avg(ms)         Min         Max     Std Dev       Count

Performance Statistics   2017-12-08 11:46:00 - 2017-12-08 11:47:00
Tag                                                  Avg(ms)         Min         Max     Std Dev       Count

Performance Statistics   2017-12-08 11:47:00 - 2017-12-08 11:48:00
Tag                                                  Avg(ms)         Min         Max     Std Dev       Count

Performance Statistics   2017-12-08 11:48:00 - 2017-12-08 11:49:00
Tag                                                  Avg(ms)         Min         Max     Std Dev       Count

Performance Statistics   2017-12-08 11:49:00 - 2017-12-08 11:50:00
Tag                                                  Avg(ms)         Min         Max     Std Dev       Count

Performance Statistics   2017-12-08 11:50:00 - 2017-12-08 11:51:00
Tag                                                  Avg(ms)         Min         Max     Std Dev       Count

Performance Statistics   2017-12-08 11:51:00 - 2017-12-08 11:52:00
Tag                                                  Avg(ms)         Min         Max     Std Dev       Count

Performance Statistics   2017-12-08 11:52:00 - 2017-12-08 11:53:00
Tag                                                  Avg(ms)         Min         Max     Std Dev       Count

Performance Statistics   2017-12-08 11:53:00 - 2017-12-08 11:54:00
Tag                                                  Avg(ms)         Min         Max     Std Dev       Count

Performance Statistics   2017-12-08 11:54:00 - 2017-12-08 11:55:00
Tag                                                  Avg(ms)         Min         Max     Std Dev       Count

Performance Statistics   2017-12-08 11:55:00 - 2017-12-08 11:56:00
Tag                                                  Avg(ms)         Min         Max     Std Dev       Count

Performance Statistics   2017-12-08 11:56:00 - 2017-12-08 11:57:00
Tag                                                  Avg(ms)         Min         Max     Std Dev       Count

Performance Statistics   2017-12-08 11:57:00 - 2017-12-08 11:58:00
Tag                                                  Avg(ms)         Min         Max     Std Dev       Count

Performance Statistics   2017-12-08 11:58:00 - 2017-12-08 11:59:00
Tag                                                  Avg(ms)         Min         Max     Std Dev       Count

Performance Statistics   2017-12-08 11:59:00 - 2017-12-08 12:00:00
Tag                                                  Avg(ms)         Min         Max     Std Dev       Count

Performance Statistics   2017-12-08 12:00:00 - 2017-12-08 12:01:00
Tag                                                  Avg(ms)         Min         Max     Std Dev       Count

Performance Statistics   2017-12-08 12:01:00 - 2017-12-08 12:02:00
Tag                                                  Avg(ms)         Min         Max     Std Dev       Count

Performance Statistics   2017-12-08 12:02:00 - 2017-12-08 12:03:00
Tag                                                  Avg(ms)         Min         Max     Std Dev       Count

Performance Statistics   2017-12-08 12:03:00 - 2017-12-08 12:04:00
Tag                                                  Avg(ms)         Min         Max     Std Dev       Count

Performance Statistics   2017-12-08 12:04:00 - 2017-12-08 12:05:00
Tag                                                  Avg(ms)         Min         Max     Std Dev       Count

Performance Statistics   2017-12-08 12:05:00 - 2017-12-08 12:06:00
Tag                                                  Avg(ms)         Min         Max     Std Dev       Count

Performance Statistics   2017-12-08 12:06:00 - 2017-12-08 12:07:00
Tag                                                  Avg(ms)         Min         Max     Std Dev       Count

Performance Statistics   2017-12-08 12:07:00 - 2017-12-08 12:08:00
Tag                                                  Avg(ms)         Min         Max     Std Dev       Count

Performance Statistics   2017-12-08 12:08:00 - 2017-12-08 12:09:00
Tag                                                  Avg(ms)         Min         Max     Std Dev       Count

Performance Statistics   2017-12-08 12:09:00 - 2017-12-08 12:10:00
Tag                                                  Avg(ms)         Min         Max     Std Dev       Count

Performance Statistics   2017-12-08 12:10:00 - 2017-12-08 12:11:00
Tag                                                  Avg(ms)         Min         Max     Std Dev       Count

Performance Statistics   2017-12-08 12:11:00 - 2017-12-08 12:12:00
Tag                                                  Avg(ms)         Min         Max     Std Dev       Count

Performance Statistics   2017-12-08 12:12:00 - 2017-12-08 12:13:00
Tag                                                  Avg(ms)         Min         Max     Std Dev       Count

Performance Statistics   2017-12-08 12:13:00 - 2017-12-08 12:14:00
Tag                                                  Avg(ms)         Min         Max     Std Dev       Count

Performance Statistics   2017-12-08 12:14:00 - 2017-12-08 12:15:00
Tag                                                  Avg(ms)         Min         Max     Std Dev       Count

Performance Statistics   2017-12-08 12:15:00 - 2017-12-08 12:16:00
Tag                                                  Avg(ms)         Min         Max     Std Dev       Count

Performance Statistics   2017-12-08 12:16:00 - 2017-12-08 12:17:00
Tag                                                  Avg(ms)         Min         Max     Std Dev       Count

Performance Statistics   2017-12-08 12:17:00 - 2017-12-08 12:18:00
Tag                                                  Avg(ms)         Min         Max     Std Dev       Count

Performance Statistics   2017-12-08 12:18:00 - 2017-12-08 12:19:00
Tag                                                  Avg(ms)         Min         Max     Std Dev       Count

Performance Statistics   2017-12-08 12:19:00 - 2017-12-08 12:20:00
Tag                                                  Avg(ms)         Min         Max     Std Dev       Count

Performance Statistics   2017-12-08 12:20:00 - 2017-12-08 12:21:00
Tag                                                  Avg(ms)         Min         Max     Std Dev       Count

Performance Statistics   2017-12-08 12:21:00 - 2017-12-08 12:22:00
Tag                                                  Avg(ms)         Min         Max     Std Dev       Count

Performance Statistics   2017-12-08 12:22:00 - 2017-12-08 12:23:00
Tag                                                  Avg(ms)         Min         Max     Std Dev       Count

Performance Statistics   2017-12-08 12:23:00 - 2017-12-08 12:24:00
Tag                                                  Avg(ms)         Min         Max     Std Dev       Count

Performance Statistics   2017-12-08 12:24:00 - 2017-12-08 12:25:00
Tag                                                  Avg(ms)         Min         Max     Std Dev       Count

Performance Statistics   2017-12-08 12:25:00 - 2017-12-08 12:26:00
Tag                                                  Avg(ms)         Min         Max     Std Dev       Count

Performance Statistics   2017-12-08 12:26:00 - 2017-12-08 12:27:00
Tag                                                  Avg(ms)         Min         Max     Std Dev       Count

Performance Statistics   2017-12-08 12:27:00 - 2017-12-08 12:28:00
Tag                                                  Avg(ms)         Min         Max     Std Dev       Count

Performance Statistics   2017-12-08 12:28:00 - 2017-12-08 12:29:00
Tag                                                  Avg(ms)         Min         Max     Std Dev       Count

Performance Statistics   2017-12-08 12:29:00 - 2017-12-08 12:30:00
Tag                                                  Avg(ms)         Min         Max     Std Dev       Count

Performance Statistics   2017-12-08 12:30:00 - 2017-12-08 12:31:00
Tag                                                  Avg(ms)         Min         Max     Std Dev       Count

Performance Statistics   2017-12-08 12:31:00 - 2017-12-08 12:32:00
Tag                                                  Avg(ms)         Min         Max     Std Dev       Count

Performance Statistics   2017-12-08 12:32:00 - 2017-12-08 12:33:00
Tag                                                  Avg(ms)         Min         Max     Std Dev       Count

Performance Statistics   2017-12-08 12:33:00 - 2017-12-08 12:34:00
Tag                                                  Avg(ms)         Min         Max     Std Dev       Count

Performance Statistics   2017-12-08 12:34:00 - 2017-12-08 12:35:00
Tag                                                  Avg(ms)         Min         Max     Std Dev       Count

Performance Statistics   2017-12-08 12:35:00 - 2017-12-08 12:36:00
Tag                                                  Avg(ms)         Min         Max     Std Dev       Count

Performance Statistics   2017-12-08 12:36:00 - 2017-12-08 12:37:00
Tag                                                  Avg(ms)         Min         Max     Std Dev       Count

Performance Statistics   2017-12-08 12:37:00 - 2017-12-08 12:38:00
Tag                                                  Avg(ms)         Min         Max     Std Dev       Count

Performance Statistics   2017-12-08 12:38:00 - 2017-12-08 12:39:00
Tag                                                  Avg(ms)         Min         Max     Std Dev       Count

Performance Statistics   2017-12-08 12:39:00 - 2017-12-08 12:40:00
Tag                                                  Avg(ms)         Min         Max     Std Dev       Count

Performance Statistics   2017-12-08 12:40:00 - 2017-12-08 12:41:00
Tag                                                  Avg(ms)         Min         Max     Std Dev       Count

Performance Statistics   2017-12-08 12:41:00 - 2017-12-08 12:42:00
Tag                                                  Avg(ms)         Min         Max     Std Dev       Count

Performance Statistics   2017-12-08 12:42:00 - 2017-12-08 12:43:00
Tag                                                  Avg(ms)         Min         Max     Std Dev       Count

Performance Statistics   2017-12-08 12:43:00 - 2017-12-08 12:44:00
Tag                                                  Avg(ms)         Min         Max     Std Dev       Count

Performance Statistics   2017-12-08 12:44:00 - 2017-12-08 12:45:00
Tag                                                  Avg(ms)         Min         Max     Std Dev       Count

Performance Statistics   2017-12-08 12:45:00 - 2017-12-08 12:46:00
Tag                                                  Avg(ms)         Min         Max     Std Dev       Count

Performance Statistics   2017-12-08 12:46:00 - 2017-12-08 12:47:00
Tag                                                  Avg(ms)         Min         Max     Std Dev       Count

Performance Statistics   2017-12-08 12:47:00 - 2017-12-08 12:48:00
Tag                                                  Avg(ms)         Min         Max     Std Dev       Count

Performance Statistics   2017-12-08 12:48:00 - 2017-12-08 12:49:00
Tag                                                  Avg(ms)         Min         Max     Std Dev       Count

Performance Statistics   2017-12-08 12:49:00 - 2017-12-08 12:50:00
Tag                                                  Avg(ms)         Min         Max     Std Dev       Count

Performance Statistics   2017-12-08 12:50:00 - 2017-12-08 12:51:00
Tag                                                  Avg(ms)         Min         Max     Std Dev       Count

Performance Statistics   2017-12-08 12:51:00 - 2017-12-08 12:52:00
Tag                                                  Avg(ms)         Min         Max     Std Dev       Count

Performance Statistics   2017-12-08 12:52:00 - 2017-12-08 12:53:00
Tag                                                  Avg(ms)         Min         Max     Std Dev       Count

Performance Statistics   2017-12-08 12:53:00 - 2017-12-08 12:54:00
Tag                                                  Avg(ms)         Min         Max     Std Dev       Count

Performance Statistics   2017-12-08 12:54:00 - 2017-12-08 12:55:00
Tag                                                  Avg(ms)         Min         Max     Std Dev       Count

Performance Statistics   2017-12-08 12:55:00 - 2017-12-08 12:56:00
Tag                                                  Avg(ms)         Min         Max     Std Dev       Count

Performance Statistics   2017-12-08 12:56:00 - 2017-12-08 12:57:00
Tag                                                  Avg(ms)         Min         Max     Std Dev       Count

Performance Statistics   2017-12-08 12:57:00 - 2017-12-08 12:58:00
Tag                                                  Avg(ms)         Min         Max     Std Dev       Count

Performance Statistics   2017-12-08 12:58:00 - 2017-12-08 12:59:00
Tag                                                  Avg(ms)         Min         Max     Std Dev       Count

Performance Statistics   2017-12-08 12:59:00 - 2017-12-08 13:00:00
Tag                                                  Avg(ms)         Min         Max     Std Dev       Count

Performance Statistics   2017-12-08 13:00:00 - 2017-12-08 13:01:00
Tag                                                  Avg(ms)         Min         Max     Std Dev       Count

Performance Statistics   2017-12-08 13:01:00 - 2017-12-08 13:02:00
Tag                                                  Avg(ms)         Min         Max     Std Dev       Count

Performance Statistics   2017-12-08 13:02:00 - 2017-12-08 13:03:00
Tag                                                  Avg(ms)         Min         Max     Std Dev       Count

Performance Statistics   2017-12-08 13:03:00 - 2017-12-08 13:04:00
Tag                                                  Avg(ms)         Min         Max     Std Dev       Count

Performance Statistics   2017-12-08 13:04:00 - 2017-12-08 13:05:00
Tag                                                  Avg(ms)         Min         Max     Std Dev       Count

Performance Statistics   2017-12-08 13:05:00 - 2017-12-08 13:06:00
Tag                                                  Avg(ms)         Min         Max     Std Dev       Count

Performance Statistics   2017-12-08 13:06:00 - 2017-12-08 13:07:00
Tag                                                  Avg(ms)         Min         Max     Std Dev       Count

Performance Statistics   2017-12-08 13:07:00 - 2017-12-08 13:08:00
Tag                                                  Avg(ms)         Min         Max     Std Dev       Count

Performance Statistics   2017-12-08 13:08:00 - 2017-12-08 13:09:00
Tag                                                  Avg(ms)         Min         Max     Std Dev       Count

Performance Statistics   2017-12-08 13:09:00 - 2017-12-08 13:10:00
Tag                                                  Avg(ms)         Min         Max     Std Dev       Count

Performance Statistics   2017-12-08 13:10:00 - 2017-12-08 13:11:00
Tag                                                  Avg(ms)         Min         Max     Std Dev       Count

Performance Statistics   2017-12-08 13:11:00 - 2017-12-08 13:12:00
Tag                                                  Avg(ms)         Min         Max     Std Dev       Count

Performance Statistics   2017-12-08 13:12:00 - 2017-12-08 13:13:00
Tag                                                  Avg(ms)         Min         Max     Std Dev       Count

Performance Statistics   2017-12-08 13:13:00 - 2017-12-08 13:14:00
Tag                                                  Avg(ms)         Min         Max     Std Dev       Count

Performance Statistics   2017-12-08 13:14:00 - 2017-12-08 13:15:00
Tag                                                  Avg(ms)         Min         Max     Std Dev       Count

Performance Statistics   2017-12-08 13:15:00 - 2017-12-08 13:16:00
Tag                                                  Avg(ms)         Min         Max     Std Dev       Count

Performance Statistics   2017-12-08 13:16:00 - 2017-12-08 13:17:00
Tag                                                  Avg(ms)         Min         Max     Std Dev       Count

Performance Statistics   2017-12-08 13:17:00 - 2017-12-08 13:18:00
Tag                                                  Avg(ms)         Min         Max     Std Dev       Count

Performance Statistics   2017-12-08 13:18:00 - 2017-12-08 13:19:00
Tag                                                  Avg(ms)         Min         Max     Std Dev       Count

Performance Statistics   2017-12-08 13:19:00 - 2017-12-08 13:20:00
Tag                                                  Avg(ms)         Min         Max     Std Dev       Count

Performance Statistics   2017-12-08 13:20:00 - 2017-12-08 13:21:00
Tag                                                  Avg(ms)         Min         Max     Std Dev       Count

Performance Statistics   2017-12-08 13:21:00 - 2017-12-08 13:22:00
Tag                                                  Avg(ms)         Min         Max     Std Dev       Count

Performance Statistics   2017-12-08 13:22:00 - 2017-12-08 13:23:00
Tag                                                  Avg(ms)         Min         Max     Std Dev       Count

Performance Statistics   2017-12-08 13:23:00 - 2017-12-08 13:24:00
Tag                                                  Avg(ms)         Min         Max     Std Dev       Count

Performance Statistics   2017-12-08 13:24:00 - 2017-12-08 13:25:00
Tag                                                  Avg(ms)         Min         Max     Std Dev       Count

Performance Statistics   2017-12-08 13:25:00 - 2017-12-08 13:26:00
Tag                                                  Avg(ms)         Min         Max     Std Dev       Count

Performance Statistics   2017-12-08 13:26:00 - 2017-12-08 13:27:00
Tag                                                  Avg(ms)         Min         Max     Std Dev       Count

Performance Statistics   2017-12-08 13:27:00 - 2017-12-08 13:28:00
Tag                                                  Avg(ms)         Min         Max     Std Dev       Count

Performance Statistics   2017-12-08 13:28:00 - 2017-12-08 13:29:00
Tag                                                  Avg(ms)         Min         Max     Std Dev       Count

Performance Statistics   2017-12-08 13:29:00 - 2017-12-08 13:30:00
Tag                                                  Avg(ms)         Min         Max     Std Dev       Count

Performance Statistics   2017-12-08 13:30:00 - 2017-12-08 13:31:00
Tag                                                  Avg(ms)         Min         Max     Std Dev       Count

Performance Statistics   2017-12-08 13:31:00 - 2017-12-08 13:32:00
Tag                                                  Avg(ms)         Min         Max     Std Dev       Count

Performance Statistics   2017-12-08 13:32:00 - 2017-12-08 13:33:00
Tag                                                  Avg(ms)         Min         Max     Std Dev       Count

Performance Statistics   2017-12-08 13:33:00 - 2017-12-08 13:34:00
Tag                                                  Avg(ms)         Min         Max     Std Dev       Count

Performance Statistics   2017-12-08 13:34:00 - 2017-12-08 13:35:00
Tag                                                  Avg(ms)         Min         Max     Std Dev       Count

Performance Statistics   2017-12-08 13:35:00 - 2017-12-08 13:36:00
Tag                                                  Avg(ms)         Min         Max     Std Dev       Count

Performance Statistics   2017-12-08 13:36:00 - 2017-12-08 13:37:00
Tag                                                  Avg(ms)         Min         Max     Std Dev       Count

Performance Statistics   2017-12-08 13:37:00 - 2017-12-08 13:38:00
Tag                                                  Avg(ms)         Min         Max     Std Dev       Count

Performance Statistics   2017-12-08 13:38:00 - 2017-12-08 13:39:00
Tag                                                  Avg(ms)         Min         Max     Std Dev       Count

Performance Statistics   2017-12-08 13:39:00 - 2017-12-08 13:40:00
Tag                                                  Avg(ms)         Min         Max     Std Dev       Count

Performance Statistics   2017-12-08 13:40:00 - 2017-12-08 13:41:00
Tag                                                  Avg(ms)         Min         Max     Std Dev       Count

Performance Statistics   2017-12-08 13:41:00 - 2017-12-08 13:42:00
Tag                                                  Avg(ms)         Min         Max     Std Dev       Count

Performance Statistics   2017-12-08 13:42:00 - 2017-12-08 13:43:00
Tag                                                  Avg(ms)         Min         Max     Std Dev       Count

Performance Statistics   2017-12-08 13:43:00 - 2017-12-08 13:44:00
Tag                                                  Avg(ms)         Min         Max     Std Dev       Count

Performance Statistics   2017-12-08 13:44:00 - 2017-12-08 13:45:00
Tag                                                  Avg(ms)         Min         Max     Std Dev       Count

Performance Statistics   2017-12-08 13:45:00 - 2017-12-08 13:46:00
Tag                                                  Avg(ms)         Min         Max     Std Dev       Count

Performance Statistics   2017-12-08 13:46:00 - 2017-12-08 13:47:00
Tag                                                  Avg(ms)         Min         Max     Std Dev       Count

Performance Statistics   2017-12-08 13:47:00 - 2017-12-08 13:48:00
Tag                                                  Avg(ms)         Min         Max     Std Dev       Count

Performance Statistics   2017-12-08 13:48:00 - 2017-12-08 13:49:00
Tag                                                  Avg(ms)         Min         Max     Std Dev       Count

Performance Statistics   2017-12-08 13:49:00 - 2017-12-08 13:50:00
Tag                                                  Avg(ms)         Min         Max     Std Dev       Count

Performance Statistics   2017-12-08 13:50:00 - 2017-12-08 13:51:00
Tag                                                  Avg(ms)         Min         Max     Std Dev       Count

Performance Statistics   2017-12-08 13:51:00 - 2017-12-08 13:52:00
Tag                                                  Avg(ms)         Min         Max     Std Dev       Count

Performance Statistics   2017-12-08 13:52:00 - 2017-12-08 13:53:00
Tag                                                  Avg(ms)         Min         Max     Std Dev       Count

Performance Statistics   2017-12-08 13:53:00 - 2017-12-08 13:54:00
Tag                                                  Avg(ms)         Min         Max     Std Dev       Count

Performance Statistics   2017-12-08 13:54:00 - 2017-12-08 13:55:00
Tag                                                  Avg(ms)         Min         Max     Std Dev       Count

Performance Statistics   2017-12-08 13:55:00 - 2017-12-08 13:56:00
Tag                                                  Avg(ms)         Min         Max     Std Dev       Count

Performance Statistics   2017-12-08 13:56:00 - 2017-12-08 13:57:00
Tag                                                  Avg(ms)         Min         Max     Std Dev       Count

Performance Statistics   2017-12-08 13:57:00 - 2017-12-08 13:58:00
Tag                                                  Avg(ms)         Min         Max     Std Dev       Count

Performance Statistics   2017-12-08 13:58:00 - 2017-12-08 13:59:00
Tag                                                  Avg(ms)         Min         Max     Std Dev       Count

Performance Statistics   2017-12-08 13:59:00 - 2017-12-08 14:00:00
Tag                                                  Avg(ms)         Min         Max     Std Dev       Count

Performance Statistics   2017-12-08 14:00:00 - 2017-12-08 14:01:00
Tag                                                  Avg(ms)         Min         Max     Std Dev       Count

Performance Statistics   2017-12-08 14:01:00 - 2017-12-08 14:02:00
Tag                                                  Avg(ms)         Min         Max     Std Dev       Count

Performance Statistics   2017-12-08 14:02:00 - 2017-12-08 14:03:00
Tag                                                  Avg(ms)         Min         Max     Std Dev       Count

Performance Statistics   2017-12-08 14:03:00 - 2017-12-08 14:04:00
Tag                                                  Avg(ms)         Min         Max     Std Dev       Count

Performance Statistics   2017-12-08 14:04:00 - 2017-12-08 14:05:00
Tag                                                  Avg(ms)         Min         Max     Std Dev       Count

Performance Statistics   2017-12-08 14:05:00 - 2017-12-08 14:06:00
Tag                                                  Avg(ms)         Min         Max     Std Dev       Count

Performance Statistics   2017-12-08 14:06:00 - 2017-12-08 14:07:00
Tag                                                  Avg(ms)         Min         Max     Std Dev       Count

Performance Statistics   2017-12-08 14:07:00 - 2017-12-08 14:08:00
Tag                                                  Avg(ms)         Min         Max     Std Dev       Count

Performance Statistics   2017-12-08 14:08:00 - 2017-12-08 14:09:00
Tag                                                  Avg(ms)         Min         Max     Std Dev       Count

Performance Statistics   2017-12-08 14:09:00 - 2017-12-08 14:10:00
Tag                                                  Avg(ms)         Min         Max     Std Dev       Count

Performance Statistics   2017-12-08 14:10:00 - 2017-12-08 14:11:00
Tag                                                  Avg(ms)         Min         Max     Std Dev       Count

Performance Statistics   2017-12-08 14:11:00 - 2017-12-08 14:12:00
Tag                                                  Avg(ms)         Min         Max     Std Dev       Count

Performance Statistics   2017-12-08 14:12:00 - 2017-12-08 14:13:00
Tag                                                  Avg(ms)         Min         Max     Std Dev       Count

Performance Statistics   2017-12-08 14:13:00 - 2017-12-08 14:14:00
Tag                                                  Avg(ms)         Min         Max     Std Dev       Count

Performance Statistics   2017-12-08 14:14:00 - 2017-12-08 14:15:00
Tag                                                  Avg(ms)         Min         Max     Std Dev       Count

Performance Statistics   2017-12-08 14:15:00 - 2017-12-08 14:16:00
Tag                                                  Avg(ms)         Min         Max     Std Dev       Count

Performance Statistics   2017-12-08 14:16:00 - 2017-12-08 14:17:00
Tag                                                  Avg(ms)         Min         Max     Std Dev       Count

Performance Statistics   2017-12-08 14:17:00 - 2017-12-08 14:18:00
Tag                                                  Avg(ms)         Min         Max     Std Dev       Count

Performance Statistics   2017-12-08 14:18:00 - 2017-12-08 14:19:00
Tag                                                  Avg(ms)         Min         Max     Std Dev       Count

Performance Statistics   2017-12-08 14:19:00 - 2017-12-08 14:20:00
Tag                                                  Avg(ms)         Min         Max     Std Dev       Count

Performance Statistics   2017-12-08 14:20:00 - 2017-12-08 14:21:00
Tag                                                  Avg(ms)         Min         Max     Std Dev       Count

Performance Statistics   2017-12-08 14:21:00 - 2017-12-08 14:22:00
Tag                                                  Avg(ms)         Min         Max     Std Dev       Count

Performance Statistics   2017-12-08 14:22:00 - 2017-12-08 14:23:00
Tag                                                  Avg(ms)         Min         Max     Std Dev       Count

Performance Statistics   2017-12-08 14:23:00 - 2017-12-08 14:24:00
Tag                                                  Avg(ms)         Min         Max     Std Dev       Count

Performance Statistics   2017-12-08 14:24:00 - 2017-12-08 14:25:00
Tag                                                  Avg(ms)         Min         Max     Std Dev       Count

Performance Statistics   2017-12-08 14:25:00 - 2017-12-08 14:26:00
Tag                                                  Avg(ms)         Min         Max     Std Dev       Count

Performance Statistics   2017-12-08 14:26:00 - 2017-12-08 14:27:00
Tag                                                  Avg(ms)         Min         Max     Std Dev       Count

Performance Statistics   2017-12-08 14:27:00 - 2017-12-08 14:28:00
Tag                                                  Avg(ms)         Min         Max     Std Dev       Count

Performance Statistics   2017-12-08 14:28:00 - 2017-12-08 14:29:00
Tag                                                  Avg(ms)         Min         Max     Std Dev       Count

Performance Statistics   2017-12-08 14:29:00 - 2017-12-08 14:30:00
Tag                                                  Avg(ms)         Min         Max     Std Dev       Count

Performance Statistics   2017-12-08 14:30:00 - 2017-12-08 14:31:00
Tag                                                  Avg(ms)         Min         Max     Std Dev       Count

Performance Statistics   2017-12-08 14:31:00 - 2017-12-08 14:32:00
Tag                                                  Avg(ms)         Min         Max     Std Dev       Count

Performance Statistics   2017-12-08 14:32:00 - 2017-12-08 14:33:00
Tag                                                  Avg(ms)         Min         Max     Std Dev       Count

Performance Statistics   2017-12-08 14:33:00 - 2017-12-08 14:34:00
Tag                                                  Avg(ms)         Min         Max     Std Dev       Count

Performance Statistics   2017-12-08 14:34:00 - 2017-12-08 14:35:00
Tag                                                  Avg(ms)         Min         Max     Std Dev       Count

Performance Statistics   2017-12-08 14:35:00 - 2017-12-08 14:36:00
Tag                                                  Avg(ms)         Min         Max     Std Dev       Count

Performance Statistics   2017-12-08 14:36:00 - 2017-12-08 14:37:00
Tag                                                  Avg(ms)         Min         Max     Std Dev       Count

Performance Statistics   2017-12-08 14:37:00 - 2017-12-08 14:38:00
Tag                                                  Avg(ms)         Min         Max     Std Dev       Count

Performance Statistics   2017-12-08 14:38:00 - 2017-12-08 14:39:00
Tag                                                  Avg(ms)         Min         Max     Std Dev       Count

Performance Statistics   2017-12-08 14:39:00 - 2017-12-08 14:40:00
Tag                                                  Avg(ms)         Min         Max     Std Dev       Count

Performance Statistics   2017-12-08 14:40:00 - 2017-12-08 14:41:00
Tag                                                  Avg(ms)         Min         Max     Std Dev       Count

Performance Statistics   2017-12-08 14:41:00 - 2017-12-08 14:42:00
Tag                                                  Avg(ms)         Min         Max     Std Dev       Count

Performance Statistics   2017-12-08 14:42:00 - 2017-12-08 14:43:00
Tag                                                  Avg(ms)         Min         Max     Std Dev       Count

Performance Statistics   2017-12-08 14:43:00 - 2017-12-08 14:44:00
Tag                                                  Avg(ms)         Min         Max     Std Dev       Count

Performance Statistics   2017-12-08 14:44:00 - 2017-12-08 14:45:00
Tag                                                  Avg(ms)         Min         Max     Std Dev       Count

Performance Statistics   2017-12-08 14:45:00 - 2017-12-08 14:46:00
Tag                                                  Avg(ms)         Min         Max     Std Dev       Count

Performance Statistics   2017-12-08 14:46:00 - 2017-12-08 14:47:00
Tag                                                  Avg(ms)         Min         Max     Std Dev       Count

Performance Statistics   2017-12-08 14:47:00 - 2017-12-08 14:48:00
Tag                                                  Avg(ms)         Min         Max     Std Dev       Count

Performance Statistics   2017-12-08 14:48:00 - 2017-12-08 14:49:00
Tag                                                  Avg(ms)         Min         Max     Std Dev       Count

Performance Statistics   2017-12-08 14:49:00 - 2017-12-08 14:50:00
Tag                                                  Avg(ms)         Min         Max     Std Dev       Count

Performance Statistics   2017-12-08 14:50:00 - 2017-12-08 14:51:00
Tag                                                  Avg(ms)         Min         Max     Std Dev       Count

Performance Statistics   2017-12-08 14:51:00 - 2017-12-08 14:52:00
Tag                                                  Avg(ms)         Min         Max     Std Dev       Count

Performance Statistics   2017-12-08 14:52:00 - 2017-12-08 14:53:00
Tag                                                  Avg(ms)         Min         Max     Std Dev       Count

Performance Statistics   2017-12-08 14:53:00 - 2017-12-08 14:54:00
Tag                                                  Avg(ms)         Min         Max     Std Dev       Count

Performance Statistics   2017-12-08 14:54:00 - 2017-12-08 14:55:00
Tag                                                  Avg(ms)         Min         Max     Std Dev       Count

Performance Statistics   2017-12-08 14:55:00 - 2017-12-08 14:56:00
Tag                                                  Avg(ms)         Min         Max     Std Dev       Count

Performance Statistics   2017-12-08 14:56:00 - 2017-12-08 14:57:00
Tag                                                  Avg(ms)         Min         Max     Std Dev       Count

Performance Statistics   2017-12-08 14:57:00 - 2017-12-08 14:58:00
Tag                                                  Avg(ms)         Min         Max     Std Dev       Count

Performance Statistics   2017-12-08 14:58:00 - 2017-12-08 14:59:00
Tag                                                  Avg(ms)         Min         Max     Std Dev       Count

Performance Statistics   2017-12-08 14:59:00 - 2017-12-08 15:00:00
Tag                                                  Avg(ms)         Min         Max     Std Dev       Count

Performance Statistics   2017-12-08 15:00:00 - 2017-12-08 15:01:00
Tag                                                  Avg(ms)         Min         Max     Std Dev       Count

Performance Statistics   2017-12-08 15:01:00 - 2017-12-08 15:02:00
Tag                                                  Avg(ms)         Min         Max     Std Dev       Count

Performance Statistics   2017-12-08 15:02:00 - 2017-12-08 15:03:00
Tag                                                  Avg(ms)         Min         Max     Std Dev       Count

Performance Statistics   2017-12-08 15:03:00 - 2017-12-08 15:04:00
Tag                                                  Avg(ms)         Min         Max     Std Dev       Count

Performance Statistics   2017-12-08 15:04:00 - 2017-12-08 15:05:00
Tag                                                  Avg(ms)         Min         Max     Std Dev       Count

Performance Statistics   2017-12-08 15:05:00 - 2017-12-08 15:06:00
Tag                                                  Avg(ms)         Min         Max     Std Dev       Count

Performance Statistics   2017-12-08 15:06:00 - 2017-12-08 15:07:00
Tag                                                  Avg(ms)         Min         Max     Std Dev       Count

Performance Statistics   2017-12-08 15:07:00 - 2017-12-08 15:08:00
Tag                                                  Avg(ms)         Min         Max     Std Dev       Count

Performance Statistics   2017-12-08 15:08:00 - 2017-12-08 15:09:00
Tag                                                  Avg(ms)         Min         Max     Std Dev       Count

Performance Statistics   2017-12-08 15:09:00 - 2017-12-08 15:10:00
Tag                                                  Avg(ms)         Min         Max     Std Dev       Count

Performance Statistics   2017-12-08 15:10:00 - 2017-12-08 15:11:00
Tag                                                  Avg(ms)         Min         Max     Std Dev       Count

Performance Statistics   2017-12-08 15:11:00 - 2017-12-08 15:12:00
Tag                                                  Avg(ms)         Min         Max     Std Dev       Count

Performance Statistics   2017-12-08 15:12:00 - 2017-12-08 15:13:00
Tag                                                  Avg(ms)         Min         Max     Std Dev       Count

Performance Statistics   2017-12-08 15:13:00 - 2017-12-08 15:14:00
Tag                                                  Avg(ms)         Min         Max     Std Dev       Count

Performance Statistics   2017-12-08 15:14:00 - 2017-12-08 15:15:00
Tag                                                  Avg(ms)         Min         Max     Std Dev       Count

Performance Statistics   2017-12-08 15:15:00 - 2017-12-08 15:16:00
Tag                                                  Avg(ms)         Min         Max     Std Dev       Count

Performance Statistics   2017-12-08 15:16:00 - 2017-12-08 15:17:00
Tag                                                  Avg(ms)         Min         Max     Std Dev       Count

Performance Statistics   2017-12-08 15:17:00 - 2017-12-08 15:18:00
Tag                                                  Avg(ms)         Min         Max     Std Dev       Count

Performance Statistics   2017-12-08 15:18:00 - 2017-12-08 15:19:00
Tag                                                  Avg(ms)         Min         Max     Std Dev       Count

Performance Statistics   2017-12-08 15:19:00 - 2017-12-08 15:20:00
Tag                                                  Avg(ms)         Min         Max     Std Dev       Count

Performance Statistics   2017-12-08 15:20:00 - 2017-12-08 15:21:00
Tag                                                  Avg(ms)         Min         Max     Std Dev       Count

Performance Statistics   2017-12-08 15:21:00 - 2017-12-08 15:22:00
Tag                                                  Avg(ms)         Min         Max     Std Dev       Count

Performance Statistics   2017-12-08 15:22:00 - 2017-12-08 15:23:00
Tag                                                  Avg(ms)         Min         Max     Std Dev       Count

Performance Statistics   2017-12-08 15:23:00 - 2017-12-08 15:24:00
Tag                                                  Avg(ms)         Min         Max     Std Dev       Count

Performance Statistics   2017-12-08 15:24:00 - 2017-12-08 15:25:00
Tag                                                  Avg(ms)         Min         Max     Std Dev       Count

Performance Statistics   2017-12-08 15:25:00 - 2017-12-08 15:26:00
Tag                                                  Avg(ms)         Min         Max     Std Dev       Count

Performance Statistics   2017-12-08 15:26:00 - 2017-12-08 15:27:00
Tag                                                  Avg(ms)         Min         Max     Std Dev       Count

Performance Statistics   2017-12-08 15:27:00 - 2017-12-08 15:28:00
Tag                                                  Avg(ms)         Min         Max     Std Dev       Count

Performance Statistics   2017-12-08 15:28:00 - 2017-12-08 15:29:00
Tag                                                  Avg(ms)         Min         Max     Std Dev       Count

Performance Statistics   2017-12-08 15:29:00 - 2017-12-08 15:30:00
Tag                                                  Avg(ms)         Min         Max     Std Dev       Count

Performance Statistics   2017-12-08 15:30:00 - 2017-12-08 15:31:00
Tag                                                  Avg(ms)         Min         Max     Std Dev       Count

Performance Statistics   2017-12-08 15:31:00 - 2017-12-08 15:32:00
Tag                                                  Avg(ms)         Min         Max     Std Dev       Count

Performance Statistics   2017-12-08 15:32:00 - 2017-12-08 15:33:00
Tag                                                  Avg(ms)         Min         Max     Std Dev       Count

Performance Statistics   2017-12-08 15:33:00 - 2017-12-08 15:34:00
Tag                                                  Avg(ms)         Min         Max     Std Dev       Count

Performance Statistics   2017-12-08 15:34:00 - 2017-12-08 15:35:00
Tag                                                  Avg(ms)         Min         Max     Std Dev       Count

Performance Statistics   2017-12-08 15:35:00 - 2017-12-08 15:36:00
Tag                                                  Avg(ms)         Min         Max     Std Dev       Count

Performance Statistics   2017-12-08 15:36:00 - 2017-12-08 15:37:00
Tag                                                  Avg(ms)         Min         Max     Std Dev       Count

